[2023-09-16T13:50:31.427+0000] {processor.py:157} INFO - Started process (PID=177) to work on /home/airflow/.local/lib/python3.8/site-packages/airflow/example_dags/example_setup_teardown_taskflow.py
[2023-09-16T13:50:31.428+0000] {processor.py:829} INFO - Processing file /home/airflow/.local/lib/python3.8/site-packages/airflow/example_dags/example_setup_teardown_taskflow.py for tasks to queue
[2023-09-16T13:50:31.430+0000] {logging_mixin.py:151} INFO - [2023-09-16T13:50:31.430+0000] {dagbag.py:539} INFO - Filling up the DagBag from /home/airflow/.local/lib/python3.8/site-packages/airflow/example_dags/example_setup_teardown_taskflow.py
[2023-09-16T13:50:31.443+0000] {processor.py:839} INFO - DAG(s) dict_keys(['example_setup_teardown_taskflow']) retrieved from /home/airflow/.local/lib/python3.8/site-packages/airflow/example_dags/example_setup_teardown_taskflow.py
[2023-09-16T13:50:31.470+0000] {logging_mixin.py:151} INFO - [2023-09-16T13:50:31.469+0000] {dag.py:2915} INFO - Sync 1 DAGs
[2023-09-16T13:50:31.492+0000] {logging_mixin.py:151} INFO - [2023-09-16T13:50:31.492+0000] {dag.py:3696} INFO - Setting next_dagrun for example_setup_teardown_taskflow to 2023-09-15T13:50:31.491846+00:00, run_after=2023-09-16T13:50:31.491846+00:00
[2023-09-16T13:50:31.534+0000] {processor.py:179} INFO - Processing /home/airflow/.local/lib/python3.8/site-packages/airflow/example_dags/example_setup_teardown_taskflow.py took 0.114 seconds
[2023-09-16T13:51:02.703+0000] {processor.py:157} INFO - Started process (PID=231) to work on /home/airflow/.local/lib/python3.8/site-packages/airflow/example_dags/example_setup_teardown_taskflow.py
[2023-09-16T13:51:02.704+0000] {processor.py:829} INFO - Processing file /home/airflow/.local/lib/python3.8/site-packages/airflow/example_dags/example_setup_teardown_taskflow.py for tasks to queue
[2023-09-16T13:51:02.706+0000] {logging_mixin.py:151} INFO - [2023-09-16T13:51:02.705+0000] {dagbag.py:539} INFO - Filling up the DagBag from /home/airflow/.local/lib/python3.8/site-packages/airflow/example_dags/example_setup_teardown_taskflow.py
[2023-09-16T13:51:02.714+0000] {processor.py:839} INFO - DAG(s) dict_keys(['example_setup_teardown_taskflow']) retrieved from /home/airflow/.local/lib/python3.8/site-packages/airflow/example_dags/example_setup_teardown_taskflow.py
[2023-09-16T13:51:02.742+0000] {logging_mixin.py:151} INFO - [2023-09-16T13:51:02.742+0000] {dag.py:2915} INFO - Sync 1 DAGs
[2023-09-16T13:51:02.763+0000] {logging_mixin.py:151} INFO - [2023-09-16T13:51:02.762+0000] {dag.py:3696} INFO - Setting next_dagrun for example_setup_teardown_taskflow to 2023-09-15T13:51:02.762548+00:00, run_after=2023-09-16T13:51:02.762548+00:00
[2023-09-16T13:51:02.779+0000] {processor.py:179} INFO - Processing /home/airflow/.local/lib/python3.8/site-packages/airflow/example_dags/example_setup_teardown_taskflow.py took 0.080 seconds
[2023-09-16T13:51:32.982+0000] {processor.py:157} INFO - Started process (PID=285) to work on /home/airflow/.local/lib/python3.8/site-packages/airflow/example_dags/example_setup_teardown_taskflow.py
[2023-09-16T13:51:32.983+0000] {processor.py:829} INFO - Processing file /home/airflow/.local/lib/python3.8/site-packages/airflow/example_dags/example_setup_teardown_taskflow.py for tasks to queue
[2023-09-16T13:51:32.985+0000] {logging_mixin.py:151} INFO - [2023-09-16T13:51:32.985+0000] {dagbag.py:539} INFO - Filling up the DagBag from /home/airflow/.local/lib/python3.8/site-packages/airflow/example_dags/example_setup_teardown_taskflow.py
[2023-09-16T13:51:32.993+0000] {processor.py:839} INFO - DAG(s) dict_keys(['example_setup_teardown_taskflow']) retrieved from /home/airflow/.local/lib/python3.8/site-packages/airflow/example_dags/example_setup_teardown_taskflow.py
[2023-09-16T13:51:33.014+0000] {logging_mixin.py:151} INFO - [2023-09-16T13:51:33.014+0000] {dag.py:2915} INFO - Sync 1 DAGs
[2023-09-16T13:51:33.038+0000] {logging_mixin.py:151} INFO - [2023-09-16T13:51:33.038+0000] {dag.py:3696} INFO - Setting next_dagrun for example_setup_teardown_taskflow to 2023-09-15T13:51:33.038214+00:00, run_after=2023-09-16T13:51:33.038214+00:00
[2023-09-16T13:51:33.053+0000] {processor.py:179} INFO - Processing /home/airflow/.local/lib/python3.8/site-packages/airflow/example_dags/example_setup_teardown_taskflow.py took 0.075 seconds
[2023-09-16T13:52:04.271+0000] {processor.py:157} INFO - Started process (PID=339) to work on /home/airflow/.local/lib/python3.8/site-packages/airflow/example_dags/example_setup_teardown_taskflow.py
[2023-09-16T13:52:04.272+0000] {processor.py:829} INFO - Processing file /home/airflow/.local/lib/python3.8/site-packages/airflow/example_dags/example_setup_teardown_taskflow.py for tasks to queue
[2023-09-16T13:52:04.275+0000] {logging_mixin.py:151} INFO - [2023-09-16T13:52:04.275+0000] {dagbag.py:539} INFO - Filling up the DagBag from /home/airflow/.local/lib/python3.8/site-packages/airflow/example_dags/example_setup_teardown_taskflow.py
[2023-09-16T13:52:04.284+0000] {processor.py:839} INFO - DAG(s) dict_keys(['example_setup_teardown_taskflow']) retrieved from /home/airflow/.local/lib/python3.8/site-packages/airflow/example_dags/example_setup_teardown_taskflow.py
[2023-09-16T13:52:04.307+0000] {logging_mixin.py:151} INFO - [2023-09-16T13:52:04.307+0000] {dag.py:2915} INFO - Sync 1 DAGs
[2023-09-16T13:52:04.331+0000] {logging_mixin.py:151} INFO - [2023-09-16T13:52:04.331+0000] {dag.py:3696} INFO - Setting next_dagrun for example_setup_teardown_taskflow to 2023-09-15T13:52:04.331238+00:00, run_after=2023-09-16T13:52:04.331238+00:00
[2023-09-16T13:52:04.357+0000] {processor.py:179} INFO - Processing /home/airflow/.local/lib/python3.8/site-packages/airflow/example_dags/example_setup_teardown_taskflow.py took 0.090 seconds
[2023-09-16T13:52:34.648+0000] {processor.py:157} INFO - Started process (PID=393) to work on /home/airflow/.local/lib/python3.8/site-packages/airflow/example_dags/example_setup_teardown_taskflow.py
[2023-09-16T13:52:34.649+0000] {processor.py:829} INFO - Processing file /home/airflow/.local/lib/python3.8/site-packages/airflow/example_dags/example_setup_teardown_taskflow.py for tasks to queue
[2023-09-16T13:52:34.651+0000] {logging_mixin.py:151} INFO - [2023-09-16T13:52:34.650+0000] {dagbag.py:539} INFO - Filling up the DagBag from /home/airflow/.local/lib/python3.8/site-packages/airflow/example_dags/example_setup_teardown_taskflow.py
[2023-09-16T13:52:34.659+0000] {processor.py:839} INFO - DAG(s) dict_keys(['example_setup_teardown_taskflow']) retrieved from /home/airflow/.local/lib/python3.8/site-packages/airflow/example_dags/example_setup_teardown_taskflow.py
[2023-09-16T13:52:34.681+0000] {logging_mixin.py:151} INFO - [2023-09-16T13:52:34.681+0000] {dag.py:2915} INFO - Sync 1 DAGs
[2023-09-16T13:52:34.702+0000] {logging_mixin.py:151} INFO - [2023-09-16T13:52:34.702+0000] {dag.py:3696} INFO - Setting next_dagrun for example_setup_teardown_taskflow to 2023-09-15T13:52:34.702480+00:00, run_after=2023-09-16T13:52:34.702480+00:00
[2023-09-16T13:52:34.719+0000] {processor.py:179} INFO - Processing /home/airflow/.local/lib/python3.8/site-packages/airflow/example_dags/example_setup_teardown_taskflow.py took 0.074 seconds
[2023-09-16T13:53:06.002+0000] {processor.py:157} INFO - Started process (PID=447) to work on /home/airflow/.local/lib/python3.8/site-packages/airflow/example_dags/example_setup_teardown_taskflow.py
[2023-09-16T13:53:06.003+0000] {processor.py:829} INFO - Processing file /home/airflow/.local/lib/python3.8/site-packages/airflow/example_dags/example_setup_teardown_taskflow.py for tasks to queue
[2023-09-16T13:53:06.005+0000] {logging_mixin.py:151} INFO - [2023-09-16T13:53:06.005+0000] {dagbag.py:539} INFO - Filling up the DagBag from /home/airflow/.local/lib/python3.8/site-packages/airflow/example_dags/example_setup_teardown_taskflow.py
[2023-09-16T13:53:06.015+0000] {processor.py:839} INFO - DAG(s) dict_keys(['example_setup_teardown_taskflow']) retrieved from /home/airflow/.local/lib/python3.8/site-packages/airflow/example_dags/example_setup_teardown_taskflow.py
[2023-09-16T13:53:06.039+0000] {logging_mixin.py:151} INFO - [2023-09-16T13:53:06.039+0000] {dag.py:2915} INFO - Sync 1 DAGs
[2023-09-16T13:53:06.064+0000] {logging_mixin.py:151} INFO - [2023-09-16T13:53:06.064+0000] {dag.py:3696} INFO - Setting next_dagrun for example_setup_teardown_taskflow to 2023-09-15T13:53:06.064143+00:00, run_after=2023-09-16T13:53:06.064143+00:00
[2023-09-16T13:53:06.085+0000] {processor.py:179} INFO - Processing /home/airflow/.local/lib/python3.8/site-packages/airflow/example_dags/example_setup_teardown_taskflow.py took 0.086 seconds
[2023-09-16T13:53:37.207+0000] {processor.py:157} INFO - Started process (PID=501) to work on /home/airflow/.local/lib/python3.8/site-packages/airflow/example_dags/example_setup_teardown_taskflow.py
[2023-09-16T13:53:37.208+0000] {processor.py:829} INFO - Processing file /home/airflow/.local/lib/python3.8/site-packages/airflow/example_dags/example_setup_teardown_taskflow.py for tasks to queue
[2023-09-16T13:53:37.210+0000] {logging_mixin.py:151} INFO - [2023-09-16T13:53:37.209+0000] {dagbag.py:539} INFO - Filling up the DagBag from /home/airflow/.local/lib/python3.8/site-packages/airflow/example_dags/example_setup_teardown_taskflow.py
[2023-09-16T13:53:37.219+0000] {processor.py:839} INFO - DAG(s) dict_keys(['example_setup_teardown_taskflow']) retrieved from /home/airflow/.local/lib/python3.8/site-packages/airflow/example_dags/example_setup_teardown_taskflow.py
[2023-09-16T13:53:37.241+0000] {logging_mixin.py:151} INFO - [2023-09-16T13:53:37.241+0000] {dag.py:2915} INFO - Sync 1 DAGs
[2023-09-16T13:53:37.262+0000] {logging_mixin.py:151} INFO - [2023-09-16T13:53:37.262+0000] {dag.py:3696} INFO - Setting next_dagrun for example_setup_teardown_taskflow to 2023-09-15T13:53:37.262469+00:00, run_after=2023-09-16T13:53:37.262469+00:00
[2023-09-16T13:53:37.278+0000] {processor.py:179} INFO - Processing /home/airflow/.local/lib/python3.8/site-packages/airflow/example_dags/example_setup_teardown_taskflow.py took 0.075 seconds
[2023-09-16T13:54:08.414+0000] {processor.py:157} INFO - Started process (PID=555) to work on /home/airflow/.local/lib/python3.8/site-packages/airflow/example_dags/example_setup_teardown_taskflow.py
[2023-09-16T13:54:08.416+0000] {processor.py:829} INFO - Processing file /home/airflow/.local/lib/python3.8/site-packages/airflow/example_dags/example_setup_teardown_taskflow.py for tasks to queue
[2023-09-16T13:54:08.426+0000] {logging_mixin.py:151} INFO - [2023-09-16T13:54:08.426+0000] {dagbag.py:539} INFO - Filling up the DagBag from /home/airflow/.local/lib/python3.8/site-packages/airflow/example_dags/example_setup_teardown_taskflow.py
[2023-09-16T13:54:08.435+0000] {processor.py:839} INFO - DAG(s) dict_keys(['example_setup_teardown_taskflow']) retrieved from /home/airflow/.local/lib/python3.8/site-packages/airflow/example_dags/example_setup_teardown_taskflow.py
[2023-09-16T13:54:08.461+0000] {logging_mixin.py:151} INFO - [2023-09-16T13:54:08.461+0000] {dag.py:2915} INFO - Sync 1 DAGs
[2023-09-16T13:54:08.483+0000] {logging_mixin.py:151} INFO - [2023-09-16T13:54:08.483+0000] {dag.py:3696} INFO - Setting next_dagrun for example_setup_teardown_taskflow to 2023-09-15T13:54:08.483406+00:00, run_after=2023-09-16T13:54:08.483406+00:00
[2023-09-16T13:54:08.535+0000] {processor.py:179} INFO - Processing /home/airflow/.local/lib/python3.8/site-packages/airflow/example_dags/example_setup_teardown_taskflow.py took 0.123 seconds
[2023-09-16T13:54:39.572+0000] {processor.py:157} INFO - Started process (PID=616) to work on /home/airflow/.local/lib/python3.8/site-packages/airflow/example_dags/example_setup_teardown_taskflow.py
[2023-09-16T13:54:39.573+0000] {processor.py:829} INFO - Processing file /home/airflow/.local/lib/python3.8/site-packages/airflow/example_dags/example_setup_teardown_taskflow.py for tasks to queue
[2023-09-16T13:54:39.575+0000] {logging_mixin.py:151} INFO - [2023-09-16T13:54:39.574+0000] {dagbag.py:539} INFO - Filling up the DagBag from /home/airflow/.local/lib/python3.8/site-packages/airflow/example_dags/example_setup_teardown_taskflow.py
[2023-09-16T13:54:39.583+0000] {processor.py:839} INFO - DAG(s) dict_keys(['example_setup_teardown_taskflow']) retrieved from /home/airflow/.local/lib/python3.8/site-packages/airflow/example_dags/example_setup_teardown_taskflow.py
[2023-09-16T13:54:39.606+0000] {logging_mixin.py:151} INFO - [2023-09-16T13:54:39.605+0000] {dag.py:2915} INFO - Sync 1 DAGs
[2023-09-16T13:54:39.626+0000] {logging_mixin.py:151} INFO - [2023-09-16T13:54:39.626+0000] {dag.py:3696} INFO - Setting next_dagrun for example_setup_teardown_taskflow to 2023-09-15T13:54:39.626059+00:00, run_after=2023-09-16T13:54:39.626059+00:00
[2023-09-16T13:54:39.641+0000] {processor.py:179} INFO - Processing /home/airflow/.local/lib/python3.8/site-packages/airflow/example_dags/example_setup_teardown_taskflow.py took 0.073 seconds
[2023-09-16T13:55:10.191+0000] {processor.py:157} INFO - Started process (PID=670) to work on /home/airflow/.local/lib/python3.8/site-packages/airflow/example_dags/example_setup_teardown_taskflow.py
[2023-09-16T13:55:10.192+0000] {processor.py:829} INFO - Processing file /home/airflow/.local/lib/python3.8/site-packages/airflow/example_dags/example_setup_teardown_taskflow.py for tasks to queue
[2023-09-16T13:55:10.194+0000] {logging_mixin.py:151} INFO - [2023-09-16T13:55:10.194+0000] {dagbag.py:539} INFO - Filling up the DagBag from /home/airflow/.local/lib/python3.8/site-packages/airflow/example_dags/example_setup_teardown_taskflow.py
[2023-09-16T13:55:10.202+0000] {processor.py:839} INFO - DAG(s) dict_keys(['example_setup_teardown_taskflow']) retrieved from /home/airflow/.local/lib/python3.8/site-packages/airflow/example_dags/example_setup_teardown_taskflow.py
[2023-09-16T13:55:10.223+0000] {logging_mixin.py:151} INFO - [2023-09-16T13:55:10.223+0000] {dag.py:2915} INFO - Sync 1 DAGs
[2023-09-16T13:55:10.241+0000] {logging_mixin.py:151} INFO - [2023-09-16T13:55:10.241+0000] {dag.py:3696} INFO - Setting next_dagrun for example_setup_teardown_taskflow to 2023-09-15T13:55:10.241465+00:00, run_after=2023-09-16T13:55:10.241465+00:00
[2023-09-16T13:55:10.256+0000] {processor.py:179} INFO - Processing /home/airflow/.local/lib/python3.8/site-packages/airflow/example_dags/example_setup_teardown_taskflow.py took 0.068 seconds
[2023-09-16T13:55:40.976+0000] {processor.py:157} INFO - Started process (PID=724) to work on /home/airflow/.local/lib/python3.8/site-packages/airflow/example_dags/example_setup_teardown_taskflow.py
[2023-09-16T13:55:40.977+0000] {processor.py:829} INFO - Processing file /home/airflow/.local/lib/python3.8/site-packages/airflow/example_dags/example_setup_teardown_taskflow.py for tasks to queue
[2023-09-16T13:55:40.980+0000] {logging_mixin.py:151} INFO - [2023-09-16T13:55:40.979+0000] {dagbag.py:539} INFO - Filling up the DagBag from /home/airflow/.local/lib/python3.8/site-packages/airflow/example_dags/example_setup_teardown_taskflow.py
[2023-09-16T13:55:40.991+0000] {processor.py:839} INFO - DAG(s) dict_keys(['example_setup_teardown_taskflow']) retrieved from /home/airflow/.local/lib/python3.8/site-packages/airflow/example_dags/example_setup_teardown_taskflow.py
[2023-09-16T13:55:41.048+0000] {logging_mixin.py:151} INFO - [2023-09-16T13:55:41.048+0000] {dag.py:2915} INFO - Sync 1 DAGs
[2023-09-16T13:55:41.070+0000] {logging_mixin.py:151} INFO - [2023-09-16T13:55:41.070+0000] {dag.py:3696} INFO - Setting next_dagrun for example_setup_teardown_taskflow to 2023-09-15T13:55:41.070317+00:00, run_after=2023-09-16T13:55:41.070317+00:00
[2023-09-16T13:55:41.085+0000] {processor.py:179} INFO - Processing /home/airflow/.local/lib/python3.8/site-packages/airflow/example_dags/example_setup_teardown_taskflow.py took 0.114 seconds
[2023-09-16T13:56:12.072+0000] {processor.py:157} INFO - Started process (PID=778) to work on /home/airflow/.local/lib/python3.8/site-packages/airflow/example_dags/example_setup_teardown_taskflow.py
[2023-09-16T13:56:12.073+0000] {processor.py:829} INFO - Processing file /home/airflow/.local/lib/python3.8/site-packages/airflow/example_dags/example_setup_teardown_taskflow.py for tasks to queue
[2023-09-16T13:56:12.075+0000] {logging_mixin.py:151} INFO - [2023-09-16T13:56:12.074+0000] {dagbag.py:539} INFO - Filling up the DagBag from /home/airflow/.local/lib/python3.8/site-packages/airflow/example_dags/example_setup_teardown_taskflow.py
[2023-09-16T13:56:12.083+0000] {processor.py:839} INFO - DAG(s) dict_keys(['example_setup_teardown_taskflow']) retrieved from /home/airflow/.local/lib/python3.8/site-packages/airflow/example_dags/example_setup_teardown_taskflow.py
[2023-09-16T13:56:12.108+0000] {logging_mixin.py:151} INFO - [2023-09-16T13:56:12.108+0000] {dag.py:2915} INFO - Sync 1 DAGs
[2023-09-16T13:56:12.134+0000] {logging_mixin.py:151} INFO - [2023-09-16T13:56:12.134+0000] {dag.py:3696} INFO - Setting next_dagrun for example_setup_teardown_taskflow to 2023-09-15T13:56:12.134208+00:00, run_after=2023-09-16T13:56:12.134208+00:00
[2023-09-16T13:56:12.153+0000] {processor.py:179} INFO - Processing /home/airflow/.local/lib/python3.8/site-packages/airflow/example_dags/example_setup_teardown_taskflow.py took 0.085 seconds
[2023-09-16T13:56:42.859+0000] {processor.py:157} INFO - Started process (PID=832) to work on /home/airflow/.local/lib/python3.8/site-packages/airflow/example_dags/example_setup_teardown_taskflow.py
[2023-09-16T13:56:42.860+0000] {processor.py:829} INFO - Processing file /home/airflow/.local/lib/python3.8/site-packages/airflow/example_dags/example_setup_teardown_taskflow.py for tasks to queue
[2023-09-16T13:56:42.862+0000] {logging_mixin.py:151} INFO - [2023-09-16T13:56:42.862+0000] {dagbag.py:539} INFO - Filling up the DagBag from /home/airflow/.local/lib/python3.8/site-packages/airflow/example_dags/example_setup_teardown_taskflow.py
[2023-09-16T13:56:42.871+0000] {processor.py:839} INFO - DAG(s) dict_keys(['example_setup_teardown_taskflow']) retrieved from /home/airflow/.local/lib/python3.8/site-packages/airflow/example_dags/example_setup_teardown_taskflow.py
[2023-09-16T13:56:42.891+0000] {logging_mixin.py:151} INFO - [2023-09-16T13:56:42.891+0000] {dag.py:2915} INFO - Sync 1 DAGs
[2023-09-16T13:56:42.911+0000] {logging_mixin.py:151} INFO - [2023-09-16T13:56:42.910+0000] {dag.py:3696} INFO - Setting next_dagrun for example_setup_teardown_taskflow to 2023-09-15T13:56:42.910674+00:00, run_after=2023-09-16T13:56:42.910674+00:00
[2023-09-16T13:56:42.926+0000] {processor.py:179} INFO - Processing /home/airflow/.local/lib/python3.8/site-packages/airflow/example_dags/example_setup_teardown_taskflow.py took 0.070 seconds
[2023-09-16T13:57:13.550+0000] {processor.py:157} INFO - Started process (PID=886) to work on /home/airflow/.local/lib/python3.8/site-packages/airflow/example_dags/example_setup_teardown_taskflow.py
[2023-09-16T13:57:13.551+0000] {processor.py:829} INFO - Processing file /home/airflow/.local/lib/python3.8/site-packages/airflow/example_dags/example_setup_teardown_taskflow.py for tasks to queue
[2023-09-16T13:57:13.553+0000] {logging_mixin.py:151} INFO - [2023-09-16T13:57:13.553+0000] {dagbag.py:539} INFO - Filling up the DagBag from /home/airflow/.local/lib/python3.8/site-packages/airflow/example_dags/example_setup_teardown_taskflow.py
[2023-09-16T13:57:13.561+0000] {processor.py:839} INFO - DAG(s) dict_keys(['example_setup_teardown_taskflow']) retrieved from /home/airflow/.local/lib/python3.8/site-packages/airflow/example_dags/example_setup_teardown_taskflow.py
[2023-09-16T13:57:13.582+0000] {logging_mixin.py:151} INFO - [2023-09-16T13:57:13.581+0000] {dag.py:2915} INFO - Sync 1 DAGs
[2023-09-16T13:57:13.600+0000] {logging_mixin.py:151} INFO - [2023-09-16T13:57:13.600+0000] {dag.py:3696} INFO - Setting next_dagrun for example_setup_teardown_taskflow to 2023-09-15T13:57:13.600358+00:00, run_after=2023-09-16T13:57:13.600358+00:00
[2023-09-16T13:57:13.616+0000] {processor.py:179} INFO - Processing /home/airflow/.local/lib/python3.8/site-packages/airflow/example_dags/example_setup_teardown_taskflow.py took 0.070 seconds
[2023-09-16T13:57:44.827+0000] {processor.py:157} INFO - Started process (PID=940) to work on /home/airflow/.local/lib/python3.8/site-packages/airflow/example_dags/example_setup_teardown_taskflow.py
[2023-09-16T13:57:44.828+0000] {processor.py:829} INFO - Processing file /home/airflow/.local/lib/python3.8/site-packages/airflow/example_dags/example_setup_teardown_taskflow.py for tasks to queue
[2023-09-16T13:57:44.829+0000] {logging_mixin.py:151} INFO - [2023-09-16T13:57:44.829+0000] {dagbag.py:539} INFO - Filling up the DagBag from /home/airflow/.local/lib/python3.8/site-packages/airflow/example_dags/example_setup_teardown_taskflow.py
[2023-09-16T13:57:44.838+0000] {processor.py:839} INFO - DAG(s) dict_keys(['example_setup_teardown_taskflow']) retrieved from /home/airflow/.local/lib/python3.8/site-packages/airflow/example_dags/example_setup_teardown_taskflow.py
[2023-09-16T13:57:44.859+0000] {logging_mixin.py:151} INFO - [2023-09-16T13:57:44.859+0000] {dag.py:2915} INFO - Sync 1 DAGs
[2023-09-16T13:57:44.879+0000] {logging_mixin.py:151} INFO - [2023-09-16T13:57:44.879+0000] {dag.py:3696} INFO - Setting next_dagrun for example_setup_teardown_taskflow to 2023-09-15T13:57:44.878900+00:00, run_after=2023-09-16T13:57:44.878900+00:00
[2023-09-16T13:57:44.895+0000] {processor.py:179} INFO - Processing /home/airflow/.local/lib/python3.8/site-packages/airflow/example_dags/example_setup_teardown_taskflow.py took 0.071 seconds
[2023-09-16T13:58:15.989+0000] {processor.py:157} INFO - Started process (PID=994) to work on /home/airflow/.local/lib/python3.8/site-packages/airflow/example_dags/example_setup_teardown_taskflow.py
[2023-09-16T13:58:15.990+0000] {processor.py:829} INFO - Processing file /home/airflow/.local/lib/python3.8/site-packages/airflow/example_dags/example_setup_teardown_taskflow.py for tasks to queue
[2023-09-16T13:58:15.992+0000] {logging_mixin.py:151} INFO - [2023-09-16T13:58:15.992+0000] {dagbag.py:539} INFO - Filling up the DagBag from /home/airflow/.local/lib/python3.8/site-packages/airflow/example_dags/example_setup_teardown_taskflow.py
[2023-09-16T13:58:16.002+0000] {processor.py:839} INFO - DAG(s) dict_keys(['example_setup_teardown_taskflow']) retrieved from /home/airflow/.local/lib/python3.8/site-packages/airflow/example_dags/example_setup_teardown_taskflow.py
[2023-09-16T13:58:16.029+0000] {logging_mixin.py:151} INFO - [2023-09-16T13:58:16.029+0000] {dag.py:2915} INFO - Sync 1 DAGs
[2023-09-16T13:58:16.058+0000] {logging_mixin.py:151} INFO - [2023-09-16T13:58:16.057+0000] {dag.py:3696} INFO - Setting next_dagrun for example_setup_teardown_taskflow to 2023-09-15T13:58:16.057537+00:00, run_after=2023-09-16T13:58:16.057537+00:00
[2023-09-16T13:58:16.078+0000] {processor.py:179} INFO - Processing /home/airflow/.local/lib/python3.8/site-packages/airflow/example_dags/example_setup_teardown_taskflow.py took 0.093 seconds
