[2023-09-16T13:50:26.540+0000] {processor.py:157} INFO - Started process (PID=158) to work on /home/airflow/.local/lib/python3.8/site-packages/airflow/example_dags/example_branch_python_dop_operator_3.py
[2023-09-16T13:50:26.540+0000] {processor.py:829} INFO - Processing file /home/airflow/.local/lib/python3.8/site-packages/airflow/example_dags/example_branch_python_dop_operator_3.py for tasks to queue
[2023-09-16T13:50:26.543+0000] {logging_mixin.py:151} INFO - [2023-09-16T13:50:26.542+0000] {dagbag.py:539} INFO - Filling up the DagBag from /home/airflow/.local/lib/python3.8/site-packages/airflow/example_dags/example_branch_python_dop_operator_3.py
[2023-09-16T13:50:26.554+0000] {processor.py:839} INFO - DAG(s) dict_keys(['example_branch_dop_operator_v3']) retrieved from /home/airflow/.local/lib/python3.8/site-packages/airflow/example_dags/example_branch_python_dop_operator_3.py
[2023-09-16T13:50:26.636+0000] {logging_mixin.py:151} INFO - [2023-09-16T13:50:26.636+0000] {dag.py:2915} INFO - Sync 1 DAGs
[2023-09-16T13:50:26.671+0000] {logging_mixin.py:151} INFO - [2023-09-16T13:50:26.671+0000] {dag.py:3696} INFO - Setting next_dagrun for example_branch_dop_operator_v3 to 2023-09-16T13:49:00+00:00, run_after=2023-09-16T13:50:00+00:00
[2023-09-16T13:50:26.745+0000] {processor.py:179} INFO - Processing /home/airflow/.local/lib/python3.8/site-packages/airflow/example_dags/example_branch_python_dop_operator_3.py took 0.209 seconds
[2023-09-16T13:50:57.108+0000] {processor.py:157} INFO - Started process (PID=212) to work on /home/airflow/.local/lib/python3.8/site-packages/airflow/example_dags/example_branch_python_dop_operator_3.py
[2023-09-16T13:50:57.109+0000] {processor.py:829} INFO - Processing file /home/airflow/.local/lib/python3.8/site-packages/airflow/example_dags/example_branch_python_dop_operator_3.py for tasks to queue
[2023-09-16T13:50:57.111+0000] {logging_mixin.py:151} INFO - [2023-09-16T13:50:57.111+0000] {dagbag.py:539} INFO - Filling up the DagBag from /home/airflow/.local/lib/python3.8/site-packages/airflow/example_dags/example_branch_python_dop_operator_3.py
[2023-09-16T13:50:57.119+0000] {processor.py:839} INFO - DAG(s) dict_keys(['example_branch_dop_operator_v3']) retrieved from /home/airflow/.local/lib/python3.8/site-packages/airflow/example_dags/example_branch_python_dop_operator_3.py
[2023-09-16T13:50:57.139+0000] {logging_mixin.py:151} INFO - [2023-09-16T13:50:57.138+0000] {dag.py:2915} INFO - Sync 1 DAGs
[2023-09-16T13:50:57.166+0000] {logging_mixin.py:151} INFO - [2023-09-16T13:50:57.166+0000] {dag.py:3696} INFO - Setting next_dagrun for example_branch_dop_operator_v3 to 2023-09-16T13:49:00+00:00, run_after=2023-09-16T13:50:00+00:00
[2023-09-16T13:50:57.188+0000] {processor.py:179} INFO - Processing /home/airflow/.local/lib/python3.8/site-packages/airflow/example_dags/example_branch_python_dop_operator_3.py took 0.084 seconds
[2023-09-16T13:51:27.512+0000] {processor.py:157} INFO - Started process (PID=266) to work on /home/airflow/.local/lib/python3.8/site-packages/airflow/example_dags/example_branch_python_dop_operator_3.py
[2023-09-16T13:51:27.514+0000] {processor.py:829} INFO - Processing file /home/airflow/.local/lib/python3.8/site-packages/airflow/example_dags/example_branch_python_dop_operator_3.py for tasks to queue
[2023-09-16T13:51:27.515+0000] {logging_mixin.py:151} INFO - [2023-09-16T13:51:27.515+0000] {dagbag.py:539} INFO - Filling up the DagBag from /home/airflow/.local/lib/python3.8/site-packages/airflow/example_dags/example_branch_python_dop_operator_3.py
[2023-09-16T13:51:27.525+0000] {processor.py:839} INFO - DAG(s) dict_keys(['example_branch_dop_operator_v3']) retrieved from /home/airflow/.local/lib/python3.8/site-packages/airflow/example_dags/example_branch_python_dop_operator_3.py
[2023-09-16T13:51:27.548+0000] {logging_mixin.py:151} INFO - [2023-09-16T13:51:27.548+0000] {dag.py:2915} INFO - Sync 1 DAGs
[2023-09-16T13:51:27.578+0000] {logging_mixin.py:151} INFO - [2023-09-16T13:51:27.578+0000] {dag.py:3696} INFO - Setting next_dagrun for example_branch_dop_operator_v3 to 2023-09-16T13:50:00+00:00, run_after=2023-09-16T13:51:00+00:00
[2023-09-16T13:51:27.594+0000] {processor.py:179} INFO - Processing /home/airflow/.local/lib/python3.8/site-packages/airflow/example_dags/example_branch_python_dop_operator_3.py took 0.085 seconds
[2023-09-16T13:51:57.766+0000] {processor.py:157} INFO - Started process (PID=320) to work on /home/airflow/.local/lib/python3.8/site-packages/airflow/example_dags/example_branch_python_dop_operator_3.py
[2023-09-16T13:51:57.767+0000] {processor.py:829} INFO - Processing file /home/airflow/.local/lib/python3.8/site-packages/airflow/example_dags/example_branch_python_dop_operator_3.py for tasks to queue
[2023-09-16T13:51:57.769+0000] {logging_mixin.py:151} INFO - [2023-09-16T13:51:57.769+0000] {dagbag.py:539} INFO - Filling up the DagBag from /home/airflow/.local/lib/python3.8/site-packages/airflow/example_dags/example_branch_python_dop_operator_3.py
[2023-09-16T13:51:57.778+0000] {processor.py:839} INFO - DAG(s) dict_keys(['example_branch_dop_operator_v3']) retrieved from /home/airflow/.local/lib/python3.8/site-packages/airflow/example_dags/example_branch_python_dop_operator_3.py
[2023-09-16T13:51:57.799+0000] {logging_mixin.py:151} INFO - [2023-09-16T13:51:57.799+0000] {dag.py:2915} INFO - Sync 1 DAGs
[2023-09-16T13:51:57.828+0000] {logging_mixin.py:151} INFO - [2023-09-16T13:51:57.828+0000] {dag.py:3696} INFO - Setting next_dagrun for example_branch_dop_operator_v3 to 2023-09-16T13:50:00+00:00, run_after=2023-09-16T13:51:00+00:00
[2023-09-16T13:51:57.847+0000] {processor.py:179} INFO - Processing /home/airflow/.local/lib/python3.8/site-packages/airflow/example_dags/example_branch_python_dop_operator_3.py took 0.085 seconds
[2023-09-16T13:52:28.164+0000] {processor.py:157} INFO - Started process (PID=374) to work on /home/airflow/.local/lib/python3.8/site-packages/airflow/example_dags/example_branch_python_dop_operator_3.py
[2023-09-16T13:52:28.165+0000] {processor.py:829} INFO - Processing file /home/airflow/.local/lib/python3.8/site-packages/airflow/example_dags/example_branch_python_dop_operator_3.py for tasks to queue
[2023-09-16T13:52:28.167+0000] {logging_mixin.py:151} INFO - [2023-09-16T13:52:28.167+0000] {dagbag.py:539} INFO - Filling up the DagBag from /home/airflow/.local/lib/python3.8/site-packages/airflow/example_dags/example_branch_python_dop_operator_3.py
[2023-09-16T13:52:28.175+0000] {processor.py:839} INFO - DAG(s) dict_keys(['example_branch_dop_operator_v3']) retrieved from /home/airflow/.local/lib/python3.8/site-packages/airflow/example_dags/example_branch_python_dop_operator_3.py
[2023-09-16T13:52:28.194+0000] {logging_mixin.py:151} INFO - [2023-09-16T13:52:28.194+0000] {dag.py:2915} INFO - Sync 1 DAGs
[2023-09-16T13:52:28.216+0000] {logging_mixin.py:151} INFO - [2023-09-16T13:52:28.216+0000] {dag.py:3696} INFO - Setting next_dagrun for example_branch_dop_operator_v3 to 2023-09-16T13:51:00+00:00, run_after=2023-09-16T13:52:00+00:00
[2023-09-16T13:52:28.230+0000] {processor.py:179} INFO - Processing /home/airflow/.local/lib/python3.8/site-packages/airflow/example_dags/example_branch_python_dop_operator_3.py took 0.069 seconds
[2023-09-16T13:52:58.540+0000] {processor.py:157} INFO - Started process (PID=428) to work on /home/airflow/.local/lib/python3.8/site-packages/airflow/example_dags/example_branch_python_dop_operator_3.py
[2023-09-16T13:52:58.541+0000] {processor.py:829} INFO - Processing file /home/airflow/.local/lib/python3.8/site-packages/airflow/example_dags/example_branch_python_dop_operator_3.py for tasks to queue
[2023-09-16T13:52:58.543+0000] {logging_mixin.py:151} INFO - [2023-09-16T13:52:58.543+0000] {dagbag.py:539} INFO - Filling up the DagBag from /home/airflow/.local/lib/python3.8/site-packages/airflow/example_dags/example_branch_python_dop_operator_3.py
[2023-09-16T13:52:58.552+0000] {processor.py:839} INFO - DAG(s) dict_keys(['example_branch_dop_operator_v3']) retrieved from /home/airflow/.local/lib/python3.8/site-packages/airflow/example_dags/example_branch_python_dop_operator_3.py
[2023-09-16T13:52:58.573+0000] {logging_mixin.py:151} INFO - [2023-09-16T13:52:58.572+0000] {dag.py:2915} INFO - Sync 1 DAGs
[2023-09-16T13:52:58.598+0000] {logging_mixin.py:151} INFO - [2023-09-16T13:52:58.598+0000] {dag.py:3696} INFO - Setting next_dagrun for example_branch_dop_operator_v3 to 2023-09-16T13:51:00+00:00, run_after=2023-09-16T13:52:00+00:00
[2023-09-16T13:52:58.615+0000] {processor.py:179} INFO - Processing /home/airflow/.local/lib/python3.8/site-packages/airflow/example_dags/example_branch_python_dop_operator_3.py took 0.078 seconds
[2023-09-16T13:53:28.887+0000] {processor.py:157} INFO - Started process (PID=482) to work on /home/airflow/.local/lib/python3.8/site-packages/airflow/example_dags/example_branch_python_dop_operator_3.py
[2023-09-16T13:53:28.888+0000] {processor.py:829} INFO - Processing file /home/airflow/.local/lib/python3.8/site-packages/airflow/example_dags/example_branch_python_dop_operator_3.py for tasks to queue
[2023-09-16T13:53:28.890+0000] {logging_mixin.py:151} INFO - [2023-09-16T13:53:28.890+0000] {dagbag.py:539} INFO - Filling up the DagBag from /home/airflow/.local/lib/python3.8/site-packages/airflow/example_dags/example_branch_python_dop_operator_3.py
[2023-09-16T13:53:28.898+0000] {processor.py:839} INFO - DAG(s) dict_keys(['example_branch_dop_operator_v3']) retrieved from /home/airflow/.local/lib/python3.8/site-packages/airflow/example_dags/example_branch_python_dop_operator_3.py
[2023-09-16T13:53:28.921+0000] {logging_mixin.py:151} INFO - [2023-09-16T13:53:28.921+0000] {dag.py:2915} INFO - Sync 1 DAGs
[2023-09-16T13:53:28.948+0000] {logging_mixin.py:151} INFO - [2023-09-16T13:53:28.947+0000] {dag.py:3696} INFO - Setting next_dagrun for example_branch_dop_operator_v3 to 2023-09-16T13:52:00+00:00, run_after=2023-09-16T13:53:00+00:00
[2023-09-16T13:53:28.965+0000] {processor.py:179} INFO - Processing /home/airflow/.local/lib/python3.8/site-packages/airflow/example_dags/example_branch_python_dop_operator_3.py took 0.082 seconds
[2023-09-16T13:53:59.071+0000] {processor.py:157} INFO - Started process (PID=536) to work on /home/airflow/.local/lib/python3.8/site-packages/airflow/example_dags/example_branch_python_dop_operator_3.py
[2023-09-16T13:53:59.072+0000] {processor.py:829} INFO - Processing file /home/airflow/.local/lib/python3.8/site-packages/airflow/example_dags/example_branch_python_dop_operator_3.py for tasks to queue
[2023-09-16T13:53:59.074+0000] {logging_mixin.py:151} INFO - [2023-09-16T13:53:59.074+0000] {dagbag.py:539} INFO - Filling up the DagBag from /home/airflow/.local/lib/python3.8/site-packages/airflow/example_dags/example_branch_python_dop_operator_3.py
[2023-09-16T13:53:59.082+0000] {processor.py:839} INFO - DAG(s) dict_keys(['example_branch_dop_operator_v3']) retrieved from /home/airflow/.local/lib/python3.8/site-packages/airflow/example_dags/example_branch_python_dop_operator_3.py
[2023-09-16T13:53:59.103+0000] {logging_mixin.py:151} INFO - [2023-09-16T13:53:59.103+0000] {dag.py:2915} INFO - Sync 1 DAGs
[2023-09-16T13:53:59.129+0000] {logging_mixin.py:151} INFO - [2023-09-16T13:53:59.129+0000] {dag.py:3696} INFO - Setting next_dagrun for example_branch_dop_operator_v3 to 2023-09-16T13:52:00+00:00, run_after=2023-09-16T13:53:00+00:00
[2023-09-16T13:53:59.145+0000] {processor.py:179} INFO - Processing /home/airflow/.local/lib/python3.8/site-packages/airflow/example_dags/example_branch_python_dop_operator_3.py took 0.077 seconds
[2023-09-16T13:54:29.214+0000] {processor.py:157} INFO - Started process (PID=590) to work on /home/airflow/.local/lib/python3.8/site-packages/airflow/example_dags/example_branch_python_dop_operator_3.py
[2023-09-16T13:54:29.215+0000] {processor.py:829} INFO - Processing file /home/airflow/.local/lib/python3.8/site-packages/airflow/example_dags/example_branch_python_dop_operator_3.py for tasks to queue
[2023-09-16T13:54:29.216+0000] {logging_mixin.py:151} INFO - [2023-09-16T13:54:29.216+0000] {dagbag.py:539} INFO - Filling up the DagBag from /home/airflow/.local/lib/python3.8/site-packages/airflow/example_dags/example_branch_python_dop_operator_3.py
[2023-09-16T13:54:29.224+0000] {processor.py:839} INFO - DAG(s) dict_keys(['example_branch_dop_operator_v3']) retrieved from /home/airflow/.local/lib/python3.8/site-packages/airflow/example_dags/example_branch_python_dop_operator_3.py
[2023-09-16T13:54:29.243+0000] {logging_mixin.py:151} INFO - [2023-09-16T13:54:29.243+0000] {dag.py:2915} INFO - Sync 1 DAGs
[2023-09-16T13:54:29.266+0000] {logging_mixin.py:151} INFO - [2023-09-16T13:54:29.266+0000] {dag.py:3696} INFO - Setting next_dagrun for example_branch_dop_operator_v3 to 2023-09-16T13:53:00+00:00, run_after=2023-09-16T13:54:00+00:00
[2023-09-16T13:54:29.281+0000] {processor.py:179} INFO - Processing /home/airflow/.local/lib/python3.8/site-packages/airflow/example_dags/example_branch_python_dop_operator_3.py took 0.070 seconds
[2023-09-16T13:54:59.847+0000] {processor.py:157} INFO - Started process (PID=644) to work on /home/airflow/.local/lib/python3.8/site-packages/airflow/example_dags/example_branch_python_dop_operator_3.py
[2023-09-16T13:54:59.848+0000] {processor.py:829} INFO - Processing file /home/airflow/.local/lib/python3.8/site-packages/airflow/example_dags/example_branch_python_dop_operator_3.py for tasks to queue
[2023-09-16T13:54:59.850+0000] {logging_mixin.py:151} INFO - [2023-09-16T13:54:59.849+0000] {dagbag.py:539} INFO - Filling up the DagBag from /home/airflow/.local/lib/python3.8/site-packages/airflow/example_dags/example_branch_python_dop_operator_3.py
[2023-09-16T13:54:59.858+0000] {processor.py:839} INFO - DAG(s) dict_keys(['example_branch_dop_operator_v3']) retrieved from /home/airflow/.local/lib/python3.8/site-packages/airflow/example_dags/example_branch_python_dop_operator_3.py
[2023-09-16T13:54:59.877+0000] {logging_mixin.py:151} INFO - [2023-09-16T13:54:59.877+0000] {dag.py:2915} INFO - Sync 1 DAGs
[2023-09-16T13:54:59.901+0000] {logging_mixin.py:151} INFO - [2023-09-16T13:54:59.901+0000] {dag.py:3696} INFO - Setting next_dagrun for example_branch_dop_operator_v3 to 2023-09-16T13:53:00+00:00, run_after=2023-09-16T13:54:00+00:00
[2023-09-16T13:54:59.917+0000] {processor.py:179} INFO - Processing /home/airflow/.local/lib/python3.8/site-packages/airflow/example_dags/example_branch_python_dop_operator_3.py took 0.074 seconds
[2023-09-16T13:55:30.538+0000] {processor.py:157} INFO - Started process (PID=698) to work on /home/airflow/.local/lib/python3.8/site-packages/airflow/example_dags/example_branch_python_dop_operator_3.py
[2023-09-16T13:55:30.539+0000] {processor.py:829} INFO - Processing file /home/airflow/.local/lib/python3.8/site-packages/airflow/example_dags/example_branch_python_dop_operator_3.py for tasks to queue
[2023-09-16T13:55:30.542+0000] {logging_mixin.py:151} INFO - [2023-09-16T13:55:30.542+0000] {dagbag.py:539} INFO - Filling up the DagBag from /home/airflow/.local/lib/python3.8/site-packages/airflow/example_dags/example_branch_python_dop_operator_3.py
[2023-09-16T13:55:30.551+0000] {processor.py:839} INFO - DAG(s) dict_keys(['example_branch_dop_operator_v3']) retrieved from /home/airflow/.local/lib/python3.8/site-packages/airflow/example_dags/example_branch_python_dop_operator_3.py
[2023-09-16T13:55:30.570+0000] {logging_mixin.py:151} INFO - [2023-09-16T13:55:30.570+0000] {dag.py:2915} INFO - Sync 1 DAGs
[2023-09-16T13:55:30.594+0000] {logging_mixin.py:151} INFO - [2023-09-16T13:55:30.594+0000] {dag.py:3696} INFO - Setting next_dagrun for example_branch_dop_operator_v3 to 2023-09-16T13:54:00+00:00, run_after=2023-09-16T13:55:00+00:00
[2023-09-16T13:55:30.611+0000] {processor.py:179} INFO - Processing /home/airflow/.local/lib/python3.8/site-packages/airflow/example_dags/example_branch_python_dop_operator_3.py took 0.077 seconds
[2023-09-16T13:56:00.768+0000] {processor.py:157} INFO - Started process (PID=752) to work on /home/airflow/.local/lib/python3.8/site-packages/airflow/example_dags/example_branch_python_dop_operator_3.py
[2023-09-16T13:56:00.769+0000] {processor.py:829} INFO - Processing file /home/airflow/.local/lib/python3.8/site-packages/airflow/example_dags/example_branch_python_dop_operator_3.py for tasks to queue
[2023-09-16T13:56:00.772+0000] {logging_mixin.py:151} INFO - [2023-09-16T13:56:00.772+0000] {dagbag.py:539} INFO - Filling up the DagBag from /home/airflow/.local/lib/python3.8/site-packages/airflow/example_dags/example_branch_python_dop_operator_3.py
[2023-09-16T13:56:00.780+0000] {processor.py:839} INFO - DAG(s) dict_keys(['example_branch_dop_operator_v3']) retrieved from /home/airflow/.local/lib/python3.8/site-packages/airflow/example_dags/example_branch_python_dop_operator_3.py
[2023-09-16T13:56:00.800+0000] {logging_mixin.py:151} INFO - [2023-09-16T13:56:00.800+0000] {dag.py:2915} INFO - Sync 1 DAGs
[2023-09-16T13:56:00.824+0000] {logging_mixin.py:151} INFO - [2023-09-16T13:56:00.824+0000] {dag.py:3696} INFO - Setting next_dagrun for example_branch_dop_operator_v3 to 2023-09-16T13:55:00+00:00, run_after=2023-09-16T13:56:00+00:00
[2023-09-16T13:56:00.838+0000] {processor.py:179} INFO - Processing /home/airflow/.local/lib/python3.8/site-packages/airflow/example_dags/example_branch_python_dop_operator_3.py took 0.074 seconds
[2023-09-16T13:56:31.505+0000] {processor.py:157} INFO - Started process (PID=806) to work on /home/airflow/.local/lib/python3.8/site-packages/airflow/example_dags/example_branch_python_dop_operator_3.py
[2023-09-16T13:56:31.506+0000] {processor.py:829} INFO - Processing file /home/airflow/.local/lib/python3.8/site-packages/airflow/example_dags/example_branch_python_dop_operator_3.py for tasks to queue
[2023-09-16T13:56:31.508+0000] {logging_mixin.py:151} INFO - [2023-09-16T13:56:31.508+0000] {dagbag.py:539} INFO - Filling up the DagBag from /home/airflow/.local/lib/python3.8/site-packages/airflow/example_dags/example_branch_python_dop_operator_3.py
[2023-09-16T13:56:31.516+0000] {processor.py:839} INFO - DAG(s) dict_keys(['example_branch_dop_operator_v3']) retrieved from /home/airflow/.local/lib/python3.8/site-packages/airflow/example_dags/example_branch_python_dop_operator_3.py
[2023-09-16T13:56:31.537+0000] {logging_mixin.py:151} INFO - [2023-09-16T13:56:31.537+0000] {dag.py:2915} INFO - Sync 1 DAGs
[2023-09-16T13:56:31.562+0000] {logging_mixin.py:151} INFO - [2023-09-16T13:56:31.562+0000] {dag.py:3696} INFO - Setting next_dagrun for example_branch_dop_operator_v3 to 2023-09-16T13:55:00+00:00, run_after=2023-09-16T13:56:00+00:00
[2023-09-16T13:56:31.578+0000] {processor.py:179} INFO - Processing /home/airflow/.local/lib/python3.8/site-packages/airflow/example_dags/example_branch_python_dop_operator_3.py took 0.077 seconds
[2023-09-16T13:57:02.212+0000] {processor.py:157} INFO - Started process (PID=860) to work on /home/airflow/.local/lib/python3.8/site-packages/airflow/example_dags/example_branch_python_dop_operator_3.py
[2023-09-16T13:57:02.213+0000] {processor.py:829} INFO - Processing file /home/airflow/.local/lib/python3.8/site-packages/airflow/example_dags/example_branch_python_dop_operator_3.py for tasks to queue
[2023-09-16T13:57:02.216+0000] {logging_mixin.py:151} INFO - [2023-09-16T13:57:02.215+0000] {dagbag.py:539} INFO - Filling up the DagBag from /home/airflow/.local/lib/python3.8/site-packages/airflow/example_dags/example_branch_python_dop_operator_3.py
[2023-09-16T13:57:02.224+0000] {processor.py:839} INFO - DAG(s) dict_keys(['example_branch_dop_operator_v3']) retrieved from /home/airflow/.local/lib/python3.8/site-packages/airflow/example_dags/example_branch_python_dop_operator_3.py
[2023-09-16T13:57:02.250+0000] {logging_mixin.py:151} INFO - [2023-09-16T13:57:02.250+0000] {dag.py:2915} INFO - Sync 1 DAGs
[2023-09-16T13:57:02.281+0000] {logging_mixin.py:151} INFO - [2023-09-16T13:57:02.281+0000] {dag.py:3696} INFO - Setting next_dagrun for example_branch_dop_operator_v3 to 2023-09-16T13:56:00+00:00, run_after=2023-09-16T13:57:00+00:00
[2023-09-16T13:57:02.299+0000] {processor.py:179} INFO - Processing /home/airflow/.local/lib/python3.8/site-packages/airflow/example_dags/example_branch_python_dop_operator_3.py took 0.091 seconds
[2023-09-16T13:57:32.852+0000] {processor.py:157} INFO - Started process (PID=914) to work on /home/airflow/.local/lib/python3.8/site-packages/airflow/example_dags/example_branch_python_dop_operator_3.py
[2023-09-16T13:57:32.853+0000] {processor.py:829} INFO - Processing file /home/airflow/.local/lib/python3.8/site-packages/airflow/example_dags/example_branch_python_dop_operator_3.py for tasks to queue
[2023-09-16T13:57:32.856+0000] {logging_mixin.py:151} INFO - [2023-09-16T13:57:32.856+0000] {dagbag.py:539} INFO - Filling up the DagBag from /home/airflow/.local/lib/python3.8/site-packages/airflow/example_dags/example_branch_python_dop_operator_3.py
[2023-09-16T13:57:32.864+0000] {processor.py:839} INFO - DAG(s) dict_keys(['example_branch_dop_operator_v3']) retrieved from /home/airflow/.local/lib/python3.8/site-packages/airflow/example_dags/example_branch_python_dop_operator_3.py
[2023-09-16T13:57:32.888+0000] {logging_mixin.py:151} INFO - [2023-09-16T13:57:32.887+0000] {dag.py:2915} INFO - Sync 1 DAGs
[2023-09-16T13:57:32.916+0000] {logging_mixin.py:151} INFO - [2023-09-16T13:57:32.915+0000] {dag.py:3696} INFO - Setting next_dagrun for example_branch_dop_operator_v3 to 2023-09-16T13:56:00+00:00, run_after=2023-09-16T13:57:00+00:00
[2023-09-16T13:57:32.933+0000] {processor.py:179} INFO - Processing /home/airflow/.local/lib/python3.8/site-packages/airflow/example_dags/example_branch_python_dop_operator_3.py took 0.085 seconds
[2023-09-16T13:58:03.464+0000] {processor.py:157} INFO - Started process (PID=968) to work on /home/airflow/.local/lib/python3.8/site-packages/airflow/example_dags/example_branch_python_dop_operator_3.py
[2023-09-16T13:58:03.465+0000] {processor.py:829} INFO - Processing file /home/airflow/.local/lib/python3.8/site-packages/airflow/example_dags/example_branch_python_dop_operator_3.py for tasks to queue
[2023-09-16T13:58:03.468+0000] {logging_mixin.py:151} INFO - [2023-09-16T13:58:03.467+0000] {dagbag.py:539} INFO - Filling up the DagBag from /home/airflow/.local/lib/python3.8/site-packages/airflow/example_dags/example_branch_python_dop_operator_3.py
[2023-09-16T13:58:03.476+0000] {processor.py:839} INFO - DAG(s) dict_keys(['example_branch_dop_operator_v3']) retrieved from /home/airflow/.local/lib/python3.8/site-packages/airflow/example_dags/example_branch_python_dop_operator_3.py
[2023-09-16T13:58:03.495+0000] {logging_mixin.py:151} INFO - [2023-09-16T13:58:03.495+0000] {dag.py:2915} INFO - Sync 1 DAGs
[2023-09-16T13:58:03.518+0000] {logging_mixin.py:151} INFO - [2023-09-16T13:58:03.518+0000] {dag.py:3696} INFO - Setting next_dagrun for example_branch_dop_operator_v3 to 2023-09-16T13:57:00+00:00, run_after=2023-09-16T13:58:00+00:00
[2023-09-16T13:58:03.534+0000] {processor.py:179} INFO - Processing /home/airflow/.local/lib/python3.8/site-packages/airflow/example_dags/example_branch_python_dop_operator_3.py took 0.073 seconds
[2023-09-16T13:58:33.704+0000] {processor.py:157} INFO - Started process (PID=1022) to work on /home/airflow/.local/lib/python3.8/site-packages/airflow/example_dags/example_branch_python_dop_operator_3.py
[2023-09-16T13:58:33.705+0000] {processor.py:829} INFO - Processing file /home/airflow/.local/lib/python3.8/site-packages/airflow/example_dags/example_branch_python_dop_operator_3.py for tasks to queue
[2023-09-16T13:58:33.708+0000] {logging_mixin.py:151} INFO - [2023-09-16T13:58:33.707+0000] {dagbag.py:539} INFO - Filling up the DagBag from /home/airflow/.local/lib/python3.8/site-packages/airflow/example_dags/example_branch_python_dop_operator_3.py
[2023-09-16T13:58:33.716+0000] {processor.py:839} INFO - DAG(s) dict_keys(['example_branch_dop_operator_v3']) retrieved from /home/airflow/.local/lib/python3.8/site-packages/airflow/example_dags/example_branch_python_dop_operator_3.py
[2023-09-16T13:58:33.735+0000] {logging_mixin.py:151} INFO - [2023-09-16T13:58:33.735+0000] {dag.py:2915} INFO - Sync 1 DAGs
[2023-09-16T13:58:33.760+0000] {logging_mixin.py:151} INFO - [2023-09-16T13:58:33.760+0000] {dag.py:3696} INFO - Setting next_dagrun for example_branch_dop_operator_v3 to 2023-09-16T13:57:00+00:00, run_after=2023-09-16T13:58:00+00:00
[2023-09-16T13:58:33.776+0000] {processor.py:179} INFO - Processing /home/airflow/.local/lib/python3.8/site-packages/airflow/example_dags/example_branch_python_dop_operator_3.py took 0.075 seconds
