[2023-09-16T13:50:27.861+0000] {processor.py:157} INFO - Started process (PID=164) to work on /home/airflow/.local/lib/python3.8/site-packages/airflow/example_dags/example_external_task_marker_dag.py
[2023-09-16T13:50:27.862+0000] {processor.py:829} INFO - Processing file /home/airflow/.local/lib/python3.8/site-packages/airflow/example_dags/example_external_task_marker_dag.py for tasks to queue
[2023-09-16T13:50:27.864+0000] {logging_mixin.py:151} INFO - [2023-09-16T13:50:27.864+0000] {dagbag.py:539} INFO - Filling up the DagBag from /home/airflow/.local/lib/python3.8/site-packages/airflow/example_dags/example_external_task_marker_dag.py
[2023-09-16T13:50:27.928+0000] {processor.py:839} INFO - DAG(s) dict_keys(['example_external_task_marker_child', 'example_external_task_marker_parent']) retrieved from /home/airflow/.local/lib/python3.8/site-packages/airflow/example_dags/example_external_task_marker_dag.py
[2023-09-16T13:50:27.955+0000] {logging_mixin.py:151} INFO - [2023-09-16T13:50:27.955+0000] {dag.py:2915} INFO - Sync 2 DAGs
[2023-09-16T13:50:27.969+0000] {logging_mixin.py:151} INFO - [2023-09-16T13:50:27.969+0000] {dag.py:3696} INFO - Setting next_dagrun for example_external_task_marker_child to None, run_after=None
[2023-09-16T13:50:28.026+0000] {logging_mixin.py:151} INFO - [2023-09-16T13:50:28.025+0000] {dag.py:3696} INFO - Setting next_dagrun for example_external_task_marker_parent to None, run_after=None
[2023-09-16T13:50:28.042+0000] {processor.py:179} INFO - Processing /home/airflow/.local/lib/python3.8/site-packages/airflow/example_dags/example_external_task_marker_dag.py took 0.184 seconds
[2023-09-16T13:50:58.492+0000] {processor.py:157} INFO - Started process (PID=218) to work on /home/airflow/.local/lib/python3.8/site-packages/airflow/example_dags/example_external_task_marker_dag.py
[2023-09-16T13:50:58.493+0000] {processor.py:829} INFO - Processing file /home/airflow/.local/lib/python3.8/site-packages/airflow/example_dags/example_external_task_marker_dag.py for tasks to queue
[2023-09-16T13:50:58.495+0000] {logging_mixin.py:151} INFO - [2023-09-16T13:50:58.494+0000] {dagbag.py:539} INFO - Filling up the DagBag from /home/airflow/.local/lib/python3.8/site-packages/airflow/example_dags/example_external_task_marker_dag.py
[2023-09-16T13:50:58.500+0000] {processor.py:839} INFO - DAG(s) dict_keys(['example_external_task_marker_parent', 'example_external_task_marker_child']) retrieved from /home/airflow/.local/lib/python3.8/site-packages/airflow/example_dags/example_external_task_marker_dag.py
[2023-09-16T13:50:58.524+0000] {logging_mixin.py:151} INFO - [2023-09-16T13:50:58.524+0000] {dag.py:2915} INFO - Sync 2 DAGs
[2023-09-16T13:50:58.537+0000] {logging_mixin.py:151} INFO - [2023-09-16T13:50:58.536+0000] {dag.py:3696} INFO - Setting next_dagrun for example_external_task_marker_child to None, run_after=None
[2023-09-16T13:50:58.540+0000] {logging_mixin.py:151} INFO - [2023-09-16T13:50:58.540+0000] {dag.py:3696} INFO - Setting next_dagrun for example_external_task_marker_parent to None, run_after=None
[2023-09-16T13:50:58.555+0000] {processor.py:179} INFO - Processing /home/airflow/.local/lib/python3.8/site-packages/airflow/example_dags/example_external_task_marker_dag.py took 0.067 seconds
[2023-09-16T13:51:28.935+0000] {processor.py:157} INFO - Started process (PID=272) to work on /home/airflow/.local/lib/python3.8/site-packages/airflow/example_dags/example_external_task_marker_dag.py
[2023-09-16T13:51:28.937+0000] {processor.py:829} INFO - Processing file /home/airflow/.local/lib/python3.8/site-packages/airflow/example_dags/example_external_task_marker_dag.py for tasks to queue
[2023-09-16T13:51:28.938+0000] {logging_mixin.py:151} INFO - [2023-09-16T13:51:28.938+0000] {dagbag.py:539} INFO - Filling up the DagBag from /home/airflow/.local/lib/python3.8/site-packages/airflow/example_dags/example_external_task_marker_dag.py
[2023-09-16T13:51:28.944+0000] {processor.py:839} INFO - DAG(s) dict_keys(['example_external_task_marker_parent', 'example_external_task_marker_child']) retrieved from /home/airflow/.local/lib/python3.8/site-packages/airflow/example_dags/example_external_task_marker_dag.py
[2023-09-16T13:51:28.966+0000] {logging_mixin.py:151} INFO - [2023-09-16T13:51:28.966+0000] {dag.py:2915} INFO - Sync 2 DAGs
[2023-09-16T13:51:28.978+0000] {logging_mixin.py:151} INFO - [2023-09-16T13:51:28.978+0000] {dag.py:3696} INFO - Setting next_dagrun for example_external_task_marker_child to None, run_after=None
[2023-09-16T13:51:28.981+0000] {logging_mixin.py:151} INFO - [2023-09-16T13:51:28.981+0000] {dag.py:3696} INFO - Setting next_dagrun for example_external_task_marker_parent to None, run_after=None
[2023-09-16T13:51:28.994+0000] {processor.py:179} INFO - Processing /home/airflow/.local/lib/python3.8/site-packages/airflow/example_dags/example_external_task_marker_dag.py took 0.062 seconds
[2023-09-16T13:51:59.133+0000] {processor.py:157} INFO - Started process (PID=326) to work on /home/airflow/.local/lib/python3.8/site-packages/airflow/example_dags/example_external_task_marker_dag.py
[2023-09-16T13:51:59.134+0000] {processor.py:829} INFO - Processing file /home/airflow/.local/lib/python3.8/site-packages/airflow/example_dags/example_external_task_marker_dag.py for tasks to queue
[2023-09-16T13:51:59.136+0000] {logging_mixin.py:151} INFO - [2023-09-16T13:51:59.136+0000] {dagbag.py:539} INFO - Filling up the DagBag from /home/airflow/.local/lib/python3.8/site-packages/airflow/example_dags/example_external_task_marker_dag.py
[2023-09-16T13:51:59.142+0000] {processor.py:839} INFO - DAG(s) dict_keys(['example_external_task_marker_parent', 'example_external_task_marker_child']) retrieved from /home/airflow/.local/lib/python3.8/site-packages/airflow/example_dags/example_external_task_marker_dag.py
[2023-09-16T13:51:59.167+0000] {logging_mixin.py:151} INFO - [2023-09-16T13:51:59.166+0000] {dag.py:2915} INFO - Sync 2 DAGs
[2023-09-16T13:51:59.179+0000] {logging_mixin.py:151} INFO - [2023-09-16T13:51:59.179+0000] {dag.py:3696} INFO - Setting next_dagrun for example_external_task_marker_child to None, run_after=None
[2023-09-16T13:51:59.183+0000] {logging_mixin.py:151} INFO - [2023-09-16T13:51:59.183+0000] {dag.py:3696} INFO - Setting next_dagrun for example_external_task_marker_parent to None, run_after=None
[2023-09-16T13:51:59.201+0000] {processor.py:179} INFO - Processing /home/airflow/.local/lib/python3.8/site-packages/airflow/example_dags/example_external_task_marker_dag.py took 0.071 seconds
[2023-09-16T13:52:29.611+0000] {processor.py:157} INFO - Started process (PID=380) to work on /home/airflow/.local/lib/python3.8/site-packages/airflow/example_dags/example_external_task_marker_dag.py
[2023-09-16T13:52:29.612+0000] {processor.py:829} INFO - Processing file /home/airflow/.local/lib/python3.8/site-packages/airflow/example_dags/example_external_task_marker_dag.py for tasks to queue
[2023-09-16T13:52:29.614+0000] {logging_mixin.py:151} INFO - [2023-09-16T13:52:29.614+0000] {dagbag.py:539} INFO - Filling up the DagBag from /home/airflow/.local/lib/python3.8/site-packages/airflow/example_dags/example_external_task_marker_dag.py
[2023-09-16T13:52:29.619+0000] {processor.py:839} INFO - DAG(s) dict_keys(['example_external_task_marker_parent', 'example_external_task_marker_child']) retrieved from /home/airflow/.local/lib/python3.8/site-packages/airflow/example_dags/example_external_task_marker_dag.py
[2023-09-16T13:52:29.645+0000] {logging_mixin.py:151} INFO - [2023-09-16T13:52:29.644+0000] {dag.py:2915} INFO - Sync 2 DAGs
[2023-09-16T13:52:29.656+0000] {logging_mixin.py:151} INFO - [2023-09-16T13:52:29.656+0000] {dag.py:3696} INFO - Setting next_dagrun for example_external_task_marker_child to None, run_after=None
[2023-09-16T13:52:29.659+0000] {logging_mixin.py:151} INFO - [2023-09-16T13:52:29.659+0000] {dag.py:3696} INFO - Setting next_dagrun for example_external_task_marker_parent to None, run_after=None
[2023-09-16T13:52:29.673+0000] {processor.py:179} INFO - Processing /home/airflow/.local/lib/python3.8/site-packages/airflow/example_dags/example_external_task_marker_dag.py took 0.066 seconds
[2023-09-16T13:52:59.975+0000] {processor.py:157} INFO - Started process (PID=434) to work on /home/airflow/.local/lib/python3.8/site-packages/airflow/example_dags/example_external_task_marker_dag.py
[2023-09-16T13:52:59.976+0000] {processor.py:829} INFO - Processing file /home/airflow/.local/lib/python3.8/site-packages/airflow/example_dags/example_external_task_marker_dag.py for tasks to queue
[2023-09-16T13:52:59.978+0000] {logging_mixin.py:151} INFO - [2023-09-16T13:52:59.977+0000] {dagbag.py:539} INFO - Filling up the DagBag from /home/airflow/.local/lib/python3.8/site-packages/airflow/example_dags/example_external_task_marker_dag.py
[2023-09-16T13:52:59.983+0000] {processor.py:839} INFO - DAG(s) dict_keys(['example_external_task_marker_parent', 'example_external_task_marker_child']) retrieved from /home/airflow/.local/lib/python3.8/site-packages/airflow/example_dags/example_external_task_marker_dag.py
[2023-09-16T13:53:00.006+0000] {logging_mixin.py:151} INFO - [2023-09-16T13:53:00.006+0000] {dag.py:2915} INFO - Sync 2 DAGs
[2023-09-16T13:53:00.018+0000] {logging_mixin.py:151} INFO - [2023-09-16T13:53:00.018+0000] {dag.py:3696} INFO - Setting next_dagrun for example_external_task_marker_child to None, run_after=None
[2023-09-16T13:53:00.021+0000] {logging_mixin.py:151} INFO - [2023-09-16T13:53:00.021+0000] {dag.py:3696} INFO - Setting next_dagrun for example_external_task_marker_parent to None, run_after=None
[2023-09-16T13:53:00.034+0000] {processor.py:179} INFO - Processing /home/airflow/.local/lib/python3.8/site-packages/airflow/example_dags/example_external_task_marker_dag.py took 0.062 seconds
[2023-09-16T13:53:30.236+0000] {processor.py:157} INFO - Started process (PID=488) to work on /home/airflow/.local/lib/python3.8/site-packages/airflow/example_dags/example_external_task_marker_dag.py
[2023-09-16T13:53:30.237+0000] {processor.py:829} INFO - Processing file /home/airflow/.local/lib/python3.8/site-packages/airflow/example_dags/example_external_task_marker_dag.py for tasks to queue
[2023-09-16T13:53:30.239+0000] {logging_mixin.py:151} INFO - [2023-09-16T13:53:30.238+0000] {dagbag.py:539} INFO - Filling up the DagBag from /home/airflow/.local/lib/python3.8/site-packages/airflow/example_dags/example_external_task_marker_dag.py
[2023-09-16T13:53:30.244+0000] {processor.py:839} INFO - DAG(s) dict_keys(['example_external_task_marker_child', 'example_external_task_marker_parent']) retrieved from /home/airflow/.local/lib/python3.8/site-packages/airflow/example_dags/example_external_task_marker_dag.py
[2023-09-16T13:53:30.268+0000] {logging_mixin.py:151} INFO - [2023-09-16T13:53:30.268+0000] {dag.py:2915} INFO - Sync 2 DAGs
[2023-09-16T13:53:30.280+0000] {logging_mixin.py:151} INFO - [2023-09-16T13:53:30.280+0000] {dag.py:3696} INFO - Setting next_dagrun for example_external_task_marker_child to None, run_after=None
[2023-09-16T13:53:30.283+0000] {logging_mixin.py:151} INFO - [2023-09-16T13:53:30.283+0000] {dag.py:3696} INFO - Setting next_dagrun for example_external_task_marker_parent to None, run_after=None
[2023-09-16T13:53:30.296+0000] {processor.py:179} INFO - Processing /home/airflow/.local/lib/python3.8/site-packages/airflow/example_dags/example_external_task_marker_dag.py took 0.063 seconds
[2023-09-16T13:54:00.419+0000] {processor.py:157} INFO - Started process (PID=542) to work on /home/airflow/.local/lib/python3.8/site-packages/airflow/example_dags/example_external_task_marker_dag.py
[2023-09-16T13:54:00.425+0000] {processor.py:829} INFO - Processing file /home/airflow/.local/lib/python3.8/site-packages/airflow/example_dags/example_external_task_marker_dag.py for tasks to queue
[2023-09-16T13:54:00.427+0000] {logging_mixin.py:151} INFO - [2023-09-16T13:54:00.427+0000] {dagbag.py:539} INFO - Filling up the DagBag from /home/airflow/.local/lib/python3.8/site-packages/airflow/example_dags/example_external_task_marker_dag.py
[2023-09-16T13:54:00.433+0000] {processor.py:839} INFO - DAG(s) dict_keys(['example_external_task_marker_parent', 'example_external_task_marker_child']) retrieved from /home/airflow/.local/lib/python3.8/site-packages/airflow/example_dags/example_external_task_marker_dag.py
[2023-09-16T13:54:00.458+0000] {logging_mixin.py:151} INFO - [2023-09-16T13:54:00.458+0000] {dag.py:2915} INFO - Sync 2 DAGs
[2023-09-16T13:54:00.470+0000] {logging_mixin.py:151} INFO - [2023-09-16T13:54:00.470+0000] {dag.py:3696} INFO - Setting next_dagrun for example_external_task_marker_child to None, run_after=None
[2023-09-16T13:54:00.473+0000] {logging_mixin.py:151} INFO - [2023-09-16T13:54:00.473+0000] {dag.py:3696} INFO - Setting next_dagrun for example_external_task_marker_parent to None, run_after=None
[2023-09-16T13:54:00.487+0000] {processor.py:179} INFO - Processing /home/airflow/.local/lib/python3.8/site-packages/airflow/example_dags/example_external_task_marker_dag.py took 0.071 seconds
[2023-09-16T13:54:30.587+0000] {processor.py:157} INFO - Started process (PID=596) to work on /home/airflow/.local/lib/python3.8/site-packages/airflow/example_dags/example_external_task_marker_dag.py
[2023-09-16T13:54:30.588+0000] {processor.py:829} INFO - Processing file /home/airflow/.local/lib/python3.8/site-packages/airflow/example_dags/example_external_task_marker_dag.py for tasks to queue
[2023-09-16T13:54:30.590+0000] {logging_mixin.py:151} INFO - [2023-09-16T13:54:30.590+0000] {dagbag.py:539} INFO - Filling up the DagBag from /home/airflow/.local/lib/python3.8/site-packages/airflow/example_dags/example_external_task_marker_dag.py
[2023-09-16T13:54:30.596+0000] {processor.py:839} INFO - DAG(s) dict_keys(['example_external_task_marker_parent', 'example_external_task_marker_child']) retrieved from /home/airflow/.local/lib/python3.8/site-packages/airflow/example_dags/example_external_task_marker_dag.py
[2023-09-16T13:54:30.620+0000] {logging_mixin.py:151} INFO - [2023-09-16T13:54:30.620+0000] {dag.py:2915} INFO - Sync 2 DAGs
[2023-09-16T13:54:30.632+0000] {logging_mixin.py:151} INFO - [2023-09-16T13:54:30.631+0000] {dag.py:3696} INFO - Setting next_dagrun for example_external_task_marker_child to None, run_after=None
[2023-09-16T13:54:30.634+0000] {logging_mixin.py:151} INFO - [2023-09-16T13:54:30.634+0000] {dag.py:3696} INFO - Setting next_dagrun for example_external_task_marker_parent to None, run_after=None
[2023-09-16T13:54:30.649+0000] {processor.py:179} INFO - Processing /home/airflow/.local/lib/python3.8/site-packages/airflow/example_dags/example_external_task_marker_dag.py took 0.065 seconds
[2023-09-16T13:55:01.196+0000] {processor.py:157} INFO - Started process (PID=650) to work on /home/airflow/.local/lib/python3.8/site-packages/airflow/example_dags/example_external_task_marker_dag.py
[2023-09-16T13:55:01.197+0000] {processor.py:829} INFO - Processing file /home/airflow/.local/lib/python3.8/site-packages/airflow/example_dags/example_external_task_marker_dag.py for tasks to queue
[2023-09-16T13:55:01.199+0000] {logging_mixin.py:151} INFO - [2023-09-16T13:55:01.199+0000] {dagbag.py:539} INFO - Filling up the DagBag from /home/airflow/.local/lib/python3.8/site-packages/airflow/example_dags/example_external_task_marker_dag.py
[2023-09-16T13:55:01.205+0000] {processor.py:839} INFO - DAG(s) dict_keys(['example_external_task_marker_parent', 'example_external_task_marker_child']) retrieved from /home/airflow/.local/lib/python3.8/site-packages/airflow/example_dags/example_external_task_marker_dag.py
[2023-09-16T13:55:01.228+0000] {logging_mixin.py:151} INFO - [2023-09-16T13:55:01.228+0000] {dag.py:2915} INFO - Sync 2 DAGs
[2023-09-16T13:55:01.240+0000] {logging_mixin.py:151} INFO - [2023-09-16T13:55:01.240+0000] {dag.py:3696} INFO - Setting next_dagrun for example_external_task_marker_child to None, run_after=None
[2023-09-16T13:55:01.243+0000] {logging_mixin.py:151} INFO - [2023-09-16T13:55:01.243+0000] {dag.py:3696} INFO - Setting next_dagrun for example_external_task_marker_parent to None, run_after=None
[2023-09-16T13:55:01.256+0000] {processor.py:179} INFO - Processing /home/airflow/.local/lib/python3.8/site-packages/airflow/example_dags/example_external_task_marker_dag.py took 0.064 seconds
[2023-09-16T13:55:31.945+0000] {processor.py:157} INFO - Started process (PID=704) to work on /home/airflow/.local/lib/python3.8/site-packages/airflow/example_dags/example_external_task_marker_dag.py
[2023-09-16T13:55:31.946+0000] {processor.py:829} INFO - Processing file /home/airflow/.local/lib/python3.8/site-packages/airflow/example_dags/example_external_task_marker_dag.py for tasks to queue
[2023-09-16T13:55:31.948+0000] {logging_mixin.py:151} INFO - [2023-09-16T13:55:31.948+0000] {dagbag.py:539} INFO - Filling up the DagBag from /home/airflow/.local/lib/python3.8/site-packages/airflow/example_dags/example_external_task_marker_dag.py
[2023-09-16T13:55:31.954+0000] {processor.py:839} INFO - DAG(s) dict_keys(['example_external_task_marker_parent', 'example_external_task_marker_child']) retrieved from /home/airflow/.local/lib/python3.8/site-packages/airflow/example_dags/example_external_task_marker_dag.py
[2023-09-16T13:55:31.978+0000] {logging_mixin.py:151} INFO - [2023-09-16T13:55:31.977+0000] {dag.py:2915} INFO - Sync 2 DAGs
[2023-09-16T13:55:31.991+0000] {logging_mixin.py:151} INFO - [2023-09-16T13:55:31.991+0000] {dag.py:3696} INFO - Setting next_dagrun for example_external_task_marker_child to None, run_after=None
[2023-09-16T13:55:31.994+0000] {logging_mixin.py:151} INFO - [2023-09-16T13:55:31.994+0000] {dag.py:3696} INFO - Setting next_dagrun for example_external_task_marker_parent to None, run_after=None
[2023-09-16T13:55:32.008+0000] {processor.py:179} INFO - Processing /home/airflow/.local/lib/python3.8/site-packages/airflow/example_dags/example_external_task_marker_dag.py took 0.066 seconds
[2023-09-16T13:56:02.102+0000] {processor.py:157} INFO - Started process (PID=758) to work on /home/airflow/.local/lib/python3.8/site-packages/airflow/example_dags/example_external_task_marker_dag.py
[2023-09-16T13:56:02.103+0000] {processor.py:829} INFO - Processing file /home/airflow/.local/lib/python3.8/site-packages/airflow/example_dags/example_external_task_marker_dag.py for tasks to queue
[2023-09-16T13:56:02.105+0000] {logging_mixin.py:151} INFO - [2023-09-16T13:56:02.105+0000] {dagbag.py:539} INFO - Filling up the DagBag from /home/airflow/.local/lib/python3.8/site-packages/airflow/example_dags/example_external_task_marker_dag.py
[2023-09-16T13:56:02.110+0000] {processor.py:839} INFO - DAG(s) dict_keys(['example_external_task_marker_parent', 'example_external_task_marker_child']) retrieved from /home/airflow/.local/lib/python3.8/site-packages/airflow/example_dags/example_external_task_marker_dag.py
[2023-09-16T13:56:02.134+0000] {logging_mixin.py:151} INFO - [2023-09-16T13:56:02.134+0000] {dag.py:2915} INFO - Sync 2 DAGs
[2023-09-16T13:56:02.146+0000] {logging_mixin.py:151} INFO - [2023-09-16T13:56:02.146+0000] {dag.py:3696} INFO - Setting next_dagrun for example_external_task_marker_child to None, run_after=None
[2023-09-16T13:56:02.149+0000] {logging_mixin.py:151} INFO - [2023-09-16T13:56:02.149+0000] {dag.py:3696} INFO - Setting next_dagrun for example_external_task_marker_parent to None, run_after=None
[2023-09-16T13:56:02.163+0000] {processor.py:179} INFO - Processing /home/airflow/.local/lib/python3.8/site-packages/airflow/example_dags/example_external_task_marker_dag.py took 0.064 seconds
[2023-09-16T13:56:32.918+0000] {processor.py:157} INFO - Started process (PID=812) to work on /home/airflow/.local/lib/python3.8/site-packages/airflow/example_dags/example_external_task_marker_dag.py
[2023-09-16T13:56:32.919+0000] {processor.py:829} INFO - Processing file /home/airflow/.local/lib/python3.8/site-packages/airflow/example_dags/example_external_task_marker_dag.py for tasks to queue
[2023-09-16T13:56:32.921+0000] {logging_mixin.py:151} INFO - [2023-09-16T13:56:32.920+0000] {dagbag.py:539} INFO - Filling up the DagBag from /home/airflow/.local/lib/python3.8/site-packages/airflow/example_dags/example_external_task_marker_dag.py
[2023-09-16T13:56:32.926+0000] {processor.py:839} INFO - DAG(s) dict_keys(['example_external_task_marker_parent', 'example_external_task_marker_child']) retrieved from /home/airflow/.local/lib/python3.8/site-packages/airflow/example_dags/example_external_task_marker_dag.py
[2023-09-16T13:56:32.951+0000] {logging_mixin.py:151} INFO - [2023-09-16T13:56:32.951+0000] {dag.py:2915} INFO - Sync 2 DAGs
[2023-09-16T13:56:32.963+0000] {logging_mixin.py:151} INFO - [2023-09-16T13:56:32.963+0000] {dag.py:3696} INFO - Setting next_dagrun for example_external_task_marker_child to None, run_after=None
[2023-09-16T13:56:32.966+0000] {logging_mixin.py:151} INFO - [2023-09-16T13:56:32.966+0000] {dag.py:3696} INFO - Setting next_dagrun for example_external_task_marker_parent to None, run_after=None
[2023-09-16T13:56:32.983+0000] {processor.py:179} INFO - Processing /home/airflow/.local/lib/python3.8/site-packages/airflow/example_dags/example_external_task_marker_dag.py took 0.069 seconds
[2023-09-16T13:57:03.632+0000] {processor.py:157} INFO - Started process (PID=866) to work on /home/airflow/.local/lib/python3.8/site-packages/airflow/example_dags/example_external_task_marker_dag.py
[2023-09-16T13:57:03.634+0000] {processor.py:829} INFO - Processing file /home/airflow/.local/lib/python3.8/site-packages/airflow/example_dags/example_external_task_marker_dag.py for tasks to queue
[2023-09-16T13:57:03.635+0000] {logging_mixin.py:151} INFO - [2023-09-16T13:57:03.635+0000] {dagbag.py:539} INFO - Filling up the DagBag from /home/airflow/.local/lib/python3.8/site-packages/airflow/example_dags/example_external_task_marker_dag.py
[2023-09-16T13:57:03.641+0000] {processor.py:839} INFO - DAG(s) dict_keys(['example_external_task_marker_child', 'example_external_task_marker_parent']) retrieved from /home/airflow/.local/lib/python3.8/site-packages/airflow/example_dags/example_external_task_marker_dag.py
[2023-09-16T13:57:03.666+0000] {logging_mixin.py:151} INFO - [2023-09-16T13:57:03.665+0000] {dag.py:2915} INFO - Sync 2 DAGs
[2023-09-16T13:57:03.677+0000] {logging_mixin.py:151} INFO - [2023-09-16T13:57:03.677+0000] {dag.py:3696} INFO - Setting next_dagrun for example_external_task_marker_child to None, run_after=None
[2023-09-16T13:57:03.680+0000] {logging_mixin.py:151} INFO - [2023-09-16T13:57:03.680+0000] {dag.py:3696} INFO - Setting next_dagrun for example_external_task_marker_parent to None, run_after=None
[2023-09-16T13:57:03.695+0000] {processor.py:179} INFO - Processing /home/airflow/.local/lib/python3.8/site-packages/airflow/example_dags/example_external_task_marker_dag.py took 0.066 seconds
[2023-09-16T13:57:34.685+0000] {processor.py:157} INFO - Started process (PID=920) to work on /home/airflow/.local/lib/python3.8/site-packages/airflow/example_dags/example_external_task_marker_dag.py
[2023-09-16T13:57:34.686+0000] {processor.py:829} INFO - Processing file /home/airflow/.local/lib/python3.8/site-packages/airflow/example_dags/example_external_task_marker_dag.py for tasks to queue
[2023-09-16T13:57:34.688+0000] {logging_mixin.py:151} INFO - [2023-09-16T13:57:34.687+0000] {dagbag.py:539} INFO - Filling up the DagBag from /home/airflow/.local/lib/python3.8/site-packages/airflow/example_dags/example_external_task_marker_dag.py
[2023-09-16T13:57:34.729+0000] {processor.py:839} INFO - DAG(s) dict_keys(['example_external_task_marker_child', 'example_external_task_marker_parent']) retrieved from /home/airflow/.local/lib/python3.8/site-packages/airflow/example_dags/example_external_task_marker_dag.py
[2023-09-16T13:57:34.754+0000] {logging_mixin.py:151} INFO - [2023-09-16T13:57:34.754+0000] {dag.py:2915} INFO - Sync 2 DAGs
[2023-09-16T13:57:34.767+0000] {logging_mixin.py:151} INFO - [2023-09-16T13:57:34.766+0000] {dag.py:3696} INFO - Setting next_dagrun for example_external_task_marker_child to None, run_after=None
[2023-09-16T13:57:34.826+0000] {logging_mixin.py:151} INFO - [2023-09-16T13:57:34.826+0000] {dag.py:3696} INFO - Setting next_dagrun for example_external_task_marker_parent to None, run_after=None
[2023-09-16T13:57:34.842+0000] {processor.py:179} INFO - Processing /home/airflow/.local/lib/python3.8/site-packages/airflow/example_dags/example_external_task_marker_dag.py took 0.161 seconds
[2023-09-16T13:58:05.050+0000] {processor.py:157} INFO - Started process (PID=975) to work on /home/airflow/.local/lib/python3.8/site-packages/airflow/example_dags/example_external_task_marker_dag.py
[2023-09-16T13:58:05.051+0000] {processor.py:829} INFO - Processing file /home/airflow/.local/lib/python3.8/site-packages/airflow/example_dags/example_external_task_marker_dag.py for tasks to queue
[2023-09-16T13:58:05.053+0000] {logging_mixin.py:151} INFO - [2023-09-16T13:58:05.052+0000] {dagbag.py:539} INFO - Filling up the DagBag from /home/airflow/.local/lib/python3.8/site-packages/airflow/example_dags/example_external_task_marker_dag.py
[2023-09-16T13:58:05.059+0000] {processor.py:839} INFO - DAG(s) dict_keys(['example_external_task_marker_child', 'example_external_task_marker_parent']) retrieved from /home/airflow/.local/lib/python3.8/site-packages/airflow/example_dags/example_external_task_marker_dag.py
[2023-09-16T13:58:05.090+0000] {logging_mixin.py:151} INFO - [2023-09-16T13:58:05.090+0000] {dag.py:2915} INFO - Sync 2 DAGs
[2023-09-16T13:58:05.107+0000] {logging_mixin.py:151} INFO - [2023-09-16T13:58:05.107+0000] {dag.py:3696} INFO - Setting next_dagrun for example_external_task_marker_child to None, run_after=None
[2023-09-16T13:58:05.112+0000] {logging_mixin.py:151} INFO - [2023-09-16T13:58:05.112+0000] {dag.py:3696} INFO - Setting next_dagrun for example_external_task_marker_parent to None, run_after=None
[2023-09-16T13:58:05.129+0000] {processor.py:179} INFO - Processing /home/airflow/.local/lib/python3.8/site-packages/airflow/example_dags/example_external_task_marker_dag.py took 0.083 seconds
[2023-09-16T13:58:35.254+0000] {processor.py:157} INFO - Started process (PID=1029) to work on /home/airflow/.local/lib/python3.8/site-packages/airflow/example_dags/example_external_task_marker_dag.py
[2023-09-16T13:58:35.255+0000] {processor.py:829} INFO - Processing file /home/airflow/.local/lib/python3.8/site-packages/airflow/example_dags/example_external_task_marker_dag.py for tasks to queue
[2023-09-16T13:58:35.256+0000] {logging_mixin.py:151} INFO - [2023-09-16T13:58:35.256+0000] {dagbag.py:539} INFO - Filling up the DagBag from /home/airflow/.local/lib/python3.8/site-packages/airflow/example_dags/example_external_task_marker_dag.py
[2023-09-16T13:58:35.262+0000] {processor.py:839} INFO - DAG(s) dict_keys(['example_external_task_marker_parent', 'example_external_task_marker_child']) retrieved from /home/airflow/.local/lib/python3.8/site-packages/airflow/example_dags/example_external_task_marker_dag.py
[2023-09-16T13:58:35.286+0000] {logging_mixin.py:151} INFO - [2023-09-16T13:58:35.286+0000] {dag.py:2915} INFO - Sync 2 DAGs
[2023-09-16T13:58:35.297+0000] {logging_mixin.py:151} INFO - [2023-09-16T13:58:35.297+0000] {dag.py:3696} INFO - Setting next_dagrun for example_external_task_marker_child to None, run_after=None
[2023-09-16T13:58:35.300+0000] {logging_mixin.py:151} INFO - [2023-09-16T13:58:35.300+0000] {dag.py:3696} INFO - Setting next_dagrun for example_external_task_marker_parent to None, run_after=None
[2023-09-16T13:58:35.315+0000] {processor.py:179} INFO - Processing /home/airflow/.local/lib/python3.8/site-packages/airflow/example_dags/example_external_task_marker_dag.py took 0.064 seconds
