[2023-09-16T13:50:25.839+0000] {processor.py:157} INFO - Started process (PID=154) to work on /home/airflow/.local/lib/python3.8/site-packages/airflow/example_dags/example_branch_day_of_week_operator.py
[2023-09-16T13:50:25.840+0000] {processor.py:829} INFO - Processing file /home/airflow/.local/lib/python3.8/site-packages/airflow/example_dags/example_branch_day_of_week_operator.py for tasks to queue
[2023-09-16T13:50:25.842+0000] {logging_mixin.py:151} INFO - [2023-09-16T13:50:25.842+0000] {dagbag.py:539} INFO - Filling up the DagBag from /home/airflow/.local/lib/python3.8/site-packages/airflow/example_dags/example_branch_day_of_week_operator.py
[2023-09-16T13:50:25.855+0000] {processor.py:839} INFO - DAG(s) dict_keys(['example_weekday_branch_operator']) retrieved from /home/airflow/.local/lib/python3.8/site-packages/airflow/example_dags/example_branch_day_of_week_operator.py
[2023-09-16T13:50:25.931+0000] {logging_mixin.py:151} INFO - [2023-09-16T13:50:25.931+0000] {dag.py:2915} INFO - Sync 1 DAGs
[2023-09-16T13:50:25.957+0000] {logging_mixin.py:151} INFO - [2023-09-16T13:50:25.957+0000] {dag.py:3696} INFO - Setting next_dagrun for example_weekday_branch_operator to 2023-09-15T00:00:00+00:00, run_after=2023-09-16T00:00:00+00:00
[2023-09-16T13:50:25.978+0000] {processor.py:179} INFO - Processing /home/airflow/.local/lib/python3.8/site-packages/airflow/example_dags/example_branch_day_of_week_operator.py took 0.142 seconds
[2023-09-16T13:50:56.918+0000] {processor.py:157} INFO - Started process (PID=208) to work on /home/airflow/.local/lib/python3.8/site-packages/airflow/example_dags/example_branch_day_of_week_operator.py
[2023-09-16T13:50:56.919+0000] {processor.py:829} INFO - Processing file /home/airflow/.local/lib/python3.8/site-packages/airflow/example_dags/example_branch_day_of_week_operator.py for tasks to queue
[2023-09-16T13:50:56.921+0000] {logging_mixin.py:151} INFO - [2023-09-16T13:50:56.920+0000] {dagbag.py:539} INFO - Filling up the DagBag from /home/airflow/.local/lib/python3.8/site-packages/airflow/example_dags/example_branch_day_of_week_operator.py
[2023-09-16T13:50:56.928+0000] {processor.py:839} INFO - DAG(s) dict_keys(['example_weekday_branch_operator']) retrieved from /home/airflow/.local/lib/python3.8/site-packages/airflow/example_dags/example_branch_day_of_week_operator.py
[2023-09-16T13:50:56.948+0000] {logging_mixin.py:151} INFO - [2023-09-16T13:50:56.948+0000] {dag.py:2915} INFO - Sync 1 DAGs
[2023-09-16T13:50:56.969+0000] {logging_mixin.py:151} INFO - [2023-09-16T13:50:56.969+0000] {dag.py:3696} INFO - Setting next_dagrun for example_weekday_branch_operator to 2023-09-15T00:00:00+00:00, run_after=2023-09-16T00:00:00+00:00
[2023-09-16T13:50:56.986+0000] {processor.py:179} INFO - Processing /home/airflow/.local/lib/python3.8/site-packages/airflow/example_dags/example_branch_day_of_week_operator.py took 0.071 seconds
[2023-09-16T13:51:27.315+0000] {processor.py:157} INFO - Started process (PID=262) to work on /home/airflow/.local/lib/python3.8/site-packages/airflow/example_dags/example_branch_day_of_week_operator.py
[2023-09-16T13:51:27.316+0000] {processor.py:829} INFO - Processing file /home/airflow/.local/lib/python3.8/site-packages/airflow/example_dags/example_branch_day_of_week_operator.py for tasks to queue
[2023-09-16T13:51:27.318+0000] {logging_mixin.py:151} INFO - [2023-09-16T13:51:27.318+0000] {dagbag.py:539} INFO - Filling up the DagBag from /home/airflow/.local/lib/python3.8/site-packages/airflow/example_dags/example_branch_day_of_week_operator.py
[2023-09-16T13:51:27.325+0000] {processor.py:839} INFO - DAG(s) dict_keys(['example_weekday_branch_operator']) retrieved from /home/airflow/.local/lib/python3.8/site-packages/airflow/example_dags/example_branch_day_of_week_operator.py
[2023-09-16T13:51:27.345+0000] {logging_mixin.py:151} INFO - [2023-09-16T13:51:27.345+0000] {dag.py:2915} INFO - Sync 1 DAGs
[2023-09-16T13:51:27.367+0000] {logging_mixin.py:151} INFO - [2023-09-16T13:51:27.367+0000] {dag.py:3696} INFO - Setting next_dagrun for example_weekday_branch_operator to 2023-09-15T00:00:00+00:00, run_after=2023-09-16T00:00:00+00:00
[2023-09-16T13:51:27.383+0000] {processor.py:179} INFO - Processing /home/airflow/.local/lib/python3.8/site-packages/airflow/example_dags/example_branch_day_of_week_operator.py took 0.072 seconds
[2023-09-16T13:51:57.542+0000] {processor.py:157} INFO - Started process (PID=316) to work on /home/airflow/.local/lib/python3.8/site-packages/airflow/example_dags/example_branch_day_of_week_operator.py
[2023-09-16T13:51:57.543+0000] {processor.py:829} INFO - Processing file /home/airflow/.local/lib/python3.8/site-packages/airflow/example_dags/example_branch_day_of_week_operator.py for tasks to queue
[2023-09-16T13:51:57.545+0000] {logging_mixin.py:151} INFO - [2023-09-16T13:51:57.545+0000] {dagbag.py:539} INFO - Filling up the DagBag from /home/airflow/.local/lib/python3.8/site-packages/airflow/example_dags/example_branch_day_of_week_operator.py
[2023-09-16T13:51:57.553+0000] {processor.py:839} INFO - DAG(s) dict_keys(['example_weekday_branch_operator']) retrieved from /home/airflow/.local/lib/python3.8/site-packages/airflow/example_dags/example_branch_day_of_week_operator.py
[2023-09-16T13:51:57.577+0000] {logging_mixin.py:151} INFO - [2023-09-16T13:51:57.577+0000] {dag.py:2915} INFO - Sync 1 DAGs
[2023-09-16T13:51:57.599+0000] {logging_mixin.py:151} INFO - [2023-09-16T13:51:57.599+0000] {dag.py:3696} INFO - Setting next_dagrun for example_weekday_branch_operator to 2023-09-15T00:00:00+00:00, run_after=2023-09-16T00:00:00+00:00
[2023-09-16T13:51:57.618+0000] {processor.py:179} INFO - Processing /home/airflow/.local/lib/python3.8/site-packages/airflow/example_dags/example_branch_day_of_week_operator.py took 0.080 seconds
[2023-09-16T13:52:27.961+0000] {processor.py:157} INFO - Started process (PID=370) to work on /home/airflow/.local/lib/python3.8/site-packages/airflow/example_dags/example_branch_day_of_week_operator.py
[2023-09-16T13:52:27.962+0000] {processor.py:829} INFO - Processing file /home/airflow/.local/lib/python3.8/site-packages/airflow/example_dags/example_branch_day_of_week_operator.py for tasks to queue
[2023-09-16T13:52:27.964+0000] {logging_mixin.py:151} INFO - [2023-09-16T13:52:27.964+0000] {dagbag.py:539} INFO - Filling up the DagBag from /home/airflow/.local/lib/python3.8/site-packages/airflow/example_dags/example_branch_day_of_week_operator.py
[2023-09-16T13:52:27.971+0000] {processor.py:839} INFO - DAG(s) dict_keys(['example_weekday_branch_operator']) retrieved from /home/airflow/.local/lib/python3.8/site-packages/airflow/example_dags/example_branch_day_of_week_operator.py
[2023-09-16T13:52:27.993+0000] {logging_mixin.py:151} INFO - [2023-09-16T13:52:27.993+0000] {dag.py:2915} INFO - Sync 1 DAGs
[2023-09-16T13:52:28.015+0000] {logging_mixin.py:151} INFO - [2023-09-16T13:52:28.015+0000] {dag.py:3696} INFO - Setting next_dagrun for example_weekday_branch_operator to 2023-09-15T00:00:00+00:00, run_after=2023-09-16T00:00:00+00:00
[2023-09-16T13:52:28.032+0000] {processor.py:179} INFO - Processing /home/airflow/.local/lib/python3.8/site-packages/airflow/example_dags/example_branch_day_of_week_operator.py took 0.074 seconds
[2023-09-16T13:52:58.347+0000] {processor.py:157} INFO - Started process (PID=424) to work on /home/airflow/.local/lib/python3.8/site-packages/airflow/example_dags/example_branch_day_of_week_operator.py
[2023-09-16T13:52:58.348+0000] {processor.py:829} INFO - Processing file /home/airflow/.local/lib/python3.8/site-packages/airflow/example_dags/example_branch_day_of_week_operator.py for tasks to queue
[2023-09-16T13:52:58.350+0000] {logging_mixin.py:151} INFO - [2023-09-16T13:52:58.350+0000] {dagbag.py:539} INFO - Filling up the DagBag from /home/airflow/.local/lib/python3.8/site-packages/airflow/example_dags/example_branch_day_of_week_operator.py
[2023-09-16T13:52:58.358+0000] {processor.py:839} INFO - DAG(s) dict_keys(['example_weekday_branch_operator']) retrieved from /home/airflow/.local/lib/python3.8/site-packages/airflow/example_dags/example_branch_day_of_week_operator.py
[2023-09-16T13:52:58.380+0000] {logging_mixin.py:151} INFO - [2023-09-16T13:52:58.380+0000] {dag.py:2915} INFO - Sync 1 DAGs
[2023-09-16T13:52:58.401+0000] {logging_mixin.py:151} INFO - [2023-09-16T13:52:58.401+0000] {dag.py:3696} INFO - Setting next_dagrun for example_weekday_branch_operator to 2023-09-15T00:00:00+00:00, run_after=2023-09-16T00:00:00+00:00
[2023-09-16T13:52:58.416+0000] {processor.py:179} INFO - Processing /home/airflow/.local/lib/python3.8/site-packages/airflow/example_dags/example_branch_day_of_week_operator.py took 0.073 seconds
[2023-09-16T13:53:28.604+0000] {processor.py:157} INFO - Started process (PID=478) to work on /home/airflow/.local/lib/python3.8/site-packages/airflow/example_dags/example_branch_day_of_week_operator.py
[2023-09-16T13:53:28.605+0000] {processor.py:829} INFO - Processing file /home/airflow/.local/lib/python3.8/site-packages/airflow/example_dags/example_branch_day_of_week_operator.py for tasks to queue
[2023-09-16T13:53:28.607+0000] {logging_mixin.py:151} INFO - [2023-09-16T13:53:28.607+0000] {dagbag.py:539} INFO - Filling up the DagBag from /home/airflow/.local/lib/python3.8/site-packages/airflow/example_dags/example_branch_day_of_week_operator.py
[2023-09-16T13:53:28.614+0000] {processor.py:839} INFO - DAG(s) dict_keys(['example_weekday_branch_operator']) retrieved from /home/airflow/.local/lib/python3.8/site-packages/airflow/example_dags/example_branch_day_of_week_operator.py
[2023-09-16T13:53:28.635+0000] {logging_mixin.py:151} INFO - [2023-09-16T13:53:28.635+0000] {dag.py:2915} INFO - Sync 1 DAGs
[2023-09-16T13:53:28.655+0000] {logging_mixin.py:151} INFO - [2023-09-16T13:53:28.655+0000] {dag.py:3696} INFO - Setting next_dagrun for example_weekday_branch_operator to 2023-09-15T00:00:00+00:00, run_after=2023-09-16T00:00:00+00:00
[2023-09-16T13:53:28.671+0000] {processor.py:179} INFO - Processing /home/airflow/.local/lib/python3.8/site-packages/airflow/example_dags/example_branch_day_of_week_operator.py took 0.071 seconds
[2023-09-16T13:53:58.779+0000] {processor.py:157} INFO - Started process (PID=532) to work on /home/airflow/.local/lib/python3.8/site-packages/airflow/example_dags/example_branch_day_of_week_operator.py
[2023-09-16T13:53:58.780+0000] {processor.py:829} INFO - Processing file /home/airflow/.local/lib/python3.8/site-packages/airflow/example_dags/example_branch_day_of_week_operator.py for tasks to queue
[2023-09-16T13:53:58.783+0000] {logging_mixin.py:151} INFO - [2023-09-16T13:53:58.782+0000] {dagbag.py:539} INFO - Filling up the DagBag from /home/airflow/.local/lib/python3.8/site-packages/airflow/example_dags/example_branch_day_of_week_operator.py
[2023-09-16T13:53:58.790+0000] {processor.py:839} INFO - DAG(s) dict_keys(['example_weekday_branch_operator']) retrieved from /home/airflow/.local/lib/python3.8/site-packages/airflow/example_dags/example_branch_day_of_week_operator.py
[2023-09-16T13:53:58.814+0000] {logging_mixin.py:151} INFO - [2023-09-16T13:53:58.814+0000] {dag.py:2915} INFO - Sync 1 DAGs
[2023-09-16T13:53:58.836+0000] {logging_mixin.py:151} INFO - [2023-09-16T13:53:58.836+0000] {dag.py:3696} INFO - Setting next_dagrun for example_weekday_branch_operator to 2023-09-15T00:00:00+00:00, run_after=2023-09-16T00:00:00+00:00
[2023-09-16T13:53:58.853+0000] {processor.py:179} INFO - Processing /home/airflow/.local/lib/python3.8/site-packages/airflow/example_dags/example_branch_day_of_week_operator.py took 0.077 seconds
[2023-09-16T13:54:29.025+0000] {processor.py:157} INFO - Started process (PID=586) to work on /home/airflow/.local/lib/python3.8/site-packages/airflow/example_dags/example_branch_day_of_week_operator.py
[2023-09-16T13:54:29.026+0000] {processor.py:829} INFO - Processing file /home/airflow/.local/lib/python3.8/site-packages/airflow/example_dags/example_branch_day_of_week_operator.py for tasks to queue
[2023-09-16T13:54:29.027+0000] {logging_mixin.py:151} INFO - [2023-09-16T13:54:29.027+0000] {dagbag.py:539} INFO - Filling up the DagBag from /home/airflow/.local/lib/python3.8/site-packages/airflow/example_dags/example_branch_day_of_week_operator.py
[2023-09-16T13:54:29.035+0000] {processor.py:839} INFO - DAG(s) dict_keys(['example_weekday_branch_operator']) retrieved from /home/airflow/.local/lib/python3.8/site-packages/airflow/example_dags/example_branch_day_of_week_operator.py
[2023-09-16T13:54:29.055+0000] {logging_mixin.py:151} INFO - [2023-09-16T13:54:29.055+0000] {dag.py:2915} INFO - Sync 1 DAGs
[2023-09-16T13:54:29.076+0000] {logging_mixin.py:151} INFO - [2023-09-16T13:54:29.075+0000] {dag.py:3696} INFO - Setting next_dagrun for example_weekday_branch_operator to 2023-09-15T00:00:00+00:00, run_after=2023-09-16T00:00:00+00:00
[2023-09-16T13:54:29.092+0000] {processor.py:179} INFO - Processing /home/airflow/.local/lib/python3.8/site-packages/airflow/example_dags/example_branch_day_of_week_operator.py took 0.070 seconds
[2023-09-16T13:54:59.651+0000] {processor.py:157} INFO - Started process (PID=640) to work on /home/airflow/.local/lib/python3.8/site-packages/airflow/example_dags/example_branch_day_of_week_operator.py
[2023-09-16T13:54:59.652+0000] {processor.py:829} INFO - Processing file /home/airflow/.local/lib/python3.8/site-packages/airflow/example_dags/example_branch_day_of_week_operator.py for tasks to queue
[2023-09-16T13:54:59.654+0000] {logging_mixin.py:151} INFO - [2023-09-16T13:54:59.654+0000] {dagbag.py:539} INFO - Filling up the DagBag from /home/airflow/.local/lib/python3.8/site-packages/airflow/example_dags/example_branch_day_of_week_operator.py
[2023-09-16T13:54:59.662+0000] {processor.py:839} INFO - DAG(s) dict_keys(['example_weekday_branch_operator']) retrieved from /home/airflow/.local/lib/python3.8/site-packages/airflow/example_dags/example_branch_day_of_week_operator.py
[2023-09-16T13:54:59.683+0000] {logging_mixin.py:151} INFO - [2023-09-16T13:54:59.683+0000] {dag.py:2915} INFO - Sync 1 DAGs
[2023-09-16T13:54:59.704+0000] {logging_mixin.py:151} INFO - [2023-09-16T13:54:59.704+0000] {dag.py:3696} INFO - Setting next_dagrun for example_weekday_branch_operator to 2023-09-15T00:00:00+00:00, run_after=2023-09-16T00:00:00+00:00
[2023-09-16T13:54:59.721+0000] {processor.py:179} INFO - Processing /home/airflow/.local/lib/python3.8/site-packages/airflow/example_dags/example_branch_day_of_week_operator.py took 0.073 seconds
[2023-09-16T13:55:30.344+0000] {processor.py:157} INFO - Started process (PID=694) to work on /home/airflow/.local/lib/python3.8/site-packages/airflow/example_dags/example_branch_day_of_week_operator.py
[2023-09-16T13:55:30.345+0000] {processor.py:829} INFO - Processing file /home/airflow/.local/lib/python3.8/site-packages/airflow/example_dags/example_branch_day_of_week_operator.py for tasks to queue
[2023-09-16T13:55:30.347+0000] {logging_mixin.py:151} INFO - [2023-09-16T13:55:30.347+0000] {dagbag.py:539} INFO - Filling up the DagBag from /home/airflow/.local/lib/python3.8/site-packages/airflow/example_dags/example_branch_day_of_week_operator.py
[2023-09-16T13:55:30.354+0000] {processor.py:839} INFO - DAG(s) dict_keys(['example_weekday_branch_operator']) retrieved from /home/airflow/.local/lib/python3.8/site-packages/airflow/example_dags/example_branch_day_of_week_operator.py
[2023-09-16T13:55:30.374+0000] {logging_mixin.py:151} INFO - [2023-09-16T13:55:30.374+0000] {dag.py:2915} INFO - Sync 1 DAGs
[2023-09-16T13:55:30.395+0000] {logging_mixin.py:151} INFO - [2023-09-16T13:55:30.395+0000] {dag.py:3696} INFO - Setting next_dagrun for example_weekday_branch_operator to 2023-09-15T00:00:00+00:00, run_after=2023-09-16T00:00:00+00:00
[2023-09-16T13:55:30.413+0000] {processor.py:179} INFO - Processing /home/airflow/.local/lib/python3.8/site-packages/airflow/example_dags/example_branch_day_of_week_operator.py took 0.072 seconds
[2023-09-16T13:56:00.570+0000] {processor.py:157} INFO - Started process (PID=748) to work on /home/airflow/.local/lib/python3.8/site-packages/airflow/example_dags/example_branch_day_of_week_operator.py
[2023-09-16T13:56:00.571+0000] {processor.py:829} INFO - Processing file /home/airflow/.local/lib/python3.8/site-packages/airflow/example_dags/example_branch_day_of_week_operator.py for tasks to queue
[2023-09-16T13:56:00.573+0000] {logging_mixin.py:151} INFO - [2023-09-16T13:56:00.573+0000] {dagbag.py:539} INFO - Filling up the DagBag from /home/airflow/.local/lib/python3.8/site-packages/airflow/example_dags/example_branch_day_of_week_operator.py
[2023-09-16T13:56:00.580+0000] {processor.py:839} INFO - DAG(s) dict_keys(['example_weekday_branch_operator']) retrieved from /home/airflow/.local/lib/python3.8/site-packages/airflow/example_dags/example_branch_day_of_week_operator.py
[2023-09-16T13:56:00.601+0000] {logging_mixin.py:151} INFO - [2023-09-16T13:56:00.601+0000] {dag.py:2915} INFO - Sync 1 DAGs
[2023-09-16T13:56:00.622+0000] {logging_mixin.py:151} INFO - [2023-09-16T13:56:00.621+0000] {dag.py:3696} INFO - Setting next_dagrun for example_weekday_branch_operator to 2023-09-15T00:00:00+00:00, run_after=2023-09-16T00:00:00+00:00
[2023-09-16T13:56:00.638+0000] {processor.py:179} INFO - Processing /home/airflow/.local/lib/python3.8/site-packages/airflow/example_dags/example_branch_day_of_week_operator.py took 0.072 seconds
[2023-09-16T13:56:31.314+0000] {processor.py:157} INFO - Started process (PID=802) to work on /home/airflow/.local/lib/python3.8/site-packages/airflow/example_dags/example_branch_day_of_week_operator.py
[2023-09-16T13:56:31.315+0000] {processor.py:829} INFO - Processing file /home/airflow/.local/lib/python3.8/site-packages/airflow/example_dags/example_branch_day_of_week_operator.py for tasks to queue
[2023-09-16T13:56:31.317+0000] {logging_mixin.py:151} INFO - [2023-09-16T13:56:31.317+0000] {dagbag.py:539} INFO - Filling up the DagBag from /home/airflow/.local/lib/python3.8/site-packages/airflow/example_dags/example_branch_day_of_week_operator.py
[2023-09-16T13:56:31.325+0000] {processor.py:839} INFO - DAG(s) dict_keys(['example_weekday_branch_operator']) retrieved from /home/airflow/.local/lib/python3.8/site-packages/airflow/example_dags/example_branch_day_of_week_operator.py
[2023-09-16T13:56:31.345+0000] {logging_mixin.py:151} INFO - [2023-09-16T13:56:31.345+0000] {dag.py:2915} INFO - Sync 1 DAGs
[2023-09-16T13:56:31.366+0000] {logging_mixin.py:151} INFO - [2023-09-16T13:56:31.365+0000] {dag.py:3696} INFO - Setting next_dagrun for example_weekday_branch_operator to 2023-09-15T00:00:00+00:00, run_after=2023-09-16T00:00:00+00:00
[2023-09-16T13:56:31.382+0000] {processor.py:179} INFO - Processing /home/airflow/.local/lib/python3.8/site-packages/airflow/example_dags/example_branch_day_of_week_operator.py took 0.072 seconds
[2023-09-16T13:57:01.982+0000] {processor.py:157} INFO - Started process (PID=856) to work on /home/airflow/.local/lib/python3.8/site-packages/airflow/example_dags/example_branch_day_of_week_operator.py
[2023-09-16T13:57:01.983+0000] {processor.py:829} INFO - Processing file /home/airflow/.local/lib/python3.8/site-packages/airflow/example_dags/example_branch_day_of_week_operator.py for tasks to queue
[2023-09-16T13:57:01.986+0000] {logging_mixin.py:151} INFO - [2023-09-16T13:57:01.985+0000] {dagbag.py:539} INFO - Filling up the DagBag from /home/airflow/.local/lib/python3.8/site-packages/airflow/example_dags/example_branch_day_of_week_operator.py
[2023-09-16T13:57:01.993+0000] {processor.py:839} INFO - DAG(s) dict_keys(['example_weekday_branch_operator']) retrieved from /home/airflow/.local/lib/python3.8/site-packages/airflow/example_dags/example_branch_day_of_week_operator.py
[2023-09-16T13:57:02.016+0000] {logging_mixin.py:151} INFO - [2023-09-16T13:57:02.015+0000] {dag.py:2915} INFO - Sync 1 DAGs
[2023-09-16T13:57:02.039+0000] {logging_mixin.py:151} INFO - [2023-09-16T13:57:02.039+0000] {dag.py:3696} INFO - Setting next_dagrun for example_weekday_branch_operator to 2023-09-15T00:00:00+00:00, run_after=2023-09-16T00:00:00+00:00
[2023-09-16T13:57:02.057+0000] {processor.py:179} INFO - Processing /home/airflow/.local/lib/python3.8/site-packages/airflow/example_dags/example_branch_day_of_week_operator.py took 0.078 seconds
[2023-09-16T13:57:32.654+0000] {processor.py:157} INFO - Started process (PID=910) to work on /home/airflow/.local/lib/python3.8/site-packages/airflow/example_dags/example_branch_day_of_week_operator.py
[2023-09-16T13:57:32.655+0000] {processor.py:829} INFO - Processing file /home/airflow/.local/lib/python3.8/site-packages/airflow/example_dags/example_branch_day_of_week_operator.py for tasks to queue
[2023-09-16T13:57:32.657+0000] {logging_mixin.py:151} INFO - [2023-09-16T13:57:32.656+0000] {dagbag.py:539} INFO - Filling up the DagBag from /home/airflow/.local/lib/python3.8/site-packages/airflow/example_dags/example_branch_day_of_week_operator.py
[2023-09-16T13:57:32.664+0000] {processor.py:839} INFO - DAG(s) dict_keys(['example_weekday_branch_operator']) retrieved from /home/airflow/.local/lib/python3.8/site-packages/airflow/example_dags/example_branch_day_of_week_operator.py
[2023-09-16T13:57:32.686+0000] {logging_mixin.py:151} INFO - [2023-09-16T13:57:32.686+0000] {dag.py:2915} INFO - Sync 1 DAGs
[2023-09-16T13:57:32.706+0000] {logging_mixin.py:151} INFO - [2023-09-16T13:57:32.705+0000] {dag.py:3696} INFO - Setting next_dagrun for example_weekday_branch_operator to 2023-09-15T00:00:00+00:00, run_after=2023-09-16T00:00:00+00:00
[2023-09-16T13:57:32.721+0000] {processor.py:179} INFO - Processing /home/airflow/.local/lib/python3.8/site-packages/airflow/example_dags/example_branch_day_of_week_operator.py took 0.070 seconds
[2023-09-16T13:58:03.259+0000] {processor.py:157} INFO - Started process (PID=964) to work on /home/airflow/.local/lib/python3.8/site-packages/airflow/example_dags/example_branch_day_of_week_operator.py
[2023-09-16T13:58:03.260+0000] {processor.py:829} INFO - Processing file /home/airflow/.local/lib/python3.8/site-packages/airflow/example_dags/example_branch_day_of_week_operator.py for tasks to queue
[2023-09-16T13:58:03.262+0000] {logging_mixin.py:151} INFO - [2023-09-16T13:58:03.262+0000] {dagbag.py:539} INFO - Filling up the DagBag from /home/airflow/.local/lib/python3.8/site-packages/airflow/example_dags/example_branch_day_of_week_operator.py
[2023-09-16T13:58:03.270+0000] {processor.py:839} INFO - DAG(s) dict_keys(['example_weekday_branch_operator']) retrieved from /home/airflow/.local/lib/python3.8/site-packages/airflow/example_dags/example_branch_day_of_week_operator.py
[2023-09-16T13:58:03.292+0000] {logging_mixin.py:151} INFO - [2023-09-16T13:58:03.292+0000] {dag.py:2915} INFO - Sync 1 DAGs
[2023-09-16T13:58:03.318+0000] {logging_mixin.py:151} INFO - [2023-09-16T13:58:03.317+0000] {dag.py:3696} INFO - Setting next_dagrun for example_weekday_branch_operator to 2023-09-15T00:00:00+00:00, run_after=2023-09-16T00:00:00+00:00
[2023-09-16T13:58:03.338+0000] {processor.py:179} INFO - Processing /home/airflow/.local/lib/python3.8/site-packages/airflow/example_dags/example_branch_day_of_week_operator.py took 0.083 seconds
[2023-09-16T13:58:33.483+0000] {processor.py:157} INFO - Started process (PID=1018) to work on /home/airflow/.local/lib/python3.8/site-packages/airflow/example_dags/example_branch_day_of_week_operator.py
[2023-09-16T13:58:33.484+0000] {processor.py:829} INFO - Processing file /home/airflow/.local/lib/python3.8/site-packages/airflow/example_dags/example_branch_day_of_week_operator.py for tasks to queue
[2023-09-16T13:58:33.486+0000] {logging_mixin.py:151} INFO - [2023-09-16T13:58:33.486+0000] {dagbag.py:539} INFO - Filling up the DagBag from /home/airflow/.local/lib/python3.8/site-packages/airflow/example_dags/example_branch_day_of_week_operator.py
[2023-09-16T13:58:33.495+0000] {processor.py:839} INFO - DAG(s) dict_keys(['example_weekday_branch_operator']) retrieved from /home/airflow/.local/lib/python3.8/site-packages/airflow/example_dags/example_branch_day_of_week_operator.py
[2023-09-16T13:58:33.521+0000] {logging_mixin.py:151} INFO - [2023-09-16T13:58:33.521+0000] {dag.py:2915} INFO - Sync 1 DAGs
[2023-09-16T13:58:33.551+0000] {logging_mixin.py:151} INFO - [2023-09-16T13:58:33.551+0000] {dag.py:3696} INFO - Setting next_dagrun for example_weekday_branch_operator to 2023-09-15T00:00:00+00:00, run_after=2023-09-16T00:00:00+00:00
[2023-09-16T13:58:33.568+0000] {processor.py:179} INFO - Processing /home/airflow/.local/lib/python3.8/site-packages/airflow/example_dags/example_branch_day_of_week_operator.py took 0.089 seconds
