[2023-09-16T13:50:31.331+0000] {processor.py:157} INFO - Started process (PID=176) to work on /home/airflow/.local/lib/python3.8/site-packages/airflow/example_dags/example_setup_teardown.py
[2023-09-16T13:50:31.332+0000] {processor.py:829} INFO - Processing file /home/airflow/.local/lib/python3.8/site-packages/airflow/example_dags/example_setup_teardown.py for tasks to queue
[2023-09-16T13:50:31.334+0000] {logging_mixin.py:151} INFO - [2023-09-16T13:50:31.333+0000] {dagbag.py:539} INFO - Filling up the DagBag from /home/airflow/.local/lib/python3.8/site-packages/airflow/example_dags/example_setup_teardown.py
[2023-09-16T13:50:31.343+0000] {processor.py:839} INFO - DAG(s) dict_keys(['example_setup_teardown']) retrieved from /home/airflow/.local/lib/python3.8/site-packages/airflow/example_dags/example_setup_teardown.py
[2023-09-16T13:50:31.367+0000] {logging_mixin.py:151} INFO - [2023-09-16T13:50:31.367+0000] {dag.py:2915} INFO - Sync 1 DAGs
[2023-09-16T13:50:31.393+0000] {logging_mixin.py:151} INFO - [2023-09-16T13:50:31.393+0000] {dag.py:3696} INFO - Setting next_dagrun for example_setup_teardown to 2023-09-15T13:50:31.393400+00:00, run_after=2023-09-16T13:50:31.393400+00:00
[2023-09-16T13:50:31.411+0000] {processor.py:179} INFO - Processing /home/airflow/.local/lib/python3.8/site-packages/airflow/example_dags/example_setup_teardown.py took 0.084 seconds
[2023-09-16T13:51:02.671+0000] {processor.py:157} INFO - Started process (PID=230) to work on /home/airflow/.local/lib/python3.8/site-packages/airflow/example_dags/example_setup_teardown.py
[2023-09-16T13:51:02.672+0000] {processor.py:829} INFO - Processing file /home/airflow/.local/lib/python3.8/site-packages/airflow/example_dags/example_setup_teardown.py for tasks to queue
[2023-09-16T13:51:02.674+0000] {logging_mixin.py:151} INFO - [2023-09-16T13:51:02.673+0000] {dagbag.py:539} INFO - Filling up the DagBag from /home/airflow/.local/lib/python3.8/site-packages/airflow/example_dags/example_setup_teardown.py
[2023-09-16T13:51:02.680+0000] {processor.py:839} INFO - DAG(s) dict_keys(['example_setup_teardown']) retrieved from /home/airflow/.local/lib/python3.8/site-packages/airflow/example_dags/example_setup_teardown.py
[2023-09-16T13:51:02.701+0000] {logging_mixin.py:151} INFO - [2023-09-16T13:51:02.700+0000] {dag.py:2915} INFO - Sync 1 DAGs
[2023-09-16T13:51:02.734+0000] {logging_mixin.py:151} INFO - [2023-09-16T13:51:02.734+0000] {dag.py:3696} INFO - Setting next_dagrun for example_setup_teardown to 2023-09-15T13:51:02.734101+00:00, run_after=2023-09-16T13:51:02.734101+00:00
[2023-09-16T13:51:02.749+0000] {processor.py:179} INFO - Processing /home/airflow/.local/lib/python3.8/site-packages/airflow/example_dags/example_setup_teardown.py took 0.083 seconds
[2023-09-16T13:51:32.952+0000] {processor.py:157} INFO - Started process (PID=284) to work on /home/airflow/.local/lib/python3.8/site-packages/airflow/example_dags/example_setup_teardown.py
[2023-09-16T13:51:32.953+0000] {processor.py:829} INFO - Processing file /home/airflow/.local/lib/python3.8/site-packages/airflow/example_dags/example_setup_teardown.py for tasks to queue
[2023-09-16T13:51:32.955+0000] {logging_mixin.py:151} INFO - [2023-09-16T13:51:32.955+0000] {dagbag.py:539} INFO - Filling up the DagBag from /home/airflow/.local/lib/python3.8/site-packages/airflow/example_dags/example_setup_teardown.py
[2023-09-16T13:51:32.961+0000] {processor.py:839} INFO - DAG(s) dict_keys(['example_setup_teardown']) retrieved from /home/airflow/.local/lib/python3.8/site-packages/airflow/example_dags/example_setup_teardown.py
[2023-09-16T13:51:32.980+0000] {logging_mixin.py:151} INFO - [2023-09-16T13:51:32.980+0000] {dag.py:2915} INFO - Sync 1 DAGs
[2023-09-16T13:51:33.000+0000] {logging_mixin.py:151} INFO - [2023-09-16T13:51:33.000+0000] {dag.py:3696} INFO - Setting next_dagrun for example_setup_teardown to 2023-09-15T13:51:33.000191+00:00, run_after=2023-09-16T13:51:33.000191+00:00
[2023-09-16T13:51:33.017+0000] {processor.py:179} INFO - Processing /home/airflow/.local/lib/python3.8/site-packages/airflow/example_dags/example_setup_teardown.py took 0.069 seconds
[2023-09-16T13:52:04.247+0000] {processor.py:157} INFO - Started process (PID=338) to work on /home/airflow/.local/lib/python3.8/site-packages/airflow/example_dags/example_setup_teardown.py
[2023-09-16T13:52:04.248+0000] {processor.py:829} INFO - Processing file /home/airflow/.local/lib/python3.8/site-packages/airflow/example_dags/example_setup_teardown.py for tasks to queue
[2023-09-16T13:52:04.251+0000] {logging_mixin.py:151} INFO - [2023-09-16T13:52:04.250+0000] {dagbag.py:539} INFO - Filling up the DagBag from /home/airflow/.local/lib/python3.8/site-packages/airflow/example_dags/example_setup_teardown.py
[2023-09-16T13:52:04.258+0000] {processor.py:839} INFO - DAG(s) dict_keys(['example_setup_teardown']) retrieved from /home/airflow/.local/lib/python3.8/site-packages/airflow/example_dags/example_setup_teardown.py
[2023-09-16T13:52:04.282+0000] {logging_mixin.py:151} INFO - [2023-09-16T13:52:04.282+0000] {dag.py:2915} INFO - Sync 1 DAGs
[2023-09-16T13:52:04.305+0000] {logging_mixin.py:151} INFO - [2023-09-16T13:52:04.305+0000] {dag.py:3696} INFO - Setting next_dagrun for example_setup_teardown to 2023-09-15T13:52:04.305300+00:00, run_after=2023-09-16T13:52:04.305300+00:00
[2023-09-16T13:52:04.321+0000] {processor.py:179} INFO - Processing /home/airflow/.local/lib/python3.8/site-packages/airflow/example_dags/example_setup_teardown.py took 0.078 seconds
[2023-09-16T13:52:34.606+0000] {processor.py:157} INFO - Started process (PID=392) to work on /home/airflow/.local/lib/python3.8/site-packages/airflow/example_dags/example_setup_teardown.py
[2023-09-16T13:52:34.607+0000] {processor.py:829} INFO - Processing file /home/airflow/.local/lib/python3.8/site-packages/airflow/example_dags/example_setup_teardown.py for tasks to queue
[2023-09-16T13:52:34.609+0000] {logging_mixin.py:151} INFO - [2023-09-16T13:52:34.609+0000] {dagbag.py:539} INFO - Filling up the DagBag from /home/airflow/.local/lib/python3.8/site-packages/airflow/example_dags/example_setup_teardown.py
[2023-09-16T13:52:34.615+0000] {processor.py:839} INFO - DAG(s) dict_keys(['example_setup_teardown']) retrieved from /home/airflow/.local/lib/python3.8/site-packages/airflow/example_dags/example_setup_teardown.py
[2023-09-16T13:52:34.644+0000] {logging_mixin.py:151} INFO - [2023-09-16T13:52:34.643+0000] {dag.py:2915} INFO - Sync 1 DAGs
[2023-09-16T13:52:34.664+0000] {logging_mixin.py:151} INFO - [2023-09-16T13:52:34.664+0000] {dag.py:3696} INFO - Setting next_dagrun for example_setup_teardown to 2023-09-15T13:52:34.664243+00:00, run_after=2023-09-16T13:52:34.664243+00:00
[2023-09-16T13:52:34.681+0000] {processor.py:179} INFO - Processing /home/airflow/.local/lib/python3.8/site-packages/airflow/example_dags/example_setup_teardown.py took 0.078 seconds
[2023-09-16T13:53:05.940+0000] {processor.py:157} INFO - Started process (PID=446) to work on /home/airflow/.local/lib/python3.8/site-packages/airflow/example_dags/example_setup_teardown.py
[2023-09-16T13:53:05.941+0000] {processor.py:829} INFO - Processing file /home/airflow/.local/lib/python3.8/site-packages/airflow/example_dags/example_setup_teardown.py for tasks to queue
[2023-09-16T13:53:05.943+0000] {logging_mixin.py:151} INFO - [2023-09-16T13:53:05.943+0000] {dagbag.py:539} INFO - Filling up the DagBag from /home/airflow/.local/lib/python3.8/site-packages/airflow/example_dags/example_setup_teardown.py
[2023-09-16T13:53:05.949+0000] {processor.py:839} INFO - DAG(s) dict_keys(['example_setup_teardown']) retrieved from /home/airflow/.local/lib/python3.8/site-packages/airflow/example_dags/example_setup_teardown.py
[2023-09-16T13:53:05.991+0000] {logging_mixin.py:151} INFO - [2023-09-16T13:53:05.991+0000] {dag.py:2915} INFO - Sync 1 DAGs
[2023-09-16T13:53:06.015+0000] {logging_mixin.py:151} INFO - [2023-09-16T13:53:06.015+0000] {dag.py:3696} INFO - Setting next_dagrun for example_setup_teardown to 2023-09-15T13:53:06.014889+00:00, run_after=2023-09-16T13:53:06.014889+00:00
[2023-09-16T13:53:06.033+0000] {processor.py:179} INFO - Processing /home/airflow/.local/lib/python3.8/site-packages/airflow/example_dags/example_setup_teardown.py took 0.097 seconds
[2023-09-16T13:53:37.199+0000] {processor.py:157} INFO - Started process (PID=500) to work on /home/airflow/.local/lib/python3.8/site-packages/airflow/example_dags/example_setup_teardown.py
[2023-09-16T13:53:37.200+0000] {processor.py:829} INFO - Processing file /home/airflow/.local/lib/python3.8/site-packages/airflow/example_dags/example_setup_teardown.py for tasks to queue
[2023-09-16T13:53:37.202+0000] {logging_mixin.py:151} INFO - [2023-09-16T13:53:37.202+0000] {dagbag.py:539} INFO - Filling up the DagBag from /home/airflow/.local/lib/python3.8/site-packages/airflow/example_dags/example_setup_teardown.py
[2023-09-16T13:53:37.208+0000] {processor.py:839} INFO - DAG(s) dict_keys(['example_setup_teardown']) retrieved from /home/airflow/.local/lib/python3.8/site-packages/airflow/example_dags/example_setup_teardown.py
[2023-09-16T13:53:37.230+0000] {logging_mixin.py:151} INFO - [2023-09-16T13:53:37.230+0000] {dag.py:2915} INFO - Sync 1 DAGs
[2023-09-16T13:53:37.250+0000] {logging_mixin.py:151} INFO - [2023-09-16T13:53:37.250+0000] {dag.py:3696} INFO - Setting next_dagrun for example_setup_teardown to 2023-09-15T13:53:37.250502+00:00, run_after=2023-09-16T13:53:37.250502+00:00
[2023-09-16T13:53:37.267+0000] {processor.py:179} INFO - Processing /home/airflow/.local/lib/python3.8/site-packages/airflow/example_dags/example_setup_teardown.py took 0.071 seconds
[2023-09-16T13:54:08.380+0000] {processor.py:157} INFO - Started process (PID=554) to work on /home/airflow/.local/lib/python3.8/site-packages/airflow/example_dags/example_setup_teardown.py
[2023-09-16T13:54:08.381+0000] {processor.py:829} INFO - Processing file /home/airflow/.local/lib/python3.8/site-packages/airflow/example_dags/example_setup_teardown.py for tasks to queue
[2023-09-16T13:54:08.383+0000] {logging_mixin.py:151} INFO - [2023-09-16T13:54:08.382+0000] {dagbag.py:539} INFO - Filling up the DagBag from /home/airflow/.local/lib/python3.8/site-packages/airflow/example_dags/example_setup_teardown.py
[2023-09-16T13:54:08.389+0000] {processor.py:839} INFO - DAG(s) dict_keys(['example_setup_teardown']) retrieved from /home/airflow/.local/lib/python3.8/site-packages/airflow/example_dags/example_setup_teardown.py
[2023-09-16T13:54:08.413+0000] {logging_mixin.py:151} INFO - [2023-09-16T13:54:08.412+0000] {dag.py:2915} INFO - Sync 1 DAGs
[2023-09-16T13:54:08.446+0000] {logging_mixin.py:151} INFO - [2023-09-16T13:54:08.446+0000] {dag.py:3696} INFO - Setting next_dagrun for example_setup_teardown to 2023-09-15T13:54:08.446033+00:00, run_after=2023-09-16T13:54:08.446033+00:00
[2023-09-16T13:54:08.466+0000] {processor.py:179} INFO - Processing /home/airflow/.local/lib/python3.8/site-packages/airflow/example_dags/example_setup_teardown.py took 0.090 seconds
[2023-09-16T13:54:39.532+0000] {processor.py:157} INFO - Started process (PID=615) to work on /home/airflow/.local/lib/python3.8/site-packages/airflow/example_dags/example_setup_teardown.py
[2023-09-16T13:54:39.533+0000] {processor.py:829} INFO - Processing file /home/airflow/.local/lib/python3.8/site-packages/airflow/example_dags/example_setup_teardown.py for tasks to queue
[2023-09-16T13:54:39.536+0000] {logging_mixin.py:151} INFO - [2023-09-16T13:54:39.535+0000] {dagbag.py:539} INFO - Filling up the DagBag from /home/airflow/.local/lib/python3.8/site-packages/airflow/example_dags/example_setup_teardown.py
[2023-09-16T13:54:39.542+0000] {processor.py:839} INFO - DAG(s) dict_keys(['example_setup_teardown']) retrieved from /home/airflow/.local/lib/python3.8/site-packages/airflow/example_dags/example_setup_teardown.py
[2023-09-16T13:54:39.564+0000] {logging_mixin.py:151} INFO - [2023-09-16T13:54:39.564+0000] {dag.py:2915} INFO - Sync 1 DAGs
[2023-09-16T13:54:39.584+0000] {logging_mixin.py:151} INFO - [2023-09-16T13:54:39.584+0000] {dag.py:3696} INFO - Setting next_dagrun for example_setup_teardown to 2023-09-15T13:54:39.584254+00:00, run_after=2023-09-16T13:54:39.584254+00:00
[2023-09-16T13:54:39.602+0000] {processor.py:179} INFO - Processing /home/airflow/.local/lib/python3.8/site-packages/airflow/example_dags/example_setup_teardown.py took 0.073 seconds
[2023-09-16T13:55:10.133+0000] {processor.py:157} INFO - Started process (PID=669) to work on /home/airflow/.local/lib/python3.8/site-packages/airflow/example_dags/example_setup_teardown.py
[2023-09-16T13:55:10.135+0000] {processor.py:829} INFO - Processing file /home/airflow/.local/lib/python3.8/site-packages/airflow/example_dags/example_setup_teardown.py for tasks to queue
[2023-09-16T13:55:10.137+0000] {logging_mixin.py:151} INFO - [2023-09-16T13:55:10.136+0000] {dagbag.py:539} INFO - Filling up the DagBag from /home/airflow/.local/lib/python3.8/site-packages/airflow/example_dags/example_setup_teardown.py
[2023-09-16T13:55:10.143+0000] {processor.py:839} INFO - DAG(s) dict_keys(['example_setup_teardown']) retrieved from /home/airflow/.local/lib/python3.8/site-packages/airflow/example_dags/example_setup_teardown.py
[2023-09-16T13:55:10.162+0000] {logging_mixin.py:151} INFO - [2023-09-16T13:55:10.162+0000] {dag.py:2915} INFO - Sync 1 DAGs
[2023-09-16T13:55:10.180+0000] {logging_mixin.py:151} INFO - [2023-09-16T13:55:10.180+0000] {dag.py:3696} INFO - Setting next_dagrun for example_setup_teardown to 2023-09-15T13:55:10.180229+00:00, run_after=2023-09-16T13:55:10.180229+00:00
[2023-09-16T13:55:10.196+0000] {processor.py:179} INFO - Processing /home/airflow/.local/lib/python3.8/site-packages/airflow/example_dags/example_setup_teardown.py took 0.066 seconds
[2023-09-16T13:55:40.913+0000] {processor.py:157} INFO - Started process (PID=723) to work on /home/airflow/.local/lib/python3.8/site-packages/airflow/example_dags/example_setup_teardown.py
[2023-09-16T13:55:40.914+0000] {processor.py:829} INFO - Processing file /home/airflow/.local/lib/python3.8/site-packages/airflow/example_dags/example_setup_teardown.py for tasks to queue
[2023-09-16T13:55:40.915+0000] {logging_mixin.py:151} INFO - [2023-09-16T13:55:40.915+0000] {dagbag.py:539} INFO - Filling up the DagBag from /home/airflow/.local/lib/python3.8/site-packages/airflow/example_dags/example_setup_teardown.py
[2023-09-16T13:55:40.931+0000] {processor.py:839} INFO - DAG(s) dict_keys(['example_setup_teardown']) retrieved from /home/airflow/.local/lib/python3.8/site-packages/airflow/example_dags/example_setup_teardown.py
[2023-09-16T13:55:40.960+0000] {logging_mixin.py:151} INFO - [2023-09-16T13:55:40.959+0000] {dag.py:2915} INFO - Sync 1 DAGs
[2023-09-16T13:55:40.987+0000] {logging_mixin.py:151} INFO - [2023-09-16T13:55:40.987+0000] {dag.py:3696} INFO - Setting next_dagrun for example_setup_teardown to 2023-09-15T13:55:40.986762+00:00, run_after=2023-09-16T13:55:40.986762+00:00
[2023-09-16T13:55:41.041+0000] {processor.py:179} INFO - Processing /home/airflow/.local/lib/python3.8/site-packages/airflow/example_dags/example_setup_teardown.py took 0.132 seconds
[2023-09-16T13:56:12.036+0000] {processor.py:157} INFO - Started process (PID=777) to work on /home/airflow/.local/lib/python3.8/site-packages/airflow/example_dags/example_setup_teardown.py
[2023-09-16T13:56:12.037+0000] {processor.py:829} INFO - Processing file /home/airflow/.local/lib/python3.8/site-packages/airflow/example_dags/example_setup_teardown.py for tasks to queue
[2023-09-16T13:56:12.039+0000] {logging_mixin.py:151} INFO - [2023-09-16T13:56:12.039+0000] {dagbag.py:539} INFO - Filling up the DagBag from /home/airflow/.local/lib/python3.8/site-packages/airflow/example_dags/example_setup_teardown.py
[2023-09-16T13:56:12.046+0000] {processor.py:839} INFO - DAG(s) dict_keys(['example_setup_teardown']) retrieved from /home/airflow/.local/lib/python3.8/site-packages/airflow/example_dags/example_setup_teardown.py
[2023-09-16T13:56:12.070+0000] {logging_mixin.py:151} INFO - [2023-09-16T13:56:12.070+0000] {dag.py:2915} INFO - Sync 1 DAGs
[2023-09-16T13:56:12.090+0000] {logging_mixin.py:151} INFO - [2023-09-16T13:56:12.090+0000] {dag.py:3696} INFO - Setting next_dagrun for example_setup_teardown to 2023-09-15T13:56:12.090394+00:00, run_after=2023-09-16T13:56:12.090394+00:00
[2023-09-16T13:56:12.106+0000] {processor.py:179} INFO - Processing /home/airflow/.local/lib/python3.8/site-packages/airflow/example_dags/example_setup_teardown.py took 0.073 seconds
[2023-09-16T13:56:42.824+0000] {processor.py:157} INFO - Started process (PID=831) to work on /home/airflow/.local/lib/python3.8/site-packages/airflow/example_dags/example_setup_teardown.py
[2023-09-16T13:56:42.825+0000] {processor.py:829} INFO - Processing file /home/airflow/.local/lib/python3.8/site-packages/airflow/example_dags/example_setup_teardown.py for tasks to queue
[2023-09-16T13:56:42.827+0000] {logging_mixin.py:151} INFO - [2023-09-16T13:56:42.827+0000] {dagbag.py:539} INFO - Filling up the DagBag from /home/airflow/.local/lib/python3.8/site-packages/airflow/example_dags/example_setup_teardown.py
[2023-09-16T13:56:42.833+0000] {processor.py:839} INFO - DAG(s) dict_keys(['example_setup_teardown']) retrieved from /home/airflow/.local/lib/python3.8/site-packages/airflow/example_dags/example_setup_teardown.py
[2023-09-16T13:56:42.854+0000] {logging_mixin.py:151} INFO - [2023-09-16T13:56:42.854+0000] {dag.py:2915} INFO - Sync 1 DAGs
[2023-09-16T13:56:42.875+0000] {logging_mixin.py:151} INFO - [2023-09-16T13:56:42.874+0000] {dag.py:3696} INFO - Setting next_dagrun for example_setup_teardown to 2023-09-15T13:56:42.874639+00:00, run_after=2023-09-16T13:56:42.874639+00:00
[2023-09-16T13:56:42.890+0000] {processor.py:179} INFO - Processing /home/airflow/.local/lib/python3.8/site-packages/airflow/example_dags/example_setup_teardown.py took 0.069 seconds
[2023-09-16T13:57:13.535+0000] {processor.py:157} INFO - Started process (PID=885) to work on /home/airflow/.local/lib/python3.8/site-packages/airflow/example_dags/example_setup_teardown.py
[2023-09-16T13:57:13.536+0000] {processor.py:829} INFO - Processing file /home/airflow/.local/lib/python3.8/site-packages/airflow/example_dags/example_setup_teardown.py for tasks to queue
[2023-09-16T13:57:13.538+0000] {logging_mixin.py:151} INFO - [2023-09-16T13:57:13.538+0000] {dagbag.py:539} INFO - Filling up the DagBag from /home/airflow/.local/lib/python3.8/site-packages/airflow/example_dags/example_setup_teardown.py
[2023-09-16T13:57:13.545+0000] {processor.py:839} INFO - DAG(s) dict_keys(['example_setup_teardown']) retrieved from /home/airflow/.local/lib/python3.8/site-packages/airflow/example_dags/example_setup_teardown.py
[2023-09-16T13:57:13.566+0000] {logging_mixin.py:151} INFO - [2023-09-16T13:57:13.566+0000] {dag.py:2915} INFO - Sync 1 DAGs
[2023-09-16T13:57:13.586+0000] {logging_mixin.py:151} INFO - [2023-09-16T13:57:13.586+0000] {dag.py:3696} INFO - Setting next_dagrun for example_setup_teardown to 2023-09-15T13:57:13.585843+00:00, run_after=2023-09-16T13:57:13.585843+00:00
[2023-09-16T13:57:13.600+0000] {processor.py:179} INFO - Processing /home/airflow/.local/lib/python3.8/site-packages/airflow/example_dags/example_setup_teardown.py took 0.068 seconds
[2023-09-16T13:57:44.742+0000] {processor.py:157} INFO - Started process (PID=939) to work on /home/airflow/.local/lib/python3.8/site-packages/airflow/example_dags/example_setup_teardown.py
[2023-09-16T13:57:44.743+0000] {processor.py:829} INFO - Processing file /home/airflow/.local/lib/python3.8/site-packages/airflow/example_dags/example_setup_teardown.py for tasks to queue
[2023-09-16T13:57:44.745+0000] {logging_mixin.py:151} INFO - [2023-09-16T13:57:44.744+0000] {dagbag.py:539} INFO - Filling up the DagBag from /home/airflow/.local/lib/python3.8/site-packages/airflow/example_dags/example_setup_teardown.py
[2023-09-16T13:57:44.752+0000] {processor.py:839} INFO - DAG(s) dict_keys(['example_setup_teardown']) retrieved from /home/airflow/.local/lib/python3.8/site-packages/airflow/example_dags/example_setup_teardown.py
[2023-09-16T13:57:44.774+0000] {logging_mixin.py:151} INFO - [2023-09-16T13:57:44.774+0000] {dag.py:2915} INFO - Sync 1 DAGs
[2023-09-16T13:57:44.795+0000] {logging_mixin.py:151} INFO - [2023-09-16T13:57:44.794+0000] {dag.py:3696} INFO - Setting next_dagrun for example_setup_teardown to 2023-09-15T13:57:44.794622+00:00, run_after=2023-09-16T13:57:44.794622+00:00
[2023-09-16T13:57:44.810+0000] {processor.py:179} INFO - Processing /home/airflow/.local/lib/python3.8/site-packages/airflow/example_dags/example_setup_teardown.py took 0.071 seconds
[2023-09-16T13:58:15.958+0000] {processor.py:157} INFO - Started process (PID=993) to work on /home/airflow/.local/lib/python3.8/site-packages/airflow/example_dags/example_setup_teardown.py
[2023-09-16T13:58:15.959+0000] {processor.py:829} INFO - Processing file /home/airflow/.local/lib/python3.8/site-packages/airflow/example_dags/example_setup_teardown.py for tasks to queue
[2023-09-16T13:58:15.962+0000] {logging_mixin.py:151} INFO - [2023-09-16T13:58:15.961+0000] {dagbag.py:539} INFO - Filling up the DagBag from /home/airflow/.local/lib/python3.8/site-packages/airflow/example_dags/example_setup_teardown.py
[2023-09-16T13:58:15.969+0000] {processor.py:839} INFO - DAG(s) dict_keys(['example_setup_teardown']) retrieved from /home/airflow/.local/lib/python3.8/site-packages/airflow/example_dags/example_setup_teardown.py
[2023-09-16T13:58:15.993+0000] {logging_mixin.py:151} INFO - [2023-09-16T13:58:15.993+0000] {dag.py:2915} INFO - Sync 1 DAGs
[2023-09-16T13:58:16.016+0000] {logging_mixin.py:151} INFO - [2023-09-16T13:58:16.015+0000] {dag.py:3696} INFO - Setting next_dagrun for example_setup_teardown to 2023-09-15T13:58:16.015511+00:00, run_after=2023-09-16T13:58:16.015511+00:00
[2023-09-16T13:58:16.036+0000] {processor.py:179} INFO - Processing /home/airflow/.local/lib/python3.8/site-packages/airflow/example_dags/example_setup_teardown.py took 0.083 seconds
