[2023-09-16T13:50:27.474+0000] {processor.py:157} INFO - Started process (PID=161) to work on /home/airflow/.local/lib/python3.8/site-packages/airflow/example_dags/example_datasets.py
[2023-09-16T13:50:27.475+0000] {processor.py:829} INFO - Processing file /home/airflow/.local/lib/python3.8/site-packages/airflow/example_dags/example_datasets.py for tasks to queue
[2023-09-16T13:50:27.525+0000] {logging_mixin.py:151} INFO - [2023-09-16T13:50:27.525+0000] {dagbag.py:539} INFO - Filling up the DagBag from /home/airflow/.local/lib/python3.8/site-packages/airflow/example_dags/example_datasets.py
[2023-09-16T13:50:27.538+0000] {processor.py:839} INFO - DAG(s) dict_keys(['dataset_consumes_1_and_2', 'dataset_produces_2', 'dataset_consumes_1_never_scheduled', 'dataset_produces_1', 'dataset_consumes_1', 'dataset_consumes_unknown_never_scheduled']) retrieved from /home/airflow/.local/lib/python3.8/site-packages/airflow/example_dags/example_datasets.py
[2023-09-16T13:50:27.644+0000] {logging_mixin.py:151} INFO - [2023-09-16T13:50:27.644+0000] {dag.py:2915} INFO - Sync 6 DAGs
[2023-09-16T13:50:27.727+0000] {logging_mixin.py:151} INFO - [2023-09-16T13:50:27.727+0000] {dag.py:3696} INFO - Setting next_dagrun for dataset_consumes_1 to None, run_after=None
[2023-09-16T13:50:27.731+0000] {logging_mixin.py:151} INFO - [2023-09-16T13:50:27.731+0000] {dag.py:3696} INFO - Setting next_dagrun for dataset_consumes_1_and_2 to None, run_after=None
[2023-09-16T13:50:27.733+0000] {logging_mixin.py:151} INFO - [2023-09-16T13:50:27.733+0000] {dag.py:3696} INFO - Setting next_dagrun for dataset_consumes_1_never_scheduled to None, run_after=None
[2023-09-16T13:50:27.734+0000] {logging_mixin.py:151} INFO - [2023-09-16T13:50:27.734+0000] {dag.py:3696} INFO - Setting next_dagrun for dataset_consumes_unknown_never_scheduled to None, run_after=None
[2023-09-16T13:50:27.738+0000] {logging_mixin.py:151} INFO - [2023-09-16T13:50:27.737+0000] {dag.py:3696} INFO - Setting next_dagrun for dataset_produces_1 to 2023-09-15T00:00:00+00:00, run_after=2023-09-16T00:00:00+00:00
[2023-09-16T13:50:27.739+0000] {logging_mixin.py:151} INFO - [2023-09-16T13:50:27.739+0000] {dag.py:3696} INFO - Setting next_dagrun for dataset_produces_2 to None, run_after=None
[2023-09-16T13:50:27.772+0000] {processor.py:179} INFO - Processing /home/airflow/.local/lib/python3.8/site-packages/airflow/example_dags/example_datasets.py took 0.302 seconds
[2023-09-16T13:50:58.238+0000] {processor.py:157} INFO - Started process (PID=215) to work on /home/airflow/.local/lib/python3.8/site-packages/airflow/example_dags/example_datasets.py
[2023-09-16T13:50:58.239+0000] {processor.py:829} INFO - Processing file /home/airflow/.local/lib/python3.8/site-packages/airflow/example_dags/example_datasets.py for tasks to queue
[2023-09-16T13:50:58.241+0000] {logging_mixin.py:151} INFO - [2023-09-16T13:50:58.241+0000] {dagbag.py:539} INFO - Filling up the DagBag from /home/airflow/.local/lib/python3.8/site-packages/airflow/example_dags/example_datasets.py
[2023-09-16T13:50:58.252+0000] {processor.py:839} INFO - DAG(s) dict_keys(['dataset_consumes_unknown_never_scheduled', 'dataset_produces_2', 'dataset_produces_1', 'dataset_consumes_1_and_2', 'dataset_consumes_1', 'dataset_consumes_1_never_scheduled']) retrieved from /home/airflow/.local/lib/python3.8/site-packages/airflow/example_dags/example_datasets.py
[2023-09-16T13:50:58.288+0000] {logging_mixin.py:151} INFO - [2023-09-16T13:50:58.288+0000] {dag.py:2915} INFO - Sync 6 DAGs
[2023-09-16T13:50:58.311+0000] {logging_mixin.py:151} INFO - [2023-09-16T13:50:58.311+0000] {dag.py:3696} INFO - Setting next_dagrun for dataset_consumes_1 to None, run_after=None
[2023-09-16T13:50:58.315+0000] {logging_mixin.py:151} INFO - [2023-09-16T13:50:58.315+0000] {dag.py:3696} INFO - Setting next_dagrun for dataset_consumes_1_and_2 to None, run_after=None
[2023-09-16T13:50:58.316+0000] {logging_mixin.py:151} INFO - [2023-09-16T13:50:58.316+0000] {dag.py:3696} INFO - Setting next_dagrun for dataset_consumes_1_never_scheduled to None, run_after=None
[2023-09-16T13:50:58.318+0000] {logging_mixin.py:151} INFO - [2023-09-16T13:50:58.317+0000] {dag.py:3696} INFO - Setting next_dagrun for dataset_consumes_unknown_never_scheduled to None, run_after=None
[2023-09-16T13:50:58.320+0000] {logging_mixin.py:151} INFO - [2023-09-16T13:50:58.320+0000] {dag.py:3696} INFO - Setting next_dagrun for dataset_produces_1 to 2023-09-15T00:00:00+00:00, run_after=2023-09-16T00:00:00+00:00
[2023-09-16T13:50:58.321+0000] {logging_mixin.py:151} INFO - [2023-09-16T13:50:58.321+0000] {dag.py:3696} INFO - Setting next_dagrun for dataset_produces_2 to None, run_after=None
[2023-09-16T13:50:58.348+0000] {processor.py:179} INFO - Processing /home/airflow/.local/lib/python3.8/site-packages/airflow/example_dags/example_datasets.py took 0.114 seconds
[2023-09-16T13:51:28.635+0000] {processor.py:157} INFO - Started process (PID=269) to work on /home/airflow/.local/lib/python3.8/site-packages/airflow/example_dags/example_datasets.py
[2023-09-16T13:51:28.636+0000] {processor.py:829} INFO - Processing file /home/airflow/.local/lib/python3.8/site-packages/airflow/example_dags/example_datasets.py for tasks to queue
[2023-09-16T13:51:28.639+0000] {logging_mixin.py:151} INFO - [2023-09-16T13:51:28.638+0000] {dagbag.py:539} INFO - Filling up the DagBag from /home/airflow/.local/lib/python3.8/site-packages/airflow/example_dags/example_datasets.py
[2023-09-16T13:51:28.649+0000] {processor.py:839} INFO - DAG(s) dict_keys(['dataset_consumes_1_never_scheduled', 'dataset_produces_1', 'dataset_produces_2', 'dataset_consumes_1_and_2', 'dataset_consumes_1', 'dataset_consumes_unknown_never_scheduled']) retrieved from /home/airflow/.local/lib/python3.8/site-packages/airflow/example_dags/example_datasets.py
[2023-09-16T13:51:28.683+0000] {logging_mixin.py:151} INFO - [2023-09-16T13:51:28.683+0000] {dag.py:2915} INFO - Sync 6 DAGs
[2023-09-16T13:51:28.704+0000] {logging_mixin.py:151} INFO - [2023-09-16T13:51:28.704+0000] {dag.py:3696} INFO - Setting next_dagrun for dataset_consumes_1 to None, run_after=None
[2023-09-16T13:51:28.707+0000] {logging_mixin.py:151} INFO - [2023-09-16T13:51:28.707+0000] {dag.py:3696} INFO - Setting next_dagrun for dataset_consumes_1_and_2 to None, run_after=None
[2023-09-16T13:51:28.708+0000] {logging_mixin.py:151} INFO - [2023-09-16T13:51:28.708+0000] {dag.py:3696} INFO - Setting next_dagrun for dataset_consumes_1_never_scheduled to None, run_after=None
[2023-09-16T13:51:28.709+0000] {logging_mixin.py:151} INFO - [2023-09-16T13:51:28.709+0000] {dag.py:3696} INFO - Setting next_dagrun for dataset_consumes_unknown_never_scheduled to None, run_after=None
[2023-09-16T13:51:28.711+0000] {logging_mixin.py:151} INFO - [2023-09-16T13:51:28.711+0000] {dag.py:3696} INFO - Setting next_dagrun for dataset_produces_1 to 2023-09-15T00:00:00+00:00, run_after=2023-09-16T00:00:00+00:00
[2023-09-16T13:51:28.712+0000] {logging_mixin.py:151} INFO - [2023-09-16T13:51:28.712+0000] {dag.py:3696} INFO - Setting next_dagrun for dataset_produces_2 to None, run_after=None
[2023-09-16T13:51:28.738+0000] {processor.py:179} INFO - Processing /home/airflow/.local/lib/python3.8/site-packages/airflow/example_dags/example_datasets.py took 0.107 seconds
[2023-09-16T13:51:58.892+0000] {processor.py:157} INFO - Started process (PID=323) to work on /home/airflow/.local/lib/python3.8/site-packages/airflow/example_dags/example_datasets.py
[2023-09-16T13:51:58.893+0000] {processor.py:829} INFO - Processing file /home/airflow/.local/lib/python3.8/site-packages/airflow/example_dags/example_datasets.py for tasks to queue
[2023-09-16T13:51:58.896+0000] {logging_mixin.py:151} INFO - [2023-09-16T13:51:58.896+0000] {dagbag.py:539} INFO - Filling up the DagBag from /home/airflow/.local/lib/python3.8/site-packages/airflow/example_dags/example_datasets.py
[2023-09-16T13:51:58.906+0000] {processor.py:839} INFO - DAG(s) dict_keys(['dataset_consumes_1_never_scheduled', 'dataset_consumes_unknown_never_scheduled', 'dataset_produces_2', 'dataset_consumes_1', 'dataset_produces_1', 'dataset_consumes_1_and_2']) retrieved from /home/airflow/.local/lib/python3.8/site-packages/airflow/example_dags/example_datasets.py
[2023-09-16T13:51:58.944+0000] {logging_mixin.py:151} INFO - [2023-09-16T13:51:58.944+0000] {dag.py:2915} INFO - Sync 6 DAGs
[2023-09-16T13:51:58.974+0000] {logging_mixin.py:151} INFO - [2023-09-16T13:51:58.973+0000] {dag.py:3696} INFO - Setting next_dagrun for dataset_consumes_1 to None, run_after=None
[2023-09-16T13:51:58.977+0000] {logging_mixin.py:151} INFO - [2023-09-16T13:51:58.977+0000] {dag.py:3696} INFO - Setting next_dagrun for dataset_consumes_1_and_2 to None, run_after=None
[2023-09-16T13:51:58.978+0000] {logging_mixin.py:151} INFO - [2023-09-16T13:51:58.978+0000] {dag.py:3696} INFO - Setting next_dagrun for dataset_consumes_1_never_scheduled to None, run_after=None
[2023-09-16T13:51:58.979+0000] {logging_mixin.py:151} INFO - [2023-09-16T13:51:58.979+0000] {dag.py:3696} INFO - Setting next_dagrun for dataset_consumes_unknown_never_scheduled to None, run_after=None
[2023-09-16T13:51:58.981+0000] {logging_mixin.py:151} INFO - [2023-09-16T13:51:58.981+0000] {dag.py:3696} INFO - Setting next_dagrun for dataset_produces_1 to 2023-09-15T00:00:00+00:00, run_after=2023-09-16T00:00:00+00:00
[2023-09-16T13:51:58.982+0000] {logging_mixin.py:151} INFO - [2023-09-16T13:51:58.982+0000] {dag.py:3696} INFO - Setting next_dagrun for dataset_produces_2 to None, run_after=None
[2023-09-16T13:51:59.013+0000] {processor.py:179} INFO - Processing /home/airflow/.local/lib/python3.8/site-packages/airflow/example_dags/example_datasets.py took 0.126 seconds
[2023-09-16T13:52:29.276+0000] {processor.py:157} INFO - Started process (PID=377) to work on /home/airflow/.local/lib/python3.8/site-packages/airflow/example_dags/example_datasets.py
[2023-09-16T13:52:29.277+0000] {processor.py:829} INFO - Processing file /home/airflow/.local/lib/python3.8/site-packages/airflow/example_dags/example_datasets.py for tasks to queue
[2023-09-16T13:52:29.280+0000] {logging_mixin.py:151} INFO - [2023-09-16T13:52:29.279+0000] {dagbag.py:539} INFO - Filling up the DagBag from /home/airflow/.local/lib/python3.8/site-packages/airflow/example_dags/example_datasets.py
[2023-09-16T13:52:29.288+0000] {processor.py:839} INFO - DAG(s) dict_keys(['dataset_consumes_1_never_scheduled', 'dataset_consumes_1', 'dataset_produces_2', 'dataset_produces_1', 'dataset_consumes_1_and_2', 'dataset_consumes_unknown_never_scheduled']) retrieved from /home/airflow/.local/lib/python3.8/site-packages/airflow/example_dags/example_datasets.py
[2023-09-16T13:52:29.334+0000] {logging_mixin.py:151} INFO - [2023-09-16T13:52:29.333+0000] {dag.py:2915} INFO - Sync 6 DAGs
[2023-09-16T13:52:29.355+0000] {logging_mixin.py:151} INFO - [2023-09-16T13:52:29.355+0000] {dag.py:3696} INFO - Setting next_dagrun for dataset_consumes_1 to None, run_after=None
[2023-09-16T13:52:29.359+0000] {logging_mixin.py:151} INFO - [2023-09-16T13:52:29.359+0000] {dag.py:3696} INFO - Setting next_dagrun for dataset_consumes_1_and_2 to None, run_after=None
[2023-09-16T13:52:29.360+0000] {logging_mixin.py:151} INFO - [2023-09-16T13:52:29.360+0000] {dag.py:3696} INFO - Setting next_dagrun for dataset_consumes_1_never_scheduled to None, run_after=None
[2023-09-16T13:52:29.361+0000] {logging_mixin.py:151} INFO - [2023-09-16T13:52:29.361+0000] {dag.py:3696} INFO - Setting next_dagrun for dataset_consumes_unknown_never_scheduled to None, run_after=None
[2023-09-16T13:52:29.364+0000] {logging_mixin.py:151} INFO - [2023-09-16T13:52:29.364+0000] {dag.py:3696} INFO - Setting next_dagrun for dataset_produces_1 to 2023-09-15T00:00:00+00:00, run_after=2023-09-16T00:00:00+00:00
[2023-09-16T13:52:29.365+0000] {logging_mixin.py:151} INFO - [2023-09-16T13:52:29.365+0000] {dag.py:3696} INFO - Setting next_dagrun for dataset_produces_2 to None, run_after=None
[2023-09-16T13:52:29.392+0000] {processor.py:179} INFO - Processing /home/airflow/.local/lib/python3.8/site-packages/airflow/example_dags/example_datasets.py took 0.119 seconds
[2023-09-16T13:52:59.656+0000] {processor.py:157} INFO - Started process (PID=431) to work on /home/airflow/.local/lib/python3.8/site-packages/airflow/example_dags/example_datasets.py
[2023-09-16T13:52:59.657+0000] {processor.py:829} INFO - Processing file /home/airflow/.local/lib/python3.8/site-packages/airflow/example_dags/example_datasets.py for tasks to queue
[2023-09-16T13:52:59.659+0000] {logging_mixin.py:151} INFO - [2023-09-16T13:52:59.659+0000] {dagbag.py:539} INFO - Filling up the DagBag from /home/airflow/.local/lib/python3.8/site-packages/airflow/example_dags/example_datasets.py
[2023-09-16T13:52:59.668+0000] {processor.py:839} INFO - DAG(s) dict_keys(['dataset_consumes_1', 'dataset_consumes_1_and_2', 'dataset_produces_2', 'dataset_consumes_1_never_scheduled', 'dataset_consumes_unknown_never_scheduled', 'dataset_produces_1']) retrieved from /home/airflow/.local/lib/python3.8/site-packages/airflow/example_dags/example_datasets.py
[2023-09-16T13:52:59.700+0000] {logging_mixin.py:151} INFO - [2023-09-16T13:52:59.700+0000] {dag.py:2915} INFO - Sync 6 DAGs
[2023-09-16T13:52:59.723+0000] {logging_mixin.py:151} INFO - [2023-09-16T13:52:59.722+0000] {dag.py:3696} INFO - Setting next_dagrun for dataset_consumes_1 to None, run_after=None
[2023-09-16T13:52:59.725+0000] {logging_mixin.py:151} INFO - [2023-09-16T13:52:59.725+0000] {dag.py:3696} INFO - Setting next_dagrun for dataset_consumes_1_and_2 to None, run_after=None
[2023-09-16T13:52:59.726+0000] {logging_mixin.py:151} INFO - [2023-09-16T13:52:59.726+0000] {dag.py:3696} INFO - Setting next_dagrun for dataset_consumes_1_never_scheduled to None, run_after=None
[2023-09-16T13:52:59.727+0000] {logging_mixin.py:151} INFO - [2023-09-16T13:52:59.727+0000] {dag.py:3696} INFO - Setting next_dagrun for dataset_consumes_unknown_never_scheduled to None, run_after=None
[2023-09-16T13:52:59.730+0000] {logging_mixin.py:151} INFO - [2023-09-16T13:52:59.730+0000] {dag.py:3696} INFO - Setting next_dagrun for dataset_produces_1 to 2023-09-15T00:00:00+00:00, run_after=2023-09-16T00:00:00+00:00
[2023-09-16T13:52:59.731+0000] {logging_mixin.py:151} INFO - [2023-09-16T13:52:59.731+0000] {dag.py:3696} INFO - Setting next_dagrun for dataset_produces_2 to None, run_after=None
[2023-09-16T13:52:59.758+0000] {processor.py:179} INFO - Processing /home/airflow/.local/lib/python3.8/site-packages/airflow/example_dags/example_datasets.py took 0.105 seconds
[2023-09-16T13:53:29.933+0000] {processor.py:157} INFO - Started process (PID=485) to work on /home/airflow/.local/lib/python3.8/site-packages/airflow/example_dags/example_datasets.py
[2023-09-16T13:53:29.934+0000] {processor.py:829} INFO - Processing file /home/airflow/.local/lib/python3.8/site-packages/airflow/example_dags/example_datasets.py for tasks to queue
[2023-09-16T13:53:29.936+0000] {logging_mixin.py:151} INFO - [2023-09-16T13:53:29.935+0000] {dagbag.py:539} INFO - Filling up the DagBag from /home/airflow/.local/lib/python3.8/site-packages/airflow/example_dags/example_datasets.py
[2023-09-16T13:53:29.944+0000] {processor.py:839} INFO - DAG(s) dict_keys(['dataset_consumes_1', 'dataset_produces_1', 'dataset_produces_2', 'dataset_consumes_1_never_scheduled', 'dataset_consumes_1_and_2', 'dataset_consumes_unknown_never_scheduled']) retrieved from /home/airflow/.local/lib/python3.8/site-packages/airflow/example_dags/example_datasets.py
[2023-09-16T13:53:29.979+0000] {logging_mixin.py:151} INFO - [2023-09-16T13:53:29.979+0000] {dag.py:2915} INFO - Sync 6 DAGs
[2023-09-16T13:53:30.001+0000] {logging_mixin.py:151} INFO - [2023-09-16T13:53:30.001+0000] {dag.py:3696} INFO - Setting next_dagrun for dataset_consumes_1 to None, run_after=None
[2023-09-16T13:53:30.004+0000] {logging_mixin.py:151} INFO - [2023-09-16T13:53:30.004+0000] {dag.py:3696} INFO - Setting next_dagrun for dataset_consumes_1_and_2 to None, run_after=None
[2023-09-16T13:53:30.005+0000] {logging_mixin.py:151} INFO - [2023-09-16T13:53:30.004+0000] {dag.py:3696} INFO - Setting next_dagrun for dataset_consumes_1_never_scheduled to None, run_after=None
[2023-09-16T13:53:30.006+0000] {logging_mixin.py:151} INFO - [2023-09-16T13:53:30.005+0000] {dag.py:3696} INFO - Setting next_dagrun for dataset_consumes_unknown_never_scheduled to None, run_after=None
[2023-09-16T13:53:30.008+0000] {logging_mixin.py:151} INFO - [2023-09-16T13:53:30.008+0000] {dag.py:3696} INFO - Setting next_dagrun for dataset_produces_1 to 2023-09-15T00:00:00+00:00, run_after=2023-09-16T00:00:00+00:00
[2023-09-16T13:53:30.009+0000] {logging_mixin.py:151} INFO - [2023-09-16T13:53:30.009+0000] {dag.py:3696} INFO - Setting next_dagrun for dataset_produces_2 to None, run_after=None
[2023-09-16T13:53:30.035+0000] {processor.py:179} INFO - Processing /home/airflow/.local/lib/python3.8/site-packages/airflow/example_dags/example_datasets.py took 0.106 seconds
[2023-09-16T13:54:00.091+0000] {processor.py:157} INFO - Started process (PID=538) to work on /home/airflow/.local/lib/python3.8/site-packages/airflow/example_dags/example_datasets.py
[2023-09-16T13:54:00.092+0000] {processor.py:829} INFO - Processing file /home/airflow/.local/lib/python3.8/site-packages/airflow/example_dags/example_datasets.py for tasks to queue
[2023-09-16T13:54:00.094+0000] {logging_mixin.py:151} INFO - [2023-09-16T13:54:00.094+0000] {dagbag.py:539} INFO - Filling up the DagBag from /home/airflow/.local/lib/python3.8/site-packages/airflow/example_dags/example_datasets.py
[2023-09-16T13:54:00.103+0000] {processor.py:839} INFO - DAG(s) dict_keys(['dataset_consumes_1_and_2', 'dataset_consumes_1_never_scheduled', 'dataset_produces_2', 'dataset_consumes_1', 'dataset_produces_1', 'dataset_consumes_unknown_never_scheduled']) retrieved from /home/airflow/.local/lib/python3.8/site-packages/airflow/example_dags/example_datasets.py
[2023-09-16T13:54:00.136+0000] {logging_mixin.py:151} INFO - [2023-09-16T13:54:00.135+0000] {dag.py:2915} INFO - Sync 6 DAGs
[2023-09-16T13:54:00.156+0000] {logging_mixin.py:151} INFO - [2023-09-16T13:54:00.156+0000] {dag.py:3696} INFO - Setting next_dagrun for dataset_consumes_1 to None, run_after=None
[2023-09-16T13:54:00.159+0000] {logging_mixin.py:151} INFO - [2023-09-16T13:54:00.159+0000] {dag.py:3696} INFO - Setting next_dagrun for dataset_consumes_1_and_2 to None, run_after=None
[2023-09-16T13:54:00.160+0000] {logging_mixin.py:151} INFO - [2023-09-16T13:54:00.160+0000] {dag.py:3696} INFO - Setting next_dagrun for dataset_consumes_1_never_scheduled to None, run_after=None
[2023-09-16T13:54:00.161+0000] {logging_mixin.py:151} INFO - [2023-09-16T13:54:00.160+0000] {dag.py:3696} INFO - Setting next_dagrun for dataset_consumes_unknown_never_scheduled to None, run_after=None
[2023-09-16T13:54:00.163+0000] {logging_mixin.py:151} INFO - [2023-09-16T13:54:00.163+0000] {dag.py:3696} INFO - Setting next_dagrun for dataset_produces_1 to 2023-09-15T00:00:00+00:00, run_after=2023-09-16T00:00:00+00:00
[2023-09-16T13:54:00.164+0000] {logging_mixin.py:151} INFO - [2023-09-16T13:54:00.164+0000] {dag.py:3696} INFO - Setting next_dagrun for dataset_produces_2 to None, run_after=None
[2023-09-16T13:54:00.194+0000] {processor.py:179} INFO - Processing /home/airflow/.local/lib/python3.8/site-packages/airflow/example_dags/example_datasets.py took 0.106 seconds
[2023-09-16T13:54:30.315+0000] {processor.py:157} INFO - Started process (PID=592) to work on /home/airflow/.local/lib/python3.8/site-packages/airflow/example_dags/example_datasets.py
[2023-09-16T13:54:30.316+0000] {processor.py:829} INFO - Processing file /home/airflow/.local/lib/python3.8/site-packages/airflow/example_dags/example_datasets.py for tasks to queue
[2023-09-16T13:54:30.318+0000] {logging_mixin.py:151} INFO - [2023-09-16T13:54:30.318+0000] {dagbag.py:539} INFO - Filling up the DagBag from /home/airflow/.local/lib/python3.8/site-packages/airflow/example_dags/example_datasets.py
[2023-09-16T13:54:30.327+0000] {processor.py:839} INFO - DAG(s) dict_keys(['dataset_produces_2', 'dataset_produces_1', 'dataset_consumes_1_never_scheduled', 'dataset_consumes_unknown_never_scheduled', 'dataset_consumes_1', 'dataset_consumes_1_and_2']) retrieved from /home/airflow/.local/lib/python3.8/site-packages/airflow/example_dags/example_datasets.py
[2023-09-16T13:54:30.361+0000] {logging_mixin.py:151} INFO - [2023-09-16T13:54:30.361+0000] {dag.py:2915} INFO - Sync 6 DAGs
[2023-09-16T13:54:30.384+0000] {logging_mixin.py:151} INFO - [2023-09-16T13:54:30.383+0000] {dag.py:3696} INFO - Setting next_dagrun for dataset_consumes_1 to None, run_after=None
[2023-09-16T13:54:30.387+0000] {logging_mixin.py:151} INFO - [2023-09-16T13:54:30.387+0000] {dag.py:3696} INFO - Setting next_dagrun for dataset_consumes_1_and_2 to None, run_after=None
[2023-09-16T13:54:30.388+0000] {logging_mixin.py:151} INFO - [2023-09-16T13:54:30.388+0000] {dag.py:3696} INFO - Setting next_dagrun for dataset_consumes_1_never_scheduled to None, run_after=None
[2023-09-16T13:54:30.389+0000] {logging_mixin.py:151} INFO - [2023-09-16T13:54:30.389+0000] {dag.py:3696} INFO - Setting next_dagrun for dataset_consumes_unknown_never_scheduled to None, run_after=None
[2023-09-16T13:54:30.392+0000] {logging_mixin.py:151} INFO - [2023-09-16T13:54:30.391+0000] {dag.py:3696} INFO - Setting next_dagrun for dataset_produces_1 to 2023-09-15T00:00:00+00:00, run_after=2023-09-16T00:00:00+00:00
[2023-09-16T13:54:30.393+0000] {logging_mixin.py:151} INFO - [2023-09-16T13:54:30.392+0000] {dag.py:3696} INFO - Setting next_dagrun for dataset_produces_2 to None, run_after=None
[2023-09-16T13:54:30.422+0000] {processor.py:179} INFO - Processing /home/airflow/.local/lib/python3.8/site-packages/airflow/example_dags/example_datasets.py took 0.110 seconds
[2023-09-16T13:55:00.961+0000] {processor.py:157} INFO - Started process (PID=647) to work on /home/airflow/.local/lib/python3.8/site-packages/airflow/example_dags/example_datasets.py
[2023-09-16T13:55:00.962+0000] {processor.py:829} INFO - Processing file /home/airflow/.local/lib/python3.8/site-packages/airflow/example_dags/example_datasets.py for tasks to queue
[2023-09-16T13:55:00.964+0000] {logging_mixin.py:151} INFO - [2023-09-16T13:55:00.964+0000] {dagbag.py:539} INFO - Filling up the DagBag from /home/airflow/.local/lib/python3.8/site-packages/airflow/example_dags/example_datasets.py
[2023-09-16T13:55:00.973+0000] {processor.py:839} INFO - DAG(s) dict_keys(['dataset_produces_2', 'dataset_consumes_unknown_never_scheduled', 'dataset_consumes_1_and_2', 'dataset_produces_1', 'dataset_consumes_1_never_scheduled', 'dataset_consumes_1']) retrieved from /home/airflow/.local/lib/python3.8/site-packages/airflow/example_dags/example_datasets.py
[2023-09-16T13:55:01.010+0000] {logging_mixin.py:151} INFO - [2023-09-16T13:55:01.010+0000] {dag.py:2915} INFO - Sync 6 DAGs
[2023-09-16T13:55:01.033+0000] {logging_mixin.py:151} INFO - [2023-09-16T13:55:01.033+0000] {dag.py:3696} INFO - Setting next_dagrun for dataset_consumes_1 to None, run_after=None
[2023-09-16T13:55:01.036+0000] {logging_mixin.py:151} INFO - [2023-09-16T13:55:01.036+0000] {dag.py:3696} INFO - Setting next_dagrun for dataset_consumes_1_and_2 to None, run_after=None
[2023-09-16T13:55:01.037+0000] {logging_mixin.py:151} INFO - [2023-09-16T13:55:01.037+0000] {dag.py:3696} INFO - Setting next_dagrun for dataset_consumes_1_never_scheduled to None, run_after=None
[2023-09-16T13:55:01.038+0000] {logging_mixin.py:151} INFO - [2023-09-16T13:55:01.038+0000] {dag.py:3696} INFO - Setting next_dagrun for dataset_consumes_unknown_never_scheduled to None, run_after=None
[2023-09-16T13:55:01.041+0000] {logging_mixin.py:151} INFO - [2023-09-16T13:55:01.041+0000] {dag.py:3696} INFO - Setting next_dagrun for dataset_produces_1 to 2023-09-15T00:00:00+00:00, run_after=2023-09-16T00:00:00+00:00
[2023-09-16T13:55:01.042+0000] {logging_mixin.py:151} INFO - [2023-09-16T13:55:01.042+0000] {dag.py:3696} INFO - Setting next_dagrun for dataset_produces_2 to None, run_after=None
[2023-09-16T13:55:01.072+0000] {processor.py:179} INFO - Processing /home/airflow/.local/lib/python3.8/site-packages/airflow/example_dags/example_datasets.py took 0.115 seconds
[2023-09-16T13:55:31.650+0000] {processor.py:157} INFO - Started process (PID=701) to work on /home/airflow/.local/lib/python3.8/site-packages/airflow/example_dags/example_datasets.py
[2023-09-16T13:55:31.651+0000] {processor.py:829} INFO - Processing file /home/airflow/.local/lib/python3.8/site-packages/airflow/example_dags/example_datasets.py for tasks to queue
[2023-09-16T13:55:31.653+0000] {logging_mixin.py:151} INFO - [2023-09-16T13:55:31.653+0000] {dagbag.py:539} INFO - Filling up the DagBag from /home/airflow/.local/lib/python3.8/site-packages/airflow/example_dags/example_datasets.py
[2023-09-16T13:55:31.663+0000] {processor.py:839} INFO - DAG(s) dict_keys(['dataset_produces_1', 'dataset_consumes_unknown_never_scheduled', 'dataset_produces_2', 'dataset_consumes_1', 'dataset_consumes_1_and_2', 'dataset_consumes_1_never_scheduled']) retrieved from /home/airflow/.local/lib/python3.8/site-packages/airflow/example_dags/example_datasets.py
[2023-09-16T13:55:31.697+0000] {logging_mixin.py:151} INFO - [2023-09-16T13:55:31.696+0000] {dag.py:2915} INFO - Sync 6 DAGs
[2023-09-16T13:55:31.719+0000] {logging_mixin.py:151} INFO - [2023-09-16T13:55:31.719+0000] {dag.py:3696} INFO - Setting next_dagrun for dataset_consumes_1 to None, run_after=None
[2023-09-16T13:55:31.722+0000] {logging_mixin.py:151} INFO - [2023-09-16T13:55:31.722+0000] {dag.py:3696} INFO - Setting next_dagrun for dataset_consumes_1_and_2 to None, run_after=None
[2023-09-16T13:55:31.723+0000] {logging_mixin.py:151} INFO - [2023-09-16T13:55:31.723+0000] {dag.py:3696} INFO - Setting next_dagrun for dataset_consumes_1_never_scheduled to None, run_after=None
[2023-09-16T13:55:31.724+0000] {logging_mixin.py:151} INFO - [2023-09-16T13:55:31.724+0000] {dag.py:3696} INFO - Setting next_dagrun for dataset_consumes_unknown_never_scheduled to None, run_after=None
[2023-09-16T13:55:31.726+0000] {logging_mixin.py:151} INFO - [2023-09-16T13:55:31.726+0000] {dag.py:3696} INFO - Setting next_dagrun for dataset_produces_1 to 2023-09-15T00:00:00+00:00, run_after=2023-09-16T00:00:00+00:00
[2023-09-16T13:55:31.727+0000] {logging_mixin.py:151} INFO - [2023-09-16T13:55:31.727+0000] {dag.py:3696} INFO - Setting next_dagrun for dataset_produces_2 to None, run_after=None
[2023-09-16T13:55:31.753+0000] {processor.py:179} INFO - Processing /home/airflow/.local/lib/python3.8/site-packages/airflow/example_dags/example_datasets.py took 0.107 seconds
[2023-09-16T13:56:01.878+0000] {processor.py:157} INFO - Started process (PID=755) to work on /home/airflow/.local/lib/python3.8/site-packages/airflow/example_dags/example_datasets.py
[2023-09-16T13:56:01.879+0000] {processor.py:829} INFO - Processing file /home/airflow/.local/lib/python3.8/site-packages/airflow/example_dags/example_datasets.py for tasks to queue
[2023-09-16T13:56:01.881+0000] {logging_mixin.py:151} INFO - [2023-09-16T13:56:01.880+0000] {dagbag.py:539} INFO - Filling up the DagBag from /home/airflow/.local/lib/python3.8/site-packages/airflow/example_dags/example_datasets.py
[2023-09-16T13:56:01.889+0000] {processor.py:839} INFO - DAG(s) dict_keys(['dataset_consumes_1', 'dataset_consumes_1_and_2', 'dataset_produces_1', 'dataset_produces_2', 'dataset_consumes_unknown_never_scheduled', 'dataset_consumes_1_never_scheduled']) retrieved from /home/airflow/.local/lib/python3.8/site-packages/airflow/example_dags/example_datasets.py
[2023-09-16T13:56:01.922+0000] {logging_mixin.py:151} INFO - [2023-09-16T13:56:01.922+0000] {dag.py:2915} INFO - Sync 6 DAGs
[2023-09-16T13:56:01.943+0000] {logging_mixin.py:151} INFO - [2023-09-16T13:56:01.943+0000] {dag.py:3696} INFO - Setting next_dagrun for dataset_consumes_1 to None, run_after=None
[2023-09-16T13:56:01.946+0000] {logging_mixin.py:151} INFO - [2023-09-16T13:56:01.946+0000] {dag.py:3696} INFO - Setting next_dagrun for dataset_consumes_1_and_2 to None, run_after=None
[2023-09-16T13:56:01.947+0000] {logging_mixin.py:151} INFO - [2023-09-16T13:56:01.947+0000] {dag.py:3696} INFO - Setting next_dagrun for dataset_consumes_1_never_scheduled to None, run_after=None
[2023-09-16T13:56:01.948+0000] {logging_mixin.py:151} INFO - [2023-09-16T13:56:01.948+0000] {dag.py:3696} INFO - Setting next_dagrun for dataset_consumes_unknown_never_scheduled to None, run_after=None
[2023-09-16T13:56:01.951+0000] {logging_mixin.py:151} INFO - [2023-09-16T13:56:01.950+0000] {dag.py:3696} INFO - Setting next_dagrun for dataset_produces_1 to 2023-09-15T00:00:00+00:00, run_after=2023-09-16T00:00:00+00:00
[2023-09-16T13:56:01.951+0000] {logging_mixin.py:151} INFO - [2023-09-16T13:56:01.951+0000] {dag.py:3696} INFO - Setting next_dagrun for dataset_produces_2 to None, run_after=None
[2023-09-16T13:56:01.978+0000] {processor.py:179} INFO - Processing /home/airflow/.local/lib/python3.8/site-packages/airflow/example_dags/example_datasets.py took 0.103 seconds
[2023-09-16T13:56:32.611+0000] {processor.py:157} INFO - Started process (PID=809) to work on /home/airflow/.local/lib/python3.8/site-packages/airflow/example_dags/example_datasets.py
[2023-09-16T13:56:32.613+0000] {processor.py:829} INFO - Processing file /home/airflow/.local/lib/python3.8/site-packages/airflow/example_dags/example_datasets.py for tasks to queue
[2023-09-16T13:56:32.614+0000] {logging_mixin.py:151} INFO - [2023-09-16T13:56:32.614+0000] {dagbag.py:539} INFO - Filling up the DagBag from /home/airflow/.local/lib/python3.8/site-packages/airflow/example_dags/example_datasets.py
[2023-09-16T13:56:32.624+0000] {processor.py:839} INFO - DAG(s) dict_keys(['dataset_consumes_1_never_scheduled', 'dataset_consumes_1_and_2', 'dataset_consumes_1', 'dataset_produces_1', 'dataset_consumes_unknown_never_scheduled', 'dataset_produces_2']) retrieved from /home/airflow/.local/lib/python3.8/site-packages/airflow/example_dags/example_datasets.py
[2023-09-16T13:56:32.657+0000] {logging_mixin.py:151} INFO - [2023-09-16T13:56:32.657+0000] {dag.py:2915} INFO - Sync 6 DAGs
[2023-09-16T13:56:32.677+0000] {logging_mixin.py:151} INFO - [2023-09-16T13:56:32.677+0000] {dag.py:3696} INFO - Setting next_dagrun for dataset_consumes_1 to None, run_after=None
[2023-09-16T13:56:32.680+0000] {logging_mixin.py:151} INFO - [2023-09-16T13:56:32.680+0000] {dag.py:3696} INFO - Setting next_dagrun for dataset_consumes_1_and_2 to None, run_after=None
[2023-09-16T13:56:32.681+0000] {logging_mixin.py:151} INFO - [2023-09-16T13:56:32.681+0000] {dag.py:3696} INFO - Setting next_dagrun for dataset_consumes_1_never_scheduled to None, run_after=None
[2023-09-16T13:56:32.682+0000] {logging_mixin.py:151} INFO - [2023-09-16T13:56:32.682+0000] {dag.py:3696} INFO - Setting next_dagrun for dataset_consumes_unknown_never_scheduled to None, run_after=None
[2023-09-16T13:56:32.685+0000] {logging_mixin.py:151} INFO - [2023-09-16T13:56:32.684+0000] {dag.py:3696} INFO - Setting next_dagrun for dataset_produces_1 to 2023-09-15T00:00:00+00:00, run_after=2023-09-16T00:00:00+00:00
[2023-09-16T13:56:32.685+0000] {logging_mixin.py:151} INFO - [2023-09-16T13:56:32.685+0000] {dag.py:3696} INFO - Setting next_dagrun for dataset_produces_2 to None, run_after=None
[2023-09-16T13:56:32.712+0000] {processor.py:179} INFO - Processing /home/airflow/.local/lib/python3.8/site-packages/airflow/example_dags/example_datasets.py took 0.104 seconds
[2023-09-16T13:57:03.337+0000] {processor.py:157} INFO - Started process (PID=863) to work on /home/airflow/.local/lib/python3.8/site-packages/airflow/example_dags/example_datasets.py
[2023-09-16T13:57:03.338+0000] {processor.py:829} INFO - Processing file /home/airflow/.local/lib/python3.8/site-packages/airflow/example_dags/example_datasets.py for tasks to queue
[2023-09-16T13:57:03.340+0000] {logging_mixin.py:151} INFO - [2023-09-16T13:57:03.340+0000] {dagbag.py:539} INFO - Filling up the DagBag from /home/airflow/.local/lib/python3.8/site-packages/airflow/example_dags/example_datasets.py
[2023-09-16T13:57:03.349+0000] {processor.py:839} INFO - DAG(s) dict_keys(['dataset_produces_2', 'dataset_produces_1', 'dataset_consumes_1_never_scheduled', 'dataset_consumes_1_and_2', 'dataset_consumes_1', 'dataset_consumes_unknown_never_scheduled']) retrieved from /home/airflow/.local/lib/python3.8/site-packages/airflow/example_dags/example_datasets.py
[2023-09-16T13:57:03.382+0000] {logging_mixin.py:151} INFO - [2023-09-16T13:57:03.381+0000] {dag.py:2915} INFO - Sync 6 DAGs
[2023-09-16T13:57:03.404+0000] {logging_mixin.py:151} INFO - [2023-09-16T13:57:03.404+0000] {dag.py:3696} INFO - Setting next_dagrun for dataset_consumes_1 to None, run_after=None
[2023-09-16T13:57:03.407+0000] {logging_mixin.py:151} INFO - [2023-09-16T13:57:03.407+0000] {dag.py:3696} INFO - Setting next_dagrun for dataset_consumes_1_and_2 to None, run_after=None
[2023-09-16T13:57:03.408+0000] {logging_mixin.py:151} INFO - [2023-09-16T13:57:03.408+0000] {dag.py:3696} INFO - Setting next_dagrun for dataset_consumes_1_never_scheduled to None, run_after=None
[2023-09-16T13:57:03.409+0000] {logging_mixin.py:151} INFO - [2023-09-16T13:57:03.409+0000] {dag.py:3696} INFO - Setting next_dagrun for dataset_consumes_unknown_never_scheduled to None, run_after=None
[2023-09-16T13:57:03.412+0000] {logging_mixin.py:151} INFO - [2023-09-16T13:57:03.412+0000] {dag.py:3696} INFO - Setting next_dagrun for dataset_produces_1 to 2023-09-15T00:00:00+00:00, run_after=2023-09-16T00:00:00+00:00
[2023-09-16T13:57:03.413+0000] {logging_mixin.py:151} INFO - [2023-09-16T13:57:03.413+0000] {dag.py:3696} INFO - Setting next_dagrun for dataset_produces_2 to None, run_after=None
[2023-09-16T13:57:03.440+0000] {processor.py:179} INFO - Processing /home/airflow/.local/lib/python3.8/site-packages/airflow/example_dags/example_datasets.py took 0.106 seconds
[2023-09-16T13:57:33.977+0000] {processor.py:157} INFO - Started process (PID=917) to work on /home/airflow/.local/lib/python3.8/site-packages/airflow/example_dags/example_datasets.py
[2023-09-16T13:57:33.978+0000] {processor.py:829} INFO - Processing file /home/airflow/.local/lib/python3.8/site-packages/airflow/example_dags/example_datasets.py for tasks to queue
[2023-09-16T13:57:33.980+0000] {logging_mixin.py:151} INFO - [2023-09-16T13:57:33.980+0000] {dagbag.py:539} INFO - Filling up the DagBag from /home/airflow/.local/lib/python3.8/site-packages/airflow/example_dags/example_datasets.py
[2023-09-16T13:57:33.989+0000] {processor.py:839} INFO - DAG(s) dict_keys(['dataset_consumes_unknown_never_scheduled', 'dataset_produces_1', 'dataset_consumes_1_never_scheduled', 'dataset_consumes_1', 'dataset_consumes_1_and_2', 'dataset_produces_2']) retrieved from /home/airflow/.local/lib/python3.8/site-packages/airflow/example_dags/example_datasets.py
[2023-09-16T13:57:34.061+0000] {logging_mixin.py:151} INFO - [2023-09-16T13:57:34.061+0000] {dag.py:2915} INFO - Sync 6 DAGs
[2023-09-16T13:57:34.137+0000] {logging_mixin.py:151} INFO - [2023-09-16T13:57:34.137+0000] {dag.py:3696} INFO - Setting next_dagrun for dataset_consumes_1 to None, run_after=None
[2023-09-16T13:57:34.140+0000] {logging_mixin.py:151} INFO - [2023-09-16T13:57:34.140+0000] {dag.py:3696} INFO - Setting next_dagrun for dataset_consumes_1_and_2 to None, run_after=None
[2023-09-16T13:57:34.141+0000] {logging_mixin.py:151} INFO - [2023-09-16T13:57:34.141+0000] {dag.py:3696} INFO - Setting next_dagrun for dataset_consumes_1_never_scheduled to None, run_after=None
[2023-09-16T13:57:34.142+0000] {logging_mixin.py:151} INFO - [2023-09-16T13:57:34.142+0000] {dag.py:3696} INFO - Setting next_dagrun for dataset_consumes_unknown_never_scheduled to None, run_after=None
[2023-09-16T13:57:34.145+0000] {logging_mixin.py:151} INFO - [2023-09-16T13:57:34.144+0000] {dag.py:3696} INFO - Setting next_dagrun for dataset_produces_1 to 2023-09-15T00:00:00+00:00, run_after=2023-09-16T00:00:00+00:00
[2023-09-16T13:57:34.146+0000] {logging_mixin.py:151} INFO - [2023-09-16T13:57:34.145+0000] {dag.py:3696} INFO - Setting next_dagrun for dataset_produces_2 to None, run_after=None
[2023-09-16T13:57:34.233+0000] {processor.py:179} INFO - Processing /home/airflow/.local/lib/python3.8/site-packages/airflow/example_dags/example_datasets.py took 0.259 seconds
[2023-09-16T13:58:04.580+0000] {processor.py:157} INFO - Started process (PID=971) to work on /home/airflow/.local/lib/python3.8/site-packages/airflow/example_dags/example_datasets.py
[2023-09-16T13:58:04.581+0000] {processor.py:829} INFO - Processing file /home/airflow/.local/lib/python3.8/site-packages/airflow/example_dags/example_datasets.py for tasks to queue
[2023-09-16T13:58:04.583+0000] {logging_mixin.py:151} INFO - [2023-09-16T13:58:04.583+0000] {dagbag.py:539} INFO - Filling up the DagBag from /home/airflow/.local/lib/python3.8/site-packages/airflow/example_dags/example_datasets.py
[2023-09-16T13:58:04.593+0000] {processor.py:839} INFO - DAG(s) dict_keys(['dataset_consumes_unknown_never_scheduled', 'dataset_produces_1', 'dataset_produces_2', 'dataset_consumes_1_never_scheduled', 'dataset_consumes_1_and_2', 'dataset_consumes_1']) retrieved from /home/airflow/.local/lib/python3.8/site-packages/airflow/example_dags/example_datasets.py
[2023-09-16T13:58:04.630+0000] {logging_mixin.py:151} INFO - [2023-09-16T13:58:04.630+0000] {dag.py:2915} INFO - Sync 6 DAGs
[2023-09-16T13:58:04.656+0000] {logging_mixin.py:151} INFO - [2023-09-16T13:58:04.656+0000] {dag.py:3696} INFO - Setting next_dagrun for dataset_consumes_1 to None, run_after=None
[2023-09-16T13:58:04.660+0000] {logging_mixin.py:151} INFO - [2023-09-16T13:58:04.660+0000] {dag.py:3696} INFO - Setting next_dagrun for dataset_consumes_1_and_2 to None, run_after=None
[2023-09-16T13:58:04.661+0000] {logging_mixin.py:151} INFO - [2023-09-16T13:58:04.661+0000] {dag.py:3696} INFO - Setting next_dagrun for dataset_consumes_1_never_scheduled to None, run_after=None
[2023-09-16T13:58:04.662+0000] {logging_mixin.py:151} INFO - [2023-09-16T13:58:04.662+0000] {dag.py:3696} INFO - Setting next_dagrun for dataset_consumes_unknown_never_scheduled to None, run_after=None
[2023-09-16T13:58:04.665+0000] {logging_mixin.py:151} INFO - [2023-09-16T13:58:04.665+0000] {dag.py:3696} INFO - Setting next_dagrun for dataset_produces_1 to 2023-09-15T00:00:00+00:00, run_after=2023-09-16T00:00:00+00:00
[2023-09-16T13:58:04.667+0000] {logging_mixin.py:151} INFO - [2023-09-16T13:58:04.666+0000] {dag.py:3696} INFO - Setting next_dagrun for dataset_produces_2 to None, run_after=None
[2023-09-16T13:58:04.701+0000] {processor.py:179} INFO - Processing /home/airflow/.local/lib/python3.8/site-packages/airflow/example_dags/example_datasets.py took 0.124 seconds
[2023-09-16T13:58:34.809+0000] {processor.py:157} INFO - Started process (PID=1024) to work on /home/airflow/.local/lib/python3.8/site-packages/airflow/example_dags/example_datasets.py
[2023-09-16T13:58:34.810+0000] {processor.py:829} INFO - Processing file /home/airflow/.local/lib/python3.8/site-packages/airflow/example_dags/example_datasets.py for tasks to queue
[2023-09-16T13:58:34.812+0000] {logging_mixin.py:151} INFO - [2023-09-16T13:58:34.812+0000] {dagbag.py:539} INFO - Filling up the DagBag from /home/airflow/.local/lib/python3.8/site-packages/airflow/example_dags/example_datasets.py
[2023-09-16T13:58:34.820+0000] {processor.py:839} INFO - DAG(s) dict_keys(['dataset_consumes_1', 'dataset_consumes_1_and_2', 'dataset_consumes_unknown_never_scheduled', 'dataset_produces_2', 'dataset_consumes_1_never_scheduled', 'dataset_produces_1']) retrieved from /home/airflow/.local/lib/python3.8/site-packages/airflow/example_dags/example_datasets.py
[2023-09-16T13:58:34.853+0000] {logging_mixin.py:151} INFO - [2023-09-16T13:58:34.852+0000] {dag.py:2915} INFO - Sync 6 DAGs
[2023-09-16T13:58:34.874+0000] {logging_mixin.py:151} INFO - [2023-09-16T13:58:34.874+0000] {dag.py:3696} INFO - Setting next_dagrun for dataset_consumes_1 to None, run_after=None
[2023-09-16T13:58:34.877+0000] {logging_mixin.py:151} INFO - [2023-09-16T13:58:34.877+0000] {dag.py:3696} INFO - Setting next_dagrun for dataset_consumes_1_and_2 to None, run_after=None
[2023-09-16T13:58:34.878+0000] {logging_mixin.py:151} INFO - [2023-09-16T13:58:34.878+0000] {dag.py:3696} INFO - Setting next_dagrun for dataset_consumes_1_never_scheduled to None, run_after=None
[2023-09-16T13:58:34.879+0000] {logging_mixin.py:151} INFO - [2023-09-16T13:58:34.879+0000] {dag.py:3696} INFO - Setting next_dagrun for dataset_consumes_unknown_never_scheduled to None, run_after=None
[2023-09-16T13:58:34.881+0000] {logging_mixin.py:151} INFO - [2023-09-16T13:58:34.881+0000] {dag.py:3696} INFO - Setting next_dagrun for dataset_produces_1 to 2023-09-15T00:00:00+00:00, run_after=2023-09-16T00:00:00+00:00
[2023-09-16T13:58:34.882+0000] {logging_mixin.py:151} INFO - [2023-09-16T13:58:34.882+0000] {dag.py:3696} INFO - Setting next_dagrun for dataset_produces_2 to None, run_after=None
[2023-09-16T13:58:34.910+0000] {processor.py:179} INFO - Processing /home/airflow/.local/lib/python3.8/site-packages/airflow/example_dags/example_datasets.py took 0.104 seconds
