[2023-09-16T13:50:31.749+0000] {processor.py:157} INFO - Started process (PID=182) to work on /home/airflow/.local/lib/python3.8/site-packages/airflow/example_dags/example_subdag_operator.py
[2023-09-16T13:50:31.750+0000] {processor.py:829} INFO - Processing file /home/airflow/.local/lib/python3.8/site-packages/airflow/example_dags/example_subdag_operator.py for tasks to queue
[2023-09-16T13:50:31.753+0000] {logging_mixin.py:151} INFO - [2023-09-16T13:50:31.752+0000] {dagbag.py:539} INFO - Filling up the DagBag from /home/airflow/.local/lib/python3.8/site-packages/airflow/example_dags/example_subdag_operator.py
[2023-09-16T13:50:31.782+0000] {processor.py:839} INFO - DAG(s) dict_keys(['example_subdag_operator.section-1', 'example_subdag_operator.section-2', 'example_subdag_operator']) retrieved from /home/airflow/.local/lib/python3.8/site-packages/airflow/example_dags/example_subdag_operator.py
[2023-09-16T13:50:31.802+0000] {logging_mixin.py:151} INFO - [2023-09-16T13:50:31.801+0000] {dag.py:2915} INFO - Sync 3 DAGs
[2023-09-16T13:50:31.829+0000] {logging_mixin.py:151} INFO - [2023-09-16T13:50:31.828+0000] {dag.py:3696} INFO - Setting next_dagrun for example_subdag_operator to 2022-01-01T00:00:00+00:00, run_after=2022-01-01T00:00:00+00:00
[2023-09-16T13:50:31.832+0000] {logging_mixin.py:151} INFO - [2023-09-16T13:50:31.832+0000] {dag.py:3696} INFO - Setting next_dagrun for example_subdag_operator.section-1 to None, run_after=None
[2023-09-16T13:50:31.834+0000] {logging_mixin.py:151} INFO - [2023-09-16T13:50:31.833+0000] {dag.py:3696} INFO - Setting next_dagrun for example_subdag_operator.section-2 to None, run_after=None
[2023-09-16T13:50:31.840+0000] {logging_mixin.py:151} INFO - [2023-09-16T13:50:31.839+0000] {dag.py:2915} INFO - Sync 2 DAGs
[2023-09-16T13:50:31.845+0000] {logging_mixin.py:151} INFO - [2023-09-16T13:50:31.845+0000] {dag.py:3696} INFO - Setting next_dagrun for example_subdag_operator.section-1 to None, run_after=None
[2023-09-16T13:50:31.846+0000] {logging_mixin.py:151} INFO - [2023-09-16T13:50:31.845+0000] {dag.py:3696} INFO - Setting next_dagrun for example_subdag_operator.section-2 to None, run_after=None
[2023-09-16T13:50:31.859+0000] {processor.py:179} INFO - Processing /home/airflow/.local/lib/python3.8/site-packages/airflow/example_dags/example_subdag_operator.py took 0.113 seconds
[2023-09-16T13:51:02.994+0000] {processor.py:157} INFO - Started process (PID=236) to work on /home/airflow/.local/lib/python3.8/site-packages/airflow/example_dags/example_subdag_operator.py
[2023-09-16T13:51:02.996+0000] {processor.py:829} INFO - Processing file /home/airflow/.local/lib/python3.8/site-packages/airflow/example_dags/example_subdag_operator.py for tasks to queue
[2023-09-16T13:51:02.998+0000] {logging_mixin.py:151} INFO - [2023-09-16T13:51:02.997+0000] {dagbag.py:539} INFO - Filling up the DagBag from /home/airflow/.local/lib/python3.8/site-packages/airflow/example_dags/example_subdag_operator.py
[2023-09-16T13:51:03.027+0000] {processor.py:839} INFO - DAG(s) dict_keys(['example_subdag_operator.section-1', 'example_subdag_operator.section-2', 'example_subdag_operator']) retrieved from /home/airflow/.local/lib/python3.8/site-packages/airflow/example_dags/example_subdag_operator.py
[2023-09-16T13:51:03.042+0000] {logging_mixin.py:151} INFO - [2023-09-16T13:51:03.041+0000] {dag.py:2915} INFO - Sync 3 DAGs
[2023-09-16T13:51:03.064+0000] {logging_mixin.py:151} INFO - [2023-09-16T13:51:03.064+0000] {dag.py:3696} INFO - Setting next_dagrun for example_subdag_operator to 2022-01-01T00:00:00+00:00, run_after=2022-01-01T00:00:00+00:00
[2023-09-16T13:51:03.068+0000] {logging_mixin.py:151} INFO - [2023-09-16T13:51:03.068+0000] {dag.py:3696} INFO - Setting next_dagrun for example_subdag_operator.section-1 to None, run_after=None
[2023-09-16T13:51:03.070+0000] {logging_mixin.py:151} INFO - [2023-09-16T13:51:03.069+0000] {dag.py:3696} INFO - Setting next_dagrun for example_subdag_operator.section-2 to None, run_after=None
[2023-09-16T13:51:03.076+0000] {logging_mixin.py:151} INFO - [2023-09-16T13:51:03.076+0000] {dag.py:2915} INFO - Sync 2 DAGs
[2023-09-16T13:51:03.081+0000] {logging_mixin.py:151} INFO - [2023-09-16T13:51:03.081+0000] {dag.py:3696} INFO - Setting next_dagrun for example_subdag_operator.section-1 to None, run_after=None
[2023-09-16T13:51:03.081+0000] {logging_mixin.py:151} INFO - [2023-09-16T13:51:03.081+0000] {dag.py:3696} INFO - Setting next_dagrun for example_subdag_operator.section-2 to None, run_after=None
[2023-09-16T13:51:03.090+0000] {processor.py:179} INFO - Processing /home/airflow/.local/lib/python3.8/site-packages/airflow/example_dags/example_subdag_operator.py took 0.099 seconds
[2023-09-16T13:51:33.254+0000] {processor.py:157} INFO - Started process (PID=290) to work on /home/airflow/.local/lib/python3.8/site-packages/airflow/example_dags/example_subdag_operator.py
[2023-09-16T13:51:33.255+0000] {processor.py:829} INFO - Processing file /home/airflow/.local/lib/python3.8/site-packages/airflow/example_dags/example_subdag_operator.py for tasks to queue
[2023-09-16T13:51:33.257+0000] {logging_mixin.py:151} INFO - [2023-09-16T13:51:33.256+0000] {dagbag.py:539} INFO - Filling up the DagBag from /home/airflow/.local/lib/python3.8/site-packages/airflow/example_dags/example_subdag_operator.py
[2023-09-16T13:51:33.280+0000] {processor.py:839} INFO - DAG(s) dict_keys(['example_subdag_operator.section-1', 'example_subdag_operator.section-2', 'example_subdag_operator']) retrieved from /home/airflow/.local/lib/python3.8/site-packages/airflow/example_dags/example_subdag_operator.py
[2023-09-16T13:51:33.293+0000] {logging_mixin.py:151} INFO - [2023-09-16T13:51:33.293+0000] {dag.py:2915} INFO - Sync 3 DAGs
[2023-09-16T13:51:33.313+0000] {logging_mixin.py:151} INFO - [2023-09-16T13:51:33.313+0000] {dag.py:3696} INFO - Setting next_dagrun for example_subdag_operator to 2022-01-01T00:00:00+00:00, run_after=2022-01-01T00:00:00+00:00
[2023-09-16T13:51:33.315+0000] {logging_mixin.py:151} INFO - [2023-09-16T13:51:33.315+0000] {dag.py:3696} INFO - Setting next_dagrun for example_subdag_operator.section-1 to None, run_after=None
[2023-09-16T13:51:33.316+0000] {logging_mixin.py:151} INFO - [2023-09-16T13:51:33.316+0000] {dag.py:3696} INFO - Setting next_dagrun for example_subdag_operator.section-2 to None, run_after=None
[2023-09-16T13:51:33.326+0000] {logging_mixin.py:151} INFO - [2023-09-16T13:51:33.326+0000] {dag.py:2915} INFO - Sync 2 DAGs
[2023-09-16T13:51:33.330+0000] {logging_mixin.py:151} INFO - [2023-09-16T13:51:33.330+0000] {dag.py:3696} INFO - Setting next_dagrun for example_subdag_operator.section-1 to None, run_after=None
[2023-09-16T13:51:33.330+0000] {logging_mixin.py:151} INFO - [2023-09-16T13:51:33.330+0000] {dag.py:3696} INFO - Setting next_dagrun for example_subdag_operator.section-2 to None, run_after=None
[2023-09-16T13:51:33.339+0000] {processor.py:179} INFO - Processing /home/airflow/.local/lib/python3.8/site-packages/airflow/example_dags/example_subdag_operator.py took 0.088 seconds
[2023-09-16T13:52:04.583+0000] {processor.py:157} INFO - Started process (PID=344) to work on /home/airflow/.local/lib/python3.8/site-packages/airflow/example_dags/example_subdag_operator.py
[2023-09-16T13:52:04.584+0000] {processor.py:829} INFO - Processing file /home/airflow/.local/lib/python3.8/site-packages/airflow/example_dags/example_subdag_operator.py for tasks to queue
[2023-09-16T13:52:04.587+0000] {logging_mixin.py:151} INFO - [2023-09-16T13:52:04.586+0000] {dagbag.py:539} INFO - Filling up the DagBag from /home/airflow/.local/lib/python3.8/site-packages/airflow/example_dags/example_subdag_operator.py
[2023-09-16T13:52:04.614+0000] {processor.py:839} INFO - DAG(s) dict_keys(['example_subdag_operator.section-1', 'example_subdag_operator.section-2', 'example_subdag_operator']) retrieved from /home/airflow/.local/lib/python3.8/site-packages/airflow/example_dags/example_subdag_operator.py
[2023-09-16T13:52:04.629+0000] {logging_mixin.py:151} INFO - [2023-09-16T13:52:04.629+0000] {dag.py:2915} INFO - Sync 3 DAGs
[2023-09-16T13:52:04.658+0000] {logging_mixin.py:151} INFO - [2023-09-16T13:52:04.658+0000] {dag.py:3696} INFO - Setting next_dagrun for example_subdag_operator to 2022-01-01T00:00:00+00:00, run_after=2022-01-01T00:00:00+00:00
[2023-09-16T13:52:04.662+0000] {logging_mixin.py:151} INFO - [2023-09-16T13:52:04.662+0000] {dag.py:3696} INFO - Setting next_dagrun for example_subdag_operator.section-1 to None, run_after=None
[2023-09-16T13:52:04.663+0000] {logging_mixin.py:151} INFO - [2023-09-16T13:52:04.663+0000] {dag.py:3696} INFO - Setting next_dagrun for example_subdag_operator.section-2 to None, run_after=None
[2023-09-16T13:52:04.671+0000] {logging_mixin.py:151} INFO - [2023-09-16T13:52:04.670+0000] {dag.py:2915} INFO - Sync 2 DAGs
[2023-09-16T13:52:04.677+0000] {logging_mixin.py:151} INFO - [2023-09-16T13:52:04.676+0000] {dag.py:3696} INFO - Setting next_dagrun for example_subdag_operator.section-1 to None, run_after=None
[2023-09-16T13:52:04.677+0000] {logging_mixin.py:151} INFO - [2023-09-16T13:52:04.677+0000] {dag.py:3696} INFO - Setting next_dagrun for example_subdag_operator.section-2 to None, run_after=None
[2023-09-16T13:52:04.689+0000] {processor.py:179} INFO - Processing /home/airflow/.local/lib/python3.8/site-packages/airflow/example_dags/example_subdag_operator.py took 0.109 seconds
[2023-09-16T13:52:34.912+0000] {processor.py:157} INFO - Started process (PID=398) to work on /home/airflow/.local/lib/python3.8/site-packages/airflow/example_dags/example_subdag_operator.py
[2023-09-16T13:52:34.913+0000] {processor.py:829} INFO - Processing file /home/airflow/.local/lib/python3.8/site-packages/airflow/example_dags/example_subdag_operator.py for tasks to queue
[2023-09-16T13:52:34.915+0000] {logging_mixin.py:151} INFO - [2023-09-16T13:52:34.915+0000] {dagbag.py:539} INFO - Filling up the DagBag from /home/airflow/.local/lib/python3.8/site-packages/airflow/example_dags/example_subdag_operator.py
[2023-09-16T13:52:34.947+0000] {processor.py:839} INFO - DAG(s) dict_keys(['example_subdag_operator.section-1', 'example_subdag_operator.section-2', 'example_subdag_operator']) retrieved from /home/airflow/.local/lib/python3.8/site-packages/airflow/example_dags/example_subdag_operator.py
[2023-09-16T13:52:34.962+0000] {logging_mixin.py:151} INFO - [2023-09-16T13:52:34.962+0000] {dag.py:2915} INFO - Sync 3 DAGs
[2023-09-16T13:52:34.984+0000] {logging_mixin.py:151} INFO - [2023-09-16T13:52:34.984+0000] {dag.py:3696} INFO - Setting next_dagrun for example_subdag_operator to 2022-01-01T00:00:00+00:00, run_after=2022-01-01T00:00:00+00:00
[2023-09-16T13:52:34.987+0000] {logging_mixin.py:151} INFO - [2023-09-16T13:52:34.987+0000] {dag.py:3696} INFO - Setting next_dagrun for example_subdag_operator.section-1 to None, run_after=None
[2023-09-16T13:52:34.988+0000] {logging_mixin.py:151} INFO - [2023-09-16T13:52:34.988+0000] {dag.py:3696} INFO - Setting next_dagrun for example_subdag_operator.section-2 to None, run_after=None
[2023-09-16T13:52:34.995+0000] {logging_mixin.py:151} INFO - [2023-09-16T13:52:34.995+0000] {dag.py:2915} INFO - Sync 2 DAGs
[2023-09-16T13:52:35.001+0000] {logging_mixin.py:151} INFO - [2023-09-16T13:52:35.000+0000] {dag.py:3696} INFO - Setting next_dagrun for example_subdag_operator.section-1 to None, run_after=None
[2023-09-16T13:52:35.001+0000] {logging_mixin.py:151} INFO - [2023-09-16T13:52:35.001+0000] {dag.py:3696} INFO - Setting next_dagrun for example_subdag_operator.section-2 to None, run_after=None
[2023-09-16T13:52:35.011+0000] {processor.py:179} INFO - Processing /home/airflow/.local/lib/python3.8/site-packages/airflow/example_dags/example_subdag_operator.py took 0.102 seconds
[2023-09-16T13:53:06.315+0000] {processor.py:157} INFO - Started process (PID=452) to work on /home/airflow/.local/lib/python3.8/site-packages/airflow/example_dags/example_subdag_operator.py
[2023-09-16T13:53:06.316+0000] {processor.py:829} INFO - Processing file /home/airflow/.local/lib/python3.8/site-packages/airflow/example_dags/example_subdag_operator.py for tasks to queue
[2023-09-16T13:53:06.318+0000] {logging_mixin.py:151} INFO - [2023-09-16T13:53:06.318+0000] {dagbag.py:539} INFO - Filling up the DagBag from /home/airflow/.local/lib/python3.8/site-packages/airflow/example_dags/example_subdag_operator.py
[2023-09-16T13:53:06.347+0000] {processor.py:839} INFO - DAG(s) dict_keys(['example_subdag_operator.section-1', 'example_subdag_operator.section-2', 'example_subdag_operator']) retrieved from /home/airflow/.local/lib/python3.8/site-packages/airflow/example_dags/example_subdag_operator.py
[2023-09-16T13:53:06.360+0000] {logging_mixin.py:151} INFO - [2023-09-16T13:53:06.360+0000] {dag.py:2915} INFO - Sync 3 DAGs
[2023-09-16T13:53:06.383+0000] {logging_mixin.py:151} INFO - [2023-09-16T13:53:06.383+0000] {dag.py:3696} INFO - Setting next_dagrun for example_subdag_operator to 2022-01-01T00:00:00+00:00, run_after=2022-01-01T00:00:00+00:00
[2023-09-16T13:53:06.386+0000] {logging_mixin.py:151} INFO - [2023-09-16T13:53:06.386+0000] {dag.py:3696} INFO - Setting next_dagrun for example_subdag_operator.section-1 to None, run_after=None
[2023-09-16T13:53:06.387+0000] {logging_mixin.py:151} INFO - [2023-09-16T13:53:06.387+0000] {dag.py:3696} INFO - Setting next_dagrun for example_subdag_operator.section-2 to None, run_after=None
[2023-09-16T13:53:06.392+0000] {logging_mixin.py:151} INFO - [2023-09-16T13:53:06.392+0000] {dag.py:2915} INFO - Sync 2 DAGs
[2023-09-16T13:53:06.397+0000] {logging_mixin.py:151} INFO - [2023-09-16T13:53:06.397+0000] {dag.py:3696} INFO - Setting next_dagrun for example_subdag_operator.section-1 to None, run_after=None
[2023-09-16T13:53:06.398+0000] {logging_mixin.py:151} INFO - [2023-09-16T13:53:06.397+0000] {dag.py:3696} INFO - Setting next_dagrun for example_subdag_operator.section-2 to None, run_after=None
[2023-09-16T13:53:06.407+0000] {processor.py:179} INFO - Processing /home/airflow/.local/lib/python3.8/site-packages/airflow/example_dags/example_subdag_operator.py took 0.095 seconds
[2023-09-16T13:53:37.494+0000] {processor.py:157} INFO - Started process (PID=506) to work on /home/airflow/.local/lib/python3.8/site-packages/airflow/example_dags/example_subdag_operator.py
[2023-09-16T13:53:37.495+0000] {processor.py:829} INFO - Processing file /home/airflow/.local/lib/python3.8/site-packages/airflow/example_dags/example_subdag_operator.py for tasks to queue
[2023-09-16T13:53:37.497+0000] {logging_mixin.py:151} INFO - [2023-09-16T13:53:37.497+0000] {dagbag.py:539} INFO - Filling up the DagBag from /home/airflow/.local/lib/python3.8/site-packages/airflow/example_dags/example_subdag_operator.py
[2023-09-16T13:53:37.536+0000] {processor.py:839} INFO - DAG(s) dict_keys(['example_subdag_operator.section-1', 'example_subdag_operator.section-2', 'example_subdag_operator']) retrieved from /home/airflow/.local/lib/python3.8/site-packages/airflow/example_dags/example_subdag_operator.py
[2023-09-16T13:53:37.550+0000] {logging_mixin.py:151} INFO - [2023-09-16T13:53:37.550+0000] {dag.py:2915} INFO - Sync 3 DAGs
[2023-09-16T13:53:37.571+0000] {logging_mixin.py:151} INFO - [2023-09-16T13:53:37.571+0000] {dag.py:3696} INFO - Setting next_dagrun for example_subdag_operator to 2022-01-01T00:00:00+00:00, run_after=2022-01-01T00:00:00+00:00
[2023-09-16T13:53:37.574+0000] {logging_mixin.py:151} INFO - [2023-09-16T13:53:37.574+0000] {dag.py:3696} INFO - Setting next_dagrun for example_subdag_operator.section-1 to None, run_after=None
[2023-09-16T13:53:37.575+0000] {logging_mixin.py:151} INFO - [2023-09-16T13:53:37.575+0000] {dag.py:3696} INFO - Setting next_dagrun for example_subdag_operator.section-2 to None, run_after=None
[2023-09-16T13:53:37.581+0000] {logging_mixin.py:151} INFO - [2023-09-16T13:53:37.581+0000] {dag.py:2915} INFO - Sync 2 DAGs
[2023-09-16T13:53:37.586+0000] {logging_mixin.py:151} INFO - [2023-09-16T13:53:37.586+0000] {dag.py:3696} INFO - Setting next_dagrun for example_subdag_operator.section-1 to None, run_after=None
[2023-09-16T13:53:37.586+0000] {logging_mixin.py:151} INFO - [2023-09-16T13:53:37.586+0000] {dag.py:3696} INFO - Setting next_dagrun for example_subdag_operator.section-2 to None, run_after=None
[2023-09-16T13:53:37.595+0000] {processor.py:179} INFO - Processing /home/airflow/.local/lib/python3.8/site-packages/airflow/example_dags/example_subdag_operator.py took 0.105 seconds
[2023-09-16T13:54:08.825+0000] {processor.py:157} INFO - Started process (PID=567) to work on /home/airflow/.local/lib/python3.8/site-packages/airflow/example_dags/example_subdag_operator.py
[2023-09-16T13:54:08.826+0000] {processor.py:829} INFO - Processing file /home/airflow/.local/lib/python3.8/site-packages/airflow/example_dags/example_subdag_operator.py for tasks to queue
[2023-09-16T13:54:08.828+0000] {logging_mixin.py:151} INFO - [2023-09-16T13:54:08.828+0000] {dagbag.py:539} INFO - Filling up the DagBag from /home/airflow/.local/lib/python3.8/site-packages/airflow/example_dags/example_subdag_operator.py
[2023-09-16T13:54:08.854+0000] {processor.py:839} INFO - DAG(s) dict_keys(['example_subdag_operator.section-1', 'example_subdag_operator.section-2', 'example_subdag_operator']) retrieved from /home/airflow/.local/lib/python3.8/site-packages/airflow/example_dags/example_subdag_operator.py
[2023-09-16T13:54:08.868+0000] {logging_mixin.py:151} INFO - [2023-09-16T13:54:08.868+0000] {dag.py:2915} INFO - Sync 3 DAGs
[2023-09-16T13:54:08.890+0000] {logging_mixin.py:151} INFO - [2023-09-16T13:54:08.890+0000] {dag.py:3696} INFO - Setting next_dagrun for example_subdag_operator to 2022-01-01T00:00:00+00:00, run_after=2022-01-01T00:00:00+00:00
[2023-09-16T13:54:08.894+0000] {logging_mixin.py:151} INFO - [2023-09-16T13:54:08.894+0000] {dag.py:3696} INFO - Setting next_dagrun for example_subdag_operator.section-1 to None, run_after=None
[2023-09-16T13:54:08.895+0000] {logging_mixin.py:151} INFO - [2023-09-16T13:54:08.895+0000] {dag.py:3696} INFO - Setting next_dagrun for example_subdag_operator.section-2 to None, run_after=None
[2023-09-16T13:54:08.900+0000] {logging_mixin.py:151} INFO - [2023-09-16T13:54:08.900+0000] {dag.py:2915} INFO - Sync 2 DAGs
[2023-09-16T13:54:08.905+0000] {logging_mixin.py:151} INFO - [2023-09-16T13:54:08.904+0000] {dag.py:3696} INFO - Setting next_dagrun for example_subdag_operator.section-1 to None, run_after=None
[2023-09-16T13:54:08.905+0000] {logging_mixin.py:151} INFO - [2023-09-16T13:54:08.905+0000] {dag.py:3696} INFO - Setting next_dagrun for example_subdag_operator.section-2 to None, run_after=None
[2023-09-16T13:54:08.914+0000] {processor.py:179} INFO - Processing /home/airflow/.local/lib/python3.8/site-packages/airflow/example_dags/example_subdag_operator.py took 0.097 seconds
[2023-09-16T13:54:39.820+0000] {processor.py:157} INFO - Started process (PID=621) to work on /home/airflow/.local/lib/python3.8/site-packages/airflow/example_dags/example_subdag_operator.py
[2023-09-16T13:54:39.821+0000] {processor.py:829} INFO - Processing file /home/airflow/.local/lib/python3.8/site-packages/airflow/example_dags/example_subdag_operator.py for tasks to queue
[2023-09-16T13:54:39.823+0000] {logging_mixin.py:151} INFO - [2023-09-16T13:54:39.823+0000] {dagbag.py:539} INFO - Filling up the DagBag from /home/airflow/.local/lib/python3.8/site-packages/airflow/example_dags/example_subdag_operator.py
[2023-09-16T13:54:39.850+0000] {processor.py:839} INFO - DAG(s) dict_keys(['example_subdag_operator.section-1', 'example_subdag_operator.section-2', 'example_subdag_operator']) retrieved from /home/airflow/.local/lib/python3.8/site-packages/airflow/example_dags/example_subdag_operator.py
[2023-09-16T13:54:39.864+0000] {logging_mixin.py:151} INFO - [2023-09-16T13:54:39.864+0000] {dag.py:2915} INFO - Sync 3 DAGs
[2023-09-16T13:54:39.884+0000] {logging_mixin.py:151} INFO - [2023-09-16T13:54:39.884+0000] {dag.py:3696} INFO - Setting next_dagrun for example_subdag_operator to 2022-01-01T00:00:00+00:00, run_after=2022-01-01T00:00:00+00:00
[2023-09-16T13:54:39.887+0000] {logging_mixin.py:151} INFO - [2023-09-16T13:54:39.887+0000] {dag.py:3696} INFO - Setting next_dagrun for example_subdag_operator.section-1 to None, run_after=None
[2023-09-16T13:54:39.888+0000] {logging_mixin.py:151} INFO - [2023-09-16T13:54:39.888+0000] {dag.py:3696} INFO - Setting next_dagrun for example_subdag_operator.section-2 to None, run_after=None
[2023-09-16T13:54:39.894+0000] {logging_mixin.py:151} INFO - [2023-09-16T13:54:39.894+0000] {dag.py:2915} INFO - Sync 2 DAGs
[2023-09-16T13:54:39.899+0000] {logging_mixin.py:151} INFO - [2023-09-16T13:54:39.899+0000] {dag.py:3696} INFO - Setting next_dagrun for example_subdag_operator.section-1 to None, run_after=None
[2023-09-16T13:54:39.899+0000] {logging_mixin.py:151} INFO - [2023-09-16T13:54:39.899+0000] {dag.py:3696} INFO - Setting next_dagrun for example_subdag_operator.section-2 to None, run_after=None
[2023-09-16T13:54:39.909+0000] {processor.py:179} INFO - Processing /home/airflow/.local/lib/python3.8/site-packages/airflow/example_dags/example_subdag_operator.py took 0.093 seconds
[2023-09-16T13:55:10.409+0000] {processor.py:157} INFO - Started process (PID=675) to work on /home/airflow/.local/lib/python3.8/site-packages/airflow/example_dags/example_subdag_operator.py
[2023-09-16T13:55:10.410+0000] {processor.py:829} INFO - Processing file /home/airflow/.local/lib/python3.8/site-packages/airflow/example_dags/example_subdag_operator.py for tasks to queue
[2023-09-16T13:55:10.411+0000] {logging_mixin.py:151} INFO - [2023-09-16T13:55:10.411+0000] {dagbag.py:539} INFO - Filling up the DagBag from /home/airflow/.local/lib/python3.8/site-packages/airflow/example_dags/example_subdag_operator.py
[2023-09-16T13:55:10.435+0000] {processor.py:839} INFO - DAG(s) dict_keys(['example_subdag_operator.section-1', 'example_subdag_operator.section-2', 'example_subdag_operator']) retrieved from /home/airflow/.local/lib/python3.8/site-packages/airflow/example_dags/example_subdag_operator.py
[2023-09-16T13:55:10.449+0000] {logging_mixin.py:151} INFO - [2023-09-16T13:55:10.449+0000] {dag.py:2915} INFO - Sync 3 DAGs
[2023-09-16T13:55:10.468+0000] {logging_mixin.py:151} INFO - [2023-09-16T13:55:10.468+0000] {dag.py:3696} INFO - Setting next_dagrun for example_subdag_operator to 2022-01-01T00:00:00+00:00, run_after=2022-01-01T00:00:00+00:00
[2023-09-16T13:55:10.471+0000] {logging_mixin.py:151} INFO - [2023-09-16T13:55:10.471+0000] {dag.py:3696} INFO - Setting next_dagrun for example_subdag_operator.section-1 to None, run_after=None
[2023-09-16T13:55:10.472+0000] {logging_mixin.py:151} INFO - [2023-09-16T13:55:10.472+0000] {dag.py:3696} INFO - Setting next_dagrun for example_subdag_operator.section-2 to None, run_after=None
[2023-09-16T13:55:10.478+0000] {logging_mixin.py:151} INFO - [2023-09-16T13:55:10.477+0000] {dag.py:2915} INFO - Sync 2 DAGs
[2023-09-16T13:55:10.482+0000] {logging_mixin.py:151} INFO - [2023-09-16T13:55:10.482+0000] {dag.py:3696} INFO - Setting next_dagrun for example_subdag_operator.section-1 to None, run_after=None
[2023-09-16T13:55:10.482+0000] {logging_mixin.py:151} INFO - [2023-09-16T13:55:10.482+0000] {dag.py:3696} INFO - Setting next_dagrun for example_subdag_operator.section-2 to None, run_after=None
[2023-09-16T13:55:10.493+0000] {processor.py:179} INFO - Processing /home/airflow/.local/lib/python3.8/site-packages/airflow/example_dags/example_subdag_operator.py took 0.087 seconds
[2023-09-16T13:55:41.281+0000] {processor.py:157} INFO - Started process (PID=729) to work on /home/airflow/.local/lib/python3.8/site-packages/airflow/example_dags/example_subdag_operator.py
[2023-09-16T13:55:41.282+0000] {processor.py:829} INFO - Processing file /home/airflow/.local/lib/python3.8/site-packages/airflow/example_dags/example_subdag_operator.py for tasks to queue
[2023-09-16T13:55:41.284+0000] {logging_mixin.py:151} INFO - [2023-09-16T13:55:41.284+0000] {dagbag.py:539} INFO - Filling up the DagBag from /home/airflow/.local/lib/python3.8/site-packages/airflow/example_dags/example_subdag_operator.py
[2023-09-16T13:55:41.307+0000] {processor.py:839} INFO - DAG(s) dict_keys(['example_subdag_operator.section-1', 'example_subdag_operator.section-2', 'example_subdag_operator']) retrieved from /home/airflow/.local/lib/python3.8/site-packages/airflow/example_dags/example_subdag_operator.py
[2023-09-16T13:55:41.320+0000] {logging_mixin.py:151} INFO - [2023-09-16T13:55:41.320+0000] {dag.py:2915} INFO - Sync 3 DAGs
[2023-09-16T13:55:41.340+0000] {logging_mixin.py:151} INFO - [2023-09-16T13:55:41.340+0000] {dag.py:3696} INFO - Setting next_dagrun for example_subdag_operator to 2022-01-01T00:00:00+00:00, run_after=2022-01-01T00:00:00+00:00
[2023-09-16T13:55:41.344+0000] {logging_mixin.py:151} INFO - [2023-09-16T13:55:41.344+0000] {dag.py:3696} INFO - Setting next_dagrun for example_subdag_operator.section-1 to None, run_after=None
[2023-09-16T13:55:41.345+0000] {logging_mixin.py:151} INFO - [2023-09-16T13:55:41.345+0000] {dag.py:3696} INFO - Setting next_dagrun for example_subdag_operator.section-2 to None, run_after=None
[2023-09-16T13:55:41.352+0000] {logging_mixin.py:151} INFO - [2023-09-16T13:55:41.352+0000] {dag.py:2915} INFO - Sync 2 DAGs
[2023-09-16T13:55:41.357+0000] {logging_mixin.py:151} INFO - [2023-09-16T13:55:41.357+0000] {dag.py:3696} INFO - Setting next_dagrun for example_subdag_operator.section-1 to None, run_after=None
[2023-09-16T13:55:41.357+0000] {logging_mixin.py:151} INFO - [2023-09-16T13:55:41.357+0000] {dag.py:3696} INFO - Setting next_dagrun for example_subdag_operator.section-2 to None, run_after=None
[2023-09-16T13:55:41.367+0000] {processor.py:179} INFO - Processing /home/airflow/.local/lib/python3.8/site-packages/airflow/example_dags/example_subdag_operator.py took 0.089 seconds
[2023-09-16T13:56:12.328+0000] {processor.py:157} INFO - Started process (PID=783) to work on /home/airflow/.local/lib/python3.8/site-packages/airflow/example_dags/example_subdag_operator.py
[2023-09-16T13:56:12.329+0000] {processor.py:829} INFO - Processing file /home/airflow/.local/lib/python3.8/site-packages/airflow/example_dags/example_subdag_operator.py for tasks to queue
[2023-09-16T13:56:12.331+0000] {logging_mixin.py:151} INFO - [2023-09-16T13:56:12.331+0000] {dagbag.py:539} INFO - Filling up the DagBag from /home/airflow/.local/lib/python3.8/site-packages/airflow/example_dags/example_subdag_operator.py
[2023-09-16T13:56:12.358+0000] {processor.py:839} INFO - DAG(s) dict_keys(['example_subdag_operator.section-1', 'example_subdag_operator.section-2', 'example_subdag_operator']) retrieved from /home/airflow/.local/lib/python3.8/site-packages/airflow/example_dags/example_subdag_operator.py
[2023-09-16T13:56:12.373+0000] {logging_mixin.py:151} INFO - [2023-09-16T13:56:12.373+0000] {dag.py:2915} INFO - Sync 3 DAGs
[2023-09-16T13:56:12.393+0000] {logging_mixin.py:151} INFO - [2023-09-16T13:56:12.393+0000] {dag.py:3696} INFO - Setting next_dagrun for example_subdag_operator to 2022-01-01T00:00:00+00:00, run_after=2022-01-01T00:00:00+00:00
[2023-09-16T13:56:12.396+0000] {logging_mixin.py:151} INFO - [2023-09-16T13:56:12.396+0000] {dag.py:3696} INFO - Setting next_dagrun for example_subdag_operator.section-1 to None, run_after=None
[2023-09-16T13:56:12.397+0000] {logging_mixin.py:151} INFO - [2023-09-16T13:56:12.397+0000] {dag.py:3696} INFO - Setting next_dagrun for example_subdag_operator.section-2 to None, run_after=None
[2023-09-16T13:56:12.404+0000] {logging_mixin.py:151} INFO - [2023-09-16T13:56:12.404+0000] {dag.py:2915} INFO - Sync 2 DAGs
[2023-09-16T13:56:12.409+0000] {logging_mixin.py:151} INFO - [2023-09-16T13:56:12.409+0000] {dag.py:3696} INFO - Setting next_dagrun for example_subdag_operator.section-1 to None, run_after=None
[2023-09-16T13:56:12.409+0000] {logging_mixin.py:151} INFO - [2023-09-16T13:56:12.409+0000] {dag.py:3696} INFO - Setting next_dagrun for example_subdag_operator.section-2 to None, run_after=None
[2023-09-16T13:56:12.418+0000] {processor.py:179} INFO - Processing /home/airflow/.local/lib/python3.8/site-packages/airflow/example_dags/example_subdag_operator.py took 0.093 seconds
[2023-09-16T13:56:43.107+0000] {processor.py:157} INFO - Started process (PID=837) to work on /home/airflow/.local/lib/python3.8/site-packages/airflow/example_dags/example_subdag_operator.py
[2023-09-16T13:56:43.108+0000] {processor.py:829} INFO - Processing file /home/airflow/.local/lib/python3.8/site-packages/airflow/example_dags/example_subdag_operator.py for tasks to queue
[2023-09-16T13:56:43.111+0000] {logging_mixin.py:151} INFO - [2023-09-16T13:56:43.110+0000] {dagbag.py:539} INFO - Filling up the DagBag from /home/airflow/.local/lib/python3.8/site-packages/airflow/example_dags/example_subdag_operator.py
[2023-09-16T13:56:43.136+0000] {processor.py:839} INFO - DAG(s) dict_keys(['example_subdag_operator.section-1', 'example_subdag_operator.section-2', 'example_subdag_operator']) retrieved from /home/airflow/.local/lib/python3.8/site-packages/airflow/example_dags/example_subdag_operator.py
[2023-09-16T13:56:43.149+0000] {logging_mixin.py:151} INFO - [2023-09-16T13:56:43.149+0000] {dag.py:2915} INFO - Sync 3 DAGs
[2023-09-16T13:56:43.173+0000] {logging_mixin.py:151} INFO - [2023-09-16T13:56:43.173+0000] {dag.py:3696} INFO - Setting next_dagrun for example_subdag_operator to 2022-01-01T00:00:00+00:00, run_after=2022-01-01T00:00:00+00:00
[2023-09-16T13:56:43.177+0000] {logging_mixin.py:151} INFO - [2023-09-16T13:56:43.176+0000] {dag.py:3696} INFO - Setting next_dagrun for example_subdag_operator.section-1 to None, run_after=None
[2023-09-16T13:56:43.178+0000] {logging_mixin.py:151} INFO - [2023-09-16T13:56:43.178+0000] {dag.py:3696} INFO - Setting next_dagrun for example_subdag_operator.section-2 to None, run_after=None
[2023-09-16T13:56:43.184+0000] {logging_mixin.py:151} INFO - [2023-09-16T13:56:43.184+0000] {dag.py:2915} INFO - Sync 2 DAGs
[2023-09-16T13:56:43.188+0000] {logging_mixin.py:151} INFO - [2023-09-16T13:56:43.188+0000] {dag.py:3696} INFO - Setting next_dagrun for example_subdag_operator.section-1 to None, run_after=None
[2023-09-16T13:56:43.189+0000] {logging_mixin.py:151} INFO - [2023-09-16T13:56:43.189+0000] {dag.py:3696} INFO - Setting next_dagrun for example_subdag_operator.section-2 to None, run_after=None
[2023-09-16T13:56:43.197+0000] {processor.py:179} INFO - Processing /home/airflow/.local/lib/python3.8/site-packages/airflow/example_dags/example_subdag_operator.py took 0.094 seconds
[2023-09-16T13:57:13.809+0000] {processor.py:157} INFO - Started process (PID=891) to work on /home/airflow/.local/lib/python3.8/site-packages/airflow/example_dags/example_subdag_operator.py
[2023-09-16T13:57:13.810+0000] {processor.py:829} INFO - Processing file /home/airflow/.local/lib/python3.8/site-packages/airflow/example_dags/example_subdag_operator.py for tasks to queue
[2023-09-16T13:57:13.812+0000] {logging_mixin.py:151} INFO - [2023-09-16T13:57:13.812+0000] {dagbag.py:539} INFO - Filling up the DagBag from /home/airflow/.local/lib/python3.8/site-packages/airflow/example_dags/example_subdag_operator.py
[2023-09-16T13:57:13.836+0000] {processor.py:839} INFO - DAG(s) dict_keys(['example_subdag_operator.section-1', 'example_subdag_operator.section-2', 'example_subdag_operator']) retrieved from /home/airflow/.local/lib/python3.8/site-packages/airflow/example_dags/example_subdag_operator.py
[2023-09-16T13:57:13.849+0000] {logging_mixin.py:151} INFO - [2023-09-16T13:57:13.848+0000] {dag.py:2915} INFO - Sync 3 DAGs
[2023-09-16T13:57:13.868+0000] {logging_mixin.py:151} INFO - [2023-09-16T13:57:13.868+0000] {dag.py:3696} INFO - Setting next_dagrun for example_subdag_operator to 2022-01-01T00:00:00+00:00, run_after=2022-01-01T00:00:00+00:00
[2023-09-16T13:57:13.871+0000] {logging_mixin.py:151} INFO - [2023-09-16T13:57:13.871+0000] {dag.py:3696} INFO - Setting next_dagrun for example_subdag_operator.section-1 to None, run_after=None
[2023-09-16T13:57:13.872+0000] {logging_mixin.py:151} INFO - [2023-09-16T13:57:13.872+0000] {dag.py:3696} INFO - Setting next_dagrun for example_subdag_operator.section-2 to None, run_after=None
[2023-09-16T13:57:13.879+0000] {logging_mixin.py:151} INFO - [2023-09-16T13:57:13.878+0000] {dag.py:2915} INFO - Sync 2 DAGs
[2023-09-16T13:57:13.883+0000] {logging_mixin.py:151} INFO - [2023-09-16T13:57:13.883+0000] {dag.py:3696} INFO - Setting next_dagrun for example_subdag_operator.section-1 to None, run_after=None
[2023-09-16T13:57:13.883+0000] {logging_mixin.py:151} INFO - [2023-09-16T13:57:13.883+0000] {dag.py:3696} INFO - Setting next_dagrun for example_subdag_operator.section-2 to None, run_after=None
[2023-09-16T13:57:13.893+0000] {processor.py:179} INFO - Processing /home/airflow/.local/lib/python3.8/site-packages/airflow/example_dags/example_subdag_operator.py took 0.087 seconds
[2023-09-16T13:57:45.196+0000] {processor.py:157} INFO - Started process (PID=945) to work on /home/airflow/.local/lib/python3.8/site-packages/airflow/example_dags/example_subdag_operator.py
[2023-09-16T13:57:45.198+0000] {processor.py:829} INFO - Processing file /home/airflow/.local/lib/python3.8/site-packages/airflow/example_dags/example_subdag_operator.py for tasks to queue
[2023-09-16T13:57:45.200+0000] {logging_mixin.py:151} INFO - [2023-09-16T13:57:45.199+0000] {dagbag.py:539} INFO - Filling up the DagBag from /home/airflow/.local/lib/python3.8/site-packages/airflow/example_dags/example_subdag_operator.py
[2023-09-16T13:57:45.227+0000] {processor.py:839} INFO - DAG(s) dict_keys(['example_subdag_operator.section-1', 'example_subdag_operator.section-2', 'example_subdag_operator']) retrieved from /home/airflow/.local/lib/python3.8/site-packages/airflow/example_dags/example_subdag_operator.py
[2023-09-16T13:57:45.242+0000] {logging_mixin.py:151} INFO - [2023-09-16T13:57:45.242+0000] {dag.py:2915} INFO - Sync 3 DAGs
[2023-09-16T13:57:45.263+0000] {logging_mixin.py:151} INFO - [2023-09-16T13:57:45.263+0000] {dag.py:3696} INFO - Setting next_dagrun for example_subdag_operator to 2022-01-01T00:00:00+00:00, run_after=2022-01-01T00:00:00+00:00
[2023-09-16T13:57:45.266+0000] {logging_mixin.py:151} INFO - [2023-09-16T13:57:45.265+0000] {dag.py:3696} INFO - Setting next_dagrun for example_subdag_operator.section-1 to None, run_after=None
[2023-09-16T13:57:45.266+0000] {logging_mixin.py:151} INFO - [2023-09-16T13:57:45.266+0000] {dag.py:3696} INFO - Setting next_dagrun for example_subdag_operator.section-2 to None, run_after=None
[2023-09-16T13:57:45.272+0000] {logging_mixin.py:151} INFO - [2023-09-16T13:57:45.272+0000] {dag.py:2915} INFO - Sync 2 DAGs
[2023-09-16T13:57:45.277+0000] {logging_mixin.py:151} INFO - [2023-09-16T13:57:45.277+0000] {dag.py:3696} INFO - Setting next_dagrun for example_subdag_operator.section-1 to None, run_after=None
[2023-09-16T13:57:45.277+0000] {logging_mixin.py:151} INFO - [2023-09-16T13:57:45.277+0000] {dag.py:3696} INFO - Setting next_dagrun for example_subdag_operator.section-2 to None, run_after=None
[2023-09-16T13:57:45.287+0000] {processor.py:179} INFO - Processing /home/airflow/.local/lib/python3.8/site-packages/airflow/example_dags/example_subdag_operator.py took 0.094 seconds
[2023-09-16T13:58:16.259+0000] {processor.py:157} INFO - Started process (PID=999) to work on /home/airflow/.local/lib/python3.8/site-packages/airflow/example_dags/example_subdag_operator.py
[2023-09-16T13:58:16.261+0000] {processor.py:829} INFO - Processing file /home/airflow/.local/lib/python3.8/site-packages/airflow/example_dags/example_subdag_operator.py for tasks to queue
[2023-09-16T13:58:16.263+0000] {logging_mixin.py:151} INFO - [2023-09-16T13:58:16.262+0000] {dagbag.py:539} INFO - Filling up the DagBag from /home/airflow/.local/lib/python3.8/site-packages/airflow/example_dags/example_subdag_operator.py
[2023-09-16T13:58:16.286+0000] {processor.py:839} INFO - DAG(s) dict_keys(['example_subdag_operator.section-1', 'example_subdag_operator.section-2', 'example_subdag_operator']) retrieved from /home/airflow/.local/lib/python3.8/site-packages/airflow/example_dags/example_subdag_operator.py
[2023-09-16T13:58:16.299+0000] {logging_mixin.py:151} INFO - [2023-09-16T13:58:16.299+0000] {dag.py:2915} INFO - Sync 3 DAGs
[2023-09-16T13:58:16.322+0000] {logging_mixin.py:151} INFO - [2023-09-16T13:58:16.322+0000] {dag.py:3696} INFO - Setting next_dagrun for example_subdag_operator to 2022-01-01T00:00:00+00:00, run_after=2022-01-01T00:00:00+00:00
[2023-09-16T13:58:16.326+0000] {logging_mixin.py:151} INFO - [2023-09-16T13:58:16.326+0000] {dag.py:3696} INFO - Setting next_dagrun for example_subdag_operator.section-1 to None, run_after=None
[2023-09-16T13:58:16.327+0000] {logging_mixin.py:151} INFO - [2023-09-16T13:58:16.327+0000] {dag.py:3696} INFO - Setting next_dagrun for example_subdag_operator.section-2 to None, run_after=None
[2023-09-16T13:58:16.335+0000] {logging_mixin.py:151} INFO - [2023-09-16T13:58:16.334+0000] {dag.py:2915} INFO - Sync 2 DAGs
[2023-09-16T13:58:16.340+0000] {logging_mixin.py:151} INFO - [2023-09-16T13:58:16.340+0000] {dag.py:3696} INFO - Setting next_dagrun for example_subdag_operator.section-1 to None, run_after=None
[2023-09-16T13:58:16.341+0000] {logging_mixin.py:151} INFO - [2023-09-16T13:58:16.341+0000] {dag.py:3696} INFO - Setting next_dagrun for example_subdag_operator.section-2 to None, run_after=None
[2023-09-16T13:58:16.352+0000] {processor.py:179} INFO - Processing /home/airflow/.local/lib/python3.8/site-packages/airflow/example_dags/example_subdag_operator.py took 0.096 seconds
