[2023-09-16T13:50:27.761+0000] {processor.py:157} INFO - Started process (PID=163) to work on /home/airflow/.local/lib/python3.8/site-packages/airflow/example_dags/example_dynamic_task_mapping_with_no_taskflow_operators.py
[2023-09-16T13:50:27.762+0000] {processor.py:829} INFO - Processing file /home/airflow/.local/lib/python3.8/site-packages/airflow/example_dags/example_dynamic_task_mapping_with_no_taskflow_operators.py for tasks to queue
[2023-09-16T13:50:27.764+0000] {logging_mixin.py:151} INFO - [2023-09-16T13:50:27.764+0000] {dagbag.py:539} INFO - Filling up the DagBag from /home/airflow/.local/lib/python3.8/site-packages/airflow/example_dags/example_dynamic_task_mapping_with_no_taskflow_operators.py
[2023-09-16T13:50:27.776+0000] {processor.py:839} INFO - DAG(s) dict_keys(['example_dynamic_task_mapping_with_no_taskflow_operators']) retrieved from /home/airflow/.local/lib/python3.8/site-packages/airflow/example_dags/example_dynamic_task_mapping_with_no_taskflow_operators.py
[2023-09-16T13:50:27.854+0000] {logging_mixin.py:151} INFO - [2023-09-16T13:50:27.854+0000] {dag.py:2915} INFO - Sync 1 DAGs
[2023-09-16T13:50:27.939+0000] {logging_mixin.py:151} INFO - [2023-09-16T13:50:27.939+0000] {dag.py:3696} INFO - Setting next_dagrun for example_dynamic_task_mapping_with_no_taskflow_operators to 2023-09-15T13:50:27.939383+00:00, run_after=2023-09-16T13:50:27.939383+00:00
[2023-09-16T13:50:27.957+0000] {processor.py:179} INFO - Processing /home/airflow/.local/lib/python3.8/site-packages/airflow/example_dags/example_dynamic_task_mapping_with_no_taskflow_operators.py took 0.199 seconds
[2023-09-16T13:50:58.471+0000] {processor.py:157} INFO - Started process (PID=217) to work on /home/airflow/.local/lib/python3.8/site-packages/airflow/example_dags/example_dynamic_task_mapping_with_no_taskflow_operators.py
[2023-09-16T13:50:58.472+0000] {processor.py:829} INFO - Processing file /home/airflow/.local/lib/python3.8/site-packages/airflow/example_dags/example_dynamic_task_mapping_with_no_taskflow_operators.py for tasks to queue
[2023-09-16T13:50:58.474+0000] {logging_mixin.py:151} INFO - [2023-09-16T13:50:58.474+0000] {dagbag.py:539} INFO - Filling up the DagBag from /home/airflow/.local/lib/python3.8/site-packages/airflow/example_dags/example_dynamic_task_mapping_with_no_taskflow_operators.py
[2023-09-16T13:50:58.480+0000] {processor.py:839} INFO - DAG(s) dict_keys(['example_dynamic_task_mapping_with_no_taskflow_operators']) retrieved from /home/airflow/.local/lib/python3.8/site-packages/airflow/example_dags/example_dynamic_task_mapping_with_no_taskflow_operators.py
[2023-09-16T13:50:58.500+0000] {logging_mixin.py:151} INFO - [2023-09-16T13:50:58.500+0000] {dag.py:2915} INFO - Sync 1 DAGs
[2023-09-16T13:50:58.521+0000] {logging_mixin.py:151} INFO - [2023-09-16T13:50:58.521+0000] {dag.py:3696} INFO - Setting next_dagrun for example_dynamic_task_mapping_with_no_taskflow_operators to 2023-09-15T13:50:58.520980+00:00, run_after=2023-09-16T13:50:58.520980+00:00
[2023-09-16T13:50:58.537+0000] {processor.py:179} INFO - Processing /home/airflow/.local/lib/python3.8/site-packages/airflow/example_dags/example_dynamic_task_mapping_with_no_taskflow_operators.py took 0.070 seconds
[2023-09-16T13:51:28.846+0000] {processor.py:157} INFO - Started process (PID=271) to work on /home/airflow/.local/lib/python3.8/site-packages/airflow/example_dags/example_dynamic_task_mapping_with_no_taskflow_operators.py
[2023-09-16T13:51:28.847+0000] {processor.py:829} INFO - Processing file /home/airflow/.local/lib/python3.8/site-packages/airflow/example_dags/example_dynamic_task_mapping_with_no_taskflow_operators.py for tasks to queue
[2023-09-16T13:51:28.849+0000] {logging_mixin.py:151} INFO - [2023-09-16T13:51:28.849+0000] {dagbag.py:539} INFO - Filling up the DagBag from /home/airflow/.local/lib/python3.8/site-packages/airflow/example_dags/example_dynamic_task_mapping_with_no_taskflow_operators.py
[2023-09-16T13:51:28.856+0000] {processor.py:839} INFO - DAG(s) dict_keys(['example_dynamic_task_mapping_with_no_taskflow_operators']) retrieved from /home/airflow/.local/lib/python3.8/site-packages/airflow/example_dags/example_dynamic_task_mapping_with_no_taskflow_operators.py
[2023-09-16T13:51:28.876+0000] {logging_mixin.py:151} INFO - [2023-09-16T13:51:28.876+0000] {dag.py:2915} INFO - Sync 1 DAGs
[2023-09-16T13:51:28.894+0000] {logging_mixin.py:151} INFO - [2023-09-16T13:51:28.894+0000] {dag.py:3696} INFO - Setting next_dagrun for example_dynamic_task_mapping_with_no_taskflow_operators to 2023-09-15T13:51:28.894221+00:00, run_after=2023-09-16T13:51:28.894221+00:00
[2023-09-16T13:51:28.910+0000] {processor.py:179} INFO - Processing /home/airflow/.local/lib/python3.8/site-packages/airflow/example_dags/example_dynamic_task_mapping_with_no_taskflow_operators.py took 0.068 seconds
[2023-09-16T13:51:59.112+0000] {processor.py:157} INFO - Started process (PID=325) to work on /home/airflow/.local/lib/python3.8/site-packages/airflow/example_dags/example_dynamic_task_mapping_with_no_taskflow_operators.py
[2023-09-16T13:51:59.113+0000] {processor.py:829} INFO - Processing file /home/airflow/.local/lib/python3.8/site-packages/airflow/example_dags/example_dynamic_task_mapping_with_no_taskflow_operators.py for tasks to queue
[2023-09-16T13:51:59.115+0000] {logging_mixin.py:151} INFO - [2023-09-16T13:51:59.115+0000] {dagbag.py:539} INFO - Filling up the DagBag from /home/airflow/.local/lib/python3.8/site-packages/airflow/example_dags/example_dynamic_task_mapping_with_no_taskflow_operators.py
[2023-09-16T13:51:59.121+0000] {processor.py:839} INFO - DAG(s) dict_keys(['example_dynamic_task_mapping_with_no_taskflow_operators']) retrieved from /home/airflow/.local/lib/python3.8/site-packages/airflow/example_dags/example_dynamic_task_mapping_with_no_taskflow_operators.py
[2023-09-16T13:51:59.141+0000] {logging_mixin.py:151} INFO - [2023-09-16T13:51:59.140+0000] {dag.py:2915} INFO - Sync 1 DAGs
[2023-09-16T13:51:59.163+0000] {logging_mixin.py:151} INFO - [2023-09-16T13:51:59.163+0000] {dag.py:3696} INFO - Setting next_dagrun for example_dynamic_task_mapping_with_no_taskflow_operators to 2023-09-15T13:51:59.163360+00:00, run_after=2023-09-16T13:51:59.163360+00:00
[2023-09-16T13:51:59.180+0000] {processor.py:179} INFO - Processing /home/airflow/.local/lib/python3.8/site-packages/airflow/example_dags/example_dynamic_task_mapping_with_no_taskflow_operators.py took 0.071 seconds
[2023-09-16T13:52:29.517+0000] {processor.py:157} INFO - Started process (PID=379) to work on /home/airflow/.local/lib/python3.8/site-packages/airflow/example_dags/example_dynamic_task_mapping_with_no_taskflow_operators.py
[2023-09-16T13:52:29.518+0000] {processor.py:829} INFO - Processing file /home/airflow/.local/lib/python3.8/site-packages/airflow/example_dags/example_dynamic_task_mapping_with_no_taskflow_operators.py for tasks to queue
[2023-09-16T13:52:29.520+0000] {logging_mixin.py:151} INFO - [2023-09-16T13:52:29.520+0000] {dagbag.py:539} INFO - Filling up the DagBag from /home/airflow/.local/lib/python3.8/site-packages/airflow/example_dags/example_dynamic_task_mapping_with_no_taskflow_operators.py
[2023-09-16T13:52:29.526+0000] {processor.py:839} INFO - DAG(s) dict_keys(['example_dynamic_task_mapping_with_no_taskflow_operators']) retrieved from /home/airflow/.local/lib/python3.8/site-packages/airflow/example_dags/example_dynamic_task_mapping_with_no_taskflow_operators.py
[2023-09-16T13:52:29.547+0000] {logging_mixin.py:151} INFO - [2023-09-16T13:52:29.546+0000] {dag.py:2915} INFO - Sync 1 DAGs
[2023-09-16T13:52:29.568+0000] {logging_mixin.py:151} INFO - [2023-09-16T13:52:29.568+0000] {dag.py:3696} INFO - Setting next_dagrun for example_dynamic_task_mapping_with_no_taskflow_operators to 2023-09-15T13:52:29.568146+00:00, run_after=2023-09-16T13:52:29.568146+00:00
[2023-09-16T13:52:29.585+0000] {processor.py:179} INFO - Processing /home/airflow/.local/lib/python3.8/site-packages/airflow/example_dags/example_dynamic_task_mapping_with_no_taskflow_operators.py took 0.071 seconds
[2023-09-16T13:52:59.863+0000] {processor.py:157} INFO - Started process (PID=433) to work on /home/airflow/.local/lib/python3.8/site-packages/airflow/example_dags/example_dynamic_task_mapping_with_no_taskflow_operators.py
[2023-09-16T13:52:59.864+0000] {processor.py:829} INFO - Processing file /home/airflow/.local/lib/python3.8/site-packages/airflow/example_dags/example_dynamic_task_mapping_with_no_taskflow_operators.py for tasks to queue
[2023-09-16T13:52:59.866+0000] {logging_mixin.py:151} INFO - [2023-09-16T13:52:59.866+0000] {dagbag.py:539} INFO - Filling up the DagBag from /home/airflow/.local/lib/python3.8/site-packages/airflow/example_dags/example_dynamic_task_mapping_with_no_taskflow_operators.py
[2023-09-16T13:52:59.872+0000] {processor.py:839} INFO - DAG(s) dict_keys(['example_dynamic_task_mapping_with_no_taskflow_operators']) retrieved from /home/airflow/.local/lib/python3.8/site-packages/airflow/example_dags/example_dynamic_task_mapping_with_no_taskflow_operators.py
[2023-09-16T13:52:59.912+0000] {logging_mixin.py:151} INFO - [2023-09-16T13:52:59.912+0000] {dag.py:2915} INFO - Sync 1 DAGs
[2023-09-16T13:52:59.933+0000] {logging_mixin.py:151} INFO - [2023-09-16T13:52:59.933+0000] {dag.py:3696} INFO - Setting next_dagrun for example_dynamic_task_mapping_with_no_taskflow_operators to 2023-09-15T13:52:59.933399+00:00, run_after=2023-09-16T13:52:59.933399+00:00
[2023-09-16T13:52:59.949+0000] {processor.py:179} INFO - Processing /home/airflow/.local/lib/python3.8/site-packages/airflow/example_dags/example_dynamic_task_mapping_with_no_taskflow_operators.py took 0.089 seconds
[2023-09-16T13:53:30.148+0000] {processor.py:157} INFO - Started process (PID=487) to work on /home/airflow/.local/lib/python3.8/site-packages/airflow/example_dags/example_dynamic_task_mapping_with_no_taskflow_operators.py
[2023-09-16T13:53:30.149+0000] {processor.py:829} INFO - Processing file /home/airflow/.local/lib/python3.8/site-packages/airflow/example_dags/example_dynamic_task_mapping_with_no_taskflow_operators.py for tasks to queue
[2023-09-16T13:53:30.151+0000] {logging_mixin.py:151} INFO - [2023-09-16T13:53:30.150+0000] {dagbag.py:539} INFO - Filling up the DagBag from /home/airflow/.local/lib/python3.8/site-packages/airflow/example_dags/example_dynamic_task_mapping_with_no_taskflow_operators.py
[2023-09-16T13:53:30.157+0000] {processor.py:839} INFO - DAG(s) dict_keys(['example_dynamic_task_mapping_with_no_taskflow_operators']) retrieved from /home/airflow/.local/lib/python3.8/site-packages/airflow/example_dags/example_dynamic_task_mapping_with_no_taskflow_operators.py
[2023-09-16T13:53:30.175+0000] {logging_mixin.py:151} INFO - [2023-09-16T13:53:30.175+0000] {dag.py:2915} INFO - Sync 1 DAGs
[2023-09-16T13:53:30.195+0000] {logging_mixin.py:151} INFO - [2023-09-16T13:53:30.195+0000] {dag.py:3696} INFO - Setting next_dagrun for example_dynamic_task_mapping_with_no_taskflow_operators to 2023-09-15T13:53:30.194786+00:00, run_after=2023-09-16T13:53:30.194786+00:00
[2023-09-16T13:53:30.212+0000] {processor.py:179} INFO - Processing /home/airflow/.local/lib/python3.8/site-packages/airflow/example_dags/example_dynamic_task_mapping_with_no_taskflow_operators.py took 0.067 seconds
[2023-09-16T13:54:00.343+0000] {processor.py:157} INFO - Started process (PID=541) to work on /home/airflow/.local/lib/python3.8/site-packages/airflow/example_dags/example_dynamic_task_mapping_with_no_taskflow_operators.py
[2023-09-16T13:54:00.345+0000] {processor.py:829} INFO - Processing file /home/airflow/.local/lib/python3.8/site-packages/airflow/example_dags/example_dynamic_task_mapping_with_no_taskflow_operators.py for tasks to queue
[2023-09-16T13:54:00.347+0000] {logging_mixin.py:151} INFO - [2023-09-16T13:54:00.346+0000] {dagbag.py:539} INFO - Filling up the DagBag from /home/airflow/.local/lib/python3.8/site-packages/airflow/example_dags/example_dynamic_task_mapping_with_no_taskflow_operators.py
[2023-09-16T13:54:00.353+0000] {processor.py:839} INFO - DAG(s) dict_keys(['example_dynamic_task_mapping_with_no_taskflow_operators']) retrieved from /home/airflow/.local/lib/python3.8/site-packages/airflow/example_dags/example_dynamic_task_mapping_with_no_taskflow_operators.py
[2023-09-16T13:54:00.374+0000] {logging_mixin.py:151} INFO - [2023-09-16T13:54:00.373+0000] {dag.py:2915} INFO - Sync 1 DAGs
[2023-09-16T13:54:00.393+0000] {logging_mixin.py:151} INFO - [2023-09-16T13:54:00.393+0000] {dag.py:3696} INFO - Setting next_dagrun for example_dynamic_task_mapping_with_no_taskflow_operators to 2023-09-15T13:54:00.393301+00:00, run_after=2023-09-16T13:54:00.393301+00:00
[2023-09-16T13:54:00.407+0000] {processor.py:179} INFO - Processing /home/airflow/.local/lib/python3.8/site-packages/airflow/example_dags/example_dynamic_task_mapping_with_no_taskflow_operators.py took 0.067 seconds
[2023-09-16T13:54:30.497+0000] {processor.py:157} INFO - Started process (PID=595) to work on /home/airflow/.local/lib/python3.8/site-packages/airflow/example_dags/example_dynamic_task_mapping_with_no_taskflow_operators.py
[2023-09-16T13:54:30.498+0000] {processor.py:829} INFO - Processing file /home/airflow/.local/lib/python3.8/site-packages/airflow/example_dags/example_dynamic_task_mapping_with_no_taskflow_operators.py for tasks to queue
[2023-09-16T13:54:30.500+0000] {logging_mixin.py:151} INFO - [2023-09-16T13:54:30.499+0000] {dagbag.py:539} INFO - Filling up the DagBag from /home/airflow/.local/lib/python3.8/site-packages/airflow/example_dags/example_dynamic_task_mapping_with_no_taskflow_operators.py
[2023-09-16T13:54:30.505+0000] {processor.py:839} INFO - DAG(s) dict_keys(['example_dynamic_task_mapping_with_no_taskflow_operators']) retrieved from /home/airflow/.local/lib/python3.8/site-packages/airflow/example_dags/example_dynamic_task_mapping_with_no_taskflow_operators.py
[2023-09-16T13:54:30.525+0000] {logging_mixin.py:151} INFO - [2023-09-16T13:54:30.525+0000] {dag.py:2915} INFO - Sync 1 DAGs
[2023-09-16T13:54:30.545+0000] {logging_mixin.py:151} INFO - [2023-09-16T13:54:30.545+0000] {dag.py:3696} INFO - Setting next_dagrun for example_dynamic_task_mapping_with_no_taskflow_operators to 2023-09-15T13:54:30.545367+00:00, run_after=2023-09-16T13:54:30.545367+00:00
[2023-09-16T13:54:30.560+0000] {processor.py:179} INFO - Processing /home/airflow/.local/lib/python3.8/site-packages/airflow/example_dags/example_dynamic_task_mapping_with_no_taskflow_operators.py took 0.067 seconds
[2023-09-16T13:55:01.173+0000] {processor.py:157} INFO - Started process (PID=649) to work on /home/airflow/.local/lib/python3.8/site-packages/airflow/example_dags/example_dynamic_task_mapping_with_no_taskflow_operators.py
[2023-09-16T13:55:01.174+0000] {processor.py:829} INFO - Processing file /home/airflow/.local/lib/python3.8/site-packages/airflow/example_dags/example_dynamic_task_mapping_with_no_taskflow_operators.py for tasks to queue
[2023-09-16T13:55:01.176+0000] {logging_mixin.py:151} INFO - [2023-09-16T13:55:01.176+0000] {dagbag.py:539} INFO - Filling up the DagBag from /home/airflow/.local/lib/python3.8/site-packages/airflow/example_dags/example_dynamic_task_mapping_with_no_taskflow_operators.py
[2023-09-16T13:55:01.183+0000] {processor.py:839} INFO - DAG(s) dict_keys(['example_dynamic_task_mapping_with_no_taskflow_operators']) retrieved from /home/airflow/.local/lib/python3.8/site-packages/airflow/example_dags/example_dynamic_task_mapping_with_no_taskflow_operators.py
[2023-09-16T13:55:01.202+0000] {logging_mixin.py:151} INFO - [2023-09-16T13:55:01.202+0000] {dag.py:2915} INFO - Sync 1 DAGs
[2023-09-16T13:55:01.222+0000] {logging_mixin.py:151} INFO - [2023-09-16T13:55:01.222+0000] {dag.py:3696} INFO - Setting next_dagrun for example_dynamic_task_mapping_with_no_taskflow_operators to 2023-09-15T13:55:01.221875+00:00, run_after=2023-09-16T13:55:01.221875+00:00
[2023-09-16T13:55:01.236+0000] {processor.py:179} INFO - Processing /home/airflow/.local/lib/python3.8/site-packages/airflow/example_dags/example_dynamic_task_mapping_with_no_taskflow_operators.py took 0.066 seconds
[2023-09-16T13:55:31.857+0000] {processor.py:157} INFO - Started process (PID=703) to work on /home/airflow/.local/lib/python3.8/site-packages/airflow/example_dags/example_dynamic_task_mapping_with_no_taskflow_operators.py
[2023-09-16T13:55:31.858+0000] {processor.py:829} INFO - Processing file /home/airflow/.local/lib/python3.8/site-packages/airflow/example_dags/example_dynamic_task_mapping_with_no_taskflow_operators.py for tasks to queue
[2023-09-16T13:55:31.860+0000] {logging_mixin.py:151} INFO - [2023-09-16T13:55:31.860+0000] {dagbag.py:539} INFO - Filling up the DagBag from /home/airflow/.local/lib/python3.8/site-packages/airflow/example_dags/example_dynamic_task_mapping_with_no_taskflow_operators.py
[2023-09-16T13:55:31.867+0000] {processor.py:839} INFO - DAG(s) dict_keys(['example_dynamic_task_mapping_with_no_taskflow_operators']) retrieved from /home/airflow/.local/lib/python3.8/site-packages/airflow/example_dags/example_dynamic_task_mapping_with_no_taskflow_operators.py
[2023-09-16T13:55:31.887+0000] {logging_mixin.py:151} INFO - [2023-09-16T13:55:31.887+0000] {dag.py:2915} INFO - Sync 1 DAGs
[2023-09-16T13:55:31.906+0000] {logging_mixin.py:151} INFO - [2023-09-16T13:55:31.906+0000] {dag.py:3696} INFO - Setting next_dagrun for example_dynamic_task_mapping_with_no_taskflow_operators to 2023-09-15T13:55:31.906400+00:00, run_after=2023-09-16T13:55:31.906400+00:00
[2023-09-16T13:55:31.920+0000] {processor.py:179} INFO - Processing /home/airflow/.local/lib/python3.8/site-packages/airflow/example_dags/example_dynamic_task_mapping_with_no_taskflow_operators.py took 0.066 seconds
[2023-09-16T13:56:02.087+0000] {processor.py:157} INFO - Started process (PID=757) to work on /home/airflow/.local/lib/python3.8/site-packages/airflow/example_dags/example_dynamic_task_mapping_with_no_taskflow_operators.py
[2023-09-16T13:56:02.088+0000] {processor.py:829} INFO - Processing file /home/airflow/.local/lib/python3.8/site-packages/airflow/example_dags/example_dynamic_task_mapping_with_no_taskflow_operators.py for tasks to queue
[2023-09-16T13:56:02.089+0000] {logging_mixin.py:151} INFO - [2023-09-16T13:56:02.089+0000] {dagbag.py:539} INFO - Filling up the DagBag from /home/airflow/.local/lib/python3.8/site-packages/airflow/example_dags/example_dynamic_task_mapping_with_no_taskflow_operators.py
[2023-09-16T13:56:02.095+0000] {processor.py:839} INFO - DAG(s) dict_keys(['example_dynamic_task_mapping_with_no_taskflow_operators']) retrieved from /home/airflow/.local/lib/python3.8/site-packages/airflow/example_dags/example_dynamic_task_mapping_with_no_taskflow_operators.py
[2023-09-16T13:56:02.114+0000] {logging_mixin.py:151} INFO - [2023-09-16T13:56:02.114+0000] {dag.py:2915} INFO - Sync 1 DAGs
[2023-09-16T13:56:02.134+0000] {logging_mixin.py:151} INFO - [2023-09-16T13:56:02.134+0000] {dag.py:3696} INFO - Setting next_dagrun for example_dynamic_task_mapping_with_no_taskflow_operators to 2023-09-15T13:56:02.134043+00:00, run_after=2023-09-16T13:56:02.134043+00:00
[2023-09-16T13:56:02.149+0000] {processor.py:179} INFO - Processing /home/airflow/.local/lib/python3.8/site-packages/airflow/example_dags/example_dynamic_task_mapping_with_no_taskflow_operators.py took 0.066 seconds
[2023-09-16T13:56:32.822+0000] {processor.py:157} INFO - Started process (PID=811) to work on /home/airflow/.local/lib/python3.8/site-packages/airflow/example_dags/example_dynamic_task_mapping_with_no_taskflow_operators.py
[2023-09-16T13:56:32.823+0000] {processor.py:829} INFO - Processing file /home/airflow/.local/lib/python3.8/site-packages/airflow/example_dags/example_dynamic_task_mapping_with_no_taskflow_operators.py for tasks to queue
[2023-09-16T13:56:32.825+0000] {logging_mixin.py:151} INFO - [2023-09-16T13:56:32.825+0000] {dagbag.py:539} INFO - Filling up the DagBag from /home/airflow/.local/lib/python3.8/site-packages/airflow/example_dags/example_dynamic_task_mapping_with_no_taskflow_operators.py
[2023-09-16T13:56:32.832+0000] {processor.py:839} INFO - DAG(s) dict_keys(['example_dynamic_task_mapping_with_no_taskflow_operators']) retrieved from /home/airflow/.local/lib/python3.8/site-packages/airflow/example_dags/example_dynamic_task_mapping_with_no_taskflow_operators.py
[2023-09-16T13:56:32.856+0000] {logging_mixin.py:151} INFO - [2023-09-16T13:56:32.855+0000] {dag.py:2915} INFO - Sync 1 DAGs
[2023-09-16T13:56:32.875+0000] {logging_mixin.py:151} INFO - [2023-09-16T13:56:32.874+0000] {dag.py:3696} INFO - Setting next_dagrun for example_dynamic_task_mapping_with_no_taskflow_operators to 2023-09-15T13:56:32.874591+00:00, run_after=2023-09-16T13:56:32.874591+00:00
[2023-09-16T13:56:32.891+0000] {processor.py:179} INFO - Processing /home/airflow/.local/lib/python3.8/site-packages/airflow/example_dags/example_dynamic_task_mapping_with_no_taskflow_operators.py took 0.073 seconds
[2023-09-16T13:57:03.545+0000] {processor.py:157} INFO - Started process (PID=865) to work on /home/airflow/.local/lib/python3.8/site-packages/airflow/example_dags/example_dynamic_task_mapping_with_no_taskflow_operators.py
[2023-09-16T13:57:03.546+0000] {processor.py:829} INFO - Processing file /home/airflow/.local/lib/python3.8/site-packages/airflow/example_dags/example_dynamic_task_mapping_with_no_taskflow_operators.py for tasks to queue
[2023-09-16T13:57:03.548+0000] {logging_mixin.py:151} INFO - [2023-09-16T13:57:03.547+0000] {dagbag.py:539} INFO - Filling up the DagBag from /home/airflow/.local/lib/python3.8/site-packages/airflow/example_dags/example_dynamic_task_mapping_with_no_taskflow_operators.py
[2023-09-16T13:57:03.554+0000] {processor.py:839} INFO - DAG(s) dict_keys(['example_dynamic_task_mapping_with_no_taskflow_operators']) retrieved from /home/airflow/.local/lib/python3.8/site-packages/airflow/example_dags/example_dynamic_task_mapping_with_no_taskflow_operators.py
[2023-09-16T13:57:03.574+0000] {logging_mixin.py:151} INFO - [2023-09-16T13:57:03.573+0000] {dag.py:2915} INFO - Sync 1 DAGs
[2023-09-16T13:57:03.593+0000] {logging_mixin.py:151} INFO - [2023-09-16T13:57:03.593+0000] {dag.py:3696} INFO - Setting next_dagrun for example_dynamic_task_mapping_with_no_taskflow_operators to 2023-09-15T13:57:03.592941+00:00, run_after=2023-09-16T13:57:03.592941+00:00
[2023-09-16T13:57:03.607+0000] {processor.py:179} INFO - Processing /home/airflow/.local/lib/python3.8/site-packages/airflow/example_dags/example_dynamic_task_mapping_with_no_taskflow_operators.py took 0.066 seconds
[2023-09-16T13:57:34.546+0000] {processor.py:157} INFO - Started process (PID=919) to work on /home/airflow/.local/lib/python3.8/site-packages/airflow/example_dags/example_dynamic_task_mapping_with_no_taskflow_operators.py
[2023-09-16T13:57:34.548+0000] {processor.py:829} INFO - Processing file /home/airflow/.local/lib/python3.8/site-packages/airflow/example_dags/example_dynamic_task_mapping_with_no_taskflow_operators.py for tasks to queue
[2023-09-16T13:57:34.550+0000] {logging_mixin.py:151} INFO - [2023-09-16T13:57:34.550+0000] {dagbag.py:539} INFO - Filling up the DagBag from /home/airflow/.local/lib/python3.8/site-packages/airflow/example_dags/example_dynamic_task_mapping_with_no_taskflow_operators.py
[2023-09-16T13:57:34.558+0000] {processor.py:839} INFO - DAG(s) dict_keys(['example_dynamic_task_mapping_with_no_taskflow_operators']) retrieved from /home/airflow/.local/lib/python3.8/site-packages/airflow/example_dags/example_dynamic_task_mapping_with_no_taskflow_operators.py
[2023-09-16T13:57:34.578+0000] {logging_mixin.py:151} INFO - [2023-09-16T13:57:34.578+0000] {dag.py:2915} INFO - Sync 1 DAGs
[2023-09-16T13:57:34.644+0000] {logging_mixin.py:151} INFO - [2023-09-16T13:57:34.644+0000] {dag.py:3696} INFO - Setting next_dagrun for example_dynamic_task_mapping_with_no_taskflow_operators to 2023-09-15T13:57:34.644428+00:00, run_after=2023-09-16T13:57:34.644428+00:00
[2023-09-16T13:57:34.659+0000] {processor.py:179} INFO - Processing /home/airflow/.local/lib/python3.8/site-packages/airflow/example_dags/example_dynamic_task_mapping_with_no_taskflow_operators.py took 0.116 seconds
[2023-09-16T13:58:04.868+0000] {processor.py:157} INFO - Started process (PID=973) to work on /home/airflow/.local/lib/python3.8/site-packages/airflow/example_dags/example_dynamic_task_mapping_with_no_taskflow_operators.py
[2023-09-16T13:58:04.869+0000] {processor.py:829} INFO - Processing file /home/airflow/.local/lib/python3.8/site-packages/airflow/example_dags/example_dynamic_task_mapping_with_no_taskflow_operators.py for tasks to queue
[2023-09-16T13:58:04.871+0000] {logging_mixin.py:151} INFO - [2023-09-16T13:58:04.871+0000] {dagbag.py:539} INFO - Filling up the DagBag from /home/airflow/.local/lib/python3.8/site-packages/airflow/example_dags/example_dynamic_task_mapping_with_no_taskflow_operators.py
[2023-09-16T13:58:04.877+0000] {processor.py:839} INFO - DAG(s) dict_keys(['example_dynamic_task_mapping_with_no_taskflow_operators']) retrieved from /home/airflow/.local/lib/python3.8/site-packages/airflow/example_dags/example_dynamic_task_mapping_with_no_taskflow_operators.py
[2023-09-16T13:58:04.896+0000] {logging_mixin.py:151} INFO - [2023-09-16T13:58:04.896+0000] {dag.py:2915} INFO - Sync 1 DAGs
[2023-09-16T13:58:04.916+0000] {logging_mixin.py:151} INFO - [2023-09-16T13:58:04.916+0000] {dag.py:3696} INFO - Setting next_dagrun for example_dynamic_task_mapping_with_no_taskflow_operators to 2023-09-15T13:58:04.916459+00:00, run_after=2023-09-16T13:58:04.916459+00:00
[2023-09-16T13:58:04.931+0000] {processor.py:179} INFO - Processing /home/airflow/.local/lib/python3.8/site-packages/airflow/example_dags/example_dynamic_task_mapping_with_no_taskflow_operators.py took 0.066 seconds
[2023-09-16T13:58:35.026+0000] {processor.py:157} INFO - Started process (PID=1027) to work on /home/airflow/.local/lib/python3.8/site-packages/airflow/example_dags/example_dynamic_task_mapping_with_no_taskflow_operators.py
[2023-09-16T13:58:35.027+0000] {processor.py:829} INFO - Processing file /home/airflow/.local/lib/python3.8/site-packages/airflow/example_dags/example_dynamic_task_mapping_with_no_taskflow_operators.py for tasks to queue
[2023-09-16T13:58:35.028+0000] {logging_mixin.py:151} INFO - [2023-09-16T13:58:35.028+0000] {dagbag.py:539} INFO - Filling up the DagBag from /home/airflow/.local/lib/python3.8/site-packages/airflow/example_dags/example_dynamic_task_mapping_with_no_taskflow_operators.py
[2023-09-16T13:58:35.035+0000] {processor.py:839} INFO - DAG(s) dict_keys(['example_dynamic_task_mapping_with_no_taskflow_operators']) retrieved from /home/airflow/.local/lib/python3.8/site-packages/airflow/example_dags/example_dynamic_task_mapping_with_no_taskflow_operators.py
[2023-09-16T13:58:35.056+0000] {logging_mixin.py:151} INFO - [2023-09-16T13:58:35.055+0000] {dag.py:2915} INFO - Sync 1 DAGs
[2023-09-16T13:58:35.075+0000] {logging_mixin.py:151} INFO - [2023-09-16T13:58:35.075+0000] {dag.py:3696} INFO - Setting next_dagrun for example_dynamic_task_mapping_with_no_taskflow_operators to 2023-09-15T13:58:35.075202+00:00, run_after=2023-09-16T13:58:35.075202+00:00
[2023-09-16T13:58:35.091+0000] {processor.py:179} INFO - Processing /home/airflow/.local/lib/python3.8/site-packages/airflow/example_dags/example_dynamic_task_mapping_with_no_taskflow_operators.py took 0.070 seconds
