[2023-09-16T13:50:32.231+0000] {processor.py:157} INFO - Started process (PID=189) to work on /home/airflow/.local/lib/python3.8/site-packages/airflow/example_dags/example_xcomargs.py
[2023-09-16T13:50:32.232+0000] {processor.py:829} INFO - Processing file /home/airflow/.local/lib/python3.8/site-packages/airflow/example_dags/example_xcomargs.py for tasks to queue
[2023-09-16T13:50:32.234+0000] {logging_mixin.py:151} INFO - [2023-09-16T13:50:32.234+0000] {dagbag.py:539} INFO - Filling up the DagBag from /home/airflow/.local/lib/python3.8/site-packages/airflow/example_dags/example_xcomargs.py
[2023-09-16T13:50:32.244+0000] {processor.py:839} INFO - DAG(s) dict_keys(['example_xcom_args_with_operators', 'example_xcom_args']) retrieved from /home/airflow/.local/lib/python3.8/site-packages/airflow/example_dags/example_xcomargs.py
[2023-09-16T13:50:32.273+0000] {logging_mixin.py:151} INFO - [2023-09-16T13:50:32.273+0000] {dag.py:2915} INFO - Sync 2 DAGs
[2023-09-16T13:50:32.291+0000] {logging_mixin.py:151} INFO - [2023-09-16T13:50:32.290+0000] {dag.py:3696} INFO - Setting next_dagrun for example_xcom_args to None, run_after=None
[2023-09-16T13:50:32.295+0000] {logging_mixin.py:151} INFO - [2023-09-16T13:50:32.294+0000] {dag.py:3696} INFO - Setting next_dagrun for example_xcom_args_with_operators to None, run_after=None
[2023-09-16T13:50:32.339+0000] {processor.py:179} INFO - Processing /home/airflow/.local/lib/python3.8/site-packages/airflow/example_dags/example_xcomargs.py took 0.112 seconds
[2023-09-16T13:51:03.392+0000] {processor.py:157} INFO - Started process (PID=243) to work on /home/airflow/.local/lib/python3.8/site-packages/airflow/example_dags/example_xcomargs.py
[2023-09-16T13:51:03.393+0000] {processor.py:829} INFO - Processing file /home/airflow/.local/lib/python3.8/site-packages/airflow/example_dags/example_xcomargs.py for tasks to queue
[2023-09-16T13:51:03.395+0000] {logging_mixin.py:151} INFO - [2023-09-16T13:51:03.395+0000] {dagbag.py:539} INFO - Filling up the DagBag from /home/airflow/.local/lib/python3.8/site-packages/airflow/example_dags/example_xcomargs.py
[2023-09-16T13:51:03.403+0000] {processor.py:839} INFO - DAG(s) dict_keys(['example_xcom_args', 'example_xcom_args_with_operators']) retrieved from /home/airflow/.local/lib/python3.8/site-packages/airflow/example_dags/example_xcomargs.py
[2023-09-16T13:51:03.446+0000] {logging_mixin.py:151} INFO - [2023-09-16T13:51:03.445+0000] {dag.py:2915} INFO - Sync 2 DAGs
[2023-09-16T13:51:03.460+0000] {logging_mixin.py:151} INFO - [2023-09-16T13:51:03.459+0000] {dag.py:3696} INFO - Setting next_dagrun for example_xcom_args to None, run_after=None
[2023-09-16T13:51:03.463+0000] {logging_mixin.py:151} INFO - [2023-09-16T13:51:03.463+0000] {dag.py:3696} INFO - Setting next_dagrun for example_xcom_args_with_operators to None, run_after=None
[2023-09-16T13:51:03.485+0000] {processor.py:179} INFO - Processing /home/airflow/.local/lib/python3.8/site-packages/airflow/example_dags/example_xcomargs.py took 0.096 seconds
[2023-09-16T13:51:33.651+0000] {processor.py:157} INFO - Started process (PID=297) to work on /home/airflow/.local/lib/python3.8/site-packages/airflow/example_dags/example_xcomargs.py
[2023-09-16T13:51:33.652+0000] {processor.py:829} INFO - Processing file /home/airflow/.local/lib/python3.8/site-packages/airflow/example_dags/example_xcomargs.py for tasks to queue
[2023-09-16T13:51:33.654+0000] {logging_mixin.py:151} INFO - [2023-09-16T13:51:33.654+0000] {dagbag.py:539} INFO - Filling up the DagBag from /home/airflow/.local/lib/python3.8/site-packages/airflow/example_dags/example_xcomargs.py
[2023-09-16T13:51:33.661+0000] {processor.py:839} INFO - DAG(s) dict_keys(['example_xcom_args', 'example_xcom_args_with_operators']) retrieved from /home/airflow/.local/lib/python3.8/site-packages/airflow/example_dags/example_xcomargs.py
[2023-09-16T13:51:33.684+0000] {logging_mixin.py:151} INFO - [2023-09-16T13:51:33.683+0000] {dag.py:2915} INFO - Sync 2 DAGs
[2023-09-16T13:51:33.696+0000] {logging_mixin.py:151} INFO - [2023-09-16T13:51:33.696+0000] {dag.py:3696} INFO - Setting next_dagrun for example_xcom_args to None, run_after=None
[2023-09-16T13:51:33.699+0000] {logging_mixin.py:151} INFO - [2023-09-16T13:51:33.699+0000] {dag.py:3696} INFO - Setting next_dagrun for example_xcom_args_with_operators to None, run_after=None
[2023-09-16T13:51:33.731+0000] {processor.py:179} INFO - Processing /home/airflow/.local/lib/python3.8/site-packages/airflow/example_dags/example_xcomargs.py took 0.084 seconds
[2023-09-16T13:52:05.034+0000] {processor.py:157} INFO - Started process (PID=351) to work on /home/airflow/.local/lib/python3.8/site-packages/airflow/example_dags/example_xcomargs.py
[2023-09-16T13:52:05.036+0000] {processor.py:829} INFO - Processing file /home/airflow/.local/lib/python3.8/site-packages/airflow/example_dags/example_xcomargs.py for tasks to queue
[2023-09-16T13:52:05.038+0000] {logging_mixin.py:151} INFO - [2023-09-16T13:52:05.038+0000] {dagbag.py:539} INFO - Filling up the DagBag from /home/airflow/.local/lib/python3.8/site-packages/airflow/example_dags/example_xcomargs.py
[2023-09-16T13:52:05.048+0000] {processor.py:839} INFO - DAG(s) dict_keys(['example_xcom_args_with_operators', 'example_xcom_args']) retrieved from /home/airflow/.local/lib/python3.8/site-packages/airflow/example_dags/example_xcomargs.py
[2023-09-16T13:52:05.081+0000] {logging_mixin.py:151} INFO - [2023-09-16T13:52:05.081+0000] {dag.py:2915} INFO - Sync 2 DAGs
[2023-09-16T13:52:05.097+0000] {logging_mixin.py:151} INFO - [2023-09-16T13:52:05.097+0000] {dag.py:3696} INFO - Setting next_dagrun for example_xcom_args to None, run_after=None
[2023-09-16T13:52:05.102+0000] {logging_mixin.py:151} INFO - [2023-09-16T13:52:05.102+0000] {dag.py:3696} INFO - Setting next_dagrun for example_xcom_args_with_operators to None, run_after=None
[2023-09-16T13:52:05.127+0000] {processor.py:179} INFO - Processing /home/airflow/.local/lib/python3.8/site-packages/airflow/example_dags/example_xcomargs.py took 0.097 seconds
[2023-09-16T13:52:35.354+0000] {processor.py:157} INFO - Started process (PID=405) to work on /home/airflow/.local/lib/python3.8/site-packages/airflow/example_dags/example_xcomargs.py
[2023-09-16T13:52:35.355+0000] {processor.py:829} INFO - Processing file /home/airflow/.local/lib/python3.8/site-packages/airflow/example_dags/example_xcomargs.py for tasks to queue
[2023-09-16T13:52:35.357+0000] {logging_mixin.py:151} INFO - [2023-09-16T13:52:35.357+0000] {dagbag.py:539} INFO - Filling up the DagBag from /home/airflow/.local/lib/python3.8/site-packages/airflow/example_dags/example_xcomargs.py
[2023-09-16T13:52:35.365+0000] {processor.py:839} INFO - DAG(s) dict_keys(['example_xcom_args', 'example_xcom_args_with_operators']) retrieved from /home/airflow/.local/lib/python3.8/site-packages/airflow/example_dags/example_xcomargs.py
[2023-09-16T13:52:35.390+0000] {logging_mixin.py:151} INFO - [2023-09-16T13:52:35.389+0000] {dag.py:2915} INFO - Sync 2 DAGs
[2023-09-16T13:52:35.402+0000] {logging_mixin.py:151} INFO - [2023-09-16T13:52:35.402+0000] {dag.py:3696} INFO - Setting next_dagrun for example_xcom_args to None, run_after=None
[2023-09-16T13:52:35.405+0000] {logging_mixin.py:151} INFO - [2023-09-16T13:52:35.405+0000] {dag.py:3696} INFO - Setting next_dagrun for example_xcom_args_with_operators to None, run_after=None
[2023-09-16T13:52:35.420+0000] {processor.py:179} INFO - Processing /home/airflow/.local/lib/python3.8/site-packages/airflow/example_dags/example_xcomargs.py took 0.069 seconds
[2023-09-16T13:53:06.759+0000] {processor.py:157} INFO - Started process (PID=459) to work on /home/airflow/.local/lib/python3.8/site-packages/airflow/example_dags/example_xcomargs.py
[2023-09-16T13:53:06.760+0000] {processor.py:829} INFO - Processing file /home/airflow/.local/lib/python3.8/site-packages/airflow/example_dags/example_xcomargs.py for tasks to queue
[2023-09-16T13:53:06.762+0000] {logging_mixin.py:151} INFO - [2023-09-16T13:53:06.762+0000] {dagbag.py:539} INFO - Filling up the DagBag from /home/airflow/.local/lib/python3.8/site-packages/airflow/example_dags/example_xcomargs.py
[2023-09-16T13:53:06.771+0000] {processor.py:839} INFO - DAG(s) dict_keys(['example_xcom_args', 'example_xcom_args_with_operators']) retrieved from /home/airflow/.local/lib/python3.8/site-packages/airflow/example_dags/example_xcomargs.py
[2023-09-16T13:53:06.797+0000] {logging_mixin.py:151} INFO - [2023-09-16T13:53:06.797+0000] {dag.py:2915} INFO - Sync 2 DAGs
[2023-09-16T13:53:06.811+0000] {logging_mixin.py:151} INFO - [2023-09-16T13:53:06.811+0000] {dag.py:3696} INFO - Setting next_dagrun for example_xcom_args to None, run_after=None
[2023-09-16T13:53:06.827+0000] {logging_mixin.py:151} INFO - [2023-09-16T13:53:06.826+0000] {dag.py:3696} INFO - Setting next_dagrun for example_xcom_args_with_operators to None, run_after=None
[2023-09-16T13:53:06.846+0000] {processor.py:179} INFO - Processing /home/airflow/.local/lib/python3.8/site-packages/airflow/example_dags/example_xcomargs.py took 0.091 seconds
[2023-09-16T13:53:37.933+0000] {processor.py:157} INFO - Started process (PID=513) to work on /home/airflow/.local/lib/python3.8/site-packages/airflow/example_dags/example_xcomargs.py
[2023-09-16T13:53:37.935+0000] {processor.py:829} INFO - Processing file /home/airflow/.local/lib/python3.8/site-packages/airflow/example_dags/example_xcomargs.py for tasks to queue
[2023-09-16T13:53:37.937+0000] {logging_mixin.py:151} INFO - [2023-09-16T13:53:37.937+0000] {dagbag.py:539} INFO - Filling up the DagBag from /home/airflow/.local/lib/python3.8/site-packages/airflow/example_dags/example_xcomargs.py
[2023-09-16T13:53:37.945+0000] {processor.py:839} INFO - DAG(s) dict_keys(['example_xcom_args', 'example_xcom_args_with_operators']) retrieved from /home/airflow/.local/lib/python3.8/site-packages/airflow/example_dags/example_xcomargs.py
[2023-09-16T13:53:37.969+0000] {logging_mixin.py:151} INFO - [2023-09-16T13:53:37.969+0000] {dag.py:2915} INFO - Sync 2 DAGs
[2023-09-16T13:53:37.981+0000] {logging_mixin.py:151} INFO - [2023-09-16T13:53:37.981+0000] {dag.py:3696} INFO - Setting next_dagrun for example_xcom_args to None, run_after=None
[2023-09-16T13:53:37.984+0000] {logging_mixin.py:151} INFO - [2023-09-16T13:53:37.984+0000] {dag.py:3696} INFO - Setting next_dagrun for example_xcom_args_with_operators to None, run_after=None
[2023-09-16T13:53:37.998+0000] {processor.py:179} INFO - Processing /home/airflow/.local/lib/python3.8/site-packages/airflow/example_dags/example_xcomargs.py took 0.068 seconds
[2023-09-16T13:54:09.240+0000] {processor.py:157} INFO - Started process (PID=574) to work on /home/airflow/.local/lib/python3.8/site-packages/airflow/example_dags/example_xcomargs.py
[2023-09-16T13:54:09.241+0000] {processor.py:829} INFO - Processing file /home/airflow/.local/lib/python3.8/site-packages/airflow/example_dags/example_xcomargs.py for tasks to queue
[2023-09-16T13:54:09.243+0000] {logging_mixin.py:151} INFO - [2023-09-16T13:54:09.243+0000] {dagbag.py:539} INFO - Filling up the DagBag from /home/airflow/.local/lib/python3.8/site-packages/airflow/example_dags/example_xcomargs.py
[2023-09-16T13:54:09.251+0000] {processor.py:839} INFO - DAG(s) dict_keys(['example_xcom_args', 'example_xcom_args_with_operators']) retrieved from /home/airflow/.local/lib/python3.8/site-packages/airflow/example_dags/example_xcomargs.py
[2023-09-16T13:54:09.275+0000] {logging_mixin.py:151} INFO - [2023-09-16T13:54:09.275+0000] {dag.py:2915} INFO - Sync 2 DAGs
[2023-09-16T13:54:09.287+0000] {logging_mixin.py:151} INFO - [2023-09-16T13:54:09.287+0000] {dag.py:3696} INFO - Setting next_dagrun for example_xcom_args to None, run_after=None
[2023-09-16T13:54:09.291+0000] {logging_mixin.py:151} INFO - [2023-09-16T13:54:09.291+0000] {dag.py:3696} INFO - Setting next_dagrun for example_xcom_args_with_operators to None, run_after=None
[2023-09-16T13:54:09.305+0000] {processor.py:179} INFO - Processing /home/airflow/.local/lib/python3.8/site-packages/airflow/example_dags/example_xcomargs.py took 0.069 seconds
[2023-09-16T13:54:40.147+0000] {processor.py:157} INFO - Started process (PID=628) to work on /home/airflow/.local/lib/python3.8/site-packages/airflow/example_dags/example_xcomargs.py
[2023-09-16T13:54:40.148+0000] {processor.py:829} INFO - Processing file /home/airflow/.local/lib/python3.8/site-packages/airflow/example_dags/example_xcomargs.py for tasks to queue
[2023-09-16T13:54:40.150+0000] {logging_mixin.py:151} INFO - [2023-09-16T13:54:40.150+0000] {dagbag.py:539} INFO - Filling up the DagBag from /home/airflow/.local/lib/python3.8/site-packages/airflow/example_dags/example_xcomargs.py
[2023-09-16T13:54:40.157+0000] {processor.py:839} INFO - DAG(s) dict_keys(['example_xcom_args', 'example_xcom_args_with_operators']) retrieved from /home/airflow/.local/lib/python3.8/site-packages/airflow/example_dags/example_xcomargs.py
[2023-09-16T13:54:40.182+0000] {logging_mixin.py:151} INFO - [2023-09-16T13:54:40.182+0000] {dag.py:2915} INFO - Sync 2 DAGs
[2023-09-16T13:54:40.194+0000] {logging_mixin.py:151} INFO - [2023-09-16T13:54:40.194+0000] {dag.py:3696} INFO - Setting next_dagrun for example_xcom_args to None, run_after=None
[2023-09-16T13:54:40.197+0000] {logging_mixin.py:151} INFO - [2023-09-16T13:54:40.197+0000] {dag.py:3696} INFO - Setting next_dagrun for example_xcom_args_with_operators to None, run_after=None
[2023-09-16T13:54:40.210+0000] {processor.py:179} INFO - Processing /home/airflow/.local/lib/python3.8/site-packages/airflow/example_dags/example_xcomargs.py took 0.067 seconds
[2023-09-16T13:55:10.731+0000] {processor.py:157} INFO - Started process (PID=682) to work on /home/airflow/.local/lib/python3.8/site-packages/airflow/example_dags/example_xcomargs.py
[2023-09-16T13:55:10.732+0000] {processor.py:829} INFO - Processing file /home/airflow/.local/lib/python3.8/site-packages/airflow/example_dags/example_xcomargs.py for tasks to queue
[2023-09-16T13:55:10.734+0000] {logging_mixin.py:151} INFO - [2023-09-16T13:55:10.734+0000] {dagbag.py:539} INFO - Filling up the DagBag from /home/airflow/.local/lib/python3.8/site-packages/airflow/example_dags/example_xcomargs.py
[2023-09-16T13:55:10.742+0000] {processor.py:839} INFO - DAG(s) dict_keys(['example_xcom_args', 'example_xcom_args_with_operators']) retrieved from /home/airflow/.local/lib/python3.8/site-packages/airflow/example_dags/example_xcomargs.py
[2023-09-16T13:55:10.768+0000] {logging_mixin.py:151} INFO - [2023-09-16T13:55:10.767+0000] {dag.py:2915} INFO - Sync 2 DAGs
[2023-09-16T13:55:10.780+0000] {logging_mixin.py:151} INFO - [2023-09-16T13:55:10.780+0000] {dag.py:3696} INFO - Setting next_dagrun for example_xcom_args to None, run_after=None
[2023-09-16T13:55:10.783+0000] {logging_mixin.py:151} INFO - [2023-09-16T13:55:10.783+0000] {dag.py:3696} INFO - Setting next_dagrun for example_xcom_args_with_operators to None, run_after=None
[2023-09-16T13:55:10.800+0000] {processor.py:179} INFO - Processing /home/airflow/.local/lib/python3.8/site-packages/airflow/example_dags/example_xcomargs.py took 0.073 seconds
[2023-09-16T13:55:41.707+0000] {processor.py:157} INFO - Started process (PID=736) to work on /home/airflow/.local/lib/python3.8/site-packages/airflow/example_dags/example_xcomargs.py
[2023-09-16T13:55:41.708+0000] {processor.py:829} INFO - Processing file /home/airflow/.local/lib/python3.8/site-packages/airflow/example_dags/example_xcomargs.py for tasks to queue
[2023-09-16T13:55:41.710+0000] {logging_mixin.py:151} INFO - [2023-09-16T13:55:41.710+0000] {dagbag.py:539} INFO - Filling up the DagBag from /home/airflow/.local/lib/python3.8/site-packages/airflow/example_dags/example_xcomargs.py
[2023-09-16T13:55:41.717+0000] {processor.py:839} INFO - DAG(s) dict_keys(['example_xcom_args_with_operators', 'example_xcom_args']) retrieved from /home/airflow/.local/lib/python3.8/site-packages/airflow/example_dags/example_xcomargs.py
[2023-09-16T13:55:41.748+0000] {logging_mixin.py:151} INFO - [2023-09-16T13:55:41.748+0000] {dag.py:2915} INFO - Sync 2 DAGs
[2023-09-16T13:55:41.766+0000] {logging_mixin.py:151} INFO - [2023-09-16T13:55:41.766+0000] {dag.py:3696} INFO - Setting next_dagrun for example_xcom_args to None, run_after=None
[2023-09-16T13:55:41.770+0000] {logging_mixin.py:151} INFO - [2023-09-16T13:55:41.770+0000] {dag.py:3696} INFO - Setting next_dagrun for example_xcom_args_with_operators to None, run_after=None
[2023-09-16T13:55:41.787+0000] {processor.py:179} INFO - Processing /home/airflow/.local/lib/python3.8/site-packages/airflow/example_dags/example_xcomargs.py took 0.084 seconds
[2023-09-16T13:56:12.731+0000] {processor.py:157} INFO - Started process (PID=790) to work on /home/airflow/.local/lib/python3.8/site-packages/airflow/example_dags/example_xcomargs.py
[2023-09-16T13:56:12.732+0000] {processor.py:829} INFO - Processing file /home/airflow/.local/lib/python3.8/site-packages/airflow/example_dags/example_xcomargs.py for tasks to queue
[2023-09-16T13:56:12.735+0000] {logging_mixin.py:151} INFO - [2023-09-16T13:56:12.735+0000] {dagbag.py:539} INFO - Filling up the DagBag from /home/airflow/.local/lib/python3.8/site-packages/airflow/example_dags/example_xcomargs.py
[2023-09-16T13:56:12.743+0000] {processor.py:839} INFO - DAG(s) dict_keys(['example_xcom_args', 'example_xcom_args_with_operators']) retrieved from /home/airflow/.local/lib/python3.8/site-packages/airflow/example_dags/example_xcomargs.py
[2023-09-16T13:56:12.771+0000] {logging_mixin.py:151} INFO - [2023-09-16T13:56:12.770+0000] {dag.py:2915} INFO - Sync 2 DAGs
[2023-09-16T13:56:12.788+0000] {logging_mixin.py:151} INFO - [2023-09-16T13:56:12.787+0000] {dag.py:3696} INFO - Setting next_dagrun for example_xcom_args to None, run_after=None
[2023-09-16T13:56:12.792+0000] {logging_mixin.py:151} INFO - [2023-09-16T13:56:12.791+0000] {dag.py:3696} INFO - Setting next_dagrun for example_xcom_args_with_operators to None, run_after=None
[2023-09-16T13:56:12.842+0000] {processor.py:179} INFO - Processing /home/airflow/.local/lib/python3.8/site-packages/airflow/example_dags/example_xcomargs.py took 0.114 seconds
[2023-09-16T13:56:43.485+0000] {processor.py:157} INFO - Started process (PID=844) to work on /home/airflow/.local/lib/python3.8/site-packages/airflow/example_dags/example_xcomargs.py
[2023-09-16T13:56:43.486+0000] {processor.py:829} INFO - Processing file /home/airflow/.local/lib/python3.8/site-packages/airflow/example_dags/example_xcomargs.py for tasks to queue
[2023-09-16T13:56:43.487+0000] {logging_mixin.py:151} INFO - [2023-09-16T13:56:43.487+0000] {dagbag.py:539} INFO - Filling up the DagBag from /home/airflow/.local/lib/python3.8/site-packages/airflow/example_dags/example_xcomargs.py
[2023-09-16T13:56:43.494+0000] {processor.py:839} INFO - DAG(s) dict_keys(['example_xcom_args_with_operators', 'example_xcom_args']) retrieved from /home/airflow/.local/lib/python3.8/site-packages/airflow/example_dags/example_xcomargs.py
[2023-09-16T13:56:43.516+0000] {logging_mixin.py:151} INFO - [2023-09-16T13:56:43.515+0000] {dag.py:2915} INFO - Sync 2 DAGs
[2023-09-16T13:56:43.527+0000] {logging_mixin.py:151} INFO - [2023-09-16T13:56:43.527+0000] {dag.py:3696} INFO - Setting next_dagrun for example_xcom_args to None, run_after=None
[2023-09-16T13:56:43.529+0000] {logging_mixin.py:151} INFO - [2023-09-16T13:56:43.529+0000] {dag.py:3696} INFO - Setting next_dagrun for example_xcom_args_with_operators to None, run_after=None
[2023-09-16T13:56:43.544+0000] {processor.py:179} INFO - Processing /home/airflow/.local/lib/python3.8/site-packages/airflow/example_dags/example_xcomargs.py took 0.062 seconds
[2023-09-16T13:57:14.183+0000] {processor.py:157} INFO - Started process (PID=898) to work on /home/airflow/.local/lib/python3.8/site-packages/airflow/example_dags/example_xcomargs.py
[2023-09-16T13:57:14.184+0000] {processor.py:829} INFO - Processing file /home/airflow/.local/lib/python3.8/site-packages/airflow/example_dags/example_xcomargs.py for tasks to queue
[2023-09-16T13:57:14.187+0000] {logging_mixin.py:151} INFO - [2023-09-16T13:57:14.187+0000] {dagbag.py:539} INFO - Filling up the DagBag from /home/airflow/.local/lib/python3.8/site-packages/airflow/example_dags/example_xcomargs.py
[2023-09-16T13:57:14.196+0000] {processor.py:839} INFO - DAG(s) dict_keys(['example_xcom_args', 'example_xcom_args_with_operators']) retrieved from /home/airflow/.local/lib/python3.8/site-packages/airflow/example_dags/example_xcomargs.py
[2023-09-16T13:57:14.222+0000] {logging_mixin.py:151} INFO - [2023-09-16T13:57:14.222+0000] {dag.py:2915} INFO - Sync 2 DAGs
[2023-09-16T13:57:14.235+0000] {logging_mixin.py:151} INFO - [2023-09-16T13:57:14.235+0000] {dag.py:3696} INFO - Setting next_dagrun for example_xcom_args to None, run_after=None
[2023-09-16T13:57:14.239+0000] {logging_mixin.py:151} INFO - [2023-09-16T13:57:14.239+0000] {dag.py:3696} INFO - Setting next_dagrun for example_xcom_args_with_operators to None, run_after=None
[2023-09-16T13:57:14.254+0000] {processor.py:179} INFO - Processing /home/airflow/.local/lib/python3.8/site-packages/airflow/example_dags/example_xcomargs.py took 0.074 seconds
[2023-09-16T13:57:45.586+0000] {processor.py:157} INFO - Started process (PID=952) to work on /home/airflow/.local/lib/python3.8/site-packages/airflow/example_dags/example_xcomargs.py
[2023-09-16T13:57:45.587+0000] {processor.py:829} INFO - Processing file /home/airflow/.local/lib/python3.8/site-packages/airflow/example_dags/example_xcomargs.py for tasks to queue
[2023-09-16T13:57:45.589+0000] {logging_mixin.py:151} INFO - [2023-09-16T13:57:45.589+0000] {dagbag.py:539} INFO - Filling up the DagBag from /home/airflow/.local/lib/python3.8/site-packages/airflow/example_dags/example_xcomargs.py
[2023-09-16T13:57:45.596+0000] {processor.py:839} INFO - DAG(s) dict_keys(['example_xcom_args_with_operators', 'example_xcom_args']) retrieved from /home/airflow/.local/lib/python3.8/site-packages/airflow/example_dags/example_xcomargs.py
[2023-09-16T13:57:45.624+0000] {logging_mixin.py:151} INFO - [2023-09-16T13:57:45.624+0000] {dag.py:2915} INFO - Sync 2 DAGs
[2023-09-16T13:57:45.641+0000] {logging_mixin.py:151} INFO - [2023-09-16T13:57:45.641+0000] {dag.py:3696} INFO - Setting next_dagrun for example_xcom_args to None, run_after=None
[2023-09-16T13:57:45.645+0000] {logging_mixin.py:151} INFO - [2023-09-16T13:57:45.645+0000] {dag.py:3696} INFO - Setting next_dagrun for example_xcom_args_with_operators to None, run_after=None
[2023-09-16T13:57:45.663+0000] {processor.py:179} INFO - Processing /home/airflow/.local/lib/python3.8/site-packages/airflow/example_dags/example_xcomargs.py took 0.081 seconds
[2023-09-16T13:58:16.659+0000] {processor.py:157} INFO - Started process (PID=1006) to work on /home/airflow/.local/lib/python3.8/site-packages/airflow/example_dags/example_xcomargs.py
[2023-09-16T13:58:16.660+0000] {processor.py:829} INFO - Processing file /home/airflow/.local/lib/python3.8/site-packages/airflow/example_dags/example_xcomargs.py for tasks to queue
[2023-09-16T13:58:16.662+0000] {logging_mixin.py:151} INFO - [2023-09-16T13:58:16.662+0000] {dagbag.py:539} INFO - Filling up the DagBag from /home/airflow/.local/lib/python3.8/site-packages/airflow/example_dags/example_xcomargs.py
[2023-09-16T13:58:16.669+0000] {processor.py:839} INFO - DAG(s) dict_keys(['example_xcom_args', 'example_xcom_args_with_operators']) retrieved from /home/airflow/.local/lib/python3.8/site-packages/airflow/example_dags/example_xcomargs.py
[2023-09-16T13:58:16.695+0000] {logging_mixin.py:151} INFO - [2023-09-16T13:58:16.695+0000] {dag.py:2915} INFO - Sync 2 DAGs
[2023-09-16T13:58:16.709+0000] {logging_mixin.py:151} INFO - [2023-09-16T13:58:16.709+0000] {dag.py:3696} INFO - Setting next_dagrun for example_xcom_args to None, run_after=None
[2023-09-16T13:58:16.712+0000] {logging_mixin.py:151} INFO - [2023-09-16T13:58:16.712+0000] {dag.py:3696} INFO - Setting next_dagrun for example_xcom_args_with_operators to None, run_after=None
[2023-09-16T13:58:16.727+0000] {processor.py:179} INFO - Processing /home/airflow/.local/lib/python3.8/site-packages/airflow/example_dags/example_xcomargs.py took 0.070 seconds
