[2023-09-16T13:50:31.594+0000] {processor.py:157} INFO - Started process (PID=180) to work on /home/airflow/.local/lib/python3.8/site-packages/airflow/example_dags/example_skip_dag.py
[2023-09-16T13:50:31.595+0000] {processor.py:829} INFO - Processing file /home/airflow/.local/lib/python3.8/site-packages/airflow/example_dags/example_skip_dag.py for tasks to queue
[2023-09-16T13:50:31.598+0000] {logging_mixin.py:151} INFO - [2023-09-16T13:50:31.598+0000] {dagbag.py:539} INFO - Filling up the DagBag from /home/airflow/.local/lib/python3.8/site-packages/airflow/example_dags/example_skip_dag.py
[2023-09-16T13:50:31.610+0000] {processor.py:839} INFO - DAG(s) dict_keys(['example_skip_dag']) retrieved from /home/airflow/.local/lib/python3.8/site-packages/airflow/example_dags/example_skip_dag.py
[2023-09-16T13:50:31.648+0000] {logging_mixin.py:151} INFO - [2023-09-16T13:50:31.648+0000] {dag.py:2915} INFO - Sync 1 DAGs
[2023-09-16T13:50:31.675+0000] {logging_mixin.py:151} INFO - [2023-09-16T13:50:31.675+0000] {dag.py:3696} INFO - Setting next_dagrun for example_skip_dag to 2023-09-15T13:50:31.675270+00:00, run_after=2023-09-16T13:50:31.675270+00:00
[2023-09-16T13:50:31.696+0000] {processor.py:179} INFO - Processing /home/airflow/.local/lib/python3.8/site-packages/airflow/example_dags/example_skip_dag.py took 0.107 seconds
[2023-09-16T13:51:02.894+0000] {processor.py:157} INFO - Started process (PID=234) to work on /home/airflow/.local/lib/python3.8/site-packages/airflow/example_dags/example_skip_dag.py
[2023-09-16T13:51:02.895+0000] {processor.py:829} INFO - Processing file /home/airflow/.local/lib/python3.8/site-packages/airflow/example_dags/example_skip_dag.py for tasks to queue
[2023-09-16T13:51:02.897+0000] {logging_mixin.py:151} INFO - [2023-09-16T13:51:02.896+0000] {dagbag.py:539} INFO - Filling up the DagBag from /home/airflow/.local/lib/python3.8/site-packages/airflow/example_dags/example_skip_dag.py
[2023-09-16T13:51:02.902+0000] {processor.py:839} INFO - DAG(s) dict_keys(['example_skip_dag']) retrieved from /home/airflow/.local/lib/python3.8/site-packages/airflow/example_dags/example_skip_dag.py
[2023-09-16T13:51:02.932+0000] {logging_mixin.py:151} INFO - [2023-09-16T13:51:02.931+0000] {dag.py:2915} INFO - Sync 1 DAGs
[2023-09-16T13:51:02.952+0000] {logging_mixin.py:151} INFO - [2023-09-16T13:51:02.952+0000] {dag.py:3696} INFO - Setting next_dagrun for example_skip_dag to 2023-09-15T13:51:02.952146+00:00, run_after=2023-09-16T13:51:02.952146+00:00
[2023-09-16T13:51:02.967+0000] {processor.py:179} INFO - Processing /home/airflow/.local/lib/python3.8/site-packages/airflow/example_dags/example_skip_dag.py took 0.077 seconds
[2023-09-16T13:51:33.157+0000] {processor.py:157} INFO - Started process (PID=288) to work on /home/airflow/.local/lib/python3.8/site-packages/airflow/example_dags/example_skip_dag.py
[2023-09-16T13:51:33.158+0000] {processor.py:829} INFO - Processing file /home/airflow/.local/lib/python3.8/site-packages/airflow/example_dags/example_skip_dag.py for tasks to queue
[2023-09-16T13:51:33.160+0000] {logging_mixin.py:151} INFO - [2023-09-16T13:51:33.160+0000] {dagbag.py:539} INFO - Filling up the DagBag from /home/airflow/.local/lib/python3.8/site-packages/airflow/example_dags/example_skip_dag.py
[2023-09-16T13:51:33.166+0000] {processor.py:839} INFO - DAG(s) dict_keys(['example_skip_dag']) retrieved from /home/airflow/.local/lib/python3.8/site-packages/airflow/example_dags/example_skip_dag.py
[2023-09-16T13:51:33.187+0000] {logging_mixin.py:151} INFO - [2023-09-16T13:51:33.187+0000] {dag.py:2915} INFO - Sync 1 DAGs
[2023-09-16T13:51:33.207+0000] {logging_mixin.py:151} INFO - [2023-09-16T13:51:33.207+0000] {dag.py:3696} INFO - Setting next_dagrun for example_skip_dag to 2023-09-15T13:51:33.207112+00:00, run_after=2023-09-16T13:51:33.207112+00:00
[2023-09-16T13:51:33.229+0000] {processor.py:179} INFO - Processing /home/airflow/.local/lib/python3.8/site-packages/airflow/example_dags/example_skip_dag.py took 0.075 seconds
[2023-09-16T13:52:04.472+0000] {processor.py:157} INFO - Started process (PID=342) to work on /home/airflow/.local/lib/python3.8/site-packages/airflow/example_dags/example_skip_dag.py
[2023-09-16T13:52:04.473+0000] {processor.py:829} INFO - Processing file /home/airflow/.local/lib/python3.8/site-packages/airflow/example_dags/example_skip_dag.py for tasks to queue
[2023-09-16T13:52:04.475+0000] {logging_mixin.py:151} INFO - [2023-09-16T13:52:04.475+0000] {dagbag.py:539} INFO - Filling up the DagBag from /home/airflow/.local/lib/python3.8/site-packages/airflow/example_dags/example_skip_dag.py
[2023-09-16T13:52:04.481+0000] {processor.py:839} INFO - DAG(s) dict_keys(['example_skip_dag']) retrieved from /home/airflow/.local/lib/python3.8/site-packages/airflow/example_dags/example_skip_dag.py
[2023-09-16T13:52:04.503+0000] {logging_mixin.py:151} INFO - [2023-09-16T13:52:04.503+0000] {dag.py:2915} INFO - Sync 1 DAGs
[2023-09-16T13:52:04.523+0000] {logging_mixin.py:151} INFO - [2023-09-16T13:52:04.523+0000] {dag.py:3696} INFO - Setting next_dagrun for example_skip_dag to 2023-09-15T13:52:04.523515+00:00, run_after=2023-09-16T13:52:04.523515+00:00
[2023-09-16T13:52:04.548+0000] {processor.py:179} INFO - Processing /home/airflow/.local/lib/python3.8/site-packages/airflow/example_dags/example_skip_dag.py took 0.080 seconds
[2023-09-16T13:52:34.816+0000] {processor.py:157} INFO - Started process (PID=396) to work on /home/airflow/.local/lib/python3.8/site-packages/airflow/example_dags/example_skip_dag.py
[2023-09-16T13:52:34.817+0000] {processor.py:829} INFO - Processing file /home/airflow/.local/lib/python3.8/site-packages/airflow/example_dags/example_skip_dag.py for tasks to queue
[2023-09-16T13:52:34.819+0000] {logging_mixin.py:151} INFO - [2023-09-16T13:52:34.819+0000] {dagbag.py:539} INFO - Filling up the DagBag from /home/airflow/.local/lib/python3.8/site-packages/airflow/example_dags/example_skip_dag.py
[2023-09-16T13:52:34.830+0000] {processor.py:839} INFO - DAG(s) dict_keys(['example_skip_dag']) retrieved from /home/airflow/.local/lib/python3.8/site-packages/airflow/example_dags/example_skip_dag.py
[2023-09-16T13:52:34.851+0000] {logging_mixin.py:151} INFO - [2023-09-16T13:52:34.851+0000] {dag.py:2915} INFO - Sync 1 DAGs
[2023-09-16T13:52:34.871+0000] {logging_mixin.py:151} INFO - [2023-09-16T13:52:34.871+0000] {dag.py:3696} INFO - Setting next_dagrun for example_skip_dag to 2023-09-15T13:52:34.871478+00:00, run_after=2023-09-16T13:52:34.871478+00:00
[2023-09-16T13:52:34.887+0000] {processor.py:179} INFO - Processing /home/airflow/.local/lib/python3.8/site-packages/airflow/example_dags/example_skip_dag.py took 0.074 seconds
[2023-09-16T13:53:06.186+0000] {processor.py:157} INFO - Started process (PID=450) to work on /home/airflow/.local/lib/python3.8/site-packages/airflow/example_dags/example_skip_dag.py
[2023-09-16T13:53:06.187+0000] {processor.py:829} INFO - Processing file /home/airflow/.local/lib/python3.8/site-packages/airflow/example_dags/example_skip_dag.py for tasks to queue
[2023-09-16T13:53:06.190+0000] {logging_mixin.py:151} INFO - [2023-09-16T13:53:06.189+0000] {dagbag.py:539} INFO - Filling up the DagBag from /home/airflow/.local/lib/python3.8/site-packages/airflow/example_dags/example_skip_dag.py
[2023-09-16T13:53:06.196+0000] {processor.py:839} INFO - DAG(s) dict_keys(['example_skip_dag']) retrieved from /home/airflow/.local/lib/python3.8/site-packages/airflow/example_dags/example_skip_dag.py
[2023-09-16T13:53:06.244+0000] {logging_mixin.py:151} INFO - [2023-09-16T13:53:06.244+0000] {dag.py:2915} INFO - Sync 1 DAGs
[2023-09-16T13:53:06.267+0000] {logging_mixin.py:151} INFO - [2023-09-16T13:53:06.267+0000] {dag.py:3696} INFO - Setting next_dagrun for example_skip_dag to 2023-09-15T13:53:06.267377+00:00, run_after=2023-09-16T13:53:06.267377+00:00
[2023-09-16T13:53:06.285+0000] {processor.py:179} INFO - Processing /home/airflow/.local/lib/python3.8/site-packages/airflow/example_dags/example_skip_dag.py took 0.103 seconds
[2023-09-16T13:53:37.394+0000] {processor.py:157} INFO - Started process (PID=504) to work on /home/airflow/.local/lib/python3.8/site-packages/airflow/example_dags/example_skip_dag.py
[2023-09-16T13:53:37.395+0000] {processor.py:829} INFO - Processing file /home/airflow/.local/lib/python3.8/site-packages/airflow/example_dags/example_skip_dag.py for tasks to queue
[2023-09-16T13:53:37.396+0000] {logging_mixin.py:151} INFO - [2023-09-16T13:53:37.396+0000] {dagbag.py:539} INFO - Filling up the DagBag from /home/airflow/.local/lib/python3.8/site-packages/airflow/example_dags/example_skip_dag.py
[2023-09-16T13:53:37.402+0000] {processor.py:839} INFO - DAG(s) dict_keys(['example_skip_dag']) retrieved from /home/airflow/.local/lib/python3.8/site-packages/airflow/example_dags/example_skip_dag.py
[2023-09-16T13:53:37.431+0000] {logging_mixin.py:151} INFO - [2023-09-16T13:53:37.430+0000] {dag.py:2915} INFO - Sync 1 DAGs
[2023-09-16T13:53:37.452+0000] {logging_mixin.py:151} INFO - [2023-09-16T13:53:37.452+0000] {dag.py:3696} INFO - Setting next_dagrun for example_skip_dag to 2023-09-15T13:53:37.451819+00:00, run_after=2023-09-16T13:53:37.451819+00:00
[2023-09-16T13:53:37.468+0000] {processor.py:179} INFO - Processing /home/airflow/.local/lib/python3.8/site-packages/airflow/example_dags/example_skip_dag.py took 0.077 seconds
[2023-09-16T13:54:08.690+0000] {processor.py:157} INFO - Started process (PID=565) to work on /home/airflow/.local/lib/python3.8/site-packages/airflow/example_dags/example_skip_dag.py
[2023-09-16T13:54:08.691+0000] {processor.py:829} INFO - Processing file /home/airflow/.local/lib/python3.8/site-packages/airflow/example_dags/example_skip_dag.py for tasks to queue
[2023-09-16T13:54:08.726+0000] {logging_mixin.py:151} INFO - [2023-09-16T13:54:08.725+0000] {dagbag.py:539} INFO - Filling up the DagBag from /home/airflow/.local/lib/python3.8/site-packages/airflow/example_dags/example_skip_dag.py
[2023-09-16T13:54:08.732+0000] {processor.py:839} INFO - DAG(s) dict_keys(['example_skip_dag']) retrieved from /home/airflow/.local/lib/python3.8/site-packages/airflow/example_dags/example_skip_dag.py
[2023-09-16T13:54:08.755+0000] {logging_mixin.py:151} INFO - [2023-09-16T13:54:08.755+0000] {dag.py:2915} INFO - Sync 1 DAGs
[2023-09-16T13:54:08.778+0000] {logging_mixin.py:151} INFO - [2023-09-16T13:54:08.777+0000] {dag.py:3696} INFO - Setting next_dagrun for example_skip_dag to 2023-09-15T13:54:08.777641+00:00, run_after=2023-09-16T13:54:08.777641+00:00
[2023-09-16T13:54:08.794+0000] {processor.py:179} INFO - Processing /home/airflow/.local/lib/python3.8/site-packages/airflow/example_dags/example_skip_dag.py took 0.107 seconds
[2023-09-16T13:54:39.726+0000] {processor.py:157} INFO - Started process (PID=619) to work on /home/airflow/.local/lib/python3.8/site-packages/airflow/example_dags/example_skip_dag.py
[2023-09-16T13:54:39.727+0000] {processor.py:829} INFO - Processing file /home/airflow/.local/lib/python3.8/site-packages/airflow/example_dags/example_skip_dag.py for tasks to queue
[2023-09-16T13:54:39.729+0000] {logging_mixin.py:151} INFO - [2023-09-16T13:54:39.729+0000] {dagbag.py:539} INFO - Filling up the DagBag from /home/airflow/.local/lib/python3.8/site-packages/airflow/example_dags/example_skip_dag.py
[2023-09-16T13:54:39.735+0000] {processor.py:839} INFO - DAG(s) dict_keys(['example_skip_dag']) retrieved from /home/airflow/.local/lib/python3.8/site-packages/airflow/example_dags/example_skip_dag.py
[2023-09-16T13:54:39.757+0000] {logging_mixin.py:151} INFO - [2023-09-16T13:54:39.757+0000] {dag.py:2915} INFO - Sync 1 DAGs
[2023-09-16T13:54:39.776+0000] {logging_mixin.py:151} INFO - [2023-09-16T13:54:39.776+0000] {dag.py:3696} INFO - Setting next_dagrun for example_skip_dag to 2023-09-15T13:54:39.776376+00:00, run_after=2023-09-16T13:54:39.776376+00:00
[2023-09-16T13:54:39.792+0000] {processor.py:179} INFO - Processing /home/airflow/.local/lib/python3.8/site-packages/airflow/example_dags/example_skip_dag.py took 0.070 seconds
[2023-09-16T13:55:10.316+0000] {processor.py:157} INFO - Started process (PID=673) to work on /home/airflow/.local/lib/python3.8/site-packages/airflow/example_dags/example_skip_dag.py
[2023-09-16T13:55:10.317+0000] {processor.py:829} INFO - Processing file /home/airflow/.local/lib/python3.8/site-packages/airflow/example_dags/example_skip_dag.py for tasks to queue
[2023-09-16T13:55:10.319+0000] {logging_mixin.py:151} INFO - [2023-09-16T13:55:10.318+0000] {dagbag.py:539} INFO - Filling up the DagBag from /home/airflow/.local/lib/python3.8/site-packages/airflow/example_dags/example_skip_dag.py
[2023-09-16T13:55:10.324+0000] {processor.py:839} INFO - DAG(s) dict_keys(['example_skip_dag']) retrieved from /home/airflow/.local/lib/python3.8/site-packages/airflow/example_dags/example_skip_dag.py
[2023-09-16T13:55:10.346+0000] {logging_mixin.py:151} INFO - [2023-09-16T13:55:10.346+0000] {dag.py:2915} INFO - Sync 1 DAGs
[2023-09-16T13:55:10.367+0000] {logging_mixin.py:151} INFO - [2023-09-16T13:55:10.367+0000] {dag.py:3696} INFO - Setting next_dagrun for example_skip_dag to 2023-09-15T13:55:10.367165+00:00, run_after=2023-09-16T13:55:10.367165+00:00
[2023-09-16T13:55:10.383+0000] {processor.py:179} INFO - Processing /home/airflow/.local/lib/python3.8/site-packages/airflow/example_dags/example_skip_dag.py took 0.070 seconds
[2023-09-16T13:55:41.185+0000] {processor.py:157} INFO - Started process (PID=727) to work on /home/airflow/.local/lib/python3.8/site-packages/airflow/example_dags/example_skip_dag.py
[2023-09-16T13:55:41.186+0000] {processor.py:829} INFO - Processing file /home/airflow/.local/lib/python3.8/site-packages/airflow/example_dags/example_skip_dag.py for tasks to queue
[2023-09-16T13:55:41.188+0000] {logging_mixin.py:151} INFO - [2023-09-16T13:55:41.187+0000] {dagbag.py:539} INFO - Filling up the DagBag from /home/airflow/.local/lib/python3.8/site-packages/airflow/example_dags/example_skip_dag.py
[2023-09-16T13:55:41.194+0000] {processor.py:839} INFO - DAG(s) dict_keys(['example_skip_dag']) retrieved from /home/airflow/.local/lib/python3.8/site-packages/airflow/example_dags/example_skip_dag.py
[2023-09-16T13:55:41.214+0000] {logging_mixin.py:151} INFO - [2023-09-16T13:55:41.214+0000] {dag.py:2915} INFO - Sync 1 DAGs
[2023-09-16T13:55:41.236+0000] {logging_mixin.py:151} INFO - [2023-09-16T13:55:41.236+0000] {dag.py:3696} INFO - Setting next_dagrun for example_skip_dag to 2023-09-15T13:55:41.236324+00:00, run_after=2023-09-16T13:55:41.236324+00:00
[2023-09-16T13:55:41.254+0000] {processor.py:179} INFO - Processing /home/airflow/.local/lib/python3.8/site-packages/airflow/example_dags/example_skip_dag.py took 0.073 seconds
[2023-09-16T13:56:12.239+0000] {processor.py:157} INFO - Started process (PID=781) to work on /home/airflow/.local/lib/python3.8/site-packages/airflow/example_dags/example_skip_dag.py
[2023-09-16T13:56:12.240+0000] {processor.py:829} INFO - Processing file /home/airflow/.local/lib/python3.8/site-packages/airflow/example_dags/example_skip_dag.py for tasks to queue
[2023-09-16T13:56:12.242+0000] {logging_mixin.py:151} INFO - [2023-09-16T13:56:12.241+0000] {dagbag.py:539} INFO - Filling up the DagBag from /home/airflow/.local/lib/python3.8/site-packages/airflow/example_dags/example_skip_dag.py
[2023-09-16T13:56:12.247+0000] {processor.py:839} INFO - DAG(s) dict_keys(['example_skip_dag']) retrieved from /home/airflow/.local/lib/python3.8/site-packages/airflow/example_dags/example_skip_dag.py
[2023-09-16T13:56:12.267+0000] {logging_mixin.py:151} INFO - [2023-09-16T13:56:12.267+0000] {dag.py:2915} INFO - Sync 1 DAGs
[2023-09-16T13:56:12.286+0000] {logging_mixin.py:151} INFO - [2023-09-16T13:56:12.286+0000] {dag.py:3696} INFO - Setting next_dagrun for example_skip_dag to 2023-09-15T13:56:12.285876+00:00, run_after=2023-09-16T13:56:12.285876+00:00
[2023-09-16T13:56:12.301+0000] {processor.py:179} INFO - Processing /home/airflow/.local/lib/python3.8/site-packages/airflow/example_dags/example_skip_dag.py took 0.066 seconds
[2023-09-16T13:56:43.012+0000] {processor.py:157} INFO - Started process (PID=835) to work on /home/airflow/.local/lib/python3.8/site-packages/airflow/example_dags/example_skip_dag.py
[2023-09-16T13:56:43.014+0000] {processor.py:829} INFO - Processing file /home/airflow/.local/lib/python3.8/site-packages/airflow/example_dags/example_skip_dag.py for tasks to queue
[2023-09-16T13:56:43.016+0000] {logging_mixin.py:151} INFO - [2023-09-16T13:56:43.016+0000] {dagbag.py:539} INFO - Filling up the DagBag from /home/airflow/.local/lib/python3.8/site-packages/airflow/example_dags/example_skip_dag.py
[2023-09-16T13:56:43.024+0000] {processor.py:839} INFO - DAG(s) dict_keys(['example_skip_dag']) retrieved from /home/airflow/.local/lib/python3.8/site-packages/airflow/example_dags/example_skip_dag.py
[2023-09-16T13:56:43.046+0000] {logging_mixin.py:151} INFO - [2023-09-16T13:56:43.045+0000] {dag.py:2915} INFO - Sync 1 DAGs
[2023-09-16T13:56:43.065+0000] {logging_mixin.py:151} INFO - [2023-09-16T13:56:43.065+0000] {dag.py:3696} INFO - Setting next_dagrun for example_skip_dag to 2023-09-15T13:56:43.064945+00:00, run_after=2023-09-16T13:56:43.064945+00:00
[2023-09-16T13:56:43.082+0000] {processor.py:179} INFO - Processing /home/airflow/.local/lib/python3.8/site-packages/airflow/example_dags/example_skip_dag.py took 0.073 seconds
[2023-09-16T13:57:13.719+0000] {processor.py:157} INFO - Started process (PID=889) to work on /home/airflow/.local/lib/python3.8/site-packages/airflow/example_dags/example_skip_dag.py
[2023-09-16T13:57:13.720+0000] {processor.py:829} INFO - Processing file /home/airflow/.local/lib/python3.8/site-packages/airflow/example_dags/example_skip_dag.py for tasks to queue
[2023-09-16T13:57:13.722+0000] {logging_mixin.py:151} INFO - [2023-09-16T13:57:13.722+0000] {dagbag.py:539} INFO - Filling up the DagBag from /home/airflow/.local/lib/python3.8/site-packages/airflow/example_dags/example_skip_dag.py
[2023-09-16T13:57:13.728+0000] {processor.py:839} INFO - DAG(s) dict_keys(['example_skip_dag']) retrieved from /home/airflow/.local/lib/python3.8/site-packages/airflow/example_dags/example_skip_dag.py
[2023-09-16T13:57:13.747+0000] {logging_mixin.py:151} INFO - [2023-09-16T13:57:13.747+0000] {dag.py:2915} INFO - Sync 1 DAGs
[2023-09-16T13:57:13.768+0000] {logging_mixin.py:151} INFO - [2023-09-16T13:57:13.768+0000] {dag.py:3696} INFO - Setting next_dagrun for example_skip_dag to 2023-09-15T13:57:13.767913+00:00, run_after=2023-09-16T13:57:13.767913+00:00
[2023-09-16T13:57:13.784+0000] {processor.py:179} INFO - Processing /home/airflow/.local/lib/python3.8/site-packages/airflow/example_dags/example_skip_dag.py took 0.068 seconds
[2023-09-16T13:57:45.012+0000] {processor.py:157} INFO - Started process (PID=943) to work on /home/airflow/.local/lib/python3.8/site-packages/airflow/example_dags/example_skip_dag.py
[2023-09-16T13:57:45.013+0000] {processor.py:829} INFO - Processing file /home/airflow/.local/lib/python3.8/site-packages/airflow/example_dags/example_skip_dag.py for tasks to queue
[2023-09-16T13:57:45.015+0000] {logging_mixin.py:151} INFO - [2023-09-16T13:57:45.015+0000] {dagbag.py:539} INFO - Filling up the DagBag from /home/airflow/.local/lib/python3.8/site-packages/airflow/example_dags/example_skip_dag.py
[2023-09-16T13:57:45.021+0000] {processor.py:839} INFO - DAG(s) dict_keys(['example_skip_dag']) retrieved from /home/airflow/.local/lib/python3.8/site-packages/airflow/example_dags/example_skip_dag.py
[2023-09-16T13:57:45.041+0000] {logging_mixin.py:151} INFO - [2023-09-16T13:57:45.040+0000] {dag.py:2915} INFO - Sync 1 DAGs
[2023-09-16T13:57:45.061+0000] {logging_mixin.py:151} INFO - [2023-09-16T13:57:45.060+0000] {dag.py:3696} INFO - Setting next_dagrun for example_skip_dag to 2023-09-15T13:57:45.060670+00:00, run_after=2023-09-16T13:57:45.060670+00:00
[2023-09-16T13:57:45.075+0000] {processor.py:179} INFO - Processing /home/airflow/.local/lib/python3.8/site-packages/airflow/example_dags/example_skip_dag.py took 0.066 seconds
[2023-09-16T13:58:16.163+0000] {processor.py:157} INFO - Started process (PID=997) to work on /home/airflow/.local/lib/python3.8/site-packages/airflow/example_dags/example_skip_dag.py
[2023-09-16T13:58:16.164+0000] {processor.py:829} INFO - Processing file /home/airflow/.local/lib/python3.8/site-packages/airflow/example_dags/example_skip_dag.py for tasks to queue
[2023-09-16T13:58:16.166+0000] {logging_mixin.py:151} INFO - [2023-09-16T13:58:16.166+0000] {dagbag.py:539} INFO - Filling up the DagBag from /home/airflow/.local/lib/python3.8/site-packages/airflow/example_dags/example_skip_dag.py
[2023-09-16T13:58:16.172+0000] {processor.py:839} INFO - DAG(s) dict_keys(['example_skip_dag']) retrieved from /home/airflow/.local/lib/python3.8/site-packages/airflow/example_dags/example_skip_dag.py
[2023-09-16T13:58:16.195+0000] {logging_mixin.py:151} INFO - [2023-09-16T13:58:16.194+0000] {dag.py:2915} INFO - Sync 1 DAGs
[2023-09-16T13:58:16.215+0000] {logging_mixin.py:151} INFO - [2023-09-16T13:58:16.215+0000] {dag.py:3696} INFO - Setting next_dagrun for example_skip_dag to 2023-09-15T13:58:16.215036+00:00, run_after=2023-09-16T13:58:16.215036+00:00
[2023-09-16T13:58:16.230+0000] {processor.py:179} INFO - Processing /home/airflow/.local/lib/python3.8/site-packages/airflow/example_dags/example_skip_dag.py took 0.070 seconds
