[2023-09-16T13:50:31.081+0000] {processor.py:157} INFO - Started process (PID=173) to work on /home/airflow/.local/lib/python3.8/site-packages/airflow/example_dags/example_python_operator.py
[2023-09-16T13:50:31.082+0000] {processor.py:829} INFO - Processing file /home/airflow/.local/lib/python3.8/site-packages/airflow/example_dags/example_python_operator.py for tasks to queue
[2023-09-16T13:50:31.084+0000] {logging_mixin.py:151} INFO - [2023-09-16T13:50:31.083+0000] {dagbag.py:539} INFO - Filling up the DagBag from /home/airflow/.local/lib/python3.8/site-packages/airflow/example_dags/example_python_operator.py
[2023-09-16T13:50:31.097+0000] {processor.py:839} INFO - DAG(s) dict_keys(['example_python_operator']) retrieved from /home/airflow/.local/lib/python3.8/site-packages/airflow/example_dags/example_python_operator.py
[2023-09-16T13:50:31.257+0000] {logging_mixin.py:151} INFO - [2023-09-16T13:50:31.257+0000] {security.py:708} INFO - Not syncing DAG-level permissions for DAG 'DAG:example_python_operator' as access control is unset.
[2023-09-16T13:50:31.258+0000] {logging_mixin.py:151} INFO - [2023-09-16T13:50:31.258+0000] {dag.py:2915} INFO - Sync 1 DAGs
[2023-09-16T13:50:31.269+0000] {logging_mixin.py:151} INFO - [2023-09-16T13:50:31.268+0000] {dag.py:3696} INFO - Setting next_dagrun for example_python_operator to None, run_after=None
[2023-09-16T13:50:31.290+0000] {processor.py:179} INFO - Processing /home/airflow/.local/lib/python3.8/site-packages/airflow/example_dags/example_python_operator.py took 0.212 seconds
[2023-09-16T13:51:02.475+0000] {processor.py:157} INFO - Started process (PID=227) to work on /home/airflow/.local/lib/python3.8/site-packages/airflow/example_dags/example_python_operator.py
[2023-09-16T13:51:02.476+0000] {processor.py:829} INFO - Processing file /home/airflow/.local/lib/python3.8/site-packages/airflow/example_dags/example_python_operator.py for tasks to queue
[2023-09-16T13:51:02.478+0000] {logging_mixin.py:151} INFO - [2023-09-16T13:51:02.478+0000] {dagbag.py:539} INFO - Filling up the DagBag from /home/airflow/.local/lib/python3.8/site-packages/airflow/example_dags/example_python_operator.py
[2023-09-16T13:51:02.487+0000] {processor.py:839} INFO - DAG(s) dict_keys(['example_python_operator']) retrieved from /home/airflow/.local/lib/python3.8/site-packages/airflow/example_dags/example_python_operator.py
[2023-09-16T13:51:02.543+0000] {logging_mixin.py:151} INFO - [2023-09-16T13:51:02.543+0000] {dag.py:2915} INFO - Sync 1 DAGs
[2023-09-16T13:51:02.554+0000] {logging_mixin.py:151} INFO - [2023-09-16T13:51:02.554+0000] {dag.py:3696} INFO - Setting next_dagrun for example_python_operator to None, run_after=None
[2023-09-16T13:51:02.569+0000] {processor.py:179} INFO - Processing /home/airflow/.local/lib/python3.8/site-packages/airflow/example_dags/example_python_operator.py took 0.098 seconds
[2023-09-16T13:51:32.744+0000] {processor.py:157} INFO - Started process (PID=281) to work on /home/airflow/.local/lib/python3.8/site-packages/airflow/example_dags/example_python_operator.py
[2023-09-16T13:51:32.745+0000] {processor.py:829} INFO - Processing file /home/airflow/.local/lib/python3.8/site-packages/airflow/example_dags/example_python_operator.py for tasks to queue
[2023-09-16T13:51:32.747+0000] {logging_mixin.py:151} INFO - [2023-09-16T13:51:32.747+0000] {dagbag.py:539} INFO - Filling up the DagBag from /home/airflow/.local/lib/python3.8/site-packages/airflow/example_dags/example_python_operator.py
[2023-09-16T13:51:32.758+0000] {processor.py:839} INFO - DAG(s) dict_keys(['example_python_operator']) retrieved from /home/airflow/.local/lib/python3.8/site-packages/airflow/example_dags/example_python_operator.py
[2023-09-16T13:51:32.788+0000] {logging_mixin.py:151} INFO - [2023-09-16T13:51:32.787+0000] {dag.py:2915} INFO - Sync 1 DAGs
[2023-09-16T13:51:32.837+0000] {logging_mixin.py:151} INFO - [2023-09-16T13:51:32.836+0000] {dag.py:3696} INFO - Setting next_dagrun for example_python_operator to None, run_after=None
[2023-09-16T13:51:32.856+0000] {processor.py:179} INFO - Processing /home/airflow/.local/lib/python3.8/site-packages/airflow/example_dags/example_python_operator.py took 0.116 seconds
[2023-09-16T13:52:04.054+0000] {processor.py:157} INFO - Started process (PID=335) to work on /home/airflow/.local/lib/python3.8/site-packages/airflow/example_dags/example_python_operator.py
[2023-09-16T13:52:04.055+0000] {processor.py:829} INFO - Processing file /home/airflow/.local/lib/python3.8/site-packages/airflow/example_dags/example_python_operator.py for tasks to queue
[2023-09-16T13:52:04.057+0000] {logging_mixin.py:151} INFO - [2023-09-16T13:52:04.057+0000] {dagbag.py:539} INFO - Filling up the DagBag from /home/airflow/.local/lib/python3.8/site-packages/airflow/example_dags/example_python_operator.py
[2023-09-16T13:52:04.069+0000] {processor.py:839} INFO - DAG(s) dict_keys(['example_python_operator']) retrieved from /home/airflow/.local/lib/python3.8/site-packages/airflow/example_dags/example_python_operator.py
[2023-09-16T13:52:04.096+0000] {logging_mixin.py:151} INFO - [2023-09-16T13:52:04.096+0000] {dag.py:2915} INFO - Sync 1 DAGs
[2023-09-16T13:52:04.109+0000] {logging_mixin.py:151} INFO - [2023-09-16T13:52:04.109+0000] {dag.py:3696} INFO - Setting next_dagrun for example_python_operator to None, run_after=None
[2023-09-16T13:52:04.125+0000] {processor.py:179} INFO - Processing /home/airflow/.local/lib/python3.8/site-packages/airflow/example_dags/example_python_operator.py took 0.075 seconds
[2023-09-16T13:52:34.442+0000] {processor.py:157} INFO - Started process (PID=389) to work on /home/airflow/.local/lib/python3.8/site-packages/airflow/example_dags/example_python_operator.py
[2023-09-16T13:52:34.443+0000] {processor.py:829} INFO - Processing file /home/airflow/.local/lib/python3.8/site-packages/airflow/example_dags/example_python_operator.py for tasks to queue
[2023-09-16T13:52:34.445+0000] {logging_mixin.py:151} INFO - [2023-09-16T13:52:34.444+0000] {dagbag.py:539} INFO - Filling up the DagBag from /home/airflow/.local/lib/python3.8/site-packages/airflow/example_dags/example_python_operator.py
[2023-09-16T13:52:34.454+0000] {processor.py:839} INFO - DAG(s) dict_keys(['example_python_operator']) retrieved from /home/airflow/.local/lib/python3.8/site-packages/airflow/example_dags/example_python_operator.py
[2023-09-16T13:52:34.477+0000] {logging_mixin.py:151} INFO - [2023-09-16T13:52:34.477+0000] {dag.py:2915} INFO - Sync 1 DAGs
[2023-09-16T13:52:34.489+0000] {logging_mixin.py:151} INFO - [2023-09-16T13:52:34.488+0000] {dag.py:3696} INFO - Setting next_dagrun for example_python_operator to None, run_after=None
[2023-09-16T13:52:34.505+0000] {processor.py:179} INFO - Processing /home/airflow/.local/lib/python3.8/site-packages/airflow/example_dags/example_python_operator.py took 0.067 seconds
[2023-09-16T13:53:05.748+0000] {processor.py:157} INFO - Started process (PID=443) to work on /home/airflow/.local/lib/python3.8/site-packages/airflow/example_dags/example_python_operator.py
[2023-09-16T13:53:05.749+0000] {processor.py:829} INFO - Processing file /home/airflow/.local/lib/python3.8/site-packages/airflow/example_dags/example_python_operator.py for tasks to queue
[2023-09-16T13:53:05.751+0000] {logging_mixin.py:151} INFO - [2023-09-16T13:53:05.751+0000] {dagbag.py:539} INFO - Filling up the DagBag from /home/airflow/.local/lib/python3.8/site-packages/airflow/example_dags/example_python_operator.py
[2023-09-16T13:53:05.761+0000] {processor.py:839} INFO - DAG(s) dict_keys(['example_python_operator']) retrieved from /home/airflow/.local/lib/python3.8/site-packages/airflow/example_dags/example_python_operator.py
[2023-09-16T13:53:05.790+0000] {logging_mixin.py:151} INFO - [2023-09-16T13:53:05.790+0000] {dag.py:2915} INFO - Sync 1 DAGs
[2023-09-16T13:53:05.804+0000] {logging_mixin.py:151} INFO - [2023-09-16T13:53:05.804+0000] {dag.py:3696} INFO - Setting next_dagrun for example_python_operator to None, run_after=None
[2023-09-16T13:53:05.832+0000] {processor.py:179} INFO - Processing /home/airflow/.local/lib/python3.8/site-packages/airflow/example_dags/example_python_operator.py took 0.087 seconds
[2023-09-16T13:53:37.013+0000] {processor.py:157} INFO - Started process (PID=497) to work on /home/airflow/.local/lib/python3.8/site-packages/airflow/example_dags/example_python_operator.py
[2023-09-16T13:53:37.014+0000] {processor.py:829} INFO - Processing file /home/airflow/.local/lib/python3.8/site-packages/airflow/example_dags/example_python_operator.py for tasks to queue
[2023-09-16T13:53:37.016+0000] {logging_mixin.py:151} INFO - [2023-09-16T13:53:37.015+0000] {dagbag.py:539} INFO - Filling up the DagBag from /home/airflow/.local/lib/python3.8/site-packages/airflow/example_dags/example_python_operator.py
[2023-09-16T13:53:37.033+0000] {processor.py:839} INFO - DAG(s) dict_keys(['example_python_operator']) retrieved from /home/airflow/.local/lib/python3.8/site-packages/airflow/example_dags/example_python_operator.py
[2023-09-16T13:53:37.056+0000] {logging_mixin.py:151} INFO - [2023-09-16T13:53:37.056+0000] {dag.py:2915} INFO - Sync 1 DAGs
[2023-09-16T13:53:37.070+0000] {logging_mixin.py:151} INFO - [2023-09-16T13:53:37.069+0000] {dag.py:3696} INFO - Setting next_dagrun for example_python_operator to None, run_after=None
[2023-09-16T13:53:37.085+0000] {processor.py:179} INFO - Processing /home/airflow/.local/lib/python3.8/site-packages/airflow/example_dags/example_python_operator.py took 0.076 seconds
[2023-09-16T13:54:08.219+0000] {processor.py:157} INFO - Started process (PID=551) to work on /home/airflow/.local/lib/python3.8/site-packages/airflow/example_dags/example_python_operator.py
[2023-09-16T13:54:08.220+0000] {processor.py:829} INFO - Processing file /home/airflow/.local/lib/python3.8/site-packages/airflow/example_dags/example_python_operator.py for tasks to queue
[2023-09-16T13:54:08.222+0000] {logging_mixin.py:151} INFO - [2023-09-16T13:54:08.222+0000] {dagbag.py:539} INFO - Filling up the DagBag from /home/airflow/.local/lib/python3.8/site-packages/airflow/example_dags/example_python_operator.py
[2023-09-16T13:54:08.231+0000] {processor.py:839} INFO - DAG(s) dict_keys(['example_python_operator']) retrieved from /home/airflow/.local/lib/python3.8/site-packages/airflow/example_dags/example_python_operator.py
[2023-09-16T13:54:08.256+0000] {logging_mixin.py:151} INFO - [2023-09-16T13:54:08.256+0000] {dag.py:2915} INFO - Sync 1 DAGs
[2023-09-16T13:54:08.269+0000] {logging_mixin.py:151} INFO - [2023-09-16T13:54:08.269+0000] {dag.py:3696} INFO - Setting next_dagrun for example_python_operator to None, run_after=None
[2023-09-16T13:54:08.284+0000] {processor.py:179} INFO - Processing /home/airflow/.local/lib/python3.8/site-packages/airflow/example_dags/example_python_operator.py took 0.069 seconds
[2023-09-16T13:54:39.382+0000] {processor.py:157} INFO - Started process (PID=612) to work on /home/airflow/.local/lib/python3.8/site-packages/airflow/example_dags/example_python_operator.py
[2023-09-16T13:54:39.383+0000] {processor.py:829} INFO - Processing file /home/airflow/.local/lib/python3.8/site-packages/airflow/example_dags/example_python_operator.py for tasks to queue
[2023-09-16T13:54:39.385+0000] {logging_mixin.py:151} INFO - [2023-09-16T13:54:39.385+0000] {dagbag.py:539} INFO - Filling up the DagBag from /home/airflow/.local/lib/python3.8/site-packages/airflow/example_dags/example_python_operator.py
[2023-09-16T13:54:39.394+0000] {processor.py:839} INFO - DAG(s) dict_keys(['example_python_operator']) retrieved from /home/airflow/.local/lib/python3.8/site-packages/airflow/example_dags/example_python_operator.py
[2023-09-16T13:54:39.419+0000] {logging_mixin.py:151} INFO - [2023-09-16T13:54:39.419+0000] {dag.py:2915} INFO - Sync 1 DAGs
[2023-09-16T13:54:39.432+0000] {logging_mixin.py:151} INFO - [2023-09-16T13:54:39.431+0000] {dag.py:3696} INFO - Setting next_dagrun for example_python_operator to None, run_after=None
[2023-09-16T13:54:39.448+0000] {processor.py:179} INFO - Processing /home/airflow/.local/lib/python3.8/site-packages/airflow/example_dags/example_python_operator.py took 0.069 seconds
[2023-09-16T13:55:10.016+0000] {processor.py:157} INFO - Started process (PID=666) to work on /home/airflow/.local/lib/python3.8/site-packages/airflow/example_dags/example_python_operator.py
[2023-09-16T13:55:10.017+0000] {processor.py:829} INFO - Processing file /home/airflow/.local/lib/python3.8/site-packages/airflow/example_dags/example_python_operator.py for tasks to queue
[2023-09-16T13:55:10.019+0000] {logging_mixin.py:151} INFO - [2023-09-16T13:55:10.018+0000] {dagbag.py:539} INFO - Filling up the DagBag from /home/airflow/.local/lib/python3.8/site-packages/airflow/example_dags/example_python_operator.py
[2023-09-16T13:55:10.029+0000] {processor.py:839} INFO - DAG(s) dict_keys(['example_python_operator']) retrieved from /home/airflow/.local/lib/python3.8/site-packages/airflow/example_dags/example_python_operator.py
[2023-09-16T13:55:10.052+0000] {logging_mixin.py:151} INFO - [2023-09-16T13:55:10.052+0000] {dag.py:2915} INFO - Sync 1 DAGs
[2023-09-16T13:55:10.063+0000] {logging_mixin.py:151} INFO - [2023-09-16T13:55:10.063+0000] {dag.py:3696} INFO - Setting next_dagrun for example_python_operator to None, run_after=None
[2023-09-16T13:55:10.078+0000] {processor.py:179} INFO - Processing /home/airflow/.local/lib/python3.8/site-packages/airflow/example_dags/example_python_operator.py took 0.065 seconds
[2023-09-16T13:55:40.740+0000] {processor.py:157} INFO - Started process (PID=720) to work on /home/airflow/.local/lib/python3.8/site-packages/airflow/example_dags/example_python_operator.py
[2023-09-16T13:55:40.742+0000] {processor.py:829} INFO - Processing file /home/airflow/.local/lib/python3.8/site-packages/airflow/example_dags/example_python_operator.py for tasks to queue
[2023-09-16T13:55:40.744+0000] {logging_mixin.py:151} INFO - [2023-09-16T13:55:40.743+0000] {dagbag.py:539} INFO - Filling up the DagBag from /home/airflow/.local/lib/python3.8/site-packages/airflow/example_dags/example_python_operator.py
[2023-09-16T13:55:40.754+0000] {processor.py:839} INFO - DAG(s) dict_keys(['example_python_operator']) retrieved from /home/airflow/.local/lib/python3.8/site-packages/airflow/example_dags/example_python_operator.py
[2023-09-16T13:55:40.781+0000] {logging_mixin.py:151} INFO - [2023-09-16T13:55:40.781+0000] {dag.py:2915} INFO - Sync 1 DAGs
[2023-09-16T13:55:40.794+0000] {logging_mixin.py:151} INFO - [2023-09-16T13:55:40.794+0000] {dag.py:3696} INFO - Setting next_dagrun for example_python_operator to None, run_after=None
[2023-09-16T13:55:40.810+0000] {processor.py:179} INFO - Processing /home/airflow/.local/lib/python3.8/site-packages/airflow/example_dags/example_python_operator.py took 0.073 seconds
[2023-09-16T13:56:11.890+0000] {processor.py:157} INFO - Started process (PID=774) to work on /home/airflow/.local/lib/python3.8/site-packages/airflow/example_dags/example_python_operator.py
[2023-09-16T13:56:11.891+0000] {processor.py:829} INFO - Processing file /home/airflow/.local/lib/python3.8/site-packages/airflow/example_dags/example_python_operator.py for tasks to queue
[2023-09-16T13:56:11.893+0000] {logging_mixin.py:151} INFO - [2023-09-16T13:56:11.892+0000] {dagbag.py:539} INFO - Filling up the DagBag from /home/airflow/.local/lib/python3.8/site-packages/airflow/example_dags/example_python_operator.py
[2023-09-16T13:56:11.902+0000] {processor.py:839} INFO - DAG(s) dict_keys(['example_python_operator']) retrieved from /home/airflow/.local/lib/python3.8/site-packages/airflow/example_dags/example_python_operator.py
[2023-09-16T13:56:11.925+0000] {logging_mixin.py:151} INFO - [2023-09-16T13:56:11.924+0000] {dag.py:2915} INFO - Sync 1 DAGs
[2023-09-16T13:56:11.936+0000] {logging_mixin.py:151} INFO - [2023-09-16T13:56:11.936+0000] {dag.py:3696} INFO - Setting next_dagrun for example_python_operator to None, run_after=None
[2023-09-16T13:56:11.952+0000] {processor.py:179} INFO - Processing /home/airflow/.local/lib/python3.8/site-packages/airflow/example_dags/example_python_operator.py took 0.066 seconds
[2023-09-16T13:56:42.678+0000] {processor.py:157} INFO - Started process (PID=828) to work on /home/airflow/.local/lib/python3.8/site-packages/airflow/example_dags/example_python_operator.py
[2023-09-16T13:56:42.679+0000] {processor.py:829} INFO - Processing file /home/airflow/.local/lib/python3.8/site-packages/airflow/example_dags/example_python_operator.py for tasks to queue
[2023-09-16T13:56:42.681+0000] {logging_mixin.py:151} INFO - [2023-09-16T13:56:42.681+0000] {dagbag.py:539} INFO - Filling up the DagBag from /home/airflow/.local/lib/python3.8/site-packages/airflow/example_dags/example_python_operator.py
[2023-09-16T13:56:42.690+0000] {processor.py:839} INFO - DAG(s) dict_keys(['example_python_operator']) retrieved from /home/airflow/.local/lib/python3.8/site-packages/airflow/example_dags/example_python_operator.py
[2023-09-16T13:56:42.713+0000] {logging_mixin.py:151} INFO - [2023-09-16T13:56:42.713+0000] {dag.py:2915} INFO - Sync 1 DAGs
[2023-09-16T13:56:42.724+0000] {logging_mixin.py:151} INFO - [2023-09-16T13:56:42.724+0000] {dag.py:3696} INFO - Setting next_dagrun for example_python_operator to None, run_after=None
[2023-09-16T13:56:42.741+0000] {processor.py:179} INFO - Processing /home/airflow/.local/lib/python3.8/site-packages/airflow/example_dags/example_python_operator.py took 0.066 seconds
[2023-09-16T13:57:13.344+0000] {processor.py:157} INFO - Started process (PID=882) to work on /home/airflow/.local/lib/python3.8/site-packages/airflow/example_dags/example_python_operator.py
[2023-09-16T13:57:13.345+0000] {processor.py:829} INFO - Processing file /home/airflow/.local/lib/python3.8/site-packages/airflow/example_dags/example_python_operator.py for tasks to queue
[2023-09-16T13:57:13.347+0000] {logging_mixin.py:151} INFO - [2023-09-16T13:57:13.346+0000] {dagbag.py:539} INFO - Filling up the DagBag from /home/airflow/.local/lib/python3.8/site-packages/airflow/example_dags/example_python_operator.py
[2023-09-16T13:57:13.359+0000] {processor.py:839} INFO - DAG(s) dict_keys(['example_python_operator']) retrieved from /home/airflow/.local/lib/python3.8/site-packages/airflow/example_dags/example_python_operator.py
[2023-09-16T13:57:13.383+0000] {logging_mixin.py:151} INFO - [2023-09-16T13:57:13.383+0000] {dag.py:2915} INFO - Sync 1 DAGs
[2023-09-16T13:57:13.395+0000] {logging_mixin.py:151} INFO - [2023-09-16T13:57:13.395+0000] {dag.py:3696} INFO - Setting next_dagrun for example_python_operator to None, run_after=None
[2023-09-16T13:57:13.412+0000] {processor.py:179} INFO - Processing /home/airflow/.local/lib/python3.8/site-packages/airflow/example_dags/example_python_operator.py took 0.072 seconds
[2023-09-16T13:57:44.532+0000] {processor.py:157} INFO - Started process (PID=936) to work on /home/airflow/.local/lib/python3.8/site-packages/airflow/example_dags/example_python_operator.py
[2023-09-16T13:57:44.533+0000] {processor.py:829} INFO - Processing file /home/airflow/.local/lib/python3.8/site-packages/airflow/example_dags/example_python_operator.py for tasks to queue
[2023-09-16T13:57:44.535+0000] {logging_mixin.py:151} INFO - [2023-09-16T13:57:44.535+0000] {dagbag.py:539} INFO - Filling up the DagBag from /home/airflow/.local/lib/python3.8/site-packages/airflow/example_dags/example_python_operator.py
[2023-09-16T13:57:44.547+0000] {processor.py:839} INFO - DAG(s) dict_keys(['example_python_operator']) retrieved from /home/airflow/.local/lib/python3.8/site-packages/airflow/example_dags/example_python_operator.py
[2023-09-16T13:57:44.574+0000] {logging_mixin.py:151} INFO - [2023-09-16T13:57:44.574+0000] {dag.py:2915} INFO - Sync 1 DAGs
[2023-09-16T13:57:44.587+0000] {logging_mixin.py:151} INFO - [2023-09-16T13:57:44.587+0000] {dag.py:3696} INFO - Setting next_dagrun for example_python_operator to None, run_after=None
[2023-09-16T13:57:44.604+0000] {processor.py:179} INFO - Processing /home/airflow/.local/lib/python3.8/site-packages/airflow/example_dags/example_python_operator.py took 0.076 seconds
[2023-09-16T13:58:15.786+0000] {processor.py:157} INFO - Started process (PID=990) to work on /home/airflow/.local/lib/python3.8/site-packages/airflow/example_dags/example_python_operator.py
[2023-09-16T13:58:15.787+0000] {processor.py:829} INFO - Processing file /home/airflow/.local/lib/python3.8/site-packages/airflow/example_dags/example_python_operator.py for tasks to queue
[2023-09-16T13:58:15.788+0000] {logging_mixin.py:151} INFO - [2023-09-16T13:58:15.788+0000] {dagbag.py:539} INFO - Filling up the DagBag from /home/airflow/.local/lib/python3.8/site-packages/airflow/example_dags/example_python_operator.py
[2023-09-16T13:58:15.798+0000] {processor.py:839} INFO - DAG(s) dict_keys(['example_python_operator']) retrieved from /home/airflow/.local/lib/python3.8/site-packages/airflow/example_dags/example_python_operator.py
[2023-09-16T13:58:15.821+0000] {logging_mixin.py:151} INFO - [2023-09-16T13:58:15.820+0000] {dag.py:2915} INFO - Sync 1 DAGs
[2023-09-16T13:58:15.832+0000] {logging_mixin.py:151} INFO - [2023-09-16T13:58:15.832+0000] {dag.py:3696} INFO - Setting next_dagrun for example_python_operator to None, run_after=None
[2023-09-16T13:58:15.848+0000] {processor.py:179} INFO - Processing /home/airflow/.local/lib/python3.8/site-packages/airflow/example_dags/example_python_operator.py took 0.065 seconds
