[2023-09-16T13:50:31.566+0000] {processor.py:157} INFO - Started process (PID=179) to work on /home/airflow/.local/lib/python3.8/site-packages/airflow/example_dags/example_short_circuit_operator.py
[2023-09-16T13:50:31.567+0000] {processor.py:829} INFO - Processing file /home/airflow/.local/lib/python3.8/site-packages/airflow/example_dags/example_short_circuit_operator.py for tasks to queue
[2023-09-16T13:50:31.569+0000] {logging_mixin.py:151} INFO - [2023-09-16T13:50:31.569+0000] {dagbag.py:539} INFO - Filling up the DagBag from /home/airflow/.local/lib/python3.8/site-packages/airflow/example_dags/example_short_circuit_operator.py
[2023-09-16T13:50:31.581+0000] {processor.py:839} INFO - DAG(s) dict_keys(['example_short_circuit_operator']) retrieved from /home/airflow/.local/lib/python3.8/site-packages/airflow/example_dags/example_short_circuit_operator.py
[2023-09-16T13:50:31.611+0000] {logging_mixin.py:151} INFO - [2023-09-16T13:50:31.611+0000] {dag.py:2915} INFO - Sync 1 DAGs
[2023-09-16T13:50:31.642+0000] {logging_mixin.py:151} INFO - [2023-09-16T13:50:31.642+0000] {dag.py:3696} INFO - Setting next_dagrun for example_short_circuit_operator to 2023-09-15T13:50:31.642023+00:00, run_after=2023-09-16T13:50:31.642023+00:00
[2023-09-16T13:50:31.664+0000] {processor.py:179} INFO - Processing /home/airflow/.local/lib/python3.8/site-packages/airflow/example_dags/example_short_circuit_operator.py took 0.101 seconds
[2023-09-16T13:51:02.810+0000] {processor.py:157} INFO - Started process (PID=233) to work on /home/airflow/.local/lib/python3.8/site-packages/airflow/example_dags/example_short_circuit_operator.py
[2023-09-16T13:51:02.811+0000] {processor.py:829} INFO - Processing file /home/airflow/.local/lib/python3.8/site-packages/airflow/example_dags/example_short_circuit_operator.py for tasks to queue
[2023-09-16T13:51:02.813+0000] {logging_mixin.py:151} INFO - [2023-09-16T13:51:02.812+0000] {dagbag.py:539} INFO - Filling up the DagBag from /home/airflow/.local/lib/python3.8/site-packages/airflow/example_dags/example_short_circuit_operator.py
[2023-09-16T13:51:02.819+0000] {processor.py:839} INFO - DAG(s) dict_keys(['example_short_circuit_operator']) retrieved from /home/airflow/.local/lib/python3.8/site-packages/airflow/example_dags/example_short_circuit_operator.py
[2023-09-16T13:51:02.847+0000] {logging_mixin.py:151} INFO - [2023-09-16T13:51:02.847+0000] {dag.py:2915} INFO - Sync 1 DAGs
[2023-09-16T13:51:02.867+0000] {logging_mixin.py:151} INFO - [2023-09-16T13:51:02.867+0000] {dag.py:3696} INFO - Setting next_dagrun for example_short_circuit_operator to 2023-09-15T13:51:02.867517+00:00, run_after=2023-09-16T13:51:02.867517+00:00
[2023-09-16T13:51:02.883+0000] {processor.py:179} INFO - Processing /home/airflow/.local/lib/python3.8/site-packages/airflow/example_dags/example_short_circuit_operator.py took 0.077 seconds
[2023-09-16T13:51:33.083+0000] {processor.py:157} INFO - Started process (PID=287) to work on /home/airflow/.local/lib/python3.8/site-packages/airflow/example_dags/example_short_circuit_operator.py
[2023-09-16T13:51:33.084+0000] {processor.py:829} INFO - Processing file /home/airflow/.local/lib/python3.8/site-packages/airflow/example_dags/example_short_circuit_operator.py for tasks to queue
[2023-09-16T13:51:33.086+0000] {logging_mixin.py:151} INFO - [2023-09-16T13:51:33.086+0000] {dagbag.py:539} INFO - Filling up the DagBag from /home/airflow/.local/lib/python3.8/site-packages/airflow/example_dags/example_short_circuit_operator.py
[2023-09-16T13:51:33.093+0000] {processor.py:839} INFO - DAG(s) dict_keys(['example_short_circuit_operator']) retrieved from /home/airflow/.local/lib/python3.8/site-packages/airflow/example_dags/example_short_circuit_operator.py
[2023-09-16T13:51:33.125+0000] {logging_mixin.py:151} INFO - [2023-09-16T13:51:33.125+0000] {dag.py:2915} INFO - Sync 1 DAGs
[2023-09-16T13:51:33.145+0000] {logging_mixin.py:151} INFO - [2023-09-16T13:51:33.145+0000] {dag.py:3696} INFO - Setting next_dagrun for example_short_circuit_operator to 2023-09-15T13:51:33.145487+00:00, run_after=2023-09-16T13:51:33.145487+00:00
[2023-09-16T13:51:33.161+0000] {processor.py:179} INFO - Processing /home/airflow/.local/lib/python3.8/site-packages/airflow/example_dags/example_short_circuit_operator.py took 0.081 seconds
[2023-09-16T13:52:04.390+0000] {processor.py:157} INFO - Started process (PID=341) to work on /home/airflow/.local/lib/python3.8/site-packages/airflow/example_dags/example_short_circuit_operator.py
[2023-09-16T13:52:04.391+0000] {processor.py:829} INFO - Processing file /home/airflow/.local/lib/python3.8/site-packages/airflow/example_dags/example_short_circuit_operator.py for tasks to queue
[2023-09-16T13:52:04.394+0000] {logging_mixin.py:151} INFO - [2023-09-16T13:52:04.393+0000] {dagbag.py:539} INFO - Filling up the DagBag from /home/airflow/.local/lib/python3.8/site-packages/airflow/example_dags/example_short_circuit_operator.py
[2023-09-16T13:52:04.401+0000] {processor.py:839} INFO - DAG(s) dict_keys(['example_short_circuit_operator']) retrieved from /home/airflow/.local/lib/python3.8/site-packages/airflow/example_dags/example_short_circuit_operator.py
[2023-09-16T13:52:04.424+0000] {logging_mixin.py:151} INFO - [2023-09-16T13:52:04.424+0000] {dag.py:2915} INFO - Sync 1 DAGs
[2023-09-16T13:52:04.452+0000] {logging_mixin.py:151} INFO - [2023-09-16T13:52:04.451+0000] {dag.py:3696} INFO - Setting next_dagrun for example_short_circuit_operator to 2023-09-15T13:52:04.451734+00:00, run_after=2023-09-16T13:52:04.451734+00:00
[2023-09-16T13:52:04.471+0000] {processor.py:179} INFO - Processing /home/airflow/.local/lib/python3.8/site-packages/airflow/example_dags/example_short_circuit_operator.py took 0.084 seconds
[2023-09-16T13:52:34.746+0000] {processor.py:157} INFO - Started process (PID=395) to work on /home/airflow/.local/lib/python3.8/site-packages/airflow/example_dags/example_short_circuit_operator.py
[2023-09-16T13:52:34.747+0000] {processor.py:829} INFO - Processing file /home/airflow/.local/lib/python3.8/site-packages/airflow/example_dags/example_short_circuit_operator.py for tasks to queue
[2023-09-16T13:52:34.749+0000] {logging_mixin.py:151} INFO - [2023-09-16T13:52:34.748+0000] {dagbag.py:539} INFO - Filling up the DagBag from /home/airflow/.local/lib/python3.8/site-packages/airflow/example_dags/example_short_circuit_operator.py
[2023-09-16T13:52:34.756+0000] {processor.py:839} INFO - DAG(s) dict_keys(['example_short_circuit_operator']) retrieved from /home/airflow/.local/lib/python3.8/site-packages/airflow/example_dags/example_short_circuit_operator.py
[2023-09-16T13:52:34.782+0000] {logging_mixin.py:151} INFO - [2023-09-16T13:52:34.782+0000] {dag.py:2915} INFO - Sync 1 DAGs
[2023-09-16T13:52:34.807+0000] {logging_mixin.py:151} INFO - [2023-09-16T13:52:34.807+0000] {dag.py:3696} INFO - Setting next_dagrun for example_short_circuit_operator to 2023-09-15T13:52:34.807022+00:00, run_after=2023-09-16T13:52:34.807022+00:00
[2023-09-16T13:52:34.834+0000] {processor.py:179} INFO - Processing /home/airflow/.local/lib/python3.8/site-packages/airflow/example_dags/example_short_circuit_operator.py took 0.092 seconds
[2023-09-16T13:53:06.115+0000] {processor.py:157} INFO - Started process (PID=449) to work on /home/airflow/.local/lib/python3.8/site-packages/airflow/example_dags/example_short_circuit_operator.py
[2023-09-16T13:53:06.116+0000] {processor.py:829} INFO - Processing file /home/airflow/.local/lib/python3.8/site-packages/airflow/example_dags/example_short_circuit_operator.py for tasks to queue
[2023-09-16T13:53:06.118+0000] {logging_mixin.py:151} INFO - [2023-09-16T13:53:06.118+0000] {dagbag.py:539} INFO - Filling up the DagBag from /home/airflow/.local/lib/python3.8/site-packages/airflow/example_dags/example_short_circuit_operator.py
[2023-09-16T13:53:06.126+0000] {processor.py:839} INFO - DAG(s) dict_keys(['example_short_circuit_operator']) retrieved from /home/airflow/.local/lib/python3.8/site-packages/airflow/example_dags/example_short_circuit_operator.py
[2023-09-16T13:53:06.152+0000] {logging_mixin.py:151} INFO - [2023-09-16T13:53:06.152+0000] {dag.py:2915} INFO - Sync 1 DAGs
[2023-09-16T13:53:06.179+0000] {logging_mixin.py:151} INFO - [2023-09-16T13:53:06.179+0000] {dag.py:3696} INFO - Setting next_dagrun for example_short_circuit_operator to 2023-09-15T13:53:06.179173+00:00, run_after=2023-09-16T13:53:06.179173+00:00
[2023-09-16T13:53:06.199+0000] {processor.py:179} INFO - Processing /home/airflow/.local/lib/python3.8/site-packages/airflow/example_dags/example_short_circuit_operator.py took 0.088 seconds
[2023-09-16T13:53:37.308+0000] {processor.py:157} INFO - Started process (PID=503) to work on /home/airflow/.local/lib/python3.8/site-packages/airflow/example_dags/example_short_circuit_operator.py
[2023-09-16T13:53:37.309+0000] {processor.py:829} INFO - Processing file /home/airflow/.local/lib/python3.8/site-packages/airflow/example_dags/example_short_circuit_operator.py for tasks to queue
[2023-09-16T13:53:37.312+0000] {logging_mixin.py:151} INFO - [2023-09-16T13:53:37.311+0000] {dagbag.py:539} INFO - Filling up the DagBag from /home/airflow/.local/lib/python3.8/site-packages/airflow/example_dags/example_short_circuit_operator.py
[2023-09-16T13:53:37.319+0000] {processor.py:839} INFO - DAG(s) dict_keys(['example_short_circuit_operator']) retrieved from /home/airflow/.local/lib/python3.8/site-packages/airflow/example_dags/example_short_circuit_operator.py
[2023-09-16T13:53:37.347+0000] {logging_mixin.py:151} INFO - [2023-09-16T13:53:37.347+0000] {dag.py:2915} INFO - Sync 1 DAGs
[2023-09-16T13:53:37.370+0000] {logging_mixin.py:151} INFO - [2023-09-16T13:53:37.370+0000] {dag.py:3696} INFO - Setting next_dagrun for example_short_circuit_operator to 2023-09-15T13:53:37.370360+00:00, run_after=2023-09-16T13:53:37.370360+00:00
[2023-09-16T13:53:37.387+0000] {processor.py:179} INFO - Processing /home/airflow/.local/lib/python3.8/site-packages/airflow/example_dags/example_short_circuit_operator.py took 0.083 seconds
[2023-09-16T13:54:08.578+0000] {processor.py:157} INFO - Started process (PID=563) to work on /home/airflow/.local/lib/python3.8/site-packages/airflow/example_dags/example_short_circuit_operator.py
[2023-09-16T13:54:08.625+0000] {processor.py:829} INFO - Processing file /home/airflow/.local/lib/python3.8/site-packages/airflow/example_dags/example_short_circuit_operator.py for tasks to queue
[2023-09-16T13:54:08.628+0000] {logging_mixin.py:151} INFO - [2023-09-16T13:54:08.628+0000] {dagbag.py:539} INFO - Filling up the DagBag from /home/airflow/.local/lib/python3.8/site-packages/airflow/example_dags/example_short_circuit_operator.py
[2023-09-16T13:54:08.637+0000] {processor.py:839} INFO - DAG(s) dict_keys(['example_short_circuit_operator']) retrieved from /home/airflow/.local/lib/python3.8/site-packages/airflow/example_dags/example_short_circuit_operator.py
[2023-09-16T13:54:08.661+0000] {logging_mixin.py:151} INFO - [2023-09-16T13:54:08.660+0000] {dag.py:2915} INFO - Sync 1 DAGs
[2023-09-16T13:54:08.683+0000] {logging_mixin.py:151} INFO - [2023-09-16T13:54:08.683+0000] {dag.py:3696} INFO - Setting next_dagrun for example_short_circuit_operator to 2023-09-15T13:54:08.683362+00:00, run_after=2023-09-16T13:54:08.683362+00:00
[2023-09-16T13:54:08.733+0000] {processor.py:179} INFO - Processing /home/airflow/.local/lib/python3.8/site-packages/airflow/example_dags/example_short_circuit_operator.py took 0.159 seconds
[2023-09-16T13:54:39.670+0000] {processor.py:157} INFO - Started process (PID=618) to work on /home/airflow/.local/lib/python3.8/site-packages/airflow/example_dags/example_short_circuit_operator.py
[2023-09-16T13:54:39.671+0000] {processor.py:829} INFO - Processing file /home/airflow/.local/lib/python3.8/site-packages/airflow/example_dags/example_short_circuit_operator.py for tasks to queue
[2023-09-16T13:54:39.673+0000] {logging_mixin.py:151} INFO - [2023-09-16T13:54:39.672+0000] {dagbag.py:539} INFO - Filling up the DagBag from /home/airflow/.local/lib/python3.8/site-packages/airflow/example_dags/example_short_circuit_operator.py
[2023-09-16T13:54:39.680+0000] {processor.py:839} INFO - DAG(s) dict_keys(['example_short_circuit_operator']) retrieved from /home/airflow/.local/lib/python3.8/site-packages/airflow/example_dags/example_short_circuit_operator.py
[2023-09-16T13:54:39.702+0000] {logging_mixin.py:151} INFO - [2023-09-16T13:54:39.702+0000] {dag.py:2915} INFO - Sync 1 DAGs
[2023-09-16T13:54:39.723+0000] {logging_mixin.py:151} INFO - [2023-09-16T13:54:39.723+0000] {dag.py:3696} INFO - Setting next_dagrun for example_short_circuit_operator to 2023-09-15T13:54:39.722888+00:00, run_after=2023-09-16T13:54:39.722888+00:00
[2023-09-16T13:54:39.738+0000] {processor.py:179} INFO - Processing /home/airflow/.local/lib/python3.8/site-packages/airflow/example_dags/example_short_circuit_operator.py took 0.072 seconds
[2023-09-16T13:55:10.283+0000] {processor.py:157} INFO - Started process (PID=672) to work on /home/airflow/.local/lib/python3.8/site-packages/airflow/example_dags/example_short_circuit_operator.py
[2023-09-16T13:55:10.284+0000] {processor.py:829} INFO - Processing file /home/airflow/.local/lib/python3.8/site-packages/airflow/example_dags/example_short_circuit_operator.py for tasks to queue
[2023-09-16T13:55:10.286+0000] {logging_mixin.py:151} INFO - [2023-09-16T13:55:10.285+0000] {dagbag.py:539} INFO - Filling up the DagBag from /home/airflow/.local/lib/python3.8/site-packages/airflow/example_dags/example_short_circuit_operator.py
[2023-09-16T13:55:10.292+0000] {processor.py:839} INFO - DAG(s) dict_keys(['example_short_circuit_operator']) retrieved from /home/airflow/.local/lib/python3.8/site-packages/airflow/example_dags/example_short_circuit_operator.py
[2023-09-16T13:55:10.314+0000] {logging_mixin.py:151} INFO - [2023-09-16T13:55:10.314+0000] {dag.py:2915} INFO - Sync 1 DAGs
[2023-09-16T13:55:10.335+0000] {logging_mixin.py:151} INFO - [2023-09-16T13:55:10.335+0000] {dag.py:3696} INFO - Setting next_dagrun for example_short_circuit_operator to 2023-09-15T13:55:10.335334+00:00, run_after=2023-09-16T13:55:10.335334+00:00
[2023-09-16T13:55:10.354+0000] {processor.py:179} INFO - Processing /home/airflow/.local/lib/python3.8/site-packages/airflow/example_dags/example_short_circuit_operator.py took 0.074 seconds
[2023-09-16T13:55:41.112+0000] {processor.py:157} INFO - Started process (PID=726) to work on /home/airflow/.local/lib/python3.8/site-packages/airflow/example_dags/example_short_circuit_operator.py
[2023-09-16T13:55:41.113+0000] {processor.py:829} INFO - Processing file /home/airflow/.local/lib/python3.8/site-packages/airflow/example_dags/example_short_circuit_operator.py for tasks to queue
[2023-09-16T13:55:41.114+0000] {logging_mixin.py:151} INFO - [2023-09-16T13:55:41.114+0000] {dagbag.py:539} INFO - Filling up the DagBag from /home/airflow/.local/lib/python3.8/site-packages/airflow/example_dags/example_short_circuit_operator.py
[2023-09-16T13:55:41.122+0000] {processor.py:839} INFO - DAG(s) dict_keys(['example_short_circuit_operator']) retrieved from /home/airflow/.local/lib/python3.8/site-packages/airflow/example_dags/example_short_circuit_operator.py
[2023-09-16T13:55:41.154+0000] {logging_mixin.py:151} INFO - [2023-09-16T13:55:41.153+0000] {dag.py:2915} INFO - Sync 1 DAGs
[2023-09-16T13:55:41.176+0000] {logging_mixin.py:151} INFO - [2023-09-16T13:55:41.176+0000] {dag.py:3696} INFO - Setting next_dagrun for example_short_circuit_operator to 2023-09-15T13:55:41.175962+00:00, run_after=2023-09-16T13:55:41.175962+00:00
[2023-09-16T13:55:41.192+0000] {processor.py:179} INFO - Processing /home/airflow/.local/lib/python3.8/site-packages/airflow/example_dags/example_short_circuit_operator.py took 0.084 seconds
[2023-09-16T13:56:12.181+0000] {processor.py:157} INFO - Started process (PID=780) to work on /home/airflow/.local/lib/python3.8/site-packages/airflow/example_dags/example_short_circuit_operator.py
[2023-09-16T13:56:12.182+0000] {processor.py:829} INFO - Processing file /home/airflow/.local/lib/python3.8/site-packages/airflow/example_dags/example_short_circuit_operator.py for tasks to queue
[2023-09-16T13:56:12.184+0000] {logging_mixin.py:151} INFO - [2023-09-16T13:56:12.184+0000] {dagbag.py:539} INFO - Filling up the DagBag from /home/airflow/.local/lib/python3.8/site-packages/airflow/example_dags/example_short_circuit_operator.py
[2023-09-16T13:56:12.193+0000] {processor.py:839} INFO - DAG(s) dict_keys(['example_short_circuit_operator']) retrieved from /home/airflow/.local/lib/python3.8/site-packages/airflow/example_dags/example_short_circuit_operator.py
[2023-09-16T13:56:12.218+0000] {logging_mixin.py:151} INFO - [2023-09-16T13:56:12.218+0000] {dag.py:2915} INFO - Sync 1 DAGs
[2023-09-16T13:56:12.239+0000] {logging_mixin.py:151} INFO - [2023-09-16T13:56:12.239+0000] {dag.py:3696} INFO - Setting next_dagrun for example_short_circuit_operator to 2023-09-15T13:56:12.239091+00:00, run_after=2023-09-16T13:56:12.239091+00:00
[2023-09-16T13:56:12.254+0000] {processor.py:179} INFO - Processing /home/airflow/.local/lib/python3.8/site-packages/airflow/example_dags/example_short_circuit_operator.py took 0.076 seconds
[2023-09-16T13:56:42.952+0000] {processor.py:157} INFO - Started process (PID=834) to work on /home/airflow/.local/lib/python3.8/site-packages/airflow/example_dags/example_short_circuit_operator.py
[2023-09-16T13:56:42.953+0000] {processor.py:829} INFO - Processing file /home/airflow/.local/lib/python3.8/site-packages/airflow/example_dags/example_short_circuit_operator.py for tasks to queue
[2023-09-16T13:56:42.956+0000] {logging_mixin.py:151} INFO - [2023-09-16T13:56:42.955+0000] {dagbag.py:539} INFO - Filling up the DagBag from /home/airflow/.local/lib/python3.8/site-packages/airflow/example_dags/example_short_circuit_operator.py
[2023-09-16T13:56:42.963+0000] {processor.py:839} INFO - DAG(s) dict_keys(['example_short_circuit_operator']) retrieved from /home/airflow/.local/lib/python3.8/site-packages/airflow/example_dags/example_short_circuit_operator.py
[2023-09-16T13:56:42.984+0000] {logging_mixin.py:151} INFO - [2023-09-16T13:56:42.984+0000] {dag.py:2915} INFO - Sync 1 DAGs
[2023-09-16T13:56:43.004+0000] {logging_mixin.py:151} INFO - [2023-09-16T13:56:43.004+0000] {dag.py:3696} INFO - Setting next_dagrun for example_short_circuit_operator to 2023-09-15T13:56:43.004436+00:00, run_after=2023-09-16T13:56:43.004436+00:00
[2023-09-16T13:56:43.022+0000] {processor.py:179} INFO - Processing /home/airflow/.local/lib/python3.8/site-packages/airflow/example_dags/example_short_circuit_operator.py took 0.073 seconds
[2023-09-16T13:57:13.642+0000] {processor.py:157} INFO - Started process (PID=888) to work on /home/airflow/.local/lib/python3.8/site-packages/airflow/example_dags/example_short_circuit_operator.py
[2023-09-16T13:57:13.643+0000] {processor.py:829} INFO - Processing file /home/airflow/.local/lib/python3.8/site-packages/airflow/example_dags/example_short_circuit_operator.py for tasks to queue
[2023-09-16T13:57:13.645+0000] {logging_mixin.py:151} INFO - [2023-09-16T13:57:13.644+0000] {dagbag.py:539} INFO - Filling up the DagBag from /home/airflow/.local/lib/python3.8/site-packages/airflow/example_dags/example_short_circuit_operator.py
[2023-09-16T13:57:13.651+0000] {processor.py:839} INFO - DAG(s) dict_keys(['example_short_circuit_operator']) retrieved from /home/airflow/.local/lib/python3.8/site-packages/airflow/example_dags/example_short_circuit_operator.py
[2023-09-16T13:57:13.674+0000] {logging_mixin.py:151} INFO - [2023-09-16T13:57:13.674+0000] {dag.py:2915} INFO - Sync 1 DAGs
[2023-09-16T13:57:13.693+0000] {logging_mixin.py:151} INFO - [2023-09-16T13:57:13.693+0000] {dag.py:3696} INFO - Setting next_dagrun for example_short_circuit_operator to 2023-09-15T13:57:13.692886+00:00, run_after=2023-09-16T13:57:13.692886+00:00
[2023-09-16T13:57:13.708+0000] {processor.py:179} INFO - Processing /home/airflow/.local/lib/python3.8/site-packages/airflow/example_dags/example_short_circuit_operator.py took 0.070 seconds
[2023-09-16T13:57:44.927+0000] {processor.py:157} INFO - Started process (PID=942) to work on /home/airflow/.local/lib/python3.8/site-packages/airflow/example_dags/example_short_circuit_operator.py
[2023-09-16T13:57:44.928+0000] {processor.py:829} INFO - Processing file /home/airflow/.local/lib/python3.8/site-packages/airflow/example_dags/example_short_circuit_operator.py for tasks to queue
[2023-09-16T13:57:44.930+0000] {logging_mixin.py:151} INFO - [2023-09-16T13:57:44.930+0000] {dagbag.py:539} INFO - Filling up the DagBag from /home/airflow/.local/lib/python3.8/site-packages/airflow/example_dags/example_short_circuit_operator.py
[2023-09-16T13:57:44.937+0000] {processor.py:839} INFO - DAG(s) dict_keys(['example_short_circuit_operator']) retrieved from /home/airflow/.local/lib/python3.8/site-packages/airflow/example_dags/example_short_circuit_operator.py
[2023-09-16T13:57:44.958+0000] {logging_mixin.py:151} INFO - [2023-09-16T13:57:44.958+0000] {dag.py:2915} INFO - Sync 1 DAGs
[2023-09-16T13:57:44.977+0000] {logging_mixin.py:151} INFO - [2023-09-16T13:57:44.976+0000] {dag.py:3696} INFO - Setting next_dagrun for example_short_circuit_operator to 2023-09-15T13:57:44.976683+00:00, run_after=2023-09-16T13:57:44.976683+00:00
[2023-09-16T13:57:44.991+0000] {processor.py:179} INFO - Processing /home/airflow/.local/lib/python3.8/site-packages/airflow/example_dags/example_short_circuit_operator.py took 0.067 seconds
[2023-09-16T13:58:16.108+0000] {processor.py:157} INFO - Started process (PID=996) to work on /home/airflow/.local/lib/python3.8/site-packages/airflow/example_dags/example_short_circuit_operator.py
[2023-09-16T13:58:16.109+0000] {processor.py:829} INFO - Processing file /home/airflow/.local/lib/python3.8/site-packages/airflow/example_dags/example_short_circuit_operator.py for tasks to queue
[2023-09-16T13:58:16.111+0000] {logging_mixin.py:151} INFO - [2023-09-16T13:58:16.111+0000] {dagbag.py:539} INFO - Filling up the DagBag from /home/airflow/.local/lib/python3.8/site-packages/airflow/example_dags/example_short_circuit_operator.py
[2023-09-16T13:58:16.118+0000] {processor.py:839} INFO - DAG(s) dict_keys(['example_short_circuit_operator']) retrieved from /home/airflow/.local/lib/python3.8/site-packages/airflow/example_dags/example_short_circuit_operator.py
[2023-09-16T13:58:16.139+0000] {logging_mixin.py:151} INFO - [2023-09-16T13:58:16.139+0000] {dag.py:2915} INFO - Sync 1 DAGs
[2023-09-16T13:58:16.160+0000] {logging_mixin.py:151} INFO - [2023-09-16T13:58:16.160+0000] {dag.py:3696} INFO - Setting next_dagrun for example_short_circuit_operator to 2023-09-15T13:58:16.160112+00:00, run_after=2023-09-16T13:58:16.160112+00:00
[2023-09-16T13:58:16.175+0000] {processor.py:179} INFO - Processing /home/airflow/.local/lib/python3.8/site-packages/airflow/example_dags/example_short_circuit_operator.py took 0.070 seconds
