[2023-09-16T13:50:26.044+0000] {processor.py:157} INFO - Started process (PID=155) to work on /home/airflow/.local/lib/python3.8/site-packages/airflow/example_dags/example_branch_labels.py
[2023-09-16T13:50:26.045+0000] {processor.py:829} INFO - Processing file /home/airflow/.local/lib/python3.8/site-packages/airflow/example_dags/example_branch_labels.py for tasks to queue
[2023-09-16T13:50:26.048+0000] {logging_mixin.py:151} INFO - [2023-09-16T13:50:26.047+0000] {dagbag.py:539} INFO - Filling up the DagBag from /home/airflow/.local/lib/python3.8/site-packages/airflow/example_dags/example_branch_labels.py
[2023-09-16T13:50:26.062+0000] {processor.py:839} INFO - DAG(s) dict_keys(['example_branch_labels']) retrieved from /home/airflow/.local/lib/python3.8/site-packages/airflow/example_dags/example_branch_labels.py
[2023-09-16T13:50:26.138+0000] {logging_mixin.py:151} INFO - [2023-09-16T13:50:26.138+0000] {dag.py:2915} INFO - Sync 1 DAGs
[2023-09-16T13:50:26.162+0000] {logging_mixin.py:151} INFO - [2023-09-16T13:50:26.162+0000] {dag.py:3696} INFO - Setting next_dagrun for example_branch_labels to 2023-09-15T00:00:00+00:00, run_after=2023-09-16T00:00:00+00:00
[2023-09-16T13:50:26.232+0000] {processor.py:179} INFO - Processing /home/airflow/.local/lib/python3.8/site-packages/airflow/example_dags/example_branch_labels.py took 0.192 seconds
[2023-09-16T13:50:56.926+0000] {processor.py:157} INFO - Started process (PID=209) to work on /home/airflow/.local/lib/python3.8/site-packages/airflow/example_dags/example_branch_labels.py
[2023-09-16T13:50:56.927+0000] {processor.py:829} INFO - Processing file /home/airflow/.local/lib/python3.8/site-packages/airflow/example_dags/example_branch_labels.py for tasks to queue
[2023-09-16T13:50:56.929+0000] {logging_mixin.py:151} INFO - [2023-09-16T13:50:56.928+0000] {dagbag.py:539} INFO - Filling up the DagBag from /home/airflow/.local/lib/python3.8/site-packages/airflow/example_dags/example_branch_labels.py
[2023-09-16T13:50:56.936+0000] {processor.py:839} INFO - DAG(s) dict_keys(['example_branch_labels']) retrieved from /home/airflow/.local/lib/python3.8/site-packages/airflow/example_dags/example_branch_labels.py
[2023-09-16T13:50:56.956+0000] {logging_mixin.py:151} INFO - [2023-09-16T13:50:56.956+0000] {dag.py:2915} INFO - Sync 1 DAGs
[2023-09-16T13:50:56.977+0000] {logging_mixin.py:151} INFO - [2023-09-16T13:50:56.977+0000] {dag.py:3696} INFO - Setting next_dagrun for example_branch_labels to 2023-09-15T00:00:00+00:00, run_after=2023-09-16T00:00:00+00:00
[2023-09-16T13:50:56.992+0000] {processor.py:179} INFO - Processing /home/airflow/.local/lib/python3.8/site-packages/airflow/example_dags/example_branch_labels.py took 0.070 seconds
[2023-09-16T13:51:27.321+0000] {processor.py:157} INFO - Started process (PID=263) to work on /home/airflow/.local/lib/python3.8/site-packages/airflow/example_dags/example_branch_labels.py
[2023-09-16T13:51:27.322+0000] {processor.py:829} INFO - Processing file /home/airflow/.local/lib/python3.8/site-packages/airflow/example_dags/example_branch_labels.py for tasks to queue
[2023-09-16T13:51:27.324+0000] {logging_mixin.py:151} INFO - [2023-09-16T13:51:27.324+0000] {dagbag.py:539} INFO - Filling up the DagBag from /home/airflow/.local/lib/python3.8/site-packages/airflow/example_dags/example_branch_labels.py
[2023-09-16T13:51:27.332+0000] {processor.py:839} INFO - DAG(s) dict_keys(['example_branch_labels']) retrieved from /home/airflow/.local/lib/python3.8/site-packages/airflow/example_dags/example_branch_labels.py
[2023-09-16T13:51:27.350+0000] {logging_mixin.py:151} INFO - [2023-09-16T13:51:27.350+0000] {dag.py:2915} INFO - Sync 1 DAGs
[2023-09-16T13:51:27.371+0000] {logging_mixin.py:151} INFO - [2023-09-16T13:51:27.371+0000] {dag.py:3696} INFO - Setting next_dagrun for example_branch_labels to 2023-09-15T00:00:00+00:00, run_after=2023-09-16T00:00:00+00:00
[2023-09-16T13:51:27.386+0000] {processor.py:179} INFO - Processing /home/airflow/.local/lib/python3.8/site-packages/airflow/example_dags/example_branch_labels.py took 0.068 seconds
[2023-09-16T13:51:57.551+0000] {processor.py:157} INFO - Started process (PID=317) to work on /home/airflow/.local/lib/python3.8/site-packages/airflow/example_dags/example_branch_labels.py
[2023-09-16T13:51:57.552+0000] {processor.py:829} INFO - Processing file /home/airflow/.local/lib/python3.8/site-packages/airflow/example_dags/example_branch_labels.py for tasks to queue
[2023-09-16T13:51:57.555+0000] {logging_mixin.py:151} INFO - [2023-09-16T13:51:57.555+0000] {dagbag.py:539} INFO - Filling up the DagBag from /home/airflow/.local/lib/python3.8/site-packages/airflow/example_dags/example_branch_labels.py
[2023-09-16T13:51:57.564+0000] {processor.py:839} INFO - DAG(s) dict_keys(['example_branch_labels']) retrieved from /home/airflow/.local/lib/python3.8/site-packages/airflow/example_dags/example_branch_labels.py
[2023-09-16T13:51:57.588+0000] {logging_mixin.py:151} INFO - [2023-09-16T13:51:57.588+0000] {dag.py:2915} INFO - Sync 1 DAGs
[2023-09-16T13:51:57.608+0000] {logging_mixin.py:151} INFO - [2023-09-16T13:51:57.607+0000] {dag.py:3696} INFO - Setting next_dagrun for example_branch_labels to 2023-09-15T00:00:00+00:00, run_after=2023-09-16T00:00:00+00:00
[2023-09-16T13:51:57.626+0000] {processor.py:179} INFO - Processing /home/airflow/.local/lib/python3.8/site-packages/airflow/example_dags/example_branch_labels.py took 0.078 seconds
[2023-09-16T13:52:27.969+0000] {processor.py:157} INFO - Started process (PID=371) to work on /home/airflow/.local/lib/python3.8/site-packages/airflow/example_dags/example_branch_labels.py
[2023-09-16T13:52:27.970+0000] {processor.py:829} INFO - Processing file /home/airflow/.local/lib/python3.8/site-packages/airflow/example_dags/example_branch_labels.py for tasks to queue
[2023-09-16T13:52:27.972+0000] {logging_mixin.py:151} INFO - [2023-09-16T13:52:27.971+0000] {dagbag.py:539} INFO - Filling up the DagBag from /home/airflow/.local/lib/python3.8/site-packages/airflow/example_dags/example_branch_labels.py
[2023-09-16T13:52:27.979+0000] {processor.py:839} INFO - DAG(s) dict_keys(['example_branch_labels']) retrieved from /home/airflow/.local/lib/python3.8/site-packages/airflow/example_dags/example_branch_labels.py
[2023-09-16T13:52:27.999+0000] {logging_mixin.py:151} INFO - [2023-09-16T13:52:27.999+0000] {dag.py:2915} INFO - Sync 1 DAGs
[2023-09-16T13:52:28.020+0000] {logging_mixin.py:151} INFO - [2023-09-16T13:52:28.019+0000] {dag.py:3696} INFO - Setting next_dagrun for example_branch_labels to 2023-09-15T00:00:00+00:00, run_after=2023-09-16T00:00:00+00:00
[2023-09-16T13:52:28.036+0000] {processor.py:179} INFO - Processing /home/airflow/.local/lib/python3.8/site-packages/airflow/example_dags/example_branch_labels.py took 0.070 seconds
[2023-09-16T13:52:58.353+0000] {processor.py:157} INFO - Started process (PID=425) to work on /home/airflow/.local/lib/python3.8/site-packages/airflow/example_dags/example_branch_labels.py
[2023-09-16T13:52:58.354+0000] {processor.py:829} INFO - Processing file /home/airflow/.local/lib/python3.8/site-packages/airflow/example_dags/example_branch_labels.py for tasks to queue
[2023-09-16T13:52:58.356+0000] {logging_mixin.py:151} INFO - [2023-09-16T13:52:58.356+0000] {dagbag.py:539} INFO - Filling up the DagBag from /home/airflow/.local/lib/python3.8/site-packages/airflow/example_dags/example_branch_labels.py
[2023-09-16T13:52:58.364+0000] {processor.py:839} INFO - DAG(s) dict_keys(['example_branch_labels']) retrieved from /home/airflow/.local/lib/python3.8/site-packages/airflow/example_dags/example_branch_labels.py
[2023-09-16T13:52:58.386+0000] {logging_mixin.py:151} INFO - [2023-09-16T13:52:58.385+0000] {dag.py:2915} INFO - Sync 1 DAGs
[2023-09-16T13:52:58.408+0000] {logging_mixin.py:151} INFO - [2023-09-16T13:52:58.408+0000] {dag.py:3696} INFO - Setting next_dagrun for example_branch_labels to 2023-09-15T00:00:00+00:00, run_after=2023-09-16T00:00:00+00:00
[2023-09-16T13:52:58.427+0000] {processor.py:179} INFO - Processing /home/airflow/.local/lib/python3.8/site-packages/airflow/example_dags/example_branch_labels.py took 0.076 seconds
[2023-09-16T13:53:28.611+0000] {processor.py:157} INFO - Started process (PID=479) to work on /home/airflow/.local/lib/python3.8/site-packages/airflow/example_dags/example_branch_labels.py
[2023-09-16T13:53:28.612+0000] {processor.py:829} INFO - Processing file /home/airflow/.local/lib/python3.8/site-packages/airflow/example_dags/example_branch_labels.py for tasks to queue
[2023-09-16T13:53:28.614+0000] {logging_mixin.py:151} INFO - [2023-09-16T13:53:28.614+0000] {dagbag.py:539} INFO - Filling up the DagBag from /home/airflow/.local/lib/python3.8/site-packages/airflow/example_dags/example_branch_labels.py
[2023-09-16T13:53:28.621+0000] {processor.py:839} INFO - DAG(s) dict_keys(['example_branch_labels']) retrieved from /home/airflow/.local/lib/python3.8/site-packages/airflow/example_dags/example_branch_labels.py
[2023-09-16T13:53:28.640+0000] {logging_mixin.py:151} INFO - [2023-09-16T13:53:28.640+0000] {dag.py:2915} INFO - Sync 1 DAGs
[2023-09-16T13:53:28.662+0000] {logging_mixin.py:151} INFO - [2023-09-16T13:53:28.662+0000] {dag.py:3696} INFO - Setting next_dagrun for example_branch_labels to 2023-09-15T00:00:00+00:00, run_after=2023-09-16T00:00:00+00:00
[2023-09-16T13:53:28.677+0000] {processor.py:179} INFO - Processing /home/airflow/.local/lib/python3.8/site-packages/airflow/example_dags/example_branch_labels.py took 0.069 seconds
[2023-09-16T13:53:58.787+0000] {processor.py:157} INFO - Started process (PID=533) to work on /home/airflow/.local/lib/python3.8/site-packages/airflow/example_dags/example_branch_labels.py
[2023-09-16T13:53:58.788+0000] {processor.py:829} INFO - Processing file /home/airflow/.local/lib/python3.8/site-packages/airflow/example_dags/example_branch_labels.py for tasks to queue
[2023-09-16T13:53:58.791+0000] {logging_mixin.py:151} INFO - [2023-09-16T13:53:58.790+0000] {dagbag.py:539} INFO - Filling up the DagBag from /home/airflow/.local/lib/python3.8/site-packages/airflow/example_dags/example_branch_labels.py
[2023-09-16T13:53:58.799+0000] {processor.py:839} INFO - DAG(s) dict_keys(['example_branch_labels']) retrieved from /home/airflow/.local/lib/python3.8/site-packages/airflow/example_dags/example_branch_labels.py
[2023-09-16T13:53:58.820+0000] {logging_mixin.py:151} INFO - [2023-09-16T13:53:58.820+0000] {dag.py:2915} INFO - Sync 1 DAGs
[2023-09-16T13:53:58.840+0000] {logging_mixin.py:151} INFO - [2023-09-16T13:53:58.840+0000] {dag.py:3696} INFO - Setting next_dagrun for example_branch_labels to 2023-09-15T00:00:00+00:00, run_after=2023-09-16T00:00:00+00:00
[2023-09-16T13:53:58.855+0000] {processor.py:179} INFO - Processing /home/airflow/.local/lib/python3.8/site-packages/airflow/example_dags/example_branch_labels.py took 0.071 seconds
[2023-09-16T13:54:29.032+0000] {processor.py:157} INFO - Started process (PID=587) to work on /home/airflow/.local/lib/python3.8/site-packages/airflow/example_dags/example_branch_labels.py
[2023-09-16T13:54:29.033+0000] {processor.py:829} INFO - Processing file /home/airflow/.local/lib/python3.8/site-packages/airflow/example_dags/example_branch_labels.py for tasks to queue
[2023-09-16T13:54:29.035+0000] {logging_mixin.py:151} INFO - [2023-09-16T13:54:29.035+0000] {dagbag.py:539} INFO - Filling up the DagBag from /home/airflow/.local/lib/python3.8/site-packages/airflow/example_dags/example_branch_labels.py
[2023-09-16T13:54:29.042+0000] {processor.py:839} INFO - DAG(s) dict_keys(['example_branch_labels']) retrieved from /home/airflow/.local/lib/python3.8/site-packages/airflow/example_dags/example_branch_labels.py
[2023-09-16T13:54:29.062+0000] {logging_mixin.py:151} INFO - [2023-09-16T13:54:29.062+0000] {dag.py:2915} INFO - Sync 1 DAGs
[2023-09-16T13:54:29.082+0000] {logging_mixin.py:151} INFO - [2023-09-16T13:54:29.082+0000] {dag.py:3696} INFO - Setting next_dagrun for example_branch_labels to 2023-09-15T00:00:00+00:00, run_after=2023-09-16T00:00:00+00:00
[2023-09-16T13:54:29.096+0000] {processor.py:179} INFO - Processing /home/airflow/.local/lib/python3.8/site-packages/airflow/example_dags/example_branch_labels.py took 0.067 seconds
[2023-09-16T13:54:59.658+0000] {processor.py:157} INFO - Started process (PID=641) to work on /home/airflow/.local/lib/python3.8/site-packages/airflow/example_dags/example_branch_labels.py
[2023-09-16T13:54:59.659+0000] {processor.py:829} INFO - Processing file /home/airflow/.local/lib/python3.8/site-packages/airflow/example_dags/example_branch_labels.py for tasks to queue
[2023-09-16T13:54:59.661+0000] {logging_mixin.py:151} INFO - [2023-09-16T13:54:59.661+0000] {dagbag.py:539} INFO - Filling up the DagBag from /home/airflow/.local/lib/python3.8/site-packages/airflow/example_dags/example_branch_labels.py
[2023-09-16T13:54:59.668+0000] {processor.py:839} INFO - DAG(s) dict_keys(['example_branch_labels']) retrieved from /home/airflow/.local/lib/python3.8/site-packages/airflow/example_dags/example_branch_labels.py
[2023-09-16T13:54:59.687+0000] {logging_mixin.py:151} INFO - [2023-09-16T13:54:59.686+0000] {dag.py:2915} INFO - Sync 1 DAGs
[2023-09-16T13:54:59.707+0000] {logging_mixin.py:151} INFO - [2023-09-16T13:54:59.707+0000] {dag.py:3696} INFO - Setting next_dagrun for example_branch_labels to 2023-09-15T00:00:00+00:00, run_after=2023-09-16T00:00:00+00:00
[2023-09-16T13:54:59.722+0000] {processor.py:179} INFO - Processing /home/airflow/.local/lib/python3.8/site-packages/airflow/example_dags/example_branch_labels.py took 0.067 seconds
[2023-09-16T13:55:30.351+0000] {processor.py:157} INFO - Started process (PID=695) to work on /home/airflow/.local/lib/python3.8/site-packages/airflow/example_dags/example_branch_labels.py
[2023-09-16T13:55:30.352+0000] {processor.py:829} INFO - Processing file /home/airflow/.local/lib/python3.8/site-packages/airflow/example_dags/example_branch_labels.py for tasks to queue
[2023-09-16T13:55:30.354+0000] {logging_mixin.py:151} INFO - [2023-09-16T13:55:30.354+0000] {dagbag.py:539} INFO - Filling up the DagBag from /home/airflow/.local/lib/python3.8/site-packages/airflow/example_dags/example_branch_labels.py
[2023-09-16T13:55:30.361+0000] {processor.py:839} INFO - DAG(s) dict_keys(['example_branch_labels']) retrieved from /home/airflow/.local/lib/python3.8/site-packages/airflow/example_dags/example_branch_labels.py
[2023-09-16T13:55:30.380+0000] {logging_mixin.py:151} INFO - [2023-09-16T13:55:30.380+0000] {dag.py:2915} INFO - Sync 1 DAGs
[2023-09-16T13:55:30.400+0000] {logging_mixin.py:151} INFO - [2023-09-16T13:55:30.400+0000] {dag.py:3696} INFO - Setting next_dagrun for example_branch_labels to 2023-09-15T00:00:00+00:00, run_after=2023-09-16T00:00:00+00:00
[2023-09-16T13:55:30.415+0000] {processor.py:179} INFO - Processing /home/airflow/.local/lib/python3.8/site-packages/airflow/example_dags/example_branch_labels.py took 0.067 seconds
[2023-09-16T13:56:00.575+0000] {processor.py:157} INFO - Started process (PID=749) to work on /home/airflow/.local/lib/python3.8/site-packages/airflow/example_dags/example_branch_labels.py
[2023-09-16T13:56:00.576+0000] {processor.py:829} INFO - Processing file /home/airflow/.local/lib/python3.8/site-packages/airflow/example_dags/example_branch_labels.py for tasks to queue
[2023-09-16T13:56:00.578+0000] {logging_mixin.py:151} INFO - [2023-09-16T13:56:00.578+0000] {dagbag.py:539} INFO - Filling up the DagBag from /home/airflow/.local/lib/python3.8/site-packages/airflow/example_dags/example_branch_labels.py
[2023-09-16T13:56:00.585+0000] {processor.py:839} INFO - DAG(s) dict_keys(['example_branch_labels']) retrieved from /home/airflow/.local/lib/python3.8/site-packages/airflow/example_dags/example_branch_labels.py
[2023-09-16T13:56:00.606+0000] {logging_mixin.py:151} INFO - [2023-09-16T13:56:00.606+0000] {dag.py:2915} INFO - Sync 1 DAGs
[2023-09-16T13:56:00.628+0000] {logging_mixin.py:151} INFO - [2023-09-16T13:56:00.628+0000] {dag.py:3696} INFO - Setting next_dagrun for example_branch_labels to 2023-09-15T00:00:00+00:00, run_after=2023-09-16T00:00:00+00:00
[2023-09-16T13:56:00.643+0000] {processor.py:179} INFO - Processing /home/airflow/.local/lib/python3.8/site-packages/airflow/example_dags/example_branch_labels.py took 0.071 seconds
[2023-09-16T13:56:31.320+0000] {processor.py:157} INFO - Started process (PID=803) to work on /home/airflow/.local/lib/python3.8/site-packages/airflow/example_dags/example_branch_labels.py
[2023-09-16T13:56:31.321+0000] {processor.py:829} INFO - Processing file /home/airflow/.local/lib/python3.8/site-packages/airflow/example_dags/example_branch_labels.py for tasks to queue
[2023-09-16T13:56:31.323+0000] {logging_mixin.py:151} INFO - [2023-09-16T13:56:31.323+0000] {dagbag.py:539} INFO - Filling up the DagBag from /home/airflow/.local/lib/python3.8/site-packages/airflow/example_dags/example_branch_labels.py
[2023-09-16T13:56:31.330+0000] {processor.py:839} INFO - DAG(s) dict_keys(['example_branch_labels']) retrieved from /home/airflow/.local/lib/python3.8/site-packages/airflow/example_dags/example_branch_labels.py
[2023-09-16T13:56:31.349+0000] {logging_mixin.py:151} INFO - [2023-09-16T13:56:31.349+0000] {dag.py:2915} INFO - Sync 1 DAGs
[2023-09-16T13:56:31.369+0000] {logging_mixin.py:151} INFO - [2023-09-16T13:56:31.369+0000] {dag.py:3696} INFO - Setting next_dagrun for example_branch_labels to 2023-09-15T00:00:00+00:00, run_after=2023-09-16T00:00:00+00:00
[2023-09-16T13:56:31.384+0000] {processor.py:179} INFO - Processing /home/airflow/.local/lib/python3.8/site-packages/airflow/example_dags/example_branch_labels.py took 0.067 seconds
[2023-09-16T13:57:01.991+0000] {processor.py:157} INFO - Started process (PID=857) to work on /home/airflow/.local/lib/python3.8/site-packages/airflow/example_dags/example_branch_labels.py
[2023-09-16T13:57:01.992+0000] {processor.py:829} INFO - Processing file /home/airflow/.local/lib/python3.8/site-packages/airflow/example_dags/example_branch_labels.py for tasks to queue
[2023-09-16T13:57:01.995+0000] {logging_mixin.py:151} INFO - [2023-09-16T13:57:01.995+0000] {dagbag.py:539} INFO - Filling up the DagBag from /home/airflow/.local/lib/python3.8/site-packages/airflow/example_dags/example_branch_labels.py
[2023-09-16T13:57:02.003+0000] {processor.py:839} INFO - DAG(s) dict_keys(['example_branch_labels']) retrieved from /home/airflow/.local/lib/python3.8/site-packages/airflow/example_dags/example_branch_labels.py
[2023-09-16T13:57:02.025+0000] {logging_mixin.py:151} INFO - [2023-09-16T13:57:02.024+0000] {dag.py:2915} INFO - Sync 1 DAGs
[2023-09-16T13:57:02.048+0000] {logging_mixin.py:151} INFO - [2023-09-16T13:57:02.047+0000] {dag.py:3696} INFO - Setting next_dagrun for example_branch_labels to 2023-09-15T00:00:00+00:00, run_after=2023-09-16T00:00:00+00:00
[2023-09-16T13:57:02.065+0000] {processor.py:179} INFO - Processing /home/airflow/.local/lib/python3.8/site-packages/airflow/example_dags/example_branch_labels.py took 0.077 seconds
[2023-09-16T13:57:32.661+0000] {processor.py:157} INFO - Started process (PID=911) to work on /home/airflow/.local/lib/python3.8/site-packages/airflow/example_dags/example_branch_labels.py
[2023-09-16T13:57:32.662+0000] {processor.py:829} INFO - Processing file /home/airflow/.local/lib/python3.8/site-packages/airflow/example_dags/example_branch_labels.py for tasks to queue
[2023-09-16T13:57:32.664+0000] {logging_mixin.py:151} INFO - [2023-09-16T13:57:32.664+0000] {dagbag.py:539} INFO - Filling up the DagBag from /home/airflow/.local/lib/python3.8/site-packages/airflow/example_dags/example_branch_labels.py
[2023-09-16T13:57:32.672+0000] {processor.py:839} INFO - DAG(s) dict_keys(['example_branch_labels']) retrieved from /home/airflow/.local/lib/python3.8/site-packages/airflow/example_dags/example_branch_labels.py
[2023-09-16T13:57:32.692+0000] {logging_mixin.py:151} INFO - [2023-09-16T13:57:32.692+0000] {dag.py:2915} INFO - Sync 1 DAGs
[2023-09-16T13:57:32.712+0000] {logging_mixin.py:151} INFO - [2023-09-16T13:57:32.712+0000] {dag.py:3696} INFO - Setting next_dagrun for example_branch_labels to 2023-09-15T00:00:00+00:00, run_after=2023-09-16T00:00:00+00:00
[2023-09-16T13:57:32.727+0000] {processor.py:179} INFO - Processing /home/airflow/.local/lib/python3.8/site-packages/airflow/example_dags/example_branch_labels.py took 0.069 seconds
[2023-09-16T13:58:03.266+0000] {processor.py:157} INFO - Started process (PID=965) to work on /home/airflow/.local/lib/python3.8/site-packages/airflow/example_dags/example_branch_labels.py
[2023-09-16T13:58:03.267+0000] {processor.py:829} INFO - Processing file /home/airflow/.local/lib/python3.8/site-packages/airflow/example_dags/example_branch_labels.py for tasks to queue
[2023-09-16T13:58:03.268+0000] {logging_mixin.py:151} INFO - [2023-09-16T13:58:03.268+0000] {dagbag.py:539} INFO - Filling up the DagBag from /home/airflow/.local/lib/python3.8/site-packages/airflow/example_dags/example_branch_labels.py
[2023-09-16T13:58:03.276+0000] {processor.py:839} INFO - DAG(s) dict_keys(['example_branch_labels']) retrieved from /home/airflow/.local/lib/python3.8/site-packages/airflow/example_dags/example_branch_labels.py
[2023-09-16T13:58:03.296+0000] {logging_mixin.py:151} INFO - [2023-09-16T13:58:03.295+0000] {dag.py:2915} INFO - Sync 1 DAGs
[2023-09-16T13:58:03.321+0000] {logging_mixin.py:151} INFO - [2023-09-16T13:58:03.321+0000] {dag.py:3696} INFO - Setting next_dagrun for example_branch_labels to 2023-09-15T00:00:00+00:00, run_after=2023-09-16T00:00:00+00:00
[2023-09-16T13:58:03.339+0000] {processor.py:179} INFO - Processing /home/airflow/.local/lib/python3.8/site-packages/airflow/example_dags/example_branch_labels.py took 0.076 seconds
[2023-09-16T13:58:33.491+0000] {processor.py:157} INFO - Started process (PID=1019) to work on /home/airflow/.local/lib/python3.8/site-packages/airflow/example_dags/example_branch_labels.py
[2023-09-16T13:58:33.492+0000] {processor.py:829} INFO - Processing file /home/airflow/.local/lib/python3.8/site-packages/airflow/example_dags/example_branch_labels.py for tasks to queue
[2023-09-16T13:58:33.494+0000] {logging_mixin.py:151} INFO - [2023-09-16T13:58:33.494+0000] {dagbag.py:539} INFO - Filling up the DagBag from /home/airflow/.local/lib/python3.8/site-packages/airflow/example_dags/example_branch_labels.py
[2023-09-16T13:58:33.503+0000] {processor.py:839} INFO - DAG(s) dict_keys(['example_branch_labels']) retrieved from /home/airflow/.local/lib/python3.8/site-packages/airflow/example_dags/example_branch_labels.py
[2023-09-16T13:58:33.526+0000] {logging_mixin.py:151} INFO - [2023-09-16T13:58:33.526+0000] {dag.py:2915} INFO - Sync 1 DAGs
[2023-09-16T13:58:33.551+0000] {logging_mixin.py:151} INFO - [2023-09-16T13:58:33.550+0000] {dag.py:3696} INFO - Setting next_dagrun for example_branch_labels to 2023-09-15T00:00:00+00:00, run_after=2023-09-16T00:00:00+00:00
[2023-09-16T13:58:33.567+0000] {processor.py:179} INFO - Processing /home/airflow/.local/lib/python3.8/site-packages/airflow/example_dags/example_branch_labels.py took 0.079 seconds
