[2023-09-16T13:50:28.271+0000] {processor.py:157} INFO - Started process (PID=167) to work on /home/airflow/.local/lib/python3.8/site-packages/airflow/example_dags/example_latest_only_with_trigger.py
[2023-09-16T13:50:28.272+0000] {processor.py:829} INFO - Processing file /home/airflow/.local/lib/python3.8/site-packages/airflow/example_dags/example_latest_only_with_trigger.py for tasks to queue
[2023-09-16T13:50:28.327+0000] {logging_mixin.py:151} INFO - [2023-09-16T13:50:28.326+0000] {dagbag.py:539} INFO - Filling up the DagBag from /home/airflow/.local/lib/python3.8/site-packages/airflow/example_dags/example_latest_only_with_trigger.py
[2023-09-16T13:50:28.335+0000] {processor.py:839} INFO - DAG(s) dict_keys(['latest_only_with_trigger']) retrieved from /home/airflow/.local/lib/python3.8/site-packages/airflow/example_dags/example_latest_only_with_trigger.py
[2023-09-16T13:50:28.359+0000] {logging_mixin.py:151} INFO - [2023-09-16T13:50:28.358+0000] {dag.py:2915} INFO - Sync 1 DAGs
[2023-09-16T13:50:28.434+0000] {logging_mixin.py:151} INFO - [2023-09-16T13:50:28.434+0000] {dag.py:3696} INFO - Setting next_dagrun for latest_only_with_trigger to 2023-09-16T09:50:28.433824+00:00, run_after=2023-09-16T13:50:28.433824+00:00
[2023-09-16T13:50:28.452+0000] {processor.py:179} INFO - Processing /home/airflow/.local/lib/python3.8/site-packages/airflow/example_dags/example_latest_only_with_trigger.py took 0.184 seconds
[2023-09-16T13:50:58.581+0000] {processor.py:157} INFO - Started process (PID=220) to work on /home/airflow/.local/lib/python3.8/site-packages/airflow/example_dags/example_latest_only_with_trigger.py
[2023-09-16T13:50:58.582+0000] {processor.py:829} INFO - Processing file /home/airflow/.local/lib/python3.8/site-packages/airflow/example_dags/example_latest_only_with_trigger.py for tasks to queue
[2023-09-16T13:50:58.584+0000] {logging_mixin.py:151} INFO - [2023-09-16T13:50:58.584+0000] {dagbag.py:539} INFO - Filling up the DagBag from /home/airflow/.local/lib/python3.8/site-packages/airflow/example_dags/example_latest_only_with_trigger.py
[2023-09-16T13:50:58.589+0000] {processor.py:839} INFO - DAG(s) dict_keys(['latest_only_with_trigger']) retrieved from /home/airflow/.local/lib/python3.8/site-packages/airflow/example_dags/example_latest_only_with_trigger.py
[2023-09-16T13:50:58.611+0000] {logging_mixin.py:151} INFO - [2023-09-16T13:50:58.611+0000] {dag.py:2915} INFO - Sync 1 DAGs
[2023-09-16T13:50:58.631+0000] {logging_mixin.py:151} INFO - [2023-09-16T13:50:58.631+0000] {dag.py:3696} INFO - Setting next_dagrun for latest_only_with_trigger to 2023-09-16T09:50:58.631142+00:00, run_after=2023-09-16T13:50:58.631142+00:00
[2023-09-16T13:50:58.648+0000] {processor.py:179} INFO - Processing /home/airflow/.local/lib/python3.8/site-packages/airflow/example_dags/example_latest_only_with_trigger.py took 0.070 seconds
[2023-09-16T13:51:29.024+0000] {processor.py:157} INFO - Started process (PID=274) to work on /home/airflow/.local/lib/python3.8/site-packages/airflow/example_dags/example_latest_only_with_trigger.py
[2023-09-16T13:51:29.025+0000] {processor.py:829} INFO - Processing file /home/airflow/.local/lib/python3.8/site-packages/airflow/example_dags/example_latest_only_with_trigger.py for tasks to queue
[2023-09-16T13:51:29.027+0000] {logging_mixin.py:151} INFO - [2023-09-16T13:51:29.027+0000] {dagbag.py:539} INFO - Filling up the DagBag from /home/airflow/.local/lib/python3.8/site-packages/airflow/example_dags/example_latest_only_with_trigger.py
[2023-09-16T13:51:29.032+0000] {processor.py:839} INFO - DAG(s) dict_keys(['latest_only_with_trigger']) retrieved from /home/airflow/.local/lib/python3.8/site-packages/airflow/example_dags/example_latest_only_with_trigger.py
[2023-09-16T13:51:29.052+0000] {logging_mixin.py:151} INFO - [2023-09-16T13:51:29.052+0000] {dag.py:2915} INFO - Sync 1 DAGs
[2023-09-16T13:51:29.071+0000] {logging_mixin.py:151} INFO - [2023-09-16T13:51:29.071+0000] {dag.py:3696} INFO - Setting next_dagrun for latest_only_with_trigger to 2023-09-16T09:51:29.071311+00:00, run_after=2023-09-16T13:51:29.071311+00:00
[2023-09-16T13:51:29.086+0000] {processor.py:179} INFO - Processing /home/airflow/.local/lib/python3.8/site-packages/airflow/example_dags/example_latest_only_with_trigger.py took 0.064 seconds
[2023-09-16T13:51:59.231+0000] {processor.py:157} INFO - Started process (PID=328) to work on /home/airflow/.local/lib/python3.8/site-packages/airflow/example_dags/example_latest_only_with_trigger.py
[2023-09-16T13:51:59.232+0000] {processor.py:829} INFO - Processing file /home/airflow/.local/lib/python3.8/site-packages/airflow/example_dags/example_latest_only_with_trigger.py for tasks to queue
[2023-09-16T13:51:59.235+0000] {logging_mixin.py:151} INFO - [2023-09-16T13:51:59.234+0000] {dagbag.py:539} INFO - Filling up the DagBag from /home/airflow/.local/lib/python3.8/site-packages/airflow/example_dags/example_latest_only_with_trigger.py
[2023-09-16T13:51:59.241+0000] {processor.py:839} INFO - DAG(s) dict_keys(['latest_only_with_trigger']) retrieved from /home/airflow/.local/lib/python3.8/site-packages/airflow/example_dags/example_latest_only_with_trigger.py
[2023-09-16T13:51:59.271+0000] {logging_mixin.py:151} INFO - [2023-09-16T13:51:59.271+0000] {dag.py:2915} INFO - Sync 1 DAGs
[2023-09-16T13:51:59.327+0000] {logging_mixin.py:151} INFO - [2023-09-16T13:51:59.326+0000] {dag.py:3696} INFO - Setting next_dagrun for latest_only_with_trigger to 2023-09-16T09:51:59.326164+00:00, run_after=2023-09-16T13:51:59.326164+00:00
[2023-09-16T13:51:59.348+0000] {processor.py:179} INFO - Processing /home/airflow/.local/lib/python3.8/site-packages/airflow/example_dags/example_latest_only_with_trigger.py took 0.121 seconds
[2023-09-16T13:52:29.708+0000] {processor.py:157} INFO - Started process (PID=382) to work on /home/airflow/.local/lib/python3.8/site-packages/airflow/example_dags/example_latest_only_with_trigger.py
[2023-09-16T13:52:29.709+0000] {processor.py:829} INFO - Processing file /home/airflow/.local/lib/python3.8/site-packages/airflow/example_dags/example_latest_only_with_trigger.py for tasks to queue
[2023-09-16T13:52:29.712+0000] {logging_mixin.py:151} INFO - [2023-09-16T13:52:29.711+0000] {dagbag.py:539} INFO - Filling up the DagBag from /home/airflow/.local/lib/python3.8/site-packages/airflow/example_dags/example_latest_only_with_trigger.py
[2023-09-16T13:52:29.716+0000] {processor.py:839} INFO - DAG(s) dict_keys(['latest_only_with_trigger']) retrieved from /home/airflow/.local/lib/python3.8/site-packages/airflow/example_dags/example_latest_only_with_trigger.py
[2023-09-16T13:52:29.736+0000] {logging_mixin.py:151} INFO - [2023-09-16T13:52:29.736+0000] {dag.py:2915} INFO - Sync 1 DAGs
[2023-09-16T13:52:29.756+0000] {logging_mixin.py:151} INFO - [2023-09-16T13:52:29.756+0000] {dag.py:3696} INFO - Setting next_dagrun for latest_only_with_trigger to 2023-09-16T09:52:29.756202+00:00, run_after=2023-09-16T13:52:29.756202+00:00
[2023-09-16T13:52:29.772+0000] {processor.py:179} INFO - Processing /home/airflow/.local/lib/python3.8/site-packages/airflow/example_dags/example_latest_only_with_trigger.py took 0.067 seconds
[2023-09-16T13:53:00.059+0000] {processor.py:157} INFO - Started process (PID=436) to work on /home/airflow/.local/lib/python3.8/site-packages/airflow/example_dags/example_latest_only_with_trigger.py
[2023-09-16T13:53:00.060+0000] {processor.py:829} INFO - Processing file /home/airflow/.local/lib/python3.8/site-packages/airflow/example_dags/example_latest_only_with_trigger.py for tasks to queue
[2023-09-16T13:53:00.062+0000] {logging_mixin.py:151} INFO - [2023-09-16T13:53:00.062+0000] {dagbag.py:539} INFO - Filling up the DagBag from /home/airflow/.local/lib/python3.8/site-packages/airflow/example_dags/example_latest_only_with_trigger.py
[2023-09-16T13:53:00.067+0000] {processor.py:839} INFO - DAG(s) dict_keys(['latest_only_with_trigger']) retrieved from /home/airflow/.local/lib/python3.8/site-packages/airflow/example_dags/example_latest_only_with_trigger.py
[2023-09-16T13:53:00.087+0000] {logging_mixin.py:151} INFO - [2023-09-16T13:53:00.087+0000] {dag.py:2915} INFO - Sync 1 DAGs
[2023-09-16T13:53:00.107+0000] {logging_mixin.py:151} INFO - [2023-09-16T13:53:00.107+0000] {dag.py:3696} INFO - Setting next_dagrun for latest_only_with_trigger to 2023-09-16T09:53:00.106811+00:00, run_after=2023-09-16T13:53:00.106811+00:00
[2023-09-16T13:53:00.124+0000] {processor.py:179} INFO - Processing /home/airflow/.local/lib/python3.8/site-packages/airflow/example_dags/example_latest_only_with_trigger.py took 0.068 seconds
[2023-09-16T13:53:30.321+0000] {processor.py:157} INFO - Started process (PID=490) to work on /home/airflow/.local/lib/python3.8/site-packages/airflow/example_dags/example_latest_only_with_trigger.py
[2023-09-16T13:53:30.322+0000] {processor.py:829} INFO - Processing file /home/airflow/.local/lib/python3.8/site-packages/airflow/example_dags/example_latest_only_with_trigger.py for tasks to queue
[2023-09-16T13:53:30.324+0000] {logging_mixin.py:151} INFO - [2023-09-16T13:53:30.324+0000] {dagbag.py:539} INFO - Filling up the DagBag from /home/airflow/.local/lib/python3.8/site-packages/airflow/example_dags/example_latest_only_with_trigger.py
[2023-09-16T13:53:30.329+0000] {processor.py:839} INFO - DAG(s) dict_keys(['latest_only_with_trigger']) retrieved from /home/airflow/.local/lib/python3.8/site-packages/airflow/example_dags/example_latest_only_with_trigger.py
[2023-09-16T13:53:30.350+0000] {logging_mixin.py:151} INFO - [2023-09-16T13:53:30.350+0000] {dag.py:2915} INFO - Sync 1 DAGs
[2023-09-16T13:53:30.368+0000] {logging_mixin.py:151} INFO - [2023-09-16T13:53:30.368+0000] {dag.py:3696} INFO - Setting next_dagrun for latest_only_with_trigger to 2023-09-16T09:53:30.368058+00:00, run_after=2023-09-16T13:53:30.368058+00:00
[2023-09-16T13:53:30.384+0000] {processor.py:179} INFO - Processing /home/airflow/.local/lib/python3.8/site-packages/airflow/example_dags/example_latest_only_with_trigger.py took 0.066 seconds
[2023-09-16T13:54:00.515+0000] {processor.py:157} INFO - Started process (PID=544) to work on /home/airflow/.local/lib/python3.8/site-packages/airflow/example_dags/example_latest_only_with_trigger.py
[2023-09-16T13:54:00.525+0000] {processor.py:829} INFO - Processing file /home/airflow/.local/lib/python3.8/site-packages/airflow/example_dags/example_latest_only_with_trigger.py for tasks to queue
[2023-09-16T13:54:00.527+0000] {logging_mixin.py:151} INFO - [2023-09-16T13:54:00.527+0000] {dagbag.py:539} INFO - Filling up the DagBag from /home/airflow/.local/lib/python3.8/site-packages/airflow/example_dags/example_latest_only_with_trigger.py
[2023-09-16T13:54:00.532+0000] {processor.py:839} INFO - DAG(s) dict_keys(['latest_only_with_trigger']) retrieved from /home/airflow/.local/lib/python3.8/site-packages/airflow/example_dags/example_latest_only_with_trigger.py
[2023-09-16T13:54:00.551+0000] {logging_mixin.py:151} INFO - [2023-09-16T13:54:00.551+0000] {dag.py:2915} INFO - Sync 1 DAGs
[2023-09-16T13:54:00.570+0000] {logging_mixin.py:151} INFO - [2023-09-16T13:54:00.570+0000] {dag.py:3696} INFO - Setting next_dagrun for latest_only_with_trigger to 2023-09-16T09:54:00.570204+00:00, run_after=2023-09-16T13:54:00.570204+00:00
[2023-09-16T13:54:00.585+0000] {processor.py:179} INFO - Processing /home/airflow/.local/lib/python3.8/site-packages/airflow/example_dags/example_latest_only_with_trigger.py took 0.074 seconds
[2023-09-16T13:54:30.759+0000] {processor.py:157} INFO - Started process (PID=598) to work on /home/airflow/.local/lib/python3.8/site-packages/airflow/example_dags/example_latest_only_with_trigger.py
[2023-09-16T13:54:30.760+0000] {processor.py:829} INFO - Processing file /home/airflow/.local/lib/python3.8/site-packages/airflow/example_dags/example_latest_only_with_trigger.py for tasks to queue
[2023-09-16T13:54:30.762+0000] {logging_mixin.py:151} INFO - [2023-09-16T13:54:30.762+0000] {dagbag.py:539} INFO - Filling up the DagBag from /home/airflow/.local/lib/python3.8/site-packages/airflow/example_dags/example_latest_only_with_trigger.py
[2023-09-16T13:54:30.767+0000] {processor.py:839} INFO - DAG(s) dict_keys(['latest_only_with_trigger']) retrieved from /home/airflow/.local/lib/python3.8/site-packages/airflow/example_dags/example_latest_only_with_trigger.py
[2023-09-16T13:54:30.789+0000] {logging_mixin.py:151} INFO - [2023-09-16T13:54:30.788+0000] {dag.py:2915} INFO - Sync 1 DAGs
[2023-09-16T13:54:30.808+0000] {logging_mixin.py:151} INFO - [2023-09-16T13:54:30.808+0000] {dag.py:3696} INFO - Setting next_dagrun for latest_only_with_trigger to 2023-09-16T09:54:30.808364+00:00, run_after=2023-09-16T13:54:30.808364+00:00
[2023-09-16T13:54:30.824+0000] {processor.py:179} INFO - Processing /home/airflow/.local/lib/python3.8/site-packages/airflow/example_dags/example_latest_only_with_trigger.py took 0.068 seconds
[2023-09-16T13:55:01.283+0000] {processor.py:157} INFO - Started process (PID=652) to work on /home/airflow/.local/lib/python3.8/site-packages/airflow/example_dags/example_latest_only_with_trigger.py
[2023-09-16T13:55:01.284+0000] {processor.py:829} INFO - Processing file /home/airflow/.local/lib/python3.8/site-packages/airflow/example_dags/example_latest_only_with_trigger.py for tasks to queue
[2023-09-16T13:55:01.286+0000] {logging_mixin.py:151} INFO - [2023-09-16T13:55:01.286+0000] {dagbag.py:539} INFO - Filling up the DagBag from /home/airflow/.local/lib/python3.8/site-packages/airflow/example_dags/example_latest_only_with_trigger.py
[2023-09-16T13:55:01.291+0000] {processor.py:839} INFO - DAG(s) dict_keys(['latest_only_with_trigger']) retrieved from /home/airflow/.local/lib/python3.8/site-packages/airflow/example_dags/example_latest_only_with_trigger.py
[2023-09-16T13:55:01.312+0000] {logging_mixin.py:151} INFO - [2023-09-16T13:55:01.311+0000] {dag.py:2915} INFO - Sync 1 DAGs
[2023-09-16T13:55:01.331+0000] {logging_mixin.py:151} INFO - [2023-09-16T13:55:01.331+0000] {dag.py:3696} INFO - Setting next_dagrun for latest_only_with_trigger to 2023-09-16T09:55:01.331279+00:00, run_after=2023-09-16T13:55:01.331279+00:00
[2023-09-16T13:55:01.347+0000] {processor.py:179} INFO - Processing /home/airflow/.local/lib/python3.8/site-packages/airflow/example_dags/example_latest_only_with_trigger.py took 0.067 seconds
[2023-09-16T13:55:32.035+0000] {processor.py:157} INFO - Started process (PID=706) to work on /home/airflow/.local/lib/python3.8/site-packages/airflow/example_dags/example_latest_only_with_trigger.py
[2023-09-16T13:55:32.036+0000] {processor.py:829} INFO - Processing file /home/airflow/.local/lib/python3.8/site-packages/airflow/example_dags/example_latest_only_with_trigger.py for tasks to queue
[2023-09-16T13:55:32.038+0000] {logging_mixin.py:151} INFO - [2023-09-16T13:55:32.038+0000] {dagbag.py:539} INFO - Filling up the DagBag from /home/airflow/.local/lib/python3.8/site-packages/airflow/example_dags/example_latest_only_with_trigger.py
[2023-09-16T13:55:32.044+0000] {processor.py:839} INFO - DAG(s) dict_keys(['latest_only_with_trigger']) retrieved from /home/airflow/.local/lib/python3.8/site-packages/airflow/example_dags/example_latest_only_with_trigger.py
[2023-09-16T13:55:32.068+0000] {logging_mixin.py:151} INFO - [2023-09-16T13:55:32.067+0000] {dag.py:2915} INFO - Sync 1 DAGs
[2023-09-16T13:55:32.089+0000] {logging_mixin.py:151} INFO - [2023-09-16T13:55:32.089+0000] {dag.py:3696} INFO - Setting next_dagrun for latest_only_with_trigger to 2023-09-16T09:55:32.089320+00:00, run_after=2023-09-16T13:55:32.089320+00:00
[2023-09-16T13:55:32.106+0000] {processor.py:179} INFO - Processing /home/airflow/.local/lib/python3.8/site-packages/airflow/example_dags/example_latest_only_with_trigger.py took 0.075 seconds
[2023-09-16T13:56:02.191+0000] {processor.py:157} INFO - Started process (PID=760) to work on /home/airflow/.local/lib/python3.8/site-packages/airflow/example_dags/example_latest_only_with_trigger.py
[2023-09-16T13:56:02.192+0000] {processor.py:829} INFO - Processing file /home/airflow/.local/lib/python3.8/site-packages/airflow/example_dags/example_latest_only_with_trigger.py for tasks to queue
[2023-09-16T13:56:02.194+0000] {logging_mixin.py:151} INFO - [2023-09-16T13:56:02.194+0000] {dagbag.py:539} INFO - Filling up the DagBag from /home/airflow/.local/lib/python3.8/site-packages/airflow/example_dags/example_latest_only_with_trigger.py
[2023-09-16T13:56:02.199+0000] {processor.py:839} INFO - DAG(s) dict_keys(['latest_only_with_trigger']) retrieved from /home/airflow/.local/lib/python3.8/site-packages/airflow/example_dags/example_latest_only_with_trigger.py
[2023-09-16T13:56:02.220+0000] {logging_mixin.py:151} INFO - [2023-09-16T13:56:02.220+0000] {dag.py:2915} INFO - Sync 1 DAGs
[2023-09-16T13:56:02.239+0000] {logging_mixin.py:151} INFO - [2023-09-16T13:56:02.239+0000] {dag.py:3696} INFO - Setting next_dagrun for latest_only_with_trigger to 2023-09-16T09:56:02.239449+00:00, run_after=2023-09-16T13:56:02.239449+00:00
[2023-09-16T13:56:02.255+0000] {processor.py:179} INFO - Processing /home/airflow/.local/lib/python3.8/site-packages/airflow/example_dags/example_latest_only_with_trigger.py took 0.068 seconds
[2023-09-16T13:56:33.011+0000] {processor.py:157} INFO - Started process (PID=814) to work on /home/airflow/.local/lib/python3.8/site-packages/airflow/example_dags/example_latest_only_with_trigger.py
[2023-09-16T13:56:33.012+0000] {processor.py:829} INFO - Processing file /home/airflow/.local/lib/python3.8/site-packages/airflow/example_dags/example_latest_only_with_trigger.py for tasks to queue
[2023-09-16T13:56:33.014+0000] {logging_mixin.py:151} INFO - [2023-09-16T13:56:33.014+0000] {dagbag.py:539} INFO - Filling up the DagBag from /home/airflow/.local/lib/python3.8/site-packages/airflow/example_dags/example_latest_only_with_trigger.py
[2023-09-16T13:56:33.019+0000] {processor.py:839} INFO - DAG(s) dict_keys(['latest_only_with_trigger']) retrieved from /home/airflow/.local/lib/python3.8/site-packages/airflow/example_dags/example_latest_only_with_trigger.py
[2023-09-16T13:56:33.039+0000] {logging_mixin.py:151} INFO - [2023-09-16T13:56:33.039+0000] {dag.py:2915} INFO - Sync 1 DAGs
[2023-09-16T13:56:33.058+0000] {logging_mixin.py:151} INFO - [2023-09-16T13:56:33.058+0000] {dag.py:3696} INFO - Setting next_dagrun for latest_only_with_trigger to 2023-09-16T09:56:33.058231+00:00, run_after=2023-09-16T13:56:33.058231+00:00
[2023-09-16T13:56:33.072+0000] {processor.py:179} INFO - Processing /home/airflow/.local/lib/python3.8/site-packages/airflow/example_dags/example_latest_only_with_trigger.py took 0.065 seconds
[2023-09-16T13:57:03.719+0000] {processor.py:157} INFO - Started process (PID=868) to work on /home/airflow/.local/lib/python3.8/site-packages/airflow/example_dags/example_latest_only_with_trigger.py
[2023-09-16T13:57:03.720+0000] {processor.py:829} INFO - Processing file /home/airflow/.local/lib/python3.8/site-packages/airflow/example_dags/example_latest_only_with_trigger.py for tasks to queue
[2023-09-16T13:57:03.722+0000] {logging_mixin.py:151} INFO - [2023-09-16T13:57:03.722+0000] {dagbag.py:539} INFO - Filling up the DagBag from /home/airflow/.local/lib/python3.8/site-packages/airflow/example_dags/example_latest_only_with_trigger.py
[2023-09-16T13:57:03.727+0000] {processor.py:839} INFO - DAG(s) dict_keys(['latest_only_with_trigger']) retrieved from /home/airflow/.local/lib/python3.8/site-packages/airflow/example_dags/example_latest_only_with_trigger.py
[2023-09-16T13:57:03.748+0000] {logging_mixin.py:151} INFO - [2023-09-16T13:57:03.748+0000] {dag.py:2915} INFO - Sync 1 DAGs
[2023-09-16T13:57:03.768+0000] {logging_mixin.py:151} INFO - [2023-09-16T13:57:03.767+0000] {dag.py:3696} INFO - Setting next_dagrun for latest_only_with_trigger to 2023-09-16T09:57:03.767667+00:00, run_after=2023-09-16T13:57:03.767667+00:00
[2023-09-16T13:57:03.783+0000] {processor.py:179} INFO - Processing /home/airflow/.local/lib/python3.8/site-packages/airflow/example_dags/example_latest_only_with_trigger.py took 0.067 seconds
[2023-09-16T13:57:34.868+0000] {processor.py:157} INFO - Started process (PID=922) to work on /home/airflow/.local/lib/python3.8/site-packages/airflow/example_dags/example_latest_only_with_trigger.py
[2023-09-16T13:57:34.869+0000] {processor.py:829} INFO - Processing file /home/airflow/.local/lib/python3.8/site-packages/airflow/example_dags/example_latest_only_with_trigger.py for tasks to queue
[2023-09-16T13:57:34.871+0000] {logging_mixin.py:151} INFO - [2023-09-16T13:57:34.870+0000] {dagbag.py:539} INFO - Filling up the DagBag from /home/airflow/.local/lib/python3.8/site-packages/airflow/example_dags/example_latest_only_with_trigger.py
[2023-09-16T13:57:34.876+0000] {processor.py:839} INFO - DAG(s) dict_keys(['latest_only_with_trigger']) retrieved from /home/airflow/.local/lib/python3.8/site-packages/airflow/example_dags/example_latest_only_with_trigger.py
[2023-09-16T13:57:34.943+0000] {logging_mixin.py:151} INFO - [2023-09-16T13:57:34.943+0000] {dag.py:2915} INFO - Sync 1 DAGs
[2023-09-16T13:57:34.968+0000] {logging_mixin.py:151} INFO - [2023-09-16T13:57:34.968+0000] {dag.py:3696} INFO - Setting next_dagrun for latest_only_with_trigger to 2023-09-16T09:57:34.968013+00:00, run_after=2023-09-16T13:57:34.968013+00:00
[2023-09-16T13:57:35.028+0000] {processor.py:179} INFO - Processing /home/airflow/.local/lib/python3.8/site-packages/airflow/example_dags/example_latest_only_with_trigger.py took 0.164 seconds
[2023-09-16T13:58:05.155+0000] {processor.py:157} INFO - Started process (PID=976) to work on /home/airflow/.local/lib/python3.8/site-packages/airflow/example_dags/example_latest_only_with_trigger.py
[2023-09-16T13:58:05.156+0000] {processor.py:829} INFO - Processing file /home/airflow/.local/lib/python3.8/site-packages/airflow/example_dags/example_latest_only_with_trigger.py for tasks to queue
[2023-09-16T13:58:05.158+0000] {logging_mixin.py:151} INFO - [2023-09-16T13:58:05.157+0000] {dagbag.py:539} INFO - Filling up the DagBag from /home/airflow/.local/lib/python3.8/site-packages/airflow/example_dags/example_latest_only_with_trigger.py
[2023-09-16T13:58:05.163+0000] {processor.py:839} INFO - DAG(s) dict_keys(['latest_only_with_trigger']) retrieved from /home/airflow/.local/lib/python3.8/site-packages/airflow/example_dags/example_latest_only_with_trigger.py
[2023-09-16T13:58:05.183+0000] {logging_mixin.py:151} INFO - [2023-09-16T13:58:05.183+0000] {dag.py:2915} INFO - Sync 1 DAGs
[2023-09-16T13:58:05.203+0000] {logging_mixin.py:151} INFO - [2023-09-16T13:58:05.202+0000] {dag.py:3696} INFO - Setting next_dagrun for latest_only_with_trigger to 2023-09-16T09:58:05.202629+00:00, run_after=2023-09-16T13:58:05.202629+00:00
[2023-09-16T13:58:05.218+0000] {processor.py:179} INFO - Processing /home/airflow/.local/lib/python3.8/site-packages/airflow/example_dags/example_latest_only_with_trigger.py took 0.066 seconds
[2023-09-16T13:58:35.261+0000] {processor.py:157} INFO - Started process (PID=1030) to work on /home/airflow/.local/lib/python3.8/site-packages/airflow/example_dags/example_latest_only_with_trigger.py
[2023-09-16T13:58:35.262+0000] {processor.py:829} INFO - Processing file /home/airflow/.local/lib/python3.8/site-packages/airflow/example_dags/example_latest_only_with_trigger.py for tasks to queue
[2023-09-16T13:58:35.264+0000] {logging_mixin.py:151} INFO - [2023-09-16T13:58:35.264+0000] {dagbag.py:539} INFO - Filling up the DagBag from /home/airflow/.local/lib/python3.8/site-packages/airflow/example_dags/example_latest_only_with_trigger.py
[2023-09-16T13:58:35.269+0000] {processor.py:839} INFO - DAG(s) dict_keys(['latest_only_with_trigger']) retrieved from /home/airflow/.local/lib/python3.8/site-packages/airflow/example_dags/example_latest_only_with_trigger.py
[2023-09-16T13:58:35.290+0000] {logging_mixin.py:151} INFO - [2023-09-16T13:58:35.290+0000] {dag.py:2915} INFO - Sync 1 DAGs
[2023-09-16T13:58:35.309+0000] {logging_mixin.py:151} INFO - [2023-09-16T13:58:35.309+0000] {dag.py:3696} INFO - Setting next_dagrun for latest_only_with_trigger to 2023-09-16T09:58:35.308970+00:00, run_after=2023-09-16T13:58:35.308970+00:00
[2023-09-16T13:58:35.324+0000] {processor.py:179} INFO - Processing /home/airflow/.local/lib/python3.8/site-packages/airflow/example_dags/example_latest_only_with_trigger.py took 0.066 seconds
