[2023-09-16T13:50:31.291+0000] {processor.py:157} INFO - Started process (PID=175) to work on /home/airflow/.local/lib/python3.8/site-packages/airflow/example_dags/example_sensors.py
[2023-09-16T13:50:31.293+0000] {processor.py:829} INFO - Processing file /home/airflow/.local/lib/python3.8/site-packages/airflow/example_dags/example_sensors.py for tasks to queue
[2023-09-16T13:50:31.295+0000] {logging_mixin.py:151} INFO - [2023-09-16T13:50:31.295+0000] {dagbag.py:539} INFO - Filling up the DagBag from /home/airflow/.local/lib/python3.8/site-packages/airflow/example_dags/example_sensors.py
[2023-09-16T13:50:31.308+0000] {processor.py:839} INFO - DAG(s) dict_keys(['example_sensors']) retrieved from /home/airflow/.local/lib/python3.8/site-packages/airflow/example_dags/example_sensors.py
[2023-09-16T13:50:31.354+0000] {logging_mixin.py:151} INFO - [2023-09-16T13:50:31.354+0000] {dag.py:2915} INFO - Sync 1 DAGs
[2023-09-16T13:50:31.371+0000] {logging_mixin.py:151} INFO - [2023-09-16T13:50:31.371+0000] {dag.py:3696} INFO - Setting next_dagrun for example_sensors to None, run_after=None
[2023-09-16T13:50:31.393+0000] {processor.py:179} INFO - Processing /home/airflow/.local/lib/python3.8/site-packages/airflow/example_dags/example_sensors.py took 0.105 seconds
[2023-09-16T13:51:02.595+0000] {processor.py:157} INFO - Started process (PID=229) to work on /home/airflow/.local/lib/python3.8/site-packages/airflow/example_dags/example_sensors.py
[2023-09-16T13:51:02.596+0000] {processor.py:829} INFO - Processing file /home/airflow/.local/lib/python3.8/site-packages/airflow/example_dags/example_sensors.py for tasks to queue
[2023-09-16T13:51:02.598+0000] {logging_mixin.py:151} INFO - [2023-09-16T13:51:02.598+0000] {dagbag.py:539} INFO - Filling up the DagBag from /home/airflow/.local/lib/python3.8/site-packages/airflow/example_dags/example_sensors.py
[2023-09-16T13:51:02.609+0000] {processor.py:839} INFO - DAG(s) dict_keys(['example_sensors']) retrieved from /home/airflow/.local/lib/python3.8/site-packages/airflow/example_dags/example_sensors.py
[2023-09-16T13:51:02.645+0000] {logging_mixin.py:151} INFO - [2023-09-16T13:51:02.645+0000] {dag.py:2915} INFO - Sync 1 DAGs
[2023-09-16T13:51:02.659+0000] {logging_mixin.py:151} INFO - [2023-09-16T13:51:02.659+0000] {dag.py:3696} INFO - Setting next_dagrun for example_sensors to None, run_after=None
[2023-09-16T13:51:02.676+0000] {processor.py:179} INFO - Processing /home/airflow/.local/lib/python3.8/site-packages/airflow/example_dags/example_sensors.py took 0.084 seconds
[2023-09-16T13:51:32.886+0000] {processor.py:157} INFO - Started process (PID=283) to work on /home/airflow/.local/lib/python3.8/site-packages/airflow/example_dags/example_sensors.py
[2023-09-16T13:51:32.887+0000] {processor.py:829} INFO - Processing file /home/airflow/.local/lib/python3.8/site-packages/airflow/example_dags/example_sensors.py for tasks to queue
[2023-09-16T13:51:32.889+0000] {logging_mixin.py:151} INFO - [2023-09-16T13:51:32.889+0000] {dagbag.py:539} INFO - Filling up the DagBag from /home/airflow/.local/lib/python3.8/site-packages/airflow/example_dags/example_sensors.py
[2023-09-16T13:51:32.898+0000] {processor.py:839} INFO - DAG(s) dict_keys(['example_sensors']) retrieved from /home/airflow/.local/lib/python3.8/site-packages/airflow/example_dags/example_sensors.py
[2023-09-16T13:51:32.930+0000] {logging_mixin.py:151} INFO - [2023-09-16T13:51:32.929+0000] {dag.py:2915} INFO - Sync 1 DAGs
[2023-09-16T13:51:32.942+0000] {logging_mixin.py:151} INFO - [2023-09-16T13:51:32.941+0000] {dag.py:3696} INFO - Setting next_dagrun for example_sensors to None, run_after=None
[2023-09-16T13:51:32.957+0000] {processor.py:179} INFO - Processing /home/airflow/.local/lib/python3.8/site-packages/airflow/example_dags/example_sensors.py took 0.074 seconds
[2023-09-16T13:52:04.162+0000] {processor.py:157} INFO - Started process (PID=337) to work on /home/airflow/.local/lib/python3.8/site-packages/airflow/example_dags/example_sensors.py
[2023-09-16T13:52:04.163+0000] {processor.py:829} INFO - Processing file /home/airflow/.local/lib/python3.8/site-packages/airflow/example_dags/example_sensors.py for tasks to queue
[2023-09-16T13:52:04.165+0000] {logging_mixin.py:151} INFO - [2023-09-16T13:52:04.164+0000] {dagbag.py:539} INFO - Filling up the DagBag from /home/airflow/.local/lib/python3.8/site-packages/airflow/example_dags/example_sensors.py
[2023-09-16T13:52:04.175+0000] {processor.py:839} INFO - DAG(s) dict_keys(['example_sensors']) retrieved from /home/airflow/.local/lib/python3.8/site-packages/airflow/example_dags/example_sensors.py
[2023-09-16T13:52:04.206+0000] {logging_mixin.py:151} INFO - [2023-09-16T13:52:04.206+0000] {dag.py:2915} INFO - Sync 1 DAGs
[2023-09-16T13:52:04.219+0000] {logging_mixin.py:151} INFO - [2023-09-16T13:52:04.219+0000] {dag.py:3696} INFO - Setting next_dagrun for example_sensors to None, run_after=None
[2023-09-16T13:52:04.237+0000] {processor.py:179} INFO - Processing /home/airflow/.local/lib/python3.8/site-packages/airflow/example_dags/example_sensors.py took 0.078 seconds
[2023-09-16T13:52:34.542+0000] {processor.py:157} INFO - Started process (PID=391) to work on /home/airflow/.local/lib/python3.8/site-packages/airflow/example_dags/example_sensors.py
[2023-09-16T13:52:34.543+0000] {processor.py:829} INFO - Processing file /home/airflow/.local/lib/python3.8/site-packages/airflow/example_dags/example_sensors.py for tasks to queue
[2023-09-16T13:52:34.545+0000] {logging_mixin.py:151} INFO - [2023-09-16T13:52:34.545+0000] {dagbag.py:539} INFO - Filling up the DagBag from /home/airflow/.local/lib/python3.8/site-packages/airflow/example_dags/example_sensors.py
[2023-09-16T13:52:34.554+0000] {processor.py:839} INFO - DAG(s) dict_keys(['example_sensors']) retrieved from /home/airflow/.local/lib/python3.8/site-packages/airflow/example_dags/example_sensors.py
[2023-09-16T13:52:34.581+0000] {logging_mixin.py:151} INFO - [2023-09-16T13:52:34.581+0000] {dag.py:2915} INFO - Sync 1 DAGs
[2023-09-16T13:52:34.595+0000] {logging_mixin.py:151} INFO - [2023-09-16T13:52:34.594+0000] {dag.py:3696} INFO - Setting next_dagrun for example_sensors to None, run_after=None
[2023-09-16T13:52:34.610+0000] {processor.py:179} INFO - Processing /home/airflow/.local/lib/python3.8/site-packages/airflow/example_dags/example_sensors.py took 0.072 seconds
[2023-09-16T13:53:05.863+0000] {processor.py:157} INFO - Started process (PID=445) to work on /home/airflow/.local/lib/python3.8/site-packages/airflow/example_dags/example_sensors.py
[2023-09-16T13:53:05.864+0000] {processor.py:829} INFO - Processing file /home/airflow/.local/lib/python3.8/site-packages/airflow/example_dags/example_sensors.py for tasks to queue
[2023-09-16T13:53:05.867+0000] {logging_mixin.py:151} INFO - [2023-09-16T13:53:05.866+0000] {dagbag.py:539} INFO - Filling up the DagBag from /home/airflow/.local/lib/python3.8/site-packages/airflow/example_dags/example_sensors.py
[2023-09-16T13:53:05.876+0000] {processor.py:839} INFO - DAG(s) dict_keys(['example_sensors']) retrieved from /home/airflow/.local/lib/python3.8/site-packages/airflow/example_dags/example_sensors.py
[2023-09-16T13:53:05.909+0000] {logging_mixin.py:151} INFO - [2023-09-16T13:53:05.909+0000] {dag.py:2915} INFO - Sync 1 DAGs
[2023-09-16T13:53:05.935+0000] {logging_mixin.py:151} INFO - [2023-09-16T13:53:05.935+0000] {dag.py:3696} INFO - Setting next_dagrun for example_sensors to None, run_after=None
[2023-09-16T13:53:05.954+0000] {processor.py:179} INFO - Processing /home/airflow/.local/lib/python3.8/site-packages/airflow/example_dags/example_sensors.py took 0.095 seconds
[2023-09-16T13:53:37.111+0000] {processor.py:157} INFO - Started process (PID=499) to work on /home/airflow/.local/lib/python3.8/site-packages/airflow/example_dags/example_sensors.py
[2023-09-16T13:53:37.112+0000] {processor.py:829} INFO - Processing file /home/airflow/.local/lib/python3.8/site-packages/airflow/example_dags/example_sensors.py for tasks to queue
[2023-09-16T13:53:37.114+0000] {logging_mixin.py:151} INFO - [2023-09-16T13:53:37.114+0000] {dagbag.py:539} INFO - Filling up the DagBag from /home/airflow/.local/lib/python3.8/site-packages/airflow/example_dags/example_sensors.py
[2023-09-16T13:53:37.123+0000] {processor.py:839} INFO - DAG(s) dict_keys(['example_sensors']) retrieved from /home/airflow/.local/lib/python3.8/site-packages/airflow/example_dags/example_sensors.py
[2023-09-16T13:53:37.148+0000] {logging_mixin.py:151} INFO - [2023-09-16T13:53:37.147+0000] {dag.py:2915} INFO - Sync 1 DAGs
[2023-09-16T13:53:37.159+0000] {logging_mixin.py:151} INFO - [2023-09-16T13:53:37.159+0000] {dag.py:3696} INFO - Setting next_dagrun for example_sensors to None, run_after=None
[2023-09-16T13:53:37.174+0000] {processor.py:179} INFO - Processing /home/airflow/.local/lib/python3.8/site-packages/airflow/example_dags/example_sensors.py took 0.066 seconds
[2023-09-16T13:54:08.316+0000] {processor.py:157} INFO - Started process (PID=553) to work on /home/airflow/.local/lib/python3.8/site-packages/airflow/example_dags/example_sensors.py
[2023-09-16T13:54:08.317+0000] {processor.py:829} INFO - Processing file /home/airflow/.local/lib/python3.8/site-packages/airflow/example_dags/example_sensors.py for tasks to queue
[2023-09-16T13:54:08.319+0000] {logging_mixin.py:151} INFO - [2023-09-16T13:54:08.319+0000] {dagbag.py:539} INFO - Filling up the DagBag from /home/airflow/.local/lib/python3.8/site-packages/airflow/example_dags/example_sensors.py
[2023-09-16T13:54:08.332+0000] {processor.py:839} INFO - DAG(s) dict_keys(['example_sensors']) retrieved from /home/airflow/.local/lib/python3.8/site-packages/airflow/example_dags/example_sensors.py
[2023-09-16T13:54:08.359+0000] {logging_mixin.py:151} INFO - [2023-09-16T13:54:08.359+0000] {dag.py:2915} INFO - Sync 1 DAGs
[2023-09-16T13:54:08.370+0000] {logging_mixin.py:151} INFO - [2023-09-16T13:54:08.370+0000] {dag.py:3696} INFO - Setting next_dagrun for example_sensors to None, run_after=None
[2023-09-16T13:54:08.386+0000] {processor.py:179} INFO - Processing /home/airflow/.local/lib/python3.8/site-packages/airflow/example_dags/example_sensors.py took 0.074 seconds
[2023-09-16T13:54:39.476+0000] {processor.py:157} INFO - Started process (PID=614) to work on /home/airflow/.local/lib/python3.8/site-packages/airflow/example_dags/example_sensors.py
[2023-09-16T13:54:39.478+0000] {processor.py:829} INFO - Processing file /home/airflow/.local/lib/python3.8/site-packages/airflow/example_dags/example_sensors.py for tasks to queue
[2023-09-16T13:54:39.480+0000] {logging_mixin.py:151} INFO - [2023-09-16T13:54:39.479+0000] {dagbag.py:539} INFO - Filling up the DagBag from /home/airflow/.local/lib/python3.8/site-packages/airflow/example_dags/example_sensors.py
[2023-09-16T13:54:39.488+0000] {processor.py:839} INFO - DAG(s) dict_keys(['example_sensors']) retrieved from /home/airflow/.local/lib/python3.8/site-packages/airflow/example_dags/example_sensors.py
[2023-09-16T13:54:39.514+0000] {logging_mixin.py:151} INFO - [2023-09-16T13:54:39.514+0000] {dag.py:2915} INFO - Sync 1 DAGs
[2023-09-16T13:54:39.528+0000] {logging_mixin.py:151} INFO - [2023-09-16T13:54:39.528+0000] {dag.py:3696} INFO - Setting next_dagrun for example_sensors to None, run_after=None
[2023-09-16T13:54:39.544+0000] {processor.py:179} INFO - Processing /home/airflow/.local/lib/python3.8/site-packages/airflow/example_dags/example_sensors.py took 0.071 seconds
[2023-09-16T13:55:10.103+0000] {processor.py:157} INFO - Started process (PID=668) to work on /home/airflow/.local/lib/python3.8/site-packages/airflow/example_dags/example_sensors.py
[2023-09-16T13:55:10.105+0000] {processor.py:829} INFO - Processing file /home/airflow/.local/lib/python3.8/site-packages/airflow/example_dags/example_sensors.py for tasks to queue
[2023-09-16T13:55:10.106+0000] {logging_mixin.py:151} INFO - [2023-09-16T13:55:10.106+0000] {dagbag.py:539} INFO - Filling up the DagBag from /home/airflow/.local/lib/python3.8/site-packages/airflow/example_dags/example_sensors.py
[2023-09-16T13:55:10.114+0000] {processor.py:839} INFO - DAG(s) dict_keys(['example_sensors']) retrieved from /home/airflow/.local/lib/python3.8/site-packages/airflow/example_dags/example_sensors.py
[2023-09-16T13:55:10.140+0000] {logging_mixin.py:151} INFO - [2023-09-16T13:55:10.140+0000] {dag.py:2915} INFO - Sync 1 DAGs
[2023-09-16T13:55:10.151+0000] {logging_mixin.py:151} INFO - [2023-09-16T13:55:10.151+0000] {dag.py:3696} INFO - Setting next_dagrun for example_sensors to None, run_after=None
[2023-09-16T13:55:10.166+0000] {processor.py:179} INFO - Processing /home/airflow/.local/lib/python3.8/site-packages/airflow/example_dags/example_sensors.py took 0.065 seconds
[2023-09-16T13:55:40.840+0000] {processor.py:157} INFO - Started process (PID=722) to work on /home/airflow/.local/lib/python3.8/site-packages/airflow/example_dags/example_sensors.py
[2023-09-16T13:55:40.841+0000] {processor.py:829} INFO - Processing file /home/airflow/.local/lib/python3.8/site-packages/airflow/example_dags/example_sensors.py for tasks to queue
[2023-09-16T13:55:40.843+0000] {logging_mixin.py:151} INFO - [2023-09-16T13:55:40.843+0000] {dagbag.py:539} INFO - Filling up the DagBag from /home/airflow/.local/lib/python3.8/site-packages/airflow/example_dags/example_sensors.py
[2023-09-16T13:55:40.854+0000] {processor.py:839} INFO - DAG(s) dict_keys(['example_sensors']) retrieved from /home/airflow/.local/lib/python3.8/site-packages/airflow/example_dags/example_sensors.py
[2023-09-16T13:55:40.885+0000] {logging_mixin.py:151} INFO - [2023-09-16T13:55:40.885+0000] {dag.py:2915} INFO - Sync 1 DAGs
[2023-09-16T13:55:40.899+0000] {logging_mixin.py:151} INFO - [2023-09-16T13:55:40.899+0000] {dag.py:3696} INFO - Setting next_dagrun for example_sensors to None, run_after=None
[2023-09-16T13:55:40.938+0000] {processor.py:179} INFO - Processing /home/airflow/.local/lib/python3.8/site-packages/airflow/example_dags/example_sensors.py took 0.102 seconds
[2023-09-16T13:56:11.981+0000] {processor.py:157} INFO - Started process (PID=776) to work on /home/airflow/.local/lib/python3.8/site-packages/airflow/example_dags/example_sensors.py
[2023-09-16T13:56:11.982+0000] {processor.py:829} INFO - Processing file /home/airflow/.local/lib/python3.8/site-packages/airflow/example_dags/example_sensors.py for tasks to queue
[2023-09-16T13:56:11.985+0000] {logging_mixin.py:151} INFO - [2023-09-16T13:56:11.984+0000] {dagbag.py:539} INFO - Filling up the DagBag from /home/airflow/.local/lib/python3.8/site-packages/airflow/example_dags/example_sensors.py
[2023-09-16T13:56:11.993+0000] {processor.py:839} INFO - DAG(s) dict_keys(['example_sensors']) retrieved from /home/airflow/.local/lib/python3.8/site-packages/airflow/example_dags/example_sensors.py
[2023-09-16T13:56:12.016+0000] {logging_mixin.py:151} INFO - [2023-09-16T13:56:12.016+0000] {dag.py:2915} INFO - Sync 1 DAGs
[2023-09-16T13:56:12.027+0000] {logging_mixin.py:151} INFO - [2023-09-16T13:56:12.027+0000] {dag.py:3696} INFO - Setting next_dagrun for example_sensors to None, run_after=None
[2023-09-16T13:56:12.041+0000] {processor.py:179} INFO - Processing /home/airflow/.local/lib/python3.8/site-packages/airflow/example_dags/example_sensors.py took 0.063 seconds
[2023-09-16T13:56:42.768+0000] {processor.py:157} INFO - Started process (PID=830) to work on /home/airflow/.local/lib/python3.8/site-packages/airflow/example_dags/example_sensors.py
[2023-09-16T13:56:42.769+0000] {processor.py:829} INFO - Processing file /home/airflow/.local/lib/python3.8/site-packages/airflow/example_dags/example_sensors.py for tasks to queue
[2023-09-16T13:56:42.771+0000] {logging_mixin.py:151} INFO - [2023-09-16T13:56:42.771+0000] {dagbag.py:539} INFO - Filling up the DagBag from /home/airflow/.local/lib/python3.8/site-packages/airflow/example_dags/example_sensors.py
[2023-09-16T13:56:42.780+0000] {processor.py:839} INFO - DAG(s) dict_keys(['example_sensors']) retrieved from /home/airflow/.local/lib/python3.8/site-packages/airflow/example_dags/example_sensors.py
[2023-09-16T13:56:42.804+0000] {logging_mixin.py:151} INFO - [2023-09-16T13:56:42.804+0000] {dag.py:2915} INFO - Sync 1 DAGs
[2023-09-16T13:56:42.816+0000] {logging_mixin.py:151} INFO - [2023-09-16T13:56:42.816+0000] {dag.py:3696} INFO - Setting next_dagrun for example_sensors to None, run_after=None
[2023-09-16T13:56:42.832+0000] {processor.py:179} INFO - Processing /home/airflow/.local/lib/python3.8/site-packages/airflow/example_dags/example_sensors.py took 0.067 seconds
[2023-09-16T13:57:13.448+0000] {processor.py:157} INFO - Started process (PID=884) to work on /home/airflow/.local/lib/python3.8/site-packages/airflow/example_dags/example_sensors.py
[2023-09-16T13:57:13.449+0000] {processor.py:829} INFO - Processing file /home/airflow/.local/lib/python3.8/site-packages/airflow/example_dags/example_sensors.py for tasks to queue
[2023-09-16T13:57:13.451+0000] {logging_mixin.py:151} INFO - [2023-09-16T13:57:13.451+0000] {dagbag.py:539} INFO - Filling up the DagBag from /home/airflow/.local/lib/python3.8/site-packages/airflow/example_dags/example_sensors.py
[2023-09-16T13:57:13.461+0000] {processor.py:839} INFO - DAG(s) dict_keys(['example_sensors']) retrieved from /home/airflow/.local/lib/python3.8/site-packages/airflow/example_dags/example_sensors.py
[2023-09-16T13:57:13.491+0000] {logging_mixin.py:151} INFO - [2023-09-16T13:57:13.491+0000] {dag.py:2915} INFO - Sync 1 DAGs
[2023-09-16T13:57:13.505+0000] {logging_mixin.py:151} INFO - [2023-09-16T13:57:13.505+0000] {dag.py:3696} INFO - Setting next_dagrun for example_sensors to None, run_after=None
[2023-09-16T13:57:13.522+0000] {processor.py:179} INFO - Processing /home/airflow/.local/lib/python3.8/site-packages/airflow/example_dags/example_sensors.py took 0.078 seconds
[2023-09-16T13:57:44.733+0000] {processor.py:157} INFO - Started process (PID=938) to work on /home/airflow/.local/lib/python3.8/site-packages/airflow/example_dags/example_sensors.py
[2023-09-16T13:57:44.734+0000] {processor.py:829} INFO - Processing file /home/airflow/.local/lib/python3.8/site-packages/airflow/example_dags/example_sensors.py for tasks to queue
[2023-09-16T13:57:44.736+0000] {logging_mixin.py:151} INFO - [2023-09-16T13:57:44.736+0000] {dagbag.py:539} INFO - Filling up the DagBag from /home/airflow/.local/lib/python3.8/site-packages/airflow/example_dags/example_sensors.py
[2023-09-16T13:57:44.745+0000] {processor.py:839} INFO - DAG(s) dict_keys(['example_sensors']) retrieved from /home/airflow/.local/lib/python3.8/site-packages/airflow/example_dags/example_sensors.py
[2023-09-16T13:57:44.773+0000] {logging_mixin.py:151} INFO - [2023-09-16T13:57:44.773+0000] {dag.py:2915} INFO - Sync 1 DAGs
[2023-09-16T13:57:44.785+0000] {logging_mixin.py:151} INFO - [2023-09-16T13:57:44.785+0000] {dag.py:3696} INFO - Setting next_dagrun for example_sensors to None, run_after=None
[2023-09-16T13:57:44.800+0000] {processor.py:179} INFO - Processing /home/airflow/.local/lib/python3.8/site-packages/airflow/example_dags/example_sensors.py took 0.070 seconds
[2023-09-16T13:58:15.880+0000] {processor.py:157} INFO - Started process (PID=992) to work on /home/airflow/.local/lib/python3.8/site-packages/airflow/example_dags/example_sensors.py
[2023-09-16T13:58:15.881+0000] {processor.py:829} INFO - Processing file /home/airflow/.local/lib/python3.8/site-packages/airflow/example_dags/example_sensors.py for tasks to queue
[2023-09-16T13:58:15.883+0000] {logging_mixin.py:151} INFO - [2023-09-16T13:58:15.883+0000] {dagbag.py:539} INFO - Filling up the DagBag from /home/airflow/.local/lib/python3.8/site-packages/airflow/example_dags/example_sensors.py
[2023-09-16T13:58:15.891+0000] {processor.py:839} INFO - DAG(s) dict_keys(['example_sensors']) retrieved from /home/airflow/.local/lib/python3.8/site-packages/airflow/example_dags/example_sensors.py
[2023-09-16T13:58:15.922+0000] {logging_mixin.py:151} INFO - [2023-09-16T13:58:15.922+0000] {dag.py:2915} INFO - Sync 1 DAGs
[2023-09-16T13:58:15.938+0000] {logging_mixin.py:151} INFO - [2023-09-16T13:58:15.938+0000] {dag.py:3696} INFO - Setting next_dagrun for example_sensors to None, run_after=None
[2023-09-16T13:58:15.959+0000] {processor.py:179} INFO - Processing /home/airflow/.local/lib/python3.8/site-packages/airflow/example_dags/example_sensors.py took 0.082 seconds
