[2023-09-16T13:50:31.851+0000] {processor.py:157} INFO - Started process (PID=183) to work on /home/airflow/.local/lib/python3.8/site-packages/airflow/example_dags/example_task_group.py
[2023-09-16T13:50:31.852+0000] {processor.py:829} INFO - Processing file /home/airflow/.local/lib/python3.8/site-packages/airflow/example_dags/example_task_group.py for tasks to queue
[2023-09-16T13:50:31.854+0000] {logging_mixin.py:151} INFO - [2023-09-16T13:50:31.853+0000] {dagbag.py:539} INFO - Filling up the DagBag from /home/airflow/.local/lib/python3.8/site-packages/airflow/example_dags/example_task_group.py
[2023-09-16T13:50:31.863+0000] {processor.py:839} INFO - DAG(s) dict_keys(['example_task_group']) retrieved from /home/airflow/.local/lib/python3.8/site-packages/airflow/example_dags/example_task_group.py
[2023-09-16T13:50:31.888+0000] {logging_mixin.py:151} INFO - [2023-09-16T13:50:31.887+0000] {dag.py:2915} INFO - Sync 1 DAGs
[2023-09-16T13:50:31.931+0000] {logging_mixin.py:151} INFO - [2023-09-16T13:50:31.931+0000] {dag.py:3696} INFO - Setting next_dagrun for example_task_group to 2023-09-15T13:50:31.931333+00:00, run_after=2023-09-16T13:50:31.931333+00:00
[2023-09-16T13:50:31.958+0000] {processor.py:179} INFO - Processing /home/airflow/.local/lib/python3.8/site-packages/airflow/example_dags/example_task_group.py took 0.111 seconds
[2023-09-16T13:51:03.012+0000] {processor.py:157} INFO - Started process (PID=237) to work on /home/airflow/.local/lib/python3.8/site-packages/airflow/example_dags/example_task_group.py
[2023-09-16T13:51:03.013+0000] {processor.py:829} INFO - Processing file /home/airflow/.local/lib/python3.8/site-packages/airflow/example_dags/example_task_group.py for tasks to queue
[2023-09-16T13:51:03.015+0000] {logging_mixin.py:151} INFO - [2023-09-16T13:51:03.014+0000] {dagbag.py:539} INFO - Filling up the DagBag from /home/airflow/.local/lib/python3.8/site-packages/airflow/example_dags/example_task_group.py
[2023-09-16T13:51:03.026+0000] {processor.py:839} INFO - DAG(s) dict_keys(['example_task_group']) retrieved from /home/airflow/.local/lib/python3.8/site-packages/airflow/example_dags/example_task_group.py
[2023-09-16T13:51:03.052+0000] {logging_mixin.py:151} INFO - [2023-09-16T13:51:03.051+0000] {dag.py:2915} INFO - Sync 1 DAGs
[2023-09-16T13:51:03.072+0000] {logging_mixin.py:151} INFO - [2023-09-16T13:51:03.072+0000] {dag.py:3696} INFO - Setting next_dagrun for example_task_group to 2023-09-15T13:51:03.072427+00:00, run_after=2023-09-16T13:51:03.072427+00:00
[2023-09-16T13:51:03.089+0000] {processor.py:179} INFO - Processing /home/airflow/.local/lib/python3.8/site-packages/airflow/example_dags/example_task_group.py took 0.080 seconds
[2023-09-16T13:51:33.283+0000] {processor.py:157} INFO - Started process (PID=291) to work on /home/airflow/.local/lib/python3.8/site-packages/airflow/example_dags/example_task_group.py
[2023-09-16T13:51:33.284+0000] {processor.py:829} INFO - Processing file /home/airflow/.local/lib/python3.8/site-packages/airflow/example_dags/example_task_group.py for tasks to queue
[2023-09-16T13:51:33.286+0000] {logging_mixin.py:151} INFO - [2023-09-16T13:51:33.286+0000] {dagbag.py:539} INFO - Filling up the DagBag from /home/airflow/.local/lib/python3.8/site-packages/airflow/example_dags/example_task_group.py
[2023-09-16T13:51:33.293+0000] {processor.py:839} INFO - DAG(s) dict_keys(['example_task_group']) retrieved from /home/airflow/.local/lib/python3.8/site-packages/airflow/example_dags/example_task_group.py
[2023-09-16T13:51:33.314+0000] {logging_mixin.py:151} INFO - [2023-09-16T13:51:33.314+0000] {dag.py:2915} INFO - Sync 1 DAGs
[2023-09-16T13:51:33.341+0000] {logging_mixin.py:151} INFO - [2023-09-16T13:51:33.341+0000] {dag.py:3696} INFO - Setting next_dagrun for example_task_group to 2023-09-15T13:51:33.340956+00:00, run_after=2023-09-16T13:51:33.340956+00:00
[2023-09-16T13:51:33.357+0000] {processor.py:179} INFO - Processing /home/airflow/.local/lib/python3.8/site-packages/airflow/example_dags/example_task_group.py took 0.077 seconds
[2023-09-16T13:52:04.612+0000] {processor.py:157} INFO - Started process (PID=345) to work on /home/airflow/.local/lib/python3.8/site-packages/airflow/example_dags/example_task_group.py
[2023-09-16T13:52:04.614+0000] {processor.py:829} INFO - Processing file /home/airflow/.local/lib/python3.8/site-packages/airflow/example_dags/example_task_group.py for tasks to queue
[2023-09-16T13:52:04.616+0000] {logging_mixin.py:151} INFO - [2023-09-16T13:52:04.615+0000] {dagbag.py:539} INFO - Filling up the DagBag from /home/airflow/.local/lib/python3.8/site-packages/airflow/example_dags/example_task_group.py
[2023-09-16T13:52:04.623+0000] {processor.py:839} INFO - DAG(s) dict_keys(['example_task_group']) retrieved from /home/airflow/.local/lib/python3.8/site-packages/airflow/example_dags/example_task_group.py
[2023-09-16T13:52:04.650+0000] {logging_mixin.py:151} INFO - [2023-09-16T13:52:04.650+0000] {dag.py:2915} INFO - Sync 1 DAGs
[2023-09-16T13:52:04.675+0000] {logging_mixin.py:151} INFO - [2023-09-16T13:52:04.675+0000] {dag.py:3696} INFO - Setting next_dagrun for example_task_group to 2023-09-15T13:52:04.675297+00:00, run_after=2023-09-16T13:52:04.675297+00:00
[2023-09-16T13:52:04.695+0000] {processor.py:179} INFO - Processing /home/airflow/.local/lib/python3.8/site-packages/airflow/example_dags/example_task_group.py took 0.085 seconds
[2023-09-16T13:52:34.963+0000] {processor.py:157} INFO - Started process (PID=399) to work on /home/airflow/.local/lib/python3.8/site-packages/airflow/example_dags/example_task_group.py
[2023-09-16T13:52:34.964+0000] {processor.py:829} INFO - Processing file /home/airflow/.local/lib/python3.8/site-packages/airflow/example_dags/example_task_group.py for tasks to queue
[2023-09-16T13:52:34.965+0000] {logging_mixin.py:151} INFO - [2023-09-16T13:52:34.965+0000] {dagbag.py:539} INFO - Filling up the DagBag from /home/airflow/.local/lib/python3.8/site-packages/airflow/example_dags/example_task_group.py
[2023-09-16T13:52:34.972+0000] {processor.py:839} INFO - DAG(s) dict_keys(['example_task_group']) retrieved from /home/airflow/.local/lib/python3.8/site-packages/airflow/example_dags/example_task_group.py
[2023-09-16T13:52:34.994+0000] {logging_mixin.py:151} INFO - [2023-09-16T13:52:34.994+0000] {dag.py:2915} INFO - Sync 1 DAGs
[2023-09-16T13:52:35.015+0000] {logging_mixin.py:151} INFO - [2023-09-16T13:52:35.014+0000] {dag.py:3696} INFO - Setting next_dagrun for example_task_group to 2023-09-15T13:52:35.014680+00:00, run_after=2023-09-16T13:52:35.014680+00:00
[2023-09-16T13:52:35.037+0000] {processor.py:179} INFO - Processing /home/airflow/.local/lib/python3.8/site-packages/airflow/example_dags/example_task_group.py took 0.077 seconds
[2023-09-16T13:53:06.363+0000] {processor.py:157} INFO - Started process (PID=453) to work on /home/airflow/.local/lib/python3.8/site-packages/airflow/example_dags/example_task_group.py
[2023-09-16T13:53:06.364+0000] {processor.py:829} INFO - Processing file /home/airflow/.local/lib/python3.8/site-packages/airflow/example_dags/example_task_group.py for tasks to queue
[2023-09-16T13:53:06.367+0000] {logging_mixin.py:151} INFO - [2023-09-16T13:53:06.367+0000] {dagbag.py:539} INFO - Filling up the DagBag from /home/airflow/.local/lib/python3.8/site-packages/airflow/example_dags/example_task_group.py
[2023-09-16T13:53:06.374+0000] {processor.py:839} INFO - DAG(s) dict_keys(['example_task_group']) retrieved from /home/airflow/.local/lib/python3.8/site-packages/airflow/example_dags/example_task_group.py
[2023-09-16T13:53:06.398+0000] {logging_mixin.py:151} INFO - [2023-09-16T13:53:06.398+0000] {dag.py:2915} INFO - Sync 1 DAGs
[2023-09-16T13:53:06.426+0000] {logging_mixin.py:151} INFO - [2023-09-16T13:53:06.426+0000] {dag.py:3696} INFO - Setting next_dagrun for example_task_group to 2023-09-15T13:53:06.425885+00:00, run_after=2023-09-16T13:53:06.425885+00:00
[2023-09-16T13:53:06.445+0000] {processor.py:179} INFO - Processing /home/airflow/.local/lib/python3.8/site-packages/airflow/example_dags/example_task_group.py took 0.085 seconds
[2023-09-16T13:53:37.534+0000] {processor.py:157} INFO - Started process (PID=507) to work on /home/airflow/.local/lib/python3.8/site-packages/airflow/example_dags/example_task_group.py
[2023-09-16T13:53:37.535+0000] {processor.py:829} INFO - Processing file /home/airflow/.local/lib/python3.8/site-packages/airflow/example_dags/example_task_group.py for tasks to queue
[2023-09-16T13:53:37.537+0000] {logging_mixin.py:151} INFO - [2023-09-16T13:53:37.536+0000] {dagbag.py:539} INFO - Filling up the DagBag from /home/airflow/.local/lib/python3.8/site-packages/airflow/example_dags/example_task_group.py
[2023-09-16T13:53:37.543+0000] {processor.py:839} INFO - DAG(s) dict_keys(['example_task_group']) retrieved from /home/airflow/.local/lib/python3.8/site-packages/airflow/example_dags/example_task_group.py
[2023-09-16T13:53:37.567+0000] {logging_mixin.py:151} INFO - [2023-09-16T13:53:37.567+0000] {dag.py:2915} INFO - Sync 1 DAGs
[2023-09-16T13:53:37.588+0000] {logging_mixin.py:151} INFO - [2023-09-16T13:53:37.588+0000] {dag.py:3696} INFO - Setting next_dagrun for example_task_group to 2023-09-15T13:53:37.587935+00:00, run_after=2023-09-16T13:53:37.587935+00:00
[2023-09-16T13:53:37.602+0000] {processor.py:179} INFO - Processing /home/airflow/.local/lib/python3.8/site-packages/airflow/example_dags/example_task_group.py took 0.072 seconds
[2023-09-16T13:54:08.868+0000] {processor.py:157} INFO - Started process (PID=568) to work on /home/airflow/.local/lib/python3.8/site-packages/airflow/example_dags/example_task_group.py
[2023-09-16T13:54:08.869+0000] {processor.py:829} INFO - Processing file /home/airflow/.local/lib/python3.8/site-packages/airflow/example_dags/example_task_group.py for tasks to queue
[2023-09-16T13:54:08.871+0000] {logging_mixin.py:151} INFO - [2023-09-16T13:54:08.870+0000] {dagbag.py:539} INFO - Filling up the DagBag from /home/airflow/.local/lib/python3.8/site-packages/airflow/example_dags/example_task_group.py
[2023-09-16T13:54:08.877+0000] {processor.py:839} INFO - DAG(s) dict_keys(['example_task_group']) retrieved from /home/airflow/.local/lib/python3.8/site-packages/airflow/example_dags/example_task_group.py
[2023-09-16T13:54:08.898+0000] {logging_mixin.py:151} INFO - [2023-09-16T13:54:08.898+0000] {dag.py:2915} INFO - Sync 1 DAGs
[2023-09-16T13:54:08.917+0000] {logging_mixin.py:151} INFO - [2023-09-16T13:54:08.917+0000] {dag.py:3696} INFO - Setting next_dagrun for example_task_group to 2023-09-15T13:54:08.916938+00:00, run_after=2023-09-16T13:54:08.916938+00:00
[2023-09-16T13:54:08.950+0000] {processor.py:179} INFO - Processing /home/airflow/.local/lib/python3.8/site-packages/airflow/example_dags/example_task_group.py took 0.086 seconds
[2023-09-16T13:54:39.862+0000] {processor.py:157} INFO - Started process (PID=622) to work on /home/airflow/.local/lib/python3.8/site-packages/airflow/example_dags/example_task_group.py
[2023-09-16T13:54:39.863+0000] {processor.py:829} INFO - Processing file /home/airflow/.local/lib/python3.8/site-packages/airflow/example_dags/example_task_group.py for tasks to queue
[2023-09-16T13:54:39.865+0000] {logging_mixin.py:151} INFO - [2023-09-16T13:54:39.865+0000] {dagbag.py:539} INFO - Filling up the DagBag from /home/airflow/.local/lib/python3.8/site-packages/airflow/example_dags/example_task_group.py
[2023-09-16T13:54:39.872+0000] {processor.py:839} INFO - DAG(s) dict_keys(['example_task_group']) retrieved from /home/airflow/.local/lib/python3.8/site-packages/airflow/example_dags/example_task_group.py
[2023-09-16T13:54:39.914+0000] {logging_mixin.py:151} INFO - [2023-09-16T13:54:39.913+0000] {dag.py:2915} INFO - Sync 1 DAGs
[2023-09-16T13:54:39.935+0000] {logging_mixin.py:151} INFO - [2023-09-16T13:54:39.935+0000] {dag.py:3696} INFO - Setting next_dagrun for example_task_group to 2023-09-15T13:54:39.935170+00:00, run_after=2023-09-16T13:54:39.935170+00:00
[2023-09-16T13:54:39.953+0000] {processor.py:179} INFO - Processing /home/airflow/.local/lib/python3.8/site-packages/airflow/example_dags/example_task_group.py took 0.094 seconds
[2023-09-16T13:55:10.472+0000] {processor.py:157} INFO - Started process (PID=676) to work on /home/airflow/.local/lib/python3.8/site-packages/airflow/example_dags/example_task_group.py
[2023-09-16T13:55:10.473+0000] {processor.py:829} INFO - Processing file /home/airflow/.local/lib/python3.8/site-packages/airflow/example_dags/example_task_group.py for tasks to queue
[2023-09-16T13:55:10.475+0000] {logging_mixin.py:151} INFO - [2023-09-16T13:55:10.475+0000] {dagbag.py:539} INFO - Filling up the DagBag from /home/airflow/.local/lib/python3.8/site-packages/airflow/example_dags/example_task_group.py
[2023-09-16T13:55:10.482+0000] {processor.py:839} INFO - DAG(s) dict_keys(['example_task_group']) retrieved from /home/airflow/.local/lib/python3.8/site-packages/airflow/example_dags/example_task_group.py
[2023-09-16T13:55:10.505+0000] {logging_mixin.py:151} INFO - [2023-09-16T13:55:10.504+0000] {dag.py:2915} INFO - Sync 1 DAGs
[2023-09-16T13:55:10.524+0000] {logging_mixin.py:151} INFO - [2023-09-16T13:55:10.524+0000] {dag.py:3696} INFO - Setting next_dagrun for example_task_group to 2023-09-15T13:55:10.523815+00:00, run_after=2023-09-16T13:55:10.523815+00:00
[2023-09-16T13:55:10.539+0000] {processor.py:179} INFO - Processing /home/airflow/.local/lib/python3.8/site-packages/airflow/example_dags/example_task_group.py took 0.070 seconds
[2023-09-16T13:55:41.320+0000] {processor.py:157} INFO - Started process (PID=730) to work on /home/airflow/.local/lib/python3.8/site-packages/airflow/example_dags/example_task_group.py
[2023-09-16T13:55:41.321+0000] {processor.py:829} INFO - Processing file /home/airflow/.local/lib/python3.8/site-packages/airflow/example_dags/example_task_group.py for tasks to queue
[2023-09-16T13:55:41.323+0000] {logging_mixin.py:151} INFO - [2023-09-16T13:55:41.322+0000] {dagbag.py:539} INFO - Filling up the DagBag from /home/airflow/.local/lib/python3.8/site-packages/airflow/example_dags/example_task_group.py
[2023-09-16T13:55:41.329+0000] {processor.py:839} INFO - DAG(s) dict_keys(['example_task_group']) retrieved from /home/airflow/.local/lib/python3.8/site-packages/airflow/example_dags/example_task_group.py
[2023-09-16T13:55:41.352+0000] {logging_mixin.py:151} INFO - [2023-09-16T13:55:41.352+0000] {dag.py:2915} INFO - Sync 1 DAGs
[2023-09-16T13:55:41.373+0000] {logging_mixin.py:151} INFO - [2023-09-16T13:55:41.373+0000] {dag.py:3696} INFO - Setting next_dagrun for example_task_group to 2023-09-15T13:55:41.372823+00:00, run_after=2023-09-16T13:55:41.372823+00:00
[2023-09-16T13:55:41.390+0000] {processor.py:179} INFO - Processing /home/airflow/.local/lib/python3.8/site-packages/airflow/example_dags/example_task_group.py took 0.074 seconds
[2023-09-16T13:56:12.383+0000] {processor.py:157} INFO - Started process (PID=784) to work on /home/airflow/.local/lib/python3.8/site-packages/airflow/example_dags/example_task_group.py
[2023-09-16T13:56:12.384+0000] {processor.py:829} INFO - Processing file /home/airflow/.local/lib/python3.8/site-packages/airflow/example_dags/example_task_group.py for tasks to queue
[2023-09-16T13:56:12.387+0000] {logging_mixin.py:151} INFO - [2023-09-16T13:56:12.386+0000] {dagbag.py:539} INFO - Filling up the DagBag from /home/airflow/.local/lib/python3.8/site-packages/airflow/example_dags/example_task_group.py
[2023-09-16T13:56:12.396+0000] {processor.py:839} INFO - DAG(s) dict_keys(['example_task_group']) retrieved from /home/airflow/.local/lib/python3.8/site-packages/airflow/example_dags/example_task_group.py
[2023-09-16T13:56:12.418+0000] {logging_mixin.py:151} INFO - [2023-09-16T13:56:12.417+0000] {dag.py:2915} INFO - Sync 1 DAGs
[2023-09-16T13:56:12.438+0000] {logging_mixin.py:151} INFO - [2023-09-16T13:56:12.438+0000] {dag.py:3696} INFO - Setting next_dagrun for example_task_group to 2023-09-15T13:56:12.437875+00:00, run_after=2023-09-16T13:56:12.437875+00:00
[2023-09-16T13:56:12.454+0000] {processor.py:179} INFO - Processing /home/airflow/.local/lib/python3.8/site-packages/airflow/example_dags/example_task_group.py took 0.076 seconds
[2023-09-16T13:56:43.147+0000] {processor.py:157} INFO - Started process (PID=838) to work on /home/airflow/.local/lib/python3.8/site-packages/airflow/example_dags/example_task_group.py
[2023-09-16T13:56:43.148+0000] {processor.py:829} INFO - Processing file /home/airflow/.local/lib/python3.8/site-packages/airflow/example_dags/example_task_group.py for tasks to queue
[2023-09-16T13:56:43.151+0000] {logging_mixin.py:151} INFO - [2023-09-16T13:56:43.150+0000] {dagbag.py:539} INFO - Filling up the DagBag from /home/airflow/.local/lib/python3.8/site-packages/airflow/example_dags/example_task_group.py
[2023-09-16T13:56:43.160+0000] {processor.py:839} INFO - DAG(s) dict_keys(['example_task_group']) retrieved from /home/airflow/.local/lib/python3.8/site-packages/airflow/example_dags/example_task_group.py
[2023-09-16T13:56:43.186+0000] {logging_mixin.py:151} INFO - [2023-09-16T13:56:43.186+0000] {dag.py:2915} INFO - Sync 1 DAGs
[2023-09-16T13:56:43.206+0000] {logging_mixin.py:151} INFO - [2023-09-16T13:56:43.205+0000] {dag.py:3696} INFO - Setting next_dagrun for example_task_group to 2023-09-15T13:56:43.205593+00:00, run_after=2023-09-16T13:56:43.205593+00:00
[2023-09-16T13:56:43.220+0000] {processor.py:179} INFO - Processing /home/airflow/.local/lib/python3.8/site-packages/airflow/example_dags/example_task_group.py took 0.076 seconds
[2023-09-16T13:57:13.828+0000] {processor.py:157} INFO - Started process (PID=892) to work on /home/airflow/.local/lib/python3.8/site-packages/airflow/example_dags/example_task_group.py
[2023-09-16T13:57:13.829+0000] {processor.py:829} INFO - Processing file /home/airflow/.local/lib/python3.8/site-packages/airflow/example_dags/example_task_group.py for tasks to queue
[2023-09-16T13:57:13.831+0000] {logging_mixin.py:151} INFO - [2023-09-16T13:57:13.830+0000] {dagbag.py:539} INFO - Filling up the DagBag from /home/airflow/.local/lib/python3.8/site-packages/airflow/example_dags/example_task_group.py
[2023-09-16T13:57:13.837+0000] {processor.py:839} INFO - DAG(s) dict_keys(['example_task_group']) retrieved from /home/airflow/.local/lib/python3.8/site-packages/airflow/example_dags/example_task_group.py
[2023-09-16T13:57:13.860+0000] {logging_mixin.py:151} INFO - [2023-09-16T13:57:13.860+0000] {dag.py:2915} INFO - Sync 1 DAGs
[2023-09-16T13:57:13.880+0000] {logging_mixin.py:151} INFO - [2023-09-16T13:57:13.880+0000] {dag.py:3696} INFO - Setting next_dagrun for example_task_group to 2023-09-15T13:57:13.880033+00:00, run_after=2023-09-16T13:57:13.880033+00:00
[2023-09-16T13:57:13.894+0000] {processor.py:179} INFO - Processing /home/airflow/.local/lib/python3.8/site-packages/airflow/example_dags/example_task_group.py took 0.070 seconds
[2023-09-16T13:57:45.205+0000] {processor.py:157} INFO - Started process (PID=946) to work on /home/airflow/.local/lib/python3.8/site-packages/airflow/example_dags/example_task_group.py
[2023-09-16T13:57:45.206+0000] {processor.py:829} INFO - Processing file /home/airflow/.local/lib/python3.8/site-packages/airflow/example_dags/example_task_group.py for tasks to queue
[2023-09-16T13:57:45.208+0000] {logging_mixin.py:151} INFO - [2023-09-16T13:57:45.207+0000] {dagbag.py:539} INFO - Filling up the DagBag from /home/airflow/.local/lib/python3.8/site-packages/airflow/example_dags/example_task_group.py
[2023-09-16T13:57:45.216+0000] {processor.py:839} INFO - DAG(s) dict_keys(['example_task_group']) retrieved from /home/airflow/.local/lib/python3.8/site-packages/airflow/example_dags/example_task_group.py
[2023-09-16T13:57:45.239+0000] {logging_mixin.py:151} INFO - [2023-09-16T13:57:45.239+0000] {dag.py:2915} INFO - Sync 1 DAGs
[2023-09-16T13:57:45.260+0000] {logging_mixin.py:151} INFO - [2023-09-16T13:57:45.260+0000] {dag.py:3696} INFO - Setting next_dagrun for example_task_group to 2023-09-15T13:57:45.259914+00:00, run_after=2023-09-16T13:57:45.259914+00:00
[2023-09-16T13:57:45.276+0000] {processor.py:179} INFO - Processing /home/airflow/.local/lib/python3.8/site-packages/airflow/example_dags/example_task_group.py took 0.075 seconds
[2023-09-16T13:58:16.293+0000] {processor.py:157} INFO - Started process (PID=1000) to work on /home/airflow/.local/lib/python3.8/site-packages/airflow/example_dags/example_task_group.py
[2023-09-16T13:58:16.294+0000] {processor.py:829} INFO - Processing file /home/airflow/.local/lib/python3.8/site-packages/airflow/example_dags/example_task_group.py for tasks to queue
[2023-09-16T13:58:16.296+0000] {logging_mixin.py:151} INFO - [2023-09-16T13:58:16.295+0000] {dagbag.py:539} INFO - Filling up the DagBag from /home/airflow/.local/lib/python3.8/site-packages/airflow/example_dags/example_task_group.py
[2023-09-16T13:58:16.302+0000] {processor.py:839} INFO - DAG(s) dict_keys(['example_task_group']) retrieved from /home/airflow/.local/lib/python3.8/site-packages/airflow/example_dags/example_task_group.py
[2023-09-16T13:58:16.329+0000] {logging_mixin.py:151} INFO - [2023-09-16T13:58:16.328+0000] {dag.py:2915} INFO - Sync 1 DAGs
[2023-09-16T13:58:16.354+0000] {logging_mixin.py:151} INFO - [2023-09-16T13:58:16.354+0000] {dag.py:3696} INFO - Setting next_dagrun for example_task_group to 2023-09-15T13:58:16.354455+00:00, run_after=2023-09-16T13:58:16.354455+00:00
[2023-09-16T13:58:16.371+0000] {processor.py:179} INFO - Processing /home/airflow/.local/lib/python3.8/site-packages/airflow/example_dags/example_task_group.py took 0.082 seconds
