[2023-09-16T13:50:31.447+0000] {processor.py:157} INFO - Started process (PID=178) to work on /home/airflow/.local/lib/python3.8/site-packages/airflow/example_dags/example_short_circuit_decorator.py
[2023-09-16T13:50:31.448+0000] {processor.py:829} INFO - Processing file /home/airflow/.local/lib/python3.8/site-packages/airflow/example_dags/example_short_circuit_decorator.py for tasks to queue
[2023-09-16T13:50:31.450+0000] {logging_mixin.py:151} INFO - [2023-09-16T13:50:31.450+0000] {dagbag.py:539} INFO - Filling up the DagBag from /home/airflow/.local/lib/python3.8/site-packages/airflow/example_dags/example_short_circuit_decorator.py
[2023-09-16T13:50:31.464+0000] {processor.py:839} INFO - DAG(s) dict_keys(['example_short_circuit_decorator']) retrieved from /home/airflow/.local/lib/python3.8/site-packages/airflow/example_dags/example_short_circuit_decorator.py
[2023-09-16T13:50:31.495+0000] {logging_mixin.py:151} INFO - [2023-09-16T13:50:31.495+0000] {dag.py:2915} INFO - Sync 1 DAGs
[2023-09-16T13:50:31.542+0000] {logging_mixin.py:151} INFO - [2023-09-16T13:50:31.542+0000] {dag.py:3696} INFO - Setting next_dagrun for example_short_circuit_decorator to 2023-09-15T13:50:31.541934+00:00, run_after=2023-09-16T13:50:31.541934+00:00
[2023-09-16T13:50:31.561+0000] {processor.py:179} INFO - Processing /home/airflow/.local/lib/python3.8/site-packages/airflow/example_dags/example_short_circuit_decorator.py took 0.117 seconds
[2023-09-16T13:51:02.779+0000] {processor.py:157} INFO - Started process (PID=232) to work on /home/airflow/.local/lib/python3.8/site-packages/airflow/example_dags/example_short_circuit_decorator.py
[2023-09-16T13:51:02.780+0000] {processor.py:829} INFO - Processing file /home/airflow/.local/lib/python3.8/site-packages/airflow/example_dags/example_short_circuit_decorator.py for tasks to queue
[2023-09-16T13:51:02.782+0000] {logging_mixin.py:151} INFO - [2023-09-16T13:51:02.782+0000] {dagbag.py:539} INFO - Filling up the DagBag from /home/airflow/.local/lib/python3.8/site-packages/airflow/example_dags/example_short_circuit_decorator.py
[2023-09-16T13:51:02.792+0000] {processor.py:839} INFO - DAG(s) dict_keys(['example_short_circuit_decorator']) retrieved from /home/airflow/.local/lib/python3.8/site-packages/airflow/example_dags/example_short_circuit_decorator.py
[2023-09-16T13:51:02.826+0000] {logging_mixin.py:151} INFO - [2023-09-16T13:51:02.825+0000] {dag.py:2915} INFO - Sync 1 DAGs
[2023-09-16T13:51:02.850+0000] {logging_mixin.py:151} INFO - [2023-09-16T13:51:02.850+0000] {dag.py:3696} INFO - Setting next_dagrun for example_short_circuit_decorator to 2023-09-15T13:51:02.850287+00:00, run_after=2023-09-16T13:51:02.850287+00:00
[2023-09-16T13:51:02.867+0000] {processor.py:179} INFO - Processing /home/airflow/.local/lib/python3.8/site-packages/airflow/example_dags/example_short_circuit_decorator.py took 0.091 seconds
[2023-09-16T13:51:33.047+0000] {processor.py:157} INFO - Started process (PID=286) to work on /home/airflow/.local/lib/python3.8/site-packages/airflow/example_dags/example_short_circuit_decorator.py
[2023-09-16T13:51:33.048+0000] {processor.py:829} INFO - Processing file /home/airflow/.local/lib/python3.8/site-packages/airflow/example_dags/example_short_circuit_decorator.py for tasks to queue
[2023-09-16T13:51:33.050+0000] {logging_mixin.py:151} INFO - [2023-09-16T13:51:33.049+0000] {dagbag.py:539} INFO - Filling up the DagBag from /home/airflow/.local/lib/python3.8/site-packages/airflow/example_dags/example_short_circuit_decorator.py
[2023-09-16T13:51:33.058+0000] {processor.py:839} INFO - DAG(s) dict_keys(['example_short_circuit_decorator']) retrieved from /home/airflow/.local/lib/python3.8/site-packages/airflow/example_dags/example_short_circuit_decorator.py
[2023-09-16T13:51:33.084+0000] {logging_mixin.py:151} INFO - [2023-09-16T13:51:33.084+0000] {dag.py:2915} INFO - Sync 1 DAGs
[2023-09-16T13:51:33.104+0000] {logging_mixin.py:151} INFO - [2023-09-16T13:51:33.104+0000] {dag.py:3696} INFO - Setting next_dagrun for example_short_circuit_decorator to 2023-09-15T13:51:33.103947+00:00, run_after=2023-09-16T13:51:33.103947+00:00
[2023-09-16T13:51:33.131+0000] {processor.py:179} INFO - Processing /home/airflow/.local/lib/python3.8/site-packages/airflow/example_dags/example_short_circuit_decorator.py took 0.087 seconds
[2023-09-16T13:52:04.353+0000] {processor.py:157} INFO - Started process (PID=340) to work on /home/airflow/.local/lib/python3.8/site-packages/airflow/example_dags/example_short_circuit_decorator.py
[2023-09-16T13:52:04.355+0000] {processor.py:829} INFO - Processing file /home/airflow/.local/lib/python3.8/site-packages/airflow/example_dags/example_short_circuit_decorator.py for tasks to queue
[2023-09-16T13:52:04.357+0000] {logging_mixin.py:151} INFO - [2023-09-16T13:52:04.357+0000] {dagbag.py:539} INFO - Filling up the DagBag from /home/airflow/.local/lib/python3.8/site-packages/airflow/example_dags/example_short_circuit_decorator.py
[2023-09-16T13:52:04.368+0000] {processor.py:839} INFO - DAG(s) dict_keys(['example_short_circuit_decorator']) retrieved from /home/airflow/.local/lib/python3.8/site-packages/airflow/example_dags/example_short_circuit_decorator.py
[2023-09-16T13:52:04.397+0000] {logging_mixin.py:151} INFO - [2023-09-16T13:52:04.397+0000] {dag.py:2915} INFO - Sync 1 DAGs
[2023-09-16T13:52:04.417+0000] {logging_mixin.py:151} INFO - [2023-09-16T13:52:04.417+0000] {dag.py:3696} INFO - Setting next_dagrun for example_short_circuit_decorator to 2023-09-15T13:52:04.417498+00:00, run_after=2023-09-16T13:52:04.417498+00:00
[2023-09-16T13:52:04.437+0000] {processor.py:179} INFO - Processing /home/airflow/.local/lib/python3.8/site-packages/airflow/example_dags/example_short_circuit_decorator.py took 0.088 seconds
[2023-09-16T13:52:34.706+0000] {processor.py:157} INFO - Started process (PID=394) to work on /home/airflow/.local/lib/python3.8/site-packages/airflow/example_dags/example_short_circuit_decorator.py
[2023-09-16T13:52:34.707+0000] {processor.py:829} INFO - Processing file /home/airflow/.local/lib/python3.8/site-packages/airflow/example_dags/example_short_circuit_decorator.py for tasks to queue
[2023-09-16T13:52:34.709+0000] {logging_mixin.py:151} INFO - [2023-09-16T13:52:34.708+0000] {dagbag.py:539} INFO - Filling up the DagBag from /home/airflow/.local/lib/python3.8/site-packages/airflow/example_dags/example_short_circuit_decorator.py
[2023-09-16T13:52:34.726+0000] {processor.py:839} INFO - DAG(s) dict_keys(['example_short_circuit_decorator']) retrieved from /home/airflow/.local/lib/python3.8/site-packages/airflow/example_dags/example_short_circuit_decorator.py
[2023-09-16T13:52:34.748+0000] {logging_mixin.py:151} INFO - [2023-09-16T13:52:34.748+0000] {dag.py:2915} INFO - Sync 1 DAGs
[2023-09-16T13:52:34.769+0000] {logging_mixin.py:151} INFO - [2023-09-16T13:52:34.769+0000] {dag.py:3696} INFO - Setting next_dagrun for example_short_circuit_decorator to 2023-09-15T13:52:34.768753+00:00, run_after=2023-09-16T13:52:34.768753+00:00
[2023-09-16T13:52:34.786+0000] {processor.py:179} INFO - Processing /home/airflow/.local/lib/python3.8/site-packages/airflow/example_dags/example_short_circuit_decorator.py took 0.083 seconds
[2023-09-16T13:53:06.064+0000] {processor.py:157} INFO - Started process (PID=448) to work on /home/airflow/.local/lib/python3.8/site-packages/airflow/example_dags/example_short_circuit_decorator.py
[2023-09-16T13:53:06.065+0000] {processor.py:829} INFO - Processing file /home/airflow/.local/lib/python3.8/site-packages/airflow/example_dags/example_short_circuit_decorator.py for tasks to queue
[2023-09-16T13:53:06.067+0000] {logging_mixin.py:151} INFO - [2023-09-16T13:53:06.067+0000] {dagbag.py:539} INFO - Filling up the DagBag from /home/airflow/.local/lib/python3.8/site-packages/airflow/example_dags/example_short_circuit_decorator.py
[2023-09-16T13:53:06.077+0000] {processor.py:839} INFO - DAG(s) dict_keys(['example_short_circuit_decorator']) retrieved from /home/airflow/.local/lib/python3.8/site-packages/airflow/example_dags/example_short_circuit_decorator.py
[2023-09-16T13:53:06.101+0000] {logging_mixin.py:151} INFO - [2023-09-16T13:53:06.101+0000] {dag.py:2915} INFO - Sync 1 DAGs
[2023-09-16T13:53:06.127+0000] {logging_mixin.py:151} INFO - [2023-09-16T13:53:06.126+0000] {dag.py:3696} INFO - Setting next_dagrun for example_short_circuit_decorator to 2023-09-15T13:53:06.126611+00:00, run_after=2023-09-16T13:53:06.126611+00:00
[2023-09-16T13:53:06.148+0000] {processor.py:179} INFO - Processing /home/airflow/.local/lib/python3.8/site-packages/airflow/example_dags/example_short_circuit_decorator.py took 0.088 seconds
[2023-09-16T13:53:37.293+0000] {processor.py:157} INFO - Started process (PID=502) to work on /home/airflow/.local/lib/python3.8/site-packages/airflow/example_dags/example_short_circuit_decorator.py
[2023-09-16T13:53:37.294+0000] {processor.py:829} INFO - Processing file /home/airflow/.local/lib/python3.8/site-packages/airflow/example_dags/example_short_circuit_decorator.py for tasks to queue
[2023-09-16T13:53:37.296+0000] {logging_mixin.py:151} INFO - [2023-09-16T13:53:37.296+0000] {dagbag.py:539} INFO - Filling up the DagBag from /home/airflow/.local/lib/python3.8/site-packages/airflow/example_dags/example_short_circuit_decorator.py
[2023-09-16T13:53:37.304+0000] {processor.py:839} INFO - DAG(s) dict_keys(['example_short_circuit_decorator']) retrieved from /home/airflow/.local/lib/python3.8/site-packages/airflow/example_dags/example_short_circuit_decorator.py
[2023-09-16T13:53:37.328+0000] {logging_mixin.py:151} INFO - [2023-09-16T13:53:37.328+0000] {dag.py:2915} INFO - Sync 1 DAGs
[2023-09-16T13:53:37.349+0000] {logging_mixin.py:151} INFO - [2023-09-16T13:53:37.349+0000] {dag.py:3696} INFO - Setting next_dagrun for example_short_circuit_decorator to 2023-09-15T13:53:37.349574+00:00, run_after=2023-09-16T13:53:37.349574+00:00
[2023-09-16T13:53:37.366+0000] {processor.py:179} INFO - Processing /home/airflow/.local/lib/python3.8/site-packages/airflow/example_dags/example_short_circuit_decorator.py took 0.076 seconds
[2023-09-16T13:54:08.529+0000] {processor.py:157} INFO - Started process (PID=562) to work on /home/airflow/.local/lib/python3.8/site-packages/airflow/example_dags/example_short_circuit_decorator.py
[2023-09-16T13:54:08.530+0000] {processor.py:829} INFO - Processing file /home/airflow/.local/lib/python3.8/site-packages/airflow/example_dags/example_short_circuit_decorator.py for tasks to queue
[2023-09-16T13:54:08.532+0000] {logging_mixin.py:151} INFO - [2023-09-16T13:54:08.532+0000] {dagbag.py:539} INFO - Filling up the DagBag from /home/airflow/.local/lib/python3.8/site-packages/airflow/example_dags/example_short_circuit_decorator.py
[2023-09-16T13:54:08.540+0000] {processor.py:839} INFO - DAG(s) dict_keys(['example_short_circuit_decorator']) retrieved from /home/airflow/.local/lib/python3.8/site-packages/airflow/example_dags/example_short_circuit_decorator.py
[2023-09-16T13:54:08.565+0000] {logging_mixin.py:151} INFO - [2023-09-16T13:54:08.565+0000] {dag.py:2915} INFO - Sync 1 DAGs
[2023-09-16T13:54:08.638+0000] {logging_mixin.py:151} INFO - [2023-09-16T13:54:08.638+0000] {dag.py:3696} INFO - Setting next_dagrun for example_short_circuit_decorator to 2023-09-15T13:54:08.637989+00:00, run_after=2023-09-16T13:54:08.637989+00:00
[2023-09-16T13:54:08.657+0000] {processor.py:179} INFO - Processing /home/airflow/.local/lib/python3.8/site-packages/airflow/example_dags/example_short_circuit_decorator.py took 0.132 seconds
[2023-09-16T13:54:39.631+0000] {processor.py:157} INFO - Started process (PID=617) to work on /home/airflow/.local/lib/python3.8/site-packages/airflow/example_dags/example_short_circuit_decorator.py
[2023-09-16T13:54:39.632+0000] {processor.py:829} INFO - Processing file /home/airflow/.local/lib/python3.8/site-packages/airflow/example_dags/example_short_circuit_decorator.py for tasks to queue
[2023-09-16T13:54:39.634+0000] {logging_mixin.py:151} INFO - [2023-09-16T13:54:39.634+0000] {dagbag.py:539} INFO - Filling up the DagBag from /home/airflow/.local/lib/python3.8/site-packages/airflow/example_dags/example_short_circuit_decorator.py
[2023-09-16T13:54:39.642+0000] {processor.py:839} INFO - DAG(s) dict_keys(['example_short_circuit_decorator']) retrieved from /home/airflow/.local/lib/python3.8/site-packages/airflow/example_dags/example_short_circuit_decorator.py
[2023-09-16T13:54:39.665+0000] {logging_mixin.py:151} INFO - [2023-09-16T13:54:39.665+0000] {dag.py:2915} INFO - Sync 1 DAGs
[2023-09-16T13:54:39.684+0000] {logging_mixin.py:151} INFO - [2023-09-16T13:54:39.683+0000] {dag.py:3696} INFO - Setting next_dagrun for example_short_circuit_decorator to 2023-09-15T13:54:39.683712+00:00, run_after=2023-09-16T13:54:39.683712+00:00
[2023-09-16T13:54:39.698+0000] {processor.py:179} INFO - Processing /home/airflow/.local/lib/python3.8/site-packages/airflow/example_dags/example_short_circuit_decorator.py took 0.071 seconds
[2023-09-16T13:55:10.221+0000] {processor.py:157} INFO - Started process (PID=671) to work on /home/airflow/.local/lib/python3.8/site-packages/airflow/example_dags/example_short_circuit_decorator.py
[2023-09-16T13:55:10.223+0000] {processor.py:829} INFO - Processing file /home/airflow/.local/lib/python3.8/site-packages/airflow/example_dags/example_short_circuit_decorator.py for tasks to queue
[2023-09-16T13:55:10.224+0000] {logging_mixin.py:151} INFO - [2023-09-16T13:55:10.224+0000] {dagbag.py:539} INFO - Filling up the DagBag from /home/airflow/.local/lib/python3.8/site-packages/airflow/example_dags/example_short_circuit_decorator.py
[2023-09-16T13:55:10.233+0000] {processor.py:839} INFO - DAG(s) dict_keys(['example_short_circuit_decorator']) retrieved from /home/airflow/.local/lib/python3.8/site-packages/airflow/example_dags/example_short_circuit_decorator.py
[2023-09-16T13:55:10.256+0000] {logging_mixin.py:151} INFO - [2023-09-16T13:55:10.256+0000] {dag.py:2915} INFO - Sync 1 DAGs
[2023-09-16T13:55:10.276+0000] {logging_mixin.py:151} INFO - [2023-09-16T13:55:10.276+0000] {dag.py:3696} INFO - Setting next_dagrun for example_short_circuit_decorator to 2023-09-15T13:55:10.276145+00:00, run_after=2023-09-16T13:55:10.276145+00:00
[2023-09-16T13:55:10.291+0000] {processor.py:179} INFO - Processing /home/airflow/.local/lib/python3.8/site-packages/airflow/example_dags/example_short_circuit_decorator.py took 0.073 seconds
[2023-09-16T13:55:41.075+0000] {processor.py:157} INFO - Started process (PID=725) to work on /home/airflow/.local/lib/python3.8/site-packages/airflow/example_dags/example_short_circuit_decorator.py
[2023-09-16T13:55:41.076+0000] {processor.py:829} INFO - Processing file /home/airflow/.local/lib/python3.8/site-packages/airflow/example_dags/example_short_circuit_decorator.py for tasks to queue
[2023-09-16T13:55:41.078+0000] {logging_mixin.py:151} INFO - [2023-09-16T13:55:41.077+0000] {dagbag.py:539} INFO - Filling up the DagBag from /home/airflow/.local/lib/python3.8/site-packages/airflow/example_dags/example_short_circuit_decorator.py
[2023-09-16T13:55:41.087+0000] {processor.py:839} INFO - DAG(s) dict_keys(['example_short_circuit_decorator']) retrieved from /home/airflow/.local/lib/python3.8/site-packages/airflow/example_dags/example_short_circuit_decorator.py
[2023-09-16T13:55:41.110+0000] {logging_mixin.py:151} INFO - [2023-09-16T13:55:41.110+0000] {dag.py:2915} INFO - Sync 1 DAGs
[2023-09-16T13:55:41.131+0000] {logging_mixin.py:151} INFO - [2023-09-16T13:55:41.131+0000] {dag.py:3696} INFO - Setting next_dagrun for example_short_circuit_decorator to 2023-09-15T13:55:41.131447+00:00, run_after=2023-09-16T13:55:41.131447+00:00
[2023-09-16T13:55:41.153+0000] {processor.py:179} INFO - Processing /home/airflow/.local/lib/python3.8/site-packages/airflow/example_dags/example_short_circuit_decorator.py took 0.082 seconds
[2023-09-16T13:56:12.132+0000] {processor.py:157} INFO - Started process (PID=779) to work on /home/airflow/.local/lib/python3.8/site-packages/airflow/example_dags/example_short_circuit_decorator.py
[2023-09-16T13:56:12.133+0000] {processor.py:829} INFO - Processing file /home/airflow/.local/lib/python3.8/site-packages/airflow/example_dags/example_short_circuit_decorator.py for tasks to queue
[2023-09-16T13:56:12.135+0000] {logging_mixin.py:151} INFO - [2023-09-16T13:56:12.135+0000] {dagbag.py:539} INFO - Filling up the DagBag from /home/airflow/.local/lib/python3.8/site-packages/airflow/example_dags/example_short_circuit_decorator.py
[2023-09-16T13:56:12.144+0000] {processor.py:839} INFO - DAG(s) dict_keys(['example_short_circuit_decorator']) retrieved from /home/airflow/.local/lib/python3.8/site-packages/airflow/example_dags/example_short_circuit_decorator.py
[2023-09-16T13:56:12.166+0000] {logging_mixin.py:151} INFO - [2023-09-16T13:56:12.166+0000] {dag.py:2915} INFO - Sync 1 DAGs
[2023-09-16T13:56:12.190+0000] {logging_mixin.py:151} INFO - [2023-09-16T13:56:12.190+0000] {dag.py:3696} INFO - Setting next_dagrun for example_short_circuit_decorator to 2023-09-15T13:56:12.190271+00:00, run_after=2023-09-16T13:56:12.190271+00:00
[2023-09-16T13:56:12.212+0000] {processor.py:179} INFO - Processing /home/airflow/.local/lib/python3.8/site-packages/airflow/example_dags/example_short_circuit_decorator.py took 0.083 seconds
[2023-09-16T13:56:42.916+0000] {processor.py:157} INFO - Started process (PID=833) to work on /home/airflow/.local/lib/python3.8/site-packages/airflow/example_dags/example_short_circuit_decorator.py
[2023-09-16T13:56:42.917+0000] {processor.py:829} INFO - Processing file /home/airflow/.local/lib/python3.8/site-packages/airflow/example_dags/example_short_circuit_decorator.py for tasks to queue
[2023-09-16T13:56:42.919+0000] {logging_mixin.py:151} INFO - [2023-09-16T13:56:42.919+0000] {dagbag.py:539} INFO - Filling up the DagBag from /home/airflow/.local/lib/python3.8/site-packages/airflow/example_dags/example_short_circuit_decorator.py
[2023-09-16T13:56:42.927+0000] {processor.py:839} INFO - DAG(s) dict_keys(['example_short_circuit_decorator']) retrieved from /home/airflow/.local/lib/python3.8/site-packages/airflow/example_dags/example_short_circuit_decorator.py
[2023-09-16T13:56:42.949+0000] {logging_mixin.py:151} INFO - [2023-09-16T13:56:42.948+0000] {dag.py:2915} INFO - Sync 1 DAGs
[2023-09-16T13:56:42.969+0000] {logging_mixin.py:151} INFO - [2023-09-16T13:56:42.969+0000] {dag.py:3696} INFO - Setting next_dagrun for example_short_circuit_decorator to 2023-09-15T13:56:42.969021+00:00, run_after=2023-09-16T13:56:42.969021+00:00
[2023-09-16T13:56:42.984+0000] {processor.py:179} INFO - Processing /home/airflow/.local/lib/python3.8/site-packages/airflow/example_dags/example_short_circuit_decorator.py took 0.072 seconds
[2023-09-16T13:57:13.626+0000] {processor.py:157} INFO - Started process (PID=887) to work on /home/airflow/.local/lib/python3.8/site-packages/airflow/example_dags/example_short_circuit_decorator.py
[2023-09-16T13:57:13.627+0000] {processor.py:829} INFO - Processing file /home/airflow/.local/lib/python3.8/site-packages/airflow/example_dags/example_short_circuit_decorator.py for tasks to queue
[2023-09-16T13:57:13.628+0000] {logging_mixin.py:151} INFO - [2023-09-16T13:57:13.628+0000] {dagbag.py:539} INFO - Filling up the DagBag from /home/airflow/.local/lib/python3.8/site-packages/airflow/example_dags/example_short_circuit_decorator.py
[2023-09-16T13:57:13.636+0000] {processor.py:839} INFO - DAG(s) dict_keys(['example_short_circuit_decorator']) retrieved from /home/airflow/.local/lib/python3.8/site-packages/airflow/example_dags/example_short_circuit_decorator.py
[2023-09-16T13:57:13.658+0000] {logging_mixin.py:151} INFO - [2023-09-16T13:57:13.658+0000] {dag.py:2915} INFO - Sync 1 DAGs
[2023-09-16T13:57:13.678+0000] {logging_mixin.py:151} INFO - [2023-09-16T13:57:13.678+0000] {dag.py:3696} INFO - Setting next_dagrun for example_short_circuit_decorator to 2023-09-15T13:57:13.677844+00:00, run_after=2023-09-16T13:57:13.677844+00:00
[2023-09-16T13:57:13.693+0000] {processor.py:179} INFO - Processing /home/airflow/.local/lib/python3.8/site-packages/airflow/example_dags/example_short_circuit_decorator.py took 0.070 seconds
[2023-09-16T13:57:44.920+0000] {processor.py:157} INFO - Started process (PID=941) to work on /home/airflow/.local/lib/python3.8/site-packages/airflow/example_dags/example_short_circuit_decorator.py
[2023-09-16T13:57:44.921+0000] {processor.py:829} INFO - Processing file /home/airflow/.local/lib/python3.8/site-packages/airflow/example_dags/example_short_circuit_decorator.py for tasks to queue
[2023-09-16T13:57:44.923+0000] {logging_mixin.py:151} INFO - [2023-09-16T13:57:44.923+0000] {dagbag.py:539} INFO - Filling up the DagBag from /home/airflow/.local/lib/python3.8/site-packages/airflow/example_dags/example_short_circuit_decorator.py
[2023-09-16T13:57:44.931+0000] {processor.py:839} INFO - DAG(s) dict_keys(['example_short_circuit_decorator']) retrieved from /home/airflow/.local/lib/python3.8/site-packages/airflow/example_dags/example_short_circuit_decorator.py
[2023-09-16T13:57:44.954+0000] {logging_mixin.py:151} INFO - [2023-09-16T13:57:44.954+0000] {dag.py:2915} INFO - Sync 1 DAGs
[2023-09-16T13:57:44.973+0000] {logging_mixin.py:151} INFO - [2023-09-16T13:57:44.973+0000] {dag.py:3696} INFO - Setting next_dagrun for example_short_circuit_decorator to 2023-09-15T13:57:44.973349+00:00, run_after=2023-09-16T13:57:44.973349+00:00
[2023-09-16T13:57:44.988+0000] {processor.py:179} INFO - Processing /home/airflow/.local/lib/python3.8/site-packages/airflow/example_dags/example_short_circuit_decorator.py took 0.072 seconds
[2023-09-16T13:58:16.065+0000] {processor.py:157} INFO - Started process (PID=995) to work on /home/airflow/.local/lib/python3.8/site-packages/airflow/example_dags/example_short_circuit_decorator.py
[2023-09-16T13:58:16.066+0000] {processor.py:829} INFO - Processing file /home/airflow/.local/lib/python3.8/site-packages/airflow/example_dags/example_short_circuit_decorator.py for tasks to queue
[2023-09-16T13:58:16.068+0000] {logging_mixin.py:151} INFO - [2023-09-16T13:58:16.068+0000] {dagbag.py:539} INFO - Filling up the DagBag from /home/airflow/.local/lib/python3.8/site-packages/airflow/example_dags/example_short_circuit_decorator.py
[2023-09-16T13:58:16.078+0000] {processor.py:839} INFO - DAG(s) dict_keys(['example_short_circuit_decorator']) retrieved from /home/airflow/.local/lib/python3.8/site-packages/airflow/example_dags/example_short_circuit_decorator.py
[2023-09-16T13:58:16.100+0000] {logging_mixin.py:151} INFO - [2023-09-16T13:58:16.100+0000] {dag.py:2915} INFO - Sync 1 DAGs
[2023-09-16T13:58:16.121+0000] {logging_mixin.py:151} INFO - [2023-09-16T13:58:16.121+0000] {dag.py:3696} INFO - Setting next_dagrun for example_short_circuit_decorator to 2023-09-15T13:58:16.121486+00:00, run_after=2023-09-16T13:58:16.121486+00:00
[2023-09-16T13:58:16.136+0000] {processor.py:179} INFO - Processing /home/airflow/.local/lib/python3.8/site-packages/airflow/example_dags/example_short_circuit_decorator.py took 0.075 seconds
