[2023-09-16T13:50:31.699+0000] {processor.py:157} INFO - Started process (PID=181) to work on /home/airflow/.local/lib/python3.8/site-packages/airflow/example_dags/example_sla_dag.py
[2023-09-16T13:50:31.700+0000] {processor.py:829} INFO - Processing file /home/airflow/.local/lib/python3.8/site-packages/airflow/example_dags/example_sla_dag.py for tasks to queue
[2023-09-16T13:50:31.702+0000] {logging_mixin.py:151} INFO - [2023-09-16T13:50:31.702+0000] {dagbag.py:539} INFO - Filling up the DagBag from /home/airflow/.local/lib/python3.8/site-packages/airflow/example_dags/example_sla_dag.py
[2023-09-16T13:50:31.733+0000] {processor.py:839} INFO - DAG(s) dict_keys(['example_sla_dag']) retrieved from /home/airflow/.local/lib/python3.8/site-packages/airflow/example_dags/example_sla_dag.py
[2023-09-16T13:50:31.758+0000] {logging_mixin.py:151} INFO - [2023-09-16T13:50:31.758+0000] {dag.py:2915} INFO - Sync 1 DAGs
[2023-09-16T13:50:31.791+0000] {logging_mixin.py:151} INFO - [2023-09-16T13:50:31.791+0000] {dag.py:3696} INFO - Setting next_dagrun for example_sla_dag to 2023-09-16T13:48:00+00:00, run_after=2023-09-16T13:50:00+00:00
[2023-09-16T13:50:31.812+0000] {processor.py:179} INFO - Processing /home/airflow/.local/lib/python3.8/site-packages/airflow/example_dags/example_sla_dag.py took 0.117 seconds
[2023-09-16T13:51:02.909+0000] {processor.py:157} INFO - Started process (PID=235) to work on /home/airflow/.local/lib/python3.8/site-packages/airflow/example_dags/example_sla_dag.py
[2023-09-16T13:51:02.910+0000] {processor.py:829} INFO - Processing file /home/airflow/.local/lib/python3.8/site-packages/airflow/example_dags/example_sla_dag.py for tasks to queue
[2023-09-16T13:51:02.912+0000] {logging_mixin.py:151} INFO - [2023-09-16T13:51:02.912+0000] {dagbag.py:539} INFO - Filling up the DagBag from /home/airflow/.local/lib/python3.8/site-packages/airflow/example_dags/example_sla_dag.py
[2023-09-16T13:51:02.920+0000] {processor.py:839} INFO - DAG(s) dict_keys(['example_sla_dag']) retrieved from /home/airflow/.local/lib/python3.8/site-packages/airflow/example_dags/example_sla_dag.py
[2023-09-16T13:51:02.943+0000] {logging_mixin.py:151} INFO - [2023-09-16T13:51:02.943+0000] {dag.py:2915} INFO - Sync 1 DAGs
[2023-09-16T13:51:02.966+0000] {logging_mixin.py:151} INFO - [2023-09-16T13:51:02.966+0000] {dag.py:3696} INFO - Setting next_dagrun for example_sla_dag to 2023-09-16T13:48:00+00:00, run_after=2023-09-16T13:50:00+00:00
[2023-09-16T13:51:02.982+0000] {processor.py:179} INFO - Processing /home/airflow/.local/lib/python3.8/site-packages/airflow/example_dags/example_sla_dag.py took 0.076 seconds
[2023-09-16T13:51:33.186+0000] {processor.py:157} INFO - Started process (PID=289) to work on /home/airflow/.local/lib/python3.8/site-packages/airflow/example_dags/example_sla_dag.py
[2023-09-16T13:51:33.187+0000] {processor.py:829} INFO - Processing file /home/airflow/.local/lib/python3.8/site-packages/airflow/example_dags/example_sla_dag.py for tasks to queue
[2023-09-16T13:51:33.189+0000] {logging_mixin.py:151} INFO - [2023-09-16T13:51:33.189+0000] {dagbag.py:539} INFO - Filling up the DagBag from /home/airflow/.local/lib/python3.8/site-packages/airflow/example_dags/example_sla_dag.py
[2023-09-16T13:51:33.197+0000] {processor.py:839} INFO - DAG(s) dict_keys(['example_sla_dag']) retrieved from /home/airflow/.local/lib/python3.8/site-packages/airflow/example_dags/example_sla_dag.py
[2023-09-16T13:51:33.216+0000] {logging_mixin.py:151} INFO - [2023-09-16T13:51:33.216+0000] {dag.py:2915} INFO - Sync 1 DAGs
[2023-09-16T13:51:33.243+0000] {logging_mixin.py:151} INFO - [2023-09-16T13:51:33.243+0000] {dag.py:3696} INFO - Setting next_dagrun for example_sla_dag to 2023-09-16T13:48:00+00:00, run_after=2023-09-16T13:50:00+00:00
[2023-09-16T13:51:33.258+0000] {processor.py:179} INFO - Processing /home/airflow/.local/lib/python3.8/site-packages/airflow/example_dags/example_sla_dag.py took 0.075 seconds
[2023-09-16T13:52:04.498+0000] {processor.py:157} INFO - Started process (PID=343) to work on /home/airflow/.local/lib/python3.8/site-packages/airflow/example_dags/example_sla_dag.py
[2023-09-16T13:52:04.499+0000] {processor.py:829} INFO - Processing file /home/airflow/.local/lib/python3.8/site-packages/airflow/example_dags/example_sla_dag.py for tasks to queue
[2023-09-16T13:52:04.501+0000] {logging_mixin.py:151} INFO - [2023-09-16T13:52:04.500+0000] {dagbag.py:539} INFO - Filling up the DagBag from /home/airflow/.local/lib/python3.8/site-packages/airflow/example_dags/example_sla_dag.py
[2023-09-16T13:52:04.508+0000] {processor.py:839} INFO - DAG(s) dict_keys(['example_sla_dag']) retrieved from /home/airflow/.local/lib/python3.8/site-packages/airflow/example_dags/example_sla_dag.py
[2023-09-16T13:52:04.529+0000] {logging_mixin.py:151} INFO - [2023-09-16T13:52:04.529+0000] {dag.py:2915} INFO - Sync 1 DAGs
[2023-09-16T13:52:04.560+0000] {logging_mixin.py:151} INFO - [2023-09-16T13:52:04.560+0000] {dag.py:3696} INFO - Setting next_dagrun for example_sla_dag to 2023-09-16T13:50:00+00:00, run_after=2023-09-16T13:52:00+00:00
[2023-09-16T13:52:04.579+0000] {processor.py:179} INFO - Processing /home/airflow/.local/lib/python3.8/site-packages/airflow/example_dags/example_sla_dag.py took 0.084 seconds
[2023-09-16T13:52:34.861+0000] {processor.py:157} INFO - Started process (PID=397) to work on /home/airflow/.local/lib/python3.8/site-packages/airflow/example_dags/example_sla_dag.py
[2023-09-16T13:52:34.862+0000] {processor.py:829} INFO - Processing file /home/airflow/.local/lib/python3.8/site-packages/airflow/example_dags/example_sla_dag.py for tasks to queue
[2023-09-16T13:52:34.864+0000] {logging_mixin.py:151} INFO - [2023-09-16T13:52:34.863+0000] {dagbag.py:539} INFO - Filling up the DagBag from /home/airflow/.local/lib/python3.8/site-packages/airflow/example_dags/example_sla_dag.py
[2023-09-16T13:52:34.871+0000] {processor.py:839} INFO - DAG(s) dict_keys(['example_sla_dag']) retrieved from /home/airflow/.local/lib/python3.8/site-packages/airflow/example_dags/example_sla_dag.py
[2023-09-16T13:52:34.890+0000] {logging_mixin.py:151} INFO - [2023-09-16T13:52:34.890+0000] {dag.py:2915} INFO - Sync 1 DAGs
[2023-09-16T13:52:34.914+0000] {logging_mixin.py:151} INFO - [2023-09-16T13:52:34.913+0000] {dag.py:3696} INFO - Setting next_dagrun for example_sla_dag to 2023-09-16T13:50:00+00:00, run_after=2023-09-16T13:52:00+00:00
[2023-09-16T13:52:34.936+0000] {processor.py:179} INFO - Processing /home/airflow/.local/lib/python3.8/site-packages/airflow/example_dags/example_sla_dag.py took 0.078 seconds
[2023-09-16T13:53:06.253+0000] {processor.py:157} INFO - Started process (PID=451) to work on /home/airflow/.local/lib/python3.8/site-packages/airflow/example_dags/example_sla_dag.py
[2023-09-16T13:53:06.255+0000] {processor.py:829} INFO - Processing file /home/airflow/.local/lib/python3.8/site-packages/airflow/example_dags/example_sla_dag.py for tasks to queue
[2023-09-16T13:53:06.257+0000] {logging_mixin.py:151} INFO - [2023-09-16T13:53:06.256+0000] {dagbag.py:539} INFO - Filling up the DagBag from /home/airflow/.local/lib/python3.8/site-packages/airflow/example_dags/example_sla_dag.py
[2023-09-16T13:53:06.268+0000] {processor.py:839} INFO - DAG(s) dict_keys(['example_sla_dag']) retrieved from /home/airflow/.local/lib/python3.8/site-packages/airflow/example_dags/example_sla_dag.py
[2023-09-16T13:53:06.288+0000] {logging_mixin.py:151} INFO - [2023-09-16T13:53:06.288+0000] {dag.py:2915} INFO - Sync 1 DAGs
[2023-09-16T13:53:06.312+0000] {logging_mixin.py:151} INFO - [2023-09-16T13:53:06.312+0000] {dag.py:3696} INFO - Setting next_dagrun for example_sla_dag to 2023-09-16T13:50:00+00:00, run_after=2023-09-16T13:52:00+00:00
[2023-09-16T13:53:06.333+0000] {processor.py:179} INFO - Processing /home/airflow/.local/lib/python3.8/site-packages/airflow/example_dags/example_sla_dag.py took 0.083 seconds
[2023-09-16T13:53:37.415+0000] {processor.py:157} INFO - Started process (PID=505) to work on /home/airflow/.local/lib/python3.8/site-packages/airflow/example_dags/example_sla_dag.py
[2023-09-16T13:53:37.416+0000] {processor.py:829} INFO - Processing file /home/airflow/.local/lib/python3.8/site-packages/airflow/example_dags/example_sla_dag.py for tasks to queue
[2023-09-16T13:53:37.418+0000] {logging_mixin.py:151} INFO - [2023-09-16T13:53:37.418+0000] {dagbag.py:539} INFO - Filling up the DagBag from /home/airflow/.local/lib/python3.8/site-packages/airflow/example_dags/example_sla_dag.py
[2023-09-16T13:53:37.430+0000] {processor.py:839} INFO - DAG(s) dict_keys(['example_sla_dag']) retrieved from /home/airflow/.local/lib/python3.8/site-packages/airflow/example_dags/example_sla_dag.py
[2023-09-16T13:53:37.451+0000] {logging_mixin.py:151} INFO - [2023-09-16T13:53:37.451+0000] {dag.py:2915} INFO - Sync 1 DAGs
[2023-09-16T13:53:37.475+0000] {logging_mixin.py:151} INFO - [2023-09-16T13:53:37.475+0000] {dag.py:3696} INFO - Setting next_dagrun for example_sla_dag to 2023-09-16T13:50:00+00:00, run_after=2023-09-16T13:52:00+00:00
[2023-09-16T13:53:37.491+0000] {processor.py:179} INFO - Processing /home/airflow/.local/lib/python3.8/site-packages/airflow/example_dags/example_sla_dag.py took 0.079 seconds
[2023-09-16T13:54:08.762+0000] {processor.py:157} INFO - Started process (PID=566) to work on /home/airflow/.local/lib/python3.8/site-packages/airflow/example_dags/example_sla_dag.py
[2023-09-16T13:54:08.763+0000] {processor.py:829} INFO - Processing file /home/airflow/.local/lib/python3.8/site-packages/airflow/example_dags/example_sla_dag.py for tasks to queue
[2023-09-16T13:54:08.765+0000] {logging_mixin.py:151} INFO - [2023-09-16T13:54:08.765+0000] {dagbag.py:539} INFO - Filling up the DagBag from /home/airflow/.local/lib/python3.8/site-packages/airflow/example_dags/example_sla_dag.py
[2023-09-16T13:54:08.774+0000] {processor.py:839} INFO - DAG(s) dict_keys(['example_sla_dag']) retrieved from /home/airflow/.local/lib/python3.8/site-packages/airflow/example_dags/example_sla_dag.py
[2023-09-16T13:54:08.794+0000] {logging_mixin.py:151} INFO - [2023-09-16T13:54:08.794+0000] {dag.py:2915} INFO - Sync 1 DAGs
[2023-09-16T13:54:08.825+0000] {logging_mixin.py:151} INFO - [2023-09-16T13:54:08.816+0000] {dag.py:3696} INFO - Setting next_dagrun for example_sla_dag to 2023-09-16T13:52:00+00:00, run_after=2023-09-16T13:54:00+00:00
[2023-09-16T13:54:08.841+0000] {processor.py:179} INFO - Processing /home/airflow/.local/lib/python3.8/site-packages/airflow/example_dags/example_sla_dag.py took 0.082 seconds
[2023-09-16T13:54:39.765+0000] {processor.py:157} INFO - Started process (PID=620) to work on /home/airflow/.local/lib/python3.8/site-packages/airflow/example_dags/example_sla_dag.py
[2023-09-16T13:54:39.766+0000] {processor.py:829} INFO - Processing file /home/airflow/.local/lib/python3.8/site-packages/airflow/example_dags/example_sla_dag.py for tasks to queue
[2023-09-16T13:54:39.768+0000] {logging_mixin.py:151} INFO - [2023-09-16T13:54:39.768+0000] {dagbag.py:539} INFO - Filling up the DagBag from /home/airflow/.local/lib/python3.8/site-packages/airflow/example_dags/example_sla_dag.py
[2023-09-16T13:54:39.776+0000] {processor.py:839} INFO - DAG(s) dict_keys(['example_sla_dag']) retrieved from /home/airflow/.local/lib/python3.8/site-packages/airflow/example_dags/example_sla_dag.py
[2023-09-16T13:54:39.796+0000] {logging_mixin.py:151} INFO - [2023-09-16T13:54:39.796+0000] {dag.py:2915} INFO - Sync 1 DAGs
[2023-09-16T13:54:39.819+0000] {logging_mixin.py:151} INFO - [2023-09-16T13:54:39.819+0000] {dag.py:3696} INFO - Setting next_dagrun for example_sla_dag to 2023-09-16T13:52:00+00:00, run_after=2023-09-16T13:54:00+00:00
[2023-09-16T13:54:39.834+0000] {processor.py:179} INFO - Processing /home/airflow/.local/lib/python3.8/site-packages/airflow/example_dags/example_sla_dag.py took 0.072 seconds
[2023-09-16T13:55:10.381+0000] {processor.py:157} INFO - Started process (PID=674) to work on /home/airflow/.local/lib/python3.8/site-packages/airflow/example_dags/example_sla_dag.py
[2023-09-16T13:55:10.382+0000] {processor.py:829} INFO - Processing file /home/airflow/.local/lib/python3.8/site-packages/airflow/example_dags/example_sla_dag.py for tasks to queue
[2023-09-16T13:55:10.384+0000] {logging_mixin.py:151} INFO - [2023-09-16T13:55:10.384+0000] {dagbag.py:539} INFO - Filling up the DagBag from /home/airflow/.local/lib/python3.8/site-packages/airflow/example_dags/example_sla_dag.py
[2023-09-16T13:55:10.392+0000] {processor.py:839} INFO - DAG(s) dict_keys(['example_sla_dag']) retrieved from /home/airflow/.local/lib/python3.8/site-packages/airflow/example_dags/example_sla_dag.py
[2023-09-16T13:55:10.410+0000] {logging_mixin.py:151} INFO - [2023-09-16T13:55:10.409+0000] {dag.py:2915} INFO - Sync 1 DAGs
[2023-09-16T13:55:10.431+0000] {logging_mixin.py:151} INFO - [2023-09-16T13:55:10.431+0000] {dag.py:3696} INFO - Setting next_dagrun for example_sla_dag to 2023-09-16T13:52:00+00:00, run_after=2023-09-16T13:54:00+00:00
[2023-09-16T13:55:10.447+0000] {processor.py:179} INFO - Processing /home/airflow/.local/lib/python3.8/site-packages/airflow/example_dags/example_sla_dag.py took 0.069 seconds
[2023-09-16T13:55:41.217+0000] {processor.py:157} INFO - Started process (PID=728) to work on /home/airflow/.local/lib/python3.8/site-packages/airflow/example_dags/example_sla_dag.py
[2023-09-16T13:55:41.218+0000] {processor.py:829} INFO - Processing file /home/airflow/.local/lib/python3.8/site-packages/airflow/example_dags/example_sla_dag.py for tasks to queue
[2023-09-16T13:55:41.220+0000] {logging_mixin.py:151} INFO - [2023-09-16T13:55:41.219+0000] {dagbag.py:539} INFO - Filling up the DagBag from /home/airflow/.local/lib/python3.8/site-packages/airflow/example_dags/example_sla_dag.py
[2023-09-16T13:55:41.229+0000] {processor.py:839} INFO - DAG(s) dict_keys(['example_sla_dag']) retrieved from /home/airflow/.local/lib/python3.8/site-packages/airflow/example_dags/example_sla_dag.py
[2023-09-16T13:55:41.255+0000] {logging_mixin.py:151} INFO - [2023-09-16T13:55:41.255+0000] {dag.py:2915} INFO - Sync 1 DAGs
[2023-09-16T13:55:41.280+0000] {logging_mixin.py:151} INFO - [2023-09-16T13:55:41.280+0000] {dag.py:3696} INFO - Setting next_dagrun for example_sla_dag to 2023-09-16T13:52:00+00:00, run_after=2023-09-16T13:54:00+00:00
[2023-09-16T13:55:41.295+0000] {processor.py:179} INFO - Processing /home/airflow/.local/lib/python3.8/site-packages/airflow/example_dags/example_sla_dag.py took 0.081 seconds
[2023-09-16T13:56:12.281+0000] {processor.py:157} INFO - Started process (PID=782) to work on /home/airflow/.local/lib/python3.8/site-packages/airflow/example_dags/example_sla_dag.py
[2023-09-16T13:56:12.282+0000] {processor.py:829} INFO - Processing file /home/airflow/.local/lib/python3.8/site-packages/airflow/example_dags/example_sla_dag.py for tasks to queue
[2023-09-16T13:56:12.284+0000] {logging_mixin.py:151} INFO - [2023-09-16T13:56:12.284+0000] {dagbag.py:539} INFO - Filling up the DagBag from /home/airflow/.local/lib/python3.8/site-packages/airflow/example_dags/example_sla_dag.py
[2023-09-16T13:56:12.292+0000] {processor.py:839} INFO - DAG(s) dict_keys(['example_sla_dag']) retrieved from /home/airflow/.local/lib/python3.8/site-packages/airflow/example_dags/example_sla_dag.py
[2023-09-16T13:56:12.314+0000] {logging_mixin.py:151} INFO - [2023-09-16T13:56:12.314+0000] {dag.py:2915} INFO - Sync 1 DAGs
[2023-09-16T13:56:12.338+0000] {logging_mixin.py:151} INFO - [2023-09-16T13:56:12.337+0000] {dag.py:3696} INFO - Setting next_dagrun for example_sla_dag to 2023-09-16T13:54:00+00:00, run_after=2023-09-16T13:56:00+00:00
[2023-09-16T13:56:12.354+0000] {processor.py:179} INFO - Processing /home/airflow/.local/lib/python3.8/site-packages/airflow/example_dags/example_sla_dag.py took 0.076 seconds
[2023-09-16T13:56:43.049+0000] {processor.py:157} INFO - Started process (PID=836) to work on /home/airflow/.local/lib/python3.8/site-packages/airflow/example_dags/example_sla_dag.py
[2023-09-16T13:56:43.050+0000] {processor.py:829} INFO - Processing file /home/airflow/.local/lib/python3.8/site-packages/airflow/example_dags/example_sla_dag.py for tasks to queue
[2023-09-16T13:56:43.052+0000] {logging_mixin.py:151} INFO - [2023-09-16T13:56:43.052+0000] {dagbag.py:539} INFO - Filling up the DagBag from /home/airflow/.local/lib/python3.8/site-packages/airflow/example_dags/example_sla_dag.py
[2023-09-16T13:56:43.060+0000] {processor.py:839} INFO - DAG(s) dict_keys(['example_sla_dag']) retrieved from /home/airflow/.local/lib/python3.8/site-packages/airflow/example_dags/example_sla_dag.py
[2023-09-16T13:56:43.080+0000] {logging_mixin.py:151} INFO - [2023-09-16T13:56:43.080+0000] {dag.py:2915} INFO - Sync 1 DAGs
[2023-09-16T13:56:43.103+0000] {logging_mixin.py:151} INFO - [2023-09-16T13:56:43.102+0000] {dag.py:3696} INFO - Setting next_dagrun for example_sla_dag to 2023-09-16T13:54:00+00:00, run_after=2023-09-16T13:56:00+00:00
[2023-09-16T13:56:43.121+0000] {processor.py:179} INFO - Processing /home/airflow/.local/lib/python3.8/site-packages/airflow/example_dags/example_sla_dag.py took 0.076 seconds
[2023-09-16T13:57:13.733+0000] {processor.py:157} INFO - Started process (PID=890) to work on /home/airflow/.local/lib/python3.8/site-packages/airflow/example_dags/example_sla_dag.py
[2023-09-16T13:57:13.734+0000] {processor.py:829} INFO - Processing file /home/airflow/.local/lib/python3.8/site-packages/airflow/example_dags/example_sla_dag.py for tasks to queue
[2023-09-16T13:57:13.736+0000] {logging_mixin.py:151} INFO - [2023-09-16T13:57:13.736+0000] {dagbag.py:539} INFO - Filling up the DagBag from /home/airflow/.local/lib/python3.8/site-packages/airflow/example_dags/example_sla_dag.py
[2023-09-16T13:57:13.743+0000] {processor.py:839} INFO - DAG(s) dict_keys(['example_sla_dag']) retrieved from /home/airflow/.local/lib/python3.8/site-packages/airflow/example_dags/example_sla_dag.py
[2023-09-16T13:57:13.762+0000] {logging_mixin.py:151} INFO - [2023-09-16T13:57:13.762+0000] {dag.py:2915} INFO - Sync 1 DAGs
[2023-09-16T13:57:13.785+0000] {logging_mixin.py:151} INFO - [2023-09-16T13:57:13.785+0000] {dag.py:3696} INFO - Setting next_dagrun for example_sla_dag to 2023-09-16T13:54:00+00:00, run_after=2023-09-16T13:56:00+00:00
[2023-09-16T13:57:13.800+0000] {processor.py:179} INFO - Processing /home/airflow/.local/lib/python3.8/site-packages/airflow/example_dags/example_sla_dag.py took 0.070 seconds
[2023-09-16T13:57:45.100+0000] {processor.py:157} INFO - Started process (PID=944) to work on /home/airflow/.local/lib/python3.8/site-packages/airflow/example_dags/example_sla_dag.py
[2023-09-16T13:57:45.101+0000] {processor.py:829} INFO - Processing file /home/airflow/.local/lib/python3.8/site-packages/airflow/example_dags/example_sla_dag.py for tasks to queue
[2023-09-16T13:57:45.103+0000] {logging_mixin.py:151} INFO - [2023-09-16T13:57:45.102+0000] {dagbag.py:539} INFO - Filling up the DagBag from /home/airflow/.local/lib/python3.8/site-packages/airflow/example_dags/example_sla_dag.py
[2023-09-16T13:57:45.110+0000] {processor.py:839} INFO - DAG(s) dict_keys(['example_sla_dag']) retrieved from /home/airflow/.local/lib/python3.8/site-packages/airflow/example_dags/example_sla_dag.py
[2023-09-16T13:57:45.129+0000] {logging_mixin.py:151} INFO - [2023-09-16T13:57:45.129+0000] {dag.py:2915} INFO - Sync 1 DAGs
[2023-09-16T13:57:45.154+0000] {logging_mixin.py:151} INFO - [2023-09-16T13:57:45.154+0000] {dag.py:3696} INFO - Setting next_dagrun for example_sla_dag to 2023-09-16T13:54:00+00:00, run_after=2023-09-16T13:56:00+00:00
[2023-09-16T13:57:45.170+0000] {processor.py:179} INFO - Processing /home/airflow/.local/lib/python3.8/site-packages/airflow/example_dags/example_sla_dag.py took 0.074 seconds
[2023-09-16T13:58:16.201+0000] {processor.py:157} INFO - Started process (PID=998) to work on /home/airflow/.local/lib/python3.8/site-packages/airflow/example_dags/example_sla_dag.py
[2023-09-16T13:58:16.202+0000] {processor.py:829} INFO - Processing file /home/airflow/.local/lib/python3.8/site-packages/airflow/example_dags/example_sla_dag.py for tasks to queue
[2023-09-16T13:58:16.204+0000] {logging_mixin.py:151} INFO - [2023-09-16T13:58:16.204+0000] {dagbag.py:539} INFO - Filling up the DagBag from /home/airflow/.local/lib/python3.8/site-packages/airflow/example_dags/example_sla_dag.py
[2023-09-16T13:58:16.211+0000] {processor.py:839} INFO - DAG(s) dict_keys(['example_sla_dag']) retrieved from /home/airflow/.local/lib/python3.8/site-packages/airflow/example_dags/example_sla_dag.py
[2023-09-16T13:58:16.231+0000] {logging_mixin.py:151} INFO - [2023-09-16T13:58:16.231+0000] {dag.py:2915} INFO - Sync 1 DAGs
[2023-09-16T13:58:16.253+0000] {logging_mixin.py:151} INFO - [2023-09-16T13:58:16.253+0000] {dag.py:3696} INFO - Setting next_dagrun for example_sla_dag to 2023-09-16T13:56:00+00:00, run_after=2023-09-16T13:58:00+00:00
[2023-09-16T13:58:16.268+0000] {processor.py:179} INFO - Processing /home/airflow/.local/lib/python3.8/site-packages/airflow/example_dags/example_sla_dag.py took 0.070 seconds
