[2023-09-16T13:50:28.076+0000] {processor.py:157} INFO - Started process (PID=166) to work on /home/airflow/.local/lib/python3.8/site-packages/airflow/example_dags/example_latest_only.py
[2023-09-16T13:50:28.077+0000] {processor.py:829} INFO - Processing file /home/airflow/.local/lib/python3.8/site-packages/airflow/example_dags/example_latest_only.py for tasks to queue
[2023-09-16T13:50:28.079+0000] {logging_mixin.py:151} INFO - [2023-09-16T13:50:28.079+0000] {dagbag.py:539} INFO - Filling up the DagBag from /home/airflow/.local/lib/python3.8/site-packages/airflow/example_dags/example_latest_only.py
[2023-09-16T13:50:28.131+0000] {processor.py:839} INFO - DAG(s) dict_keys(['latest_only']) retrieved from /home/airflow/.local/lib/python3.8/site-packages/airflow/example_dags/example_latest_only.py
[2023-09-16T13:50:28.155+0000] {logging_mixin.py:151} INFO - [2023-09-16T13:50:28.155+0000] {dag.py:2915} INFO - Sync 1 DAGs
[2023-09-16T13:50:28.226+0000] {logging_mixin.py:151} INFO - [2023-09-16T13:50:28.226+0000] {dag.py:3696} INFO - Setting next_dagrun for latest_only to 2023-09-16T09:50:28.226244+00:00, run_after=2023-09-16T13:50:28.226244+00:00
[2023-09-16T13:50:28.243+0000] {processor.py:179} INFO - Processing /home/airflow/.local/lib/python3.8/site-packages/airflow/example_dags/example_latest_only.py took 0.170 seconds
[2023-09-16T13:50:58.565+0000] {processor.py:157} INFO - Started process (PID=219) to work on /home/airflow/.local/lib/python3.8/site-packages/airflow/example_dags/example_latest_only.py
[2023-09-16T13:50:58.566+0000] {processor.py:829} INFO - Processing file /home/airflow/.local/lib/python3.8/site-packages/airflow/example_dags/example_latest_only.py for tasks to queue
[2023-09-16T13:50:58.568+0000] {logging_mixin.py:151} INFO - [2023-09-16T13:50:58.568+0000] {dagbag.py:539} INFO - Filling up the DagBag from /home/airflow/.local/lib/python3.8/site-packages/airflow/example_dags/example_latest_only.py
[2023-09-16T13:50:58.573+0000] {processor.py:839} INFO - DAG(s) dict_keys(['latest_only']) retrieved from /home/airflow/.local/lib/python3.8/site-packages/airflow/example_dags/example_latest_only.py
[2023-09-16T13:50:58.592+0000] {logging_mixin.py:151} INFO - [2023-09-16T13:50:58.592+0000] {dag.py:2915} INFO - Sync 1 DAGs
[2023-09-16T13:50:58.612+0000] {logging_mixin.py:151} INFO - [2023-09-16T13:50:58.612+0000] {dag.py:3696} INFO - Setting next_dagrun for latest_only to 2023-09-16T09:50:58.611802+00:00, run_after=2023-09-16T13:50:58.611802+00:00
[2023-09-16T13:50:58.627+0000] {processor.py:179} INFO - Processing /home/airflow/.local/lib/python3.8/site-packages/airflow/example_dags/example_latest_only.py took 0.065 seconds
[2023-09-16T13:51:29.018+0000] {processor.py:157} INFO - Started process (PID=273) to work on /home/airflow/.local/lib/python3.8/site-packages/airflow/example_dags/example_latest_only.py
[2023-09-16T13:51:29.019+0000] {processor.py:829} INFO - Processing file /home/airflow/.local/lib/python3.8/site-packages/airflow/example_dags/example_latest_only.py for tasks to queue
[2023-09-16T13:51:29.021+0000] {logging_mixin.py:151} INFO - [2023-09-16T13:51:29.020+0000] {dagbag.py:539} INFO - Filling up the DagBag from /home/airflow/.local/lib/python3.8/site-packages/airflow/example_dags/example_latest_only.py
[2023-09-16T13:51:29.026+0000] {processor.py:839} INFO - DAG(s) dict_keys(['latest_only']) retrieved from /home/airflow/.local/lib/python3.8/site-packages/airflow/example_dags/example_latest_only.py
[2023-09-16T13:51:29.046+0000] {logging_mixin.py:151} INFO - [2023-09-16T13:51:29.045+0000] {dag.py:2915} INFO - Sync 1 DAGs
[2023-09-16T13:51:29.066+0000] {logging_mixin.py:151} INFO - [2023-09-16T13:51:29.066+0000] {dag.py:3696} INFO - Setting next_dagrun for latest_only to 2023-09-16T09:51:29.065967+00:00, run_after=2023-09-16T13:51:29.065967+00:00
[2023-09-16T13:51:29.080+0000] {processor.py:179} INFO - Processing /home/airflow/.local/lib/python3.8/site-packages/airflow/example_dags/example_latest_only.py took 0.066 seconds
[2023-09-16T13:51:59.209+0000] {processor.py:157} INFO - Started process (PID=327) to work on /home/airflow/.local/lib/python3.8/site-packages/airflow/example_dags/example_latest_only.py
[2023-09-16T13:51:59.211+0000] {processor.py:829} INFO - Processing file /home/airflow/.local/lib/python3.8/site-packages/airflow/example_dags/example_latest_only.py for tasks to queue
[2023-09-16T13:51:59.213+0000] {logging_mixin.py:151} INFO - [2023-09-16T13:51:59.212+0000] {dagbag.py:539} INFO - Filling up the DagBag from /home/airflow/.local/lib/python3.8/site-packages/airflow/example_dags/example_latest_only.py
[2023-09-16T13:51:59.219+0000] {processor.py:839} INFO - DAG(s) dict_keys(['latest_only']) retrieved from /home/airflow/.local/lib/python3.8/site-packages/airflow/example_dags/example_latest_only.py
[2023-09-16T13:51:59.247+0000] {logging_mixin.py:151} INFO - [2023-09-16T13:51:59.247+0000] {dag.py:2915} INFO - Sync 1 DAGs
[2023-09-16T13:51:59.277+0000] {logging_mixin.py:151} INFO - [2023-09-16T13:51:59.276+0000] {dag.py:3696} INFO - Setting next_dagrun for latest_only to 2023-09-16T09:51:59.276510+00:00, run_after=2023-09-16T13:51:59.276510+00:00
[2023-09-16T13:51:59.298+0000] {processor.py:179} INFO - Processing /home/airflow/.local/lib/python3.8/site-packages/airflow/example_dags/example_latest_only.py took 0.092 seconds
[2023-09-16T13:52:29.701+0000] {processor.py:157} INFO - Started process (PID=381) to work on /home/airflow/.local/lib/python3.8/site-packages/airflow/example_dags/example_latest_only.py
[2023-09-16T13:52:29.702+0000] {processor.py:829} INFO - Processing file /home/airflow/.local/lib/python3.8/site-packages/airflow/example_dags/example_latest_only.py for tasks to queue
[2023-09-16T13:52:29.704+0000] {logging_mixin.py:151} INFO - [2023-09-16T13:52:29.704+0000] {dagbag.py:539} INFO - Filling up the DagBag from /home/airflow/.local/lib/python3.8/site-packages/airflow/example_dags/example_latest_only.py
[2023-09-16T13:52:29.709+0000] {processor.py:839} INFO - DAG(s) dict_keys(['latest_only']) retrieved from /home/airflow/.local/lib/python3.8/site-packages/airflow/example_dags/example_latest_only.py
[2023-09-16T13:52:29.729+0000] {logging_mixin.py:151} INFO - [2023-09-16T13:52:29.729+0000] {dag.py:2915} INFO - Sync 1 DAGs
[2023-09-16T13:52:29.749+0000] {logging_mixin.py:151} INFO - [2023-09-16T13:52:29.749+0000] {dag.py:3696} INFO - Setting next_dagrun for latest_only to 2023-09-16T09:52:29.749504+00:00, run_after=2023-09-16T13:52:29.749504+00:00
[2023-09-16T13:52:29.765+0000] {processor.py:179} INFO - Processing /home/airflow/.local/lib/python3.8/site-packages/airflow/example_dags/example_latest_only.py took 0.067 seconds
[2023-09-16T13:52:59.982+0000] {processor.py:157} INFO - Started process (PID=435) to work on /home/airflow/.local/lib/python3.8/site-packages/airflow/example_dags/example_latest_only.py
[2023-09-16T13:52:59.983+0000] {processor.py:829} INFO - Processing file /home/airflow/.local/lib/python3.8/site-packages/airflow/example_dags/example_latest_only.py for tasks to queue
[2023-09-16T13:52:59.985+0000] {logging_mixin.py:151} INFO - [2023-09-16T13:52:59.985+0000] {dagbag.py:539} INFO - Filling up the DagBag from /home/airflow/.local/lib/python3.8/site-packages/airflow/example_dags/example_latest_only.py
[2023-09-16T13:52:59.990+0000] {processor.py:839} INFO - DAG(s) dict_keys(['latest_only']) retrieved from /home/airflow/.local/lib/python3.8/site-packages/airflow/example_dags/example_latest_only.py
[2023-09-16T13:53:00.009+0000] {logging_mixin.py:151} INFO - [2023-09-16T13:53:00.009+0000] {dag.py:2915} INFO - Sync 1 DAGs
[2023-09-16T13:53:00.028+0000] {logging_mixin.py:151} INFO - [2023-09-16T13:53:00.028+0000] {dag.py:3696} INFO - Setting next_dagrun for latest_only to 2023-09-16T09:53:00.027924+00:00, run_after=2023-09-16T13:53:00.027924+00:00
[2023-09-16T13:53:00.043+0000] {processor.py:179} INFO - Processing /home/airflow/.local/lib/python3.8/site-packages/airflow/example_dags/example_latest_only.py took 0.064 seconds
[2023-09-16T13:53:30.243+0000] {processor.py:157} INFO - Started process (PID=489) to work on /home/airflow/.local/lib/python3.8/site-packages/airflow/example_dags/example_latest_only.py
[2023-09-16T13:53:30.244+0000] {processor.py:829} INFO - Processing file /home/airflow/.local/lib/python3.8/site-packages/airflow/example_dags/example_latest_only.py for tasks to queue
[2023-09-16T13:53:30.246+0000] {logging_mixin.py:151} INFO - [2023-09-16T13:53:30.245+0000] {dagbag.py:539} INFO - Filling up the DagBag from /home/airflow/.local/lib/python3.8/site-packages/airflow/example_dags/example_latest_only.py
[2023-09-16T13:53:30.250+0000] {processor.py:839} INFO - DAG(s) dict_keys(['latest_only']) retrieved from /home/airflow/.local/lib/python3.8/site-packages/airflow/example_dags/example_latest_only.py
[2023-09-16T13:53:30.269+0000] {logging_mixin.py:151} INFO - [2023-09-16T13:53:30.269+0000] {dag.py:2915} INFO - Sync 1 DAGs
[2023-09-16T13:53:30.288+0000] {logging_mixin.py:151} INFO - [2023-09-16T13:53:30.288+0000] {dag.py:3696} INFO - Setting next_dagrun for latest_only to 2023-09-16T09:53:30.287895+00:00, run_after=2023-09-16T13:53:30.287895+00:00
[2023-09-16T13:53:30.304+0000] {processor.py:179} INFO - Processing /home/airflow/.local/lib/python3.8/site-packages/airflow/example_dags/example_latest_only.py took 0.064 seconds
[2023-09-16T13:54:00.441+0000] {processor.py:157} INFO - Started process (PID=543) to work on /home/airflow/.local/lib/python3.8/site-packages/airflow/example_dags/example_latest_only.py
[2023-09-16T13:54:00.442+0000] {processor.py:829} INFO - Processing file /home/airflow/.local/lib/python3.8/site-packages/airflow/example_dags/example_latest_only.py for tasks to queue
[2023-09-16T13:54:00.444+0000] {logging_mixin.py:151} INFO - [2023-09-16T13:54:00.444+0000] {dagbag.py:539} INFO - Filling up the DagBag from /home/airflow/.local/lib/python3.8/site-packages/airflow/example_dags/example_latest_only.py
[2023-09-16T13:54:00.451+0000] {processor.py:839} INFO - DAG(s) dict_keys(['latest_only']) retrieved from /home/airflow/.local/lib/python3.8/site-packages/airflow/example_dags/example_latest_only.py
[2023-09-16T13:54:00.472+0000] {logging_mixin.py:151} INFO - [2023-09-16T13:54:00.472+0000] {dag.py:2915} INFO - Sync 1 DAGs
[2023-09-16T13:54:00.492+0000] {logging_mixin.py:151} INFO - [2023-09-16T13:54:00.491+0000] {dag.py:3696} INFO - Setting next_dagrun for latest_only to 2023-09-16T09:54:00.491668+00:00, run_after=2023-09-16T13:54:00.491668+00:00
[2023-09-16T13:54:00.508+0000] {processor.py:179} INFO - Processing /home/airflow/.local/lib/python3.8/site-packages/airflow/example_dags/example_latest_only.py took 0.071 seconds
[2023-09-16T13:54:30.668+0000] {processor.py:157} INFO - Started process (PID=597) to work on /home/airflow/.local/lib/python3.8/site-packages/airflow/example_dags/example_latest_only.py
[2023-09-16T13:54:30.669+0000] {processor.py:829} INFO - Processing file /home/airflow/.local/lib/python3.8/site-packages/airflow/example_dags/example_latest_only.py for tasks to queue
[2023-09-16T13:54:30.671+0000] {logging_mixin.py:151} INFO - [2023-09-16T13:54:30.671+0000] {dagbag.py:539} INFO - Filling up the DagBag from /home/airflow/.local/lib/python3.8/site-packages/airflow/example_dags/example_latest_only.py
[2023-09-16T13:54:30.676+0000] {processor.py:839} INFO - DAG(s) dict_keys(['latest_only']) retrieved from /home/airflow/.local/lib/python3.8/site-packages/airflow/example_dags/example_latest_only.py
[2023-09-16T13:54:30.697+0000] {logging_mixin.py:151} INFO - [2023-09-16T13:54:30.697+0000] {dag.py:2915} INFO - Sync 1 DAGs
[2023-09-16T13:54:30.717+0000] {logging_mixin.py:151} INFO - [2023-09-16T13:54:30.717+0000] {dag.py:3696} INFO - Setting next_dagrun for latest_only to 2023-09-16T09:54:30.717229+00:00, run_after=2023-09-16T13:54:30.717229+00:00
[2023-09-16T13:54:30.733+0000] {processor.py:179} INFO - Processing /home/airflow/.local/lib/python3.8/site-packages/airflow/example_dags/example_latest_only.py took 0.068 seconds
[2023-09-16T13:55:01.261+0000] {processor.py:157} INFO - Started process (PID=651) to work on /home/airflow/.local/lib/python3.8/site-packages/airflow/example_dags/example_latest_only.py
[2023-09-16T13:55:01.263+0000] {processor.py:829} INFO - Processing file /home/airflow/.local/lib/python3.8/site-packages/airflow/example_dags/example_latest_only.py for tasks to queue
[2023-09-16T13:55:01.264+0000] {logging_mixin.py:151} INFO - [2023-09-16T13:55:01.264+0000] {dagbag.py:539} INFO - Filling up the DagBag from /home/airflow/.local/lib/python3.8/site-packages/airflow/example_dags/example_latest_only.py
[2023-09-16T13:55:01.269+0000] {processor.py:839} INFO - DAG(s) dict_keys(['latest_only']) retrieved from /home/airflow/.local/lib/python3.8/site-packages/airflow/example_dags/example_latest_only.py
[2023-09-16T13:55:01.288+0000] {logging_mixin.py:151} INFO - [2023-09-16T13:55:01.288+0000] {dag.py:2915} INFO - Sync 1 DAGs
[2023-09-16T13:55:01.308+0000] {logging_mixin.py:151} INFO - [2023-09-16T13:55:01.308+0000] {dag.py:3696} INFO - Setting next_dagrun for latest_only to 2023-09-16T09:55:01.308521+00:00, run_after=2023-09-16T13:55:01.308521+00:00
[2023-09-16T13:55:01.324+0000] {processor.py:179} INFO - Processing /home/airflow/.local/lib/python3.8/site-packages/airflow/example_dags/example_latest_only.py took 0.066 seconds
[2023-09-16T13:55:31.953+0000] {processor.py:157} INFO - Started process (PID=705) to work on /home/airflow/.local/lib/python3.8/site-packages/airflow/example_dags/example_latest_only.py
[2023-09-16T13:55:31.954+0000] {processor.py:829} INFO - Processing file /home/airflow/.local/lib/python3.8/site-packages/airflow/example_dags/example_latest_only.py for tasks to queue
[2023-09-16T13:55:31.956+0000] {logging_mixin.py:151} INFO - [2023-09-16T13:55:31.956+0000] {dagbag.py:539} INFO - Filling up the DagBag from /home/airflow/.local/lib/python3.8/site-packages/airflow/example_dags/example_latest_only.py
[2023-09-16T13:55:31.961+0000] {processor.py:839} INFO - DAG(s) dict_keys(['latest_only']) retrieved from /home/airflow/.local/lib/python3.8/site-packages/airflow/example_dags/example_latest_only.py
[2023-09-16T13:55:31.982+0000] {logging_mixin.py:151} INFO - [2023-09-16T13:55:31.982+0000] {dag.py:2915} INFO - Sync 1 DAGs
[2023-09-16T13:55:32.001+0000] {logging_mixin.py:151} INFO - [2023-09-16T13:55:32.001+0000] {dag.py:3696} INFO - Setting next_dagrun for latest_only to 2023-09-16T09:55:32.001222+00:00, run_after=2023-09-16T13:55:32.001222+00:00
[2023-09-16T13:55:32.017+0000] {processor.py:179} INFO - Processing /home/airflow/.local/lib/python3.8/site-packages/airflow/example_dags/example_latest_only.py took 0.067 seconds
[2023-09-16T13:56:02.176+0000] {processor.py:157} INFO - Started process (PID=759) to work on /home/airflow/.local/lib/python3.8/site-packages/airflow/example_dags/example_latest_only.py
[2023-09-16T13:56:02.177+0000] {processor.py:829} INFO - Processing file /home/airflow/.local/lib/python3.8/site-packages/airflow/example_dags/example_latest_only.py for tasks to queue
[2023-09-16T13:56:02.179+0000] {logging_mixin.py:151} INFO - [2023-09-16T13:56:02.179+0000] {dagbag.py:539} INFO - Filling up the DagBag from /home/airflow/.local/lib/python3.8/site-packages/airflow/example_dags/example_latest_only.py
[2023-09-16T13:56:02.184+0000] {processor.py:839} INFO - DAG(s) dict_keys(['latest_only']) retrieved from /home/airflow/.local/lib/python3.8/site-packages/airflow/example_dags/example_latest_only.py
[2023-09-16T13:56:02.204+0000] {logging_mixin.py:151} INFO - [2023-09-16T13:56:02.204+0000] {dag.py:2915} INFO - Sync 1 DAGs
[2023-09-16T13:56:02.225+0000] {logging_mixin.py:151} INFO - [2023-09-16T13:56:02.225+0000] {dag.py:3696} INFO - Setting next_dagrun for latest_only to 2023-09-16T09:56:02.225037+00:00, run_after=2023-09-16T13:56:02.225037+00:00
[2023-09-16T13:56:02.241+0000] {processor.py:179} INFO - Processing /home/airflow/.local/lib/python3.8/site-packages/airflow/example_dags/example_latest_only.py took 0.067 seconds
[2023-09-16T13:56:32.925+0000] {processor.py:157} INFO - Started process (PID=813) to work on /home/airflow/.local/lib/python3.8/site-packages/airflow/example_dags/example_latest_only.py
[2023-09-16T13:56:32.926+0000] {processor.py:829} INFO - Processing file /home/airflow/.local/lib/python3.8/site-packages/airflow/example_dags/example_latest_only.py for tasks to queue
[2023-09-16T13:56:32.928+0000] {logging_mixin.py:151} INFO - [2023-09-16T13:56:32.927+0000] {dagbag.py:539} INFO - Filling up the DagBag from /home/airflow/.local/lib/python3.8/site-packages/airflow/example_dags/example_latest_only.py
[2023-09-16T13:56:32.933+0000] {processor.py:839} INFO - DAG(s) dict_keys(['latest_only']) retrieved from /home/airflow/.local/lib/python3.8/site-packages/airflow/example_dags/example_latest_only.py
[2023-09-16T13:56:32.954+0000] {logging_mixin.py:151} INFO - [2023-09-16T13:56:32.954+0000] {dag.py:2915} INFO - Sync 1 DAGs
[2023-09-16T13:56:32.977+0000] {logging_mixin.py:151} INFO - [2023-09-16T13:56:32.977+0000] {dag.py:3696} INFO - Setting next_dagrun for latest_only to 2023-09-16T09:56:32.977098+00:00, run_after=2023-09-16T13:56:32.977098+00:00
[2023-09-16T13:56:32.995+0000] {processor.py:179} INFO - Processing /home/airflow/.local/lib/python3.8/site-packages/airflow/example_dags/example_latest_only.py took 0.074 seconds
[2023-09-16T13:57:03.639+0000] {processor.py:157} INFO - Started process (PID=867) to work on /home/airflow/.local/lib/python3.8/site-packages/airflow/example_dags/example_latest_only.py
[2023-09-16T13:57:03.640+0000] {processor.py:829} INFO - Processing file /home/airflow/.local/lib/python3.8/site-packages/airflow/example_dags/example_latest_only.py for tasks to queue
[2023-09-16T13:57:03.642+0000] {logging_mixin.py:151} INFO - [2023-09-16T13:57:03.642+0000] {dagbag.py:539} INFO - Filling up the DagBag from /home/airflow/.local/lib/python3.8/site-packages/airflow/example_dags/example_latest_only.py
[2023-09-16T13:57:03.647+0000] {processor.py:839} INFO - DAG(s) dict_keys(['latest_only']) retrieved from /home/airflow/.local/lib/python3.8/site-packages/airflow/example_dags/example_latest_only.py
[2023-09-16T13:57:03.667+0000] {logging_mixin.py:151} INFO - [2023-09-16T13:57:03.667+0000] {dag.py:2915} INFO - Sync 1 DAGs
[2023-09-16T13:57:03.687+0000] {logging_mixin.py:151} INFO - [2023-09-16T13:57:03.687+0000] {dag.py:3696} INFO - Setting next_dagrun for latest_only to 2023-09-16T09:57:03.687403+00:00, run_after=2023-09-16T13:57:03.687403+00:00
[2023-09-16T13:57:03.703+0000] {processor.py:179} INFO - Processing /home/airflow/.local/lib/python3.8/site-packages/airflow/example_dags/example_latest_only.py took 0.067 seconds
[2023-09-16T13:57:34.728+0000] {processor.py:157} INFO - Started process (PID=921) to work on /home/airflow/.local/lib/python3.8/site-packages/airflow/example_dags/example_latest_only.py
[2023-09-16T13:57:34.729+0000] {processor.py:829} INFO - Processing file /home/airflow/.local/lib/python3.8/site-packages/airflow/example_dags/example_latest_only.py for tasks to queue
[2023-09-16T13:57:34.731+0000] {logging_mixin.py:151} INFO - [2023-09-16T13:57:34.731+0000] {dagbag.py:539} INFO - Filling up the DagBag from /home/airflow/.local/lib/python3.8/site-packages/airflow/example_dags/example_latest_only.py
[2023-09-16T13:57:34.736+0000] {processor.py:839} INFO - DAG(s) dict_keys(['latest_only']) retrieved from /home/airflow/.local/lib/python3.8/site-packages/airflow/example_dags/example_latest_only.py
[2023-09-16T13:57:34.757+0000] {logging_mixin.py:151} INFO - [2023-09-16T13:57:34.756+0000] {dag.py:2915} INFO - Sync 1 DAGs
[2023-09-16T13:57:34.826+0000] {logging_mixin.py:151} INFO - [2023-09-16T13:57:34.826+0000] {dag.py:3696} INFO - Setting next_dagrun for latest_only to 2023-09-16T09:57:34.825727+00:00, run_after=2023-09-16T13:57:34.825727+00:00
[2023-09-16T13:57:34.842+0000] {processor.py:179} INFO - Processing /home/airflow/.local/lib/python3.8/site-packages/airflow/example_dags/example_latest_only.py took 0.117 seconds
[2023-09-16T13:58:04.956+0000] {processor.py:157} INFO - Started process (PID=974) to work on /home/airflow/.local/lib/python3.8/site-packages/airflow/example_dags/example_latest_only.py
[2023-09-16T13:58:04.957+0000] {processor.py:829} INFO - Processing file /home/airflow/.local/lib/python3.8/site-packages/airflow/example_dags/example_latest_only.py for tasks to queue
[2023-09-16T13:58:04.960+0000] {logging_mixin.py:151} INFO - [2023-09-16T13:58:04.959+0000] {dagbag.py:539} INFO - Filling up the DagBag from /home/airflow/.local/lib/python3.8/site-packages/airflow/example_dags/example_latest_only.py
[2023-09-16T13:58:04.964+0000] {processor.py:839} INFO - DAG(s) dict_keys(['latest_only']) retrieved from /home/airflow/.local/lib/python3.8/site-packages/airflow/example_dags/example_latest_only.py
[2023-09-16T13:58:04.984+0000] {logging_mixin.py:151} INFO - [2023-09-16T13:58:04.984+0000] {dag.py:2915} INFO - Sync 1 DAGs
[2023-09-16T13:58:05.005+0000] {logging_mixin.py:151} INFO - [2023-09-16T13:58:05.004+0000] {dag.py:3696} INFO - Setting next_dagrun for latest_only to 2023-09-16T09:58:05.004603+00:00, run_after=2023-09-16T13:58:05.004603+00:00
[2023-09-16T13:58:05.022+0000] {processor.py:179} INFO - Processing /home/airflow/.local/lib/python3.8/site-packages/airflow/example_dags/example_latest_only.py took 0.070 seconds
[2023-09-16T13:58:35.163+0000] {processor.py:157} INFO - Started process (PID=1028) to work on /home/airflow/.local/lib/python3.8/site-packages/airflow/example_dags/example_latest_only.py
[2023-09-16T13:58:35.164+0000] {processor.py:829} INFO - Processing file /home/airflow/.local/lib/python3.8/site-packages/airflow/example_dags/example_latest_only.py for tasks to queue
[2023-09-16T13:58:35.166+0000] {logging_mixin.py:151} INFO - [2023-09-16T13:58:35.166+0000] {dagbag.py:539} INFO - Filling up the DagBag from /home/airflow/.local/lib/python3.8/site-packages/airflow/example_dags/example_latest_only.py
[2023-09-16T13:58:35.171+0000] {processor.py:839} INFO - DAG(s) dict_keys(['latest_only']) retrieved from /home/airflow/.local/lib/python3.8/site-packages/airflow/example_dags/example_latest_only.py
[2023-09-16T13:58:35.192+0000] {logging_mixin.py:151} INFO - [2023-09-16T13:58:35.192+0000] {dag.py:2915} INFO - Sync 1 DAGs
[2023-09-16T13:58:35.213+0000] {logging_mixin.py:151} INFO - [2023-09-16T13:58:35.213+0000] {dag.py:3696} INFO - Setting next_dagrun for latest_only to 2023-09-16T09:58:35.212854+00:00, run_after=2023-09-16T13:58:35.212854+00:00
[2023-09-16T13:58:35.228+0000] {processor.py:179} INFO - Processing /home/airflow/.local/lib/python3.8/site-packages/airflow/example_dags/example_latest_only.py took 0.068 seconds
