[2023-09-16T13:50:30.745+0000] {processor.py:157} INFO - Started process (PID=169) to work on /home/airflow/.local/lib/python3.8/site-packages/airflow/example_dags/example_nested_branch_dag.py
[2023-09-16T13:50:30.746+0000] {processor.py:829} INFO - Processing file /home/airflow/.local/lib/python3.8/site-packages/airflow/example_dags/example_nested_branch_dag.py for tasks to queue
[2023-09-16T13:50:30.749+0000] {logging_mixin.py:151} INFO - [2023-09-16T13:50:30.748+0000] {dagbag.py:539} INFO - Filling up the DagBag from /home/airflow/.local/lib/python3.8/site-packages/airflow/example_dags/example_nested_branch_dag.py
[2023-09-16T13:50:30.763+0000] {processor.py:839} INFO - DAG(s) dict_keys(['example_nested_branch_dag']) retrieved from /home/airflow/.local/lib/python3.8/site-packages/airflow/example_dags/example_nested_branch_dag.py
[2023-09-16T13:50:30.792+0000] {logging_mixin.py:151} INFO - [2023-09-16T13:50:30.792+0000] {dag.py:2915} INFO - Sync 1 DAGs
[2023-09-16T13:50:30.818+0000] {logging_mixin.py:151} INFO - [2023-09-16T13:50:30.818+0000] {dag.py:3696} INFO - Setting next_dagrun for example_nested_branch_dag to 2023-09-15T00:00:00+00:00, run_after=2023-09-16T00:00:00+00:00
[2023-09-16T13:50:30.839+0000] {processor.py:179} INFO - Processing /home/airflow/.local/lib/python3.8/site-packages/airflow/example_dags/example_nested_branch_dag.py took 0.098 seconds
[2023-09-16T13:51:02.071+0000] {processor.py:157} INFO - Started process (PID=223) to work on /home/airflow/.local/lib/python3.8/site-packages/airflow/example_dags/example_nested_branch_dag.py
[2023-09-16T13:51:02.072+0000] {processor.py:829} INFO - Processing file /home/airflow/.local/lib/python3.8/site-packages/airflow/example_dags/example_nested_branch_dag.py for tasks to queue
[2023-09-16T13:51:02.074+0000] {logging_mixin.py:151} INFO - [2023-09-16T13:51:02.074+0000] {dagbag.py:539} INFO - Filling up the DagBag from /home/airflow/.local/lib/python3.8/site-packages/airflow/example_dags/example_nested_branch_dag.py
[2023-09-16T13:51:02.084+0000] {processor.py:839} INFO - DAG(s) dict_keys(['example_nested_branch_dag']) retrieved from /home/airflow/.local/lib/python3.8/site-packages/airflow/example_dags/example_nested_branch_dag.py
[2023-09-16T13:51:02.140+0000] {logging_mixin.py:151} INFO - [2023-09-16T13:51:02.140+0000] {dag.py:2915} INFO - Sync 1 DAGs
[2023-09-16T13:51:02.162+0000] {logging_mixin.py:151} INFO - [2023-09-16T13:51:02.162+0000] {dag.py:3696} INFO - Setting next_dagrun for example_nested_branch_dag to 2023-09-15T00:00:00+00:00, run_after=2023-09-16T00:00:00+00:00
[2023-09-16T13:51:02.177+0000] {processor.py:179} INFO - Processing /home/airflow/.local/lib/python3.8/site-packages/airflow/example_dags/example_nested_branch_dag.py took 0.109 seconds
[2023-09-16T13:51:32.477+0000] {processor.py:157} INFO - Started process (PID=277) to work on /home/airflow/.local/lib/python3.8/site-packages/airflow/example_dags/example_nested_branch_dag.py
[2023-09-16T13:51:32.478+0000] {processor.py:829} INFO - Processing file /home/airflow/.local/lib/python3.8/site-packages/airflow/example_dags/example_nested_branch_dag.py for tasks to queue
[2023-09-16T13:51:32.480+0000] {logging_mixin.py:151} INFO - [2023-09-16T13:51:32.480+0000] {dagbag.py:539} INFO - Filling up the DagBag from /home/airflow/.local/lib/python3.8/site-packages/airflow/example_dags/example_nested_branch_dag.py
[2023-09-16T13:51:32.490+0000] {processor.py:839} INFO - DAG(s) dict_keys(['example_nested_branch_dag']) retrieved from /home/airflow/.local/lib/python3.8/site-packages/airflow/example_dags/example_nested_branch_dag.py
[2023-09-16T13:51:32.513+0000] {logging_mixin.py:151} INFO - [2023-09-16T13:51:32.512+0000] {dag.py:2915} INFO - Sync 1 DAGs
[2023-09-16T13:51:32.537+0000] {logging_mixin.py:151} INFO - [2023-09-16T13:51:32.536+0000] {dag.py:3696} INFO - Setting next_dagrun for example_nested_branch_dag to 2023-09-15T00:00:00+00:00, run_after=2023-09-16T00:00:00+00:00
[2023-09-16T13:51:32.552+0000] {processor.py:179} INFO - Processing /home/airflow/.local/lib/python3.8/site-packages/airflow/example_dags/example_nested_branch_dag.py took 0.078 seconds
[2023-09-16T13:52:03.778+0000] {processor.py:157} INFO - Started process (PID=331) to work on /home/airflow/.local/lib/python3.8/site-packages/airflow/example_dags/example_nested_branch_dag.py
[2023-09-16T13:52:03.779+0000] {processor.py:829} INFO - Processing file /home/airflow/.local/lib/python3.8/site-packages/airflow/example_dags/example_nested_branch_dag.py for tasks to queue
[2023-09-16T13:52:03.781+0000] {logging_mixin.py:151} INFO - [2023-09-16T13:52:03.781+0000] {dagbag.py:539} INFO - Filling up the DagBag from /home/airflow/.local/lib/python3.8/site-packages/airflow/example_dags/example_nested_branch_dag.py
[2023-09-16T13:52:03.791+0000] {processor.py:839} INFO - DAG(s) dict_keys(['example_nested_branch_dag']) retrieved from /home/airflow/.local/lib/python3.8/site-packages/airflow/example_dags/example_nested_branch_dag.py
[2023-09-16T13:52:03.814+0000] {logging_mixin.py:151} INFO - [2023-09-16T13:52:03.813+0000] {dag.py:2915} INFO - Sync 1 DAGs
[2023-09-16T13:52:03.837+0000] {logging_mixin.py:151} INFO - [2023-09-16T13:52:03.837+0000] {dag.py:3696} INFO - Setting next_dagrun for example_nested_branch_dag to 2023-09-15T00:00:00+00:00, run_after=2023-09-16T00:00:00+00:00
[2023-09-16T13:52:03.861+0000] {processor.py:179} INFO - Processing /home/airflow/.local/lib/python3.8/site-packages/airflow/example_dags/example_nested_branch_dag.py took 0.086 seconds
[2023-09-16T13:52:34.178+0000] {processor.py:157} INFO - Started process (PID=385) to work on /home/airflow/.local/lib/python3.8/site-packages/airflow/example_dags/example_nested_branch_dag.py
[2023-09-16T13:52:34.179+0000] {processor.py:829} INFO - Processing file /home/airflow/.local/lib/python3.8/site-packages/airflow/example_dags/example_nested_branch_dag.py for tasks to queue
[2023-09-16T13:52:34.181+0000] {logging_mixin.py:151} INFO - [2023-09-16T13:52:34.181+0000] {dagbag.py:539} INFO - Filling up the DagBag from /home/airflow/.local/lib/python3.8/site-packages/airflow/example_dags/example_nested_branch_dag.py
[2023-09-16T13:52:34.191+0000] {processor.py:839} INFO - DAG(s) dict_keys(['example_nested_branch_dag']) retrieved from /home/airflow/.local/lib/python3.8/site-packages/airflow/example_dags/example_nested_branch_dag.py
[2023-09-16T13:52:34.212+0000] {logging_mixin.py:151} INFO - [2023-09-16T13:52:34.212+0000] {dag.py:2915} INFO - Sync 1 DAGs
[2023-09-16T13:52:34.234+0000] {logging_mixin.py:151} INFO - [2023-09-16T13:52:34.234+0000] {dag.py:3696} INFO - Setting next_dagrun for example_nested_branch_dag to 2023-09-15T00:00:00+00:00, run_after=2023-09-16T00:00:00+00:00
[2023-09-16T13:52:34.250+0000] {processor.py:179} INFO - Processing /home/airflow/.local/lib/python3.8/site-packages/airflow/example_dags/example_nested_branch_dag.py took 0.076 seconds
[2023-09-16T13:53:05.451+0000] {processor.py:157} INFO - Started process (PID=439) to work on /home/airflow/.local/lib/python3.8/site-packages/airflow/example_dags/example_nested_branch_dag.py
[2023-09-16T13:53:05.453+0000] {processor.py:829} INFO - Processing file /home/airflow/.local/lib/python3.8/site-packages/airflow/example_dags/example_nested_branch_dag.py for tasks to queue
[2023-09-16T13:53:05.455+0000] {logging_mixin.py:151} INFO - [2023-09-16T13:53:05.454+0000] {dagbag.py:539} INFO - Filling up the DagBag from /home/airflow/.local/lib/python3.8/site-packages/airflow/example_dags/example_nested_branch_dag.py
[2023-09-16T13:53:05.464+0000] {processor.py:839} INFO - DAG(s) dict_keys(['example_nested_branch_dag']) retrieved from /home/airflow/.local/lib/python3.8/site-packages/airflow/example_dags/example_nested_branch_dag.py
[2023-09-16T13:53:05.487+0000] {logging_mixin.py:151} INFO - [2023-09-16T13:53:05.486+0000] {dag.py:2915} INFO - Sync 1 DAGs
[2023-09-16T13:53:05.510+0000] {logging_mixin.py:151} INFO - [2023-09-16T13:53:05.510+0000] {dag.py:3696} INFO - Setting next_dagrun for example_nested_branch_dag to 2023-09-15T00:00:00+00:00, run_after=2023-09-16T00:00:00+00:00
[2023-09-16T13:53:05.529+0000] {processor.py:179} INFO - Processing /home/airflow/.local/lib/python3.8/site-packages/airflow/example_dags/example_nested_branch_dag.py took 0.081 seconds
[2023-09-16T13:53:36.751+0000] {processor.py:157} INFO - Started process (PID=493) to work on /home/airflow/.local/lib/python3.8/site-packages/airflow/example_dags/example_nested_branch_dag.py
[2023-09-16T13:53:36.752+0000] {processor.py:829} INFO - Processing file /home/airflow/.local/lib/python3.8/site-packages/airflow/example_dags/example_nested_branch_dag.py for tasks to queue
[2023-09-16T13:53:36.754+0000] {logging_mixin.py:151} INFO - [2023-09-16T13:53:36.754+0000] {dagbag.py:539} INFO - Filling up the DagBag from /home/airflow/.local/lib/python3.8/site-packages/airflow/example_dags/example_nested_branch_dag.py
[2023-09-16T13:53:36.764+0000] {processor.py:839} INFO - DAG(s) dict_keys(['example_nested_branch_dag']) retrieved from /home/airflow/.local/lib/python3.8/site-packages/airflow/example_dags/example_nested_branch_dag.py
[2023-09-16T13:53:36.790+0000] {logging_mixin.py:151} INFO - [2023-09-16T13:53:36.790+0000] {dag.py:2915} INFO - Sync 1 DAGs
[2023-09-16T13:53:36.814+0000] {logging_mixin.py:151} INFO - [2023-09-16T13:53:36.814+0000] {dag.py:3696} INFO - Setting next_dagrun for example_nested_branch_dag to 2023-09-15T00:00:00+00:00, run_after=2023-09-16T00:00:00+00:00
[2023-09-16T13:53:36.840+0000] {processor.py:179} INFO - Processing /home/airflow/.local/lib/python3.8/site-packages/airflow/example_dags/example_nested_branch_dag.py took 0.093 seconds
[2023-09-16T13:54:07.966+0000] {processor.py:157} INFO - Started process (PID=547) to work on /home/airflow/.local/lib/python3.8/site-packages/airflow/example_dags/example_nested_branch_dag.py
[2023-09-16T13:54:07.967+0000] {processor.py:829} INFO - Processing file /home/airflow/.local/lib/python3.8/site-packages/airflow/example_dags/example_nested_branch_dag.py for tasks to queue
[2023-09-16T13:54:07.969+0000] {logging_mixin.py:151} INFO - [2023-09-16T13:54:07.968+0000] {dagbag.py:539} INFO - Filling up the DagBag from /home/airflow/.local/lib/python3.8/site-packages/airflow/example_dags/example_nested_branch_dag.py
[2023-09-16T13:54:07.978+0000] {processor.py:839} INFO - DAG(s) dict_keys(['example_nested_branch_dag']) retrieved from /home/airflow/.local/lib/python3.8/site-packages/airflow/example_dags/example_nested_branch_dag.py
[2023-09-16T13:54:08.001+0000] {logging_mixin.py:151} INFO - [2023-09-16T13:54:08.001+0000] {dag.py:2915} INFO - Sync 1 DAGs
[2023-09-16T13:54:08.025+0000] {logging_mixin.py:151} INFO - [2023-09-16T13:54:08.025+0000] {dag.py:3696} INFO - Setting next_dagrun for example_nested_branch_dag to 2023-09-15T00:00:00+00:00, run_after=2023-09-16T00:00:00+00:00
[2023-09-16T13:54:08.040+0000] {processor.py:179} INFO - Processing /home/airflow/.local/lib/python3.8/site-packages/airflow/example_dags/example_nested_branch_dag.py took 0.077 seconds
[2023-09-16T13:54:39.146+0000] {processor.py:157} INFO - Started process (PID=608) to work on /home/airflow/.local/lib/python3.8/site-packages/airflow/example_dags/example_nested_branch_dag.py
[2023-09-16T13:54:39.147+0000] {processor.py:829} INFO - Processing file /home/airflow/.local/lib/python3.8/site-packages/airflow/example_dags/example_nested_branch_dag.py for tasks to queue
[2023-09-16T13:54:39.149+0000] {logging_mixin.py:151} INFO - [2023-09-16T13:54:39.149+0000] {dagbag.py:539} INFO - Filling up the DagBag from /home/airflow/.local/lib/python3.8/site-packages/airflow/example_dags/example_nested_branch_dag.py
[2023-09-16T13:54:39.158+0000] {processor.py:839} INFO - DAG(s) dict_keys(['example_nested_branch_dag']) retrieved from /home/airflow/.local/lib/python3.8/site-packages/airflow/example_dags/example_nested_branch_dag.py
[2023-09-16T13:54:39.178+0000] {logging_mixin.py:151} INFO - [2023-09-16T13:54:39.178+0000] {dag.py:2915} INFO - Sync 1 DAGs
[2023-09-16T13:54:39.198+0000] {logging_mixin.py:151} INFO - [2023-09-16T13:54:39.198+0000] {dag.py:3696} INFO - Setting next_dagrun for example_nested_branch_dag to 2023-09-15T00:00:00+00:00, run_after=2023-09-16T00:00:00+00:00
[2023-09-16T13:54:39.213+0000] {processor.py:179} INFO - Processing /home/airflow/.local/lib/python3.8/site-packages/airflow/example_dags/example_nested_branch_dag.py took 0.070 seconds
[2023-09-16T13:55:09.732+0000] {processor.py:157} INFO - Started process (PID=662) to work on /home/airflow/.local/lib/python3.8/site-packages/airflow/example_dags/example_nested_branch_dag.py
[2023-09-16T13:55:09.733+0000] {processor.py:829} INFO - Processing file /home/airflow/.local/lib/python3.8/site-packages/airflow/example_dags/example_nested_branch_dag.py for tasks to queue
[2023-09-16T13:55:09.735+0000] {logging_mixin.py:151} INFO - [2023-09-16T13:55:09.734+0000] {dagbag.py:539} INFO - Filling up the DagBag from /home/airflow/.local/lib/python3.8/site-packages/airflow/example_dags/example_nested_branch_dag.py
[2023-09-16T13:55:09.744+0000] {processor.py:839} INFO - DAG(s) dict_keys(['example_nested_branch_dag']) retrieved from /home/airflow/.local/lib/python3.8/site-packages/airflow/example_dags/example_nested_branch_dag.py
[2023-09-16T13:55:09.765+0000] {logging_mixin.py:151} INFO - [2023-09-16T13:55:09.765+0000] {dag.py:2915} INFO - Sync 1 DAGs
[2023-09-16T13:55:09.786+0000] {logging_mixin.py:151} INFO - [2023-09-16T13:55:09.786+0000] {dag.py:3696} INFO - Setting next_dagrun for example_nested_branch_dag to 2023-09-15T00:00:00+00:00, run_after=2023-09-16T00:00:00+00:00
[2023-09-16T13:55:09.803+0000] {processor.py:179} INFO - Processing /home/airflow/.local/lib/python3.8/site-packages/airflow/example_dags/example_nested_branch_dag.py took 0.075 seconds
[2023-09-16T13:55:40.442+0000] {processor.py:157} INFO - Started process (PID=716) to work on /home/airflow/.local/lib/python3.8/site-packages/airflow/example_dags/example_nested_branch_dag.py
[2023-09-16T13:55:40.443+0000] {processor.py:829} INFO - Processing file /home/airflow/.local/lib/python3.8/site-packages/airflow/example_dags/example_nested_branch_dag.py for tasks to queue
[2023-09-16T13:55:40.445+0000] {logging_mixin.py:151} INFO - [2023-09-16T13:55:40.445+0000] {dagbag.py:539} INFO - Filling up the DagBag from /home/airflow/.local/lib/python3.8/site-packages/airflow/example_dags/example_nested_branch_dag.py
[2023-09-16T13:55:40.456+0000] {processor.py:839} INFO - DAG(s) dict_keys(['example_nested_branch_dag']) retrieved from /home/airflow/.local/lib/python3.8/site-packages/airflow/example_dags/example_nested_branch_dag.py
[2023-09-16T13:55:40.483+0000] {logging_mixin.py:151} INFO - [2023-09-16T13:55:40.483+0000] {dag.py:2915} INFO - Sync 1 DAGs
[2023-09-16T13:55:40.512+0000] {logging_mixin.py:151} INFO - [2023-09-16T13:55:40.512+0000] {dag.py:3696} INFO - Setting next_dagrun for example_nested_branch_dag to 2023-09-15T00:00:00+00:00, run_after=2023-09-16T00:00:00+00:00
[2023-09-16T13:55:40.533+0000] {processor.py:179} INFO - Processing /home/airflow/.local/lib/python3.8/site-packages/airflow/example_dags/example_nested_branch_dag.py took 0.096 seconds
[2023-09-16T13:56:11.644+0000] {processor.py:157} INFO - Started process (PID=770) to work on /home/airflow/.local/lib/python3.8/site-packages/airflow/example_dags/example_nested_branch_dag.py
[2023-09-16T13:56:11.645+0000] {processor.py:829} INFO - Processing file /home/airflow/.local/lib/python3.8/site-packages/airflow/example_dags/example_nested_branch_dag.py for tasks to queue
[2023-09-16T13:56:11.647+0000] {logging_mixin.py:151} INFO - [2023-09-16T13:56:11.647+0000] {dagbag.py:539} INFO - Filling up the DagBag from /home/airflow/.local/lib/python3.8/site-packages/airflow/example_dags/example_nested_branch_dag.py
[2023-09-16T13:56:11.656+0000] {processor.py:839} INFO - DAG(s) dict_keys(['example_nested_branch_dag']) retrieved from /home/airflow/.local/lib/python3.8/site-packages/airflow/example_dags/example_nested_branch_dag.py
[2023-09-16T13:56:11.677+0000] {logging_mixin.py:151} INFO - [2023-09-16T13:56:11.677+0000] {dag.py:2915} INFO - Sync 1 DAGs
[2023-09-16T13:56:11.698+0000] {logging_mixin.py:151} INFO - [2023-09-16T13:56:11.698+0000] {dag.py:3696} INFO - Setting next_dagrun for example_nested_branch_dag to 2023-09-15T00:00:00+00:00, run_after=2023-09-16T00:00:00+00:00
[2023-09-16T13:56:11.713+0000] {processor.py:179} INFO - Processing /home/airflow/.local/lib/python3.8/site-packages/airflow/example_dags/example_nested_branch_dag.py took 0.072 seconds
[2023-09-16T13:56:42.436+0000] {processor.py:157} INFO - Started process (PID=824) to work on /home/airflow/.local/lib/python3.8/site-packages/airflow/example_dags/example_nested_branch_dag.py
[2023-09-16T13:56:42.437+0000] {processor.py:829} INFO - Processing file /home/airflow/.local/lib/python3.8/site-packages/airflow/example_dags/example_nested_branch_dag.py for tasks to queue
[2023-09-16T13:56:42.440+0000] {logging_mixin.py:151} INFO - [2023-09-16T13:56:42.439+0000] {dagbag.py:539} INFO - Filling up the DagBag from /home/airflow/.local/lib/python3.8/site-packages/airflow/example_dags/example_nested_branch_dag.py
[2023-09-16T13:56:42.449+0000] {processor.py:839} INFO - DAG(s) dict_keys(['example_nested_branch_dag']) retrieved from /home/airflow/.local/lib/python3.8/site-packages/airflow/example_dags/example_nested_branch_dag.py
[2023-09-16T13:56:42.470+0000] {logging_mixin.py:151} INFO - [2023-09-16T13:56:42.470+0000] {dag.py:2915} INFO - Sync 1 DAGs
[2023-09-16T13:56:42.489+0000] {logging_mixin.py:151} INFO - [2023-09-16T13:56:42.489+0000] {dag.py:3696} INFO - Setting next_dagrun for example_nested_branch_dag to 2023-09-15T00:00:00+00:00, run_after=2023-09-16T00:00:00+00:00
[2023-09-16T13:56:42.505+0000] {processor.py:179} INFO - Processing /home/airflow/.local/lib/python3.8/site-packages/airflow/example_dags/example_nested_branch_dag.py took 0.072 seconds
[2023-09-16T13:57:13.110+0000] {processor.py:157} INFO - Started process (PID=878) to work on /home/airflow/.local/lib/python3.8/site-packages/airflow/example_dags/example_nested_branch_dag.py
[2023-09-16T13:57:13.111+0000] {processor.py:829} INFO - Processing file /home/airflow/.local/lib/python3.8/site-packages/airflow/example_dags/example_nested_branch_dag.py for tasks to queue
[2023-09-16T13:57:13.113+0000] {logging_mixin.py:151} INFO - [2023-09-16T13:57:13.112+0000] {dagbag.py:539} INFO - Filling up the DagBag from /home/airflow/.local/lib/python3.8/site-packages/airflow/example_dags/example_nested_branch_dag.py
[2023-09-16T13:57:13.121+0000] {processor.py:839} INFO - DAG(s) dict_keys(['example_nested_branch_dag']) retrieved from /home/airflow/.local/lib/python3.8/site-packages/airflow/example_dags/example_nested_branch_dag.py
[2023-09-16T13:57:13.145+0000] {logging_mixin.py:151} INFO - [2023-09-16T13:57:13.145+0000] {dag.py:2915} INFO - Sync 1 DAGs
[2023-09-16T13:57:13.169+0000] {logging_mixin.py:151} INFO - [2023-09-16T13:57:13.168+0000] {dag.py:3696} INFO - Setting next_dagrun for example_nested_branch_dag to 2023-09-15T00:00:00+00:00, run_after=2023-09-16T00:00:00+00:00
[2023-09-16T13:57:13.184+0000] {processor.py:179} INFO - Processing /home/airflow/.local/lib/python3.8/site-packages/airflow/example_dags/example_nested_branch_dag.py took 0.077 seconds
[2023-09-16T13:57:44.288+0000] {processor.py:157} INFO - Started process (PID=932) to work on /home/airflow/.local/lib/python3.8/site-packages/airflow/example_dags/example_nested_branch_dag.py
[2023-09-16T13:57:44.289+0000] {processor.py:829} INFO - Processing file /home/airflow/.local/lib/python3.8/site-packages/airflow/example_dags/example_nested_branch_dag.py for tasks to queue
[2023-09-16T13:57:44.291+0000] {logging_mixin.py:151} INFO - [2023-09-16T13:57:44.290+0000] {dagbag.py:539} INFO - Filling up the DagBag from /home/airflow/.local/lib/python3.8/site-packages/airflow/example_dags/example_nested_branch_dag.py
[2023-09-16T13:57:44.299+0000] {processor.py:839} INFO - DAG(s) dict_keys(['example_nested_branch_dag']) retrieved from /home/airflow/.local/lib/python3.8/site-packages/airflow/example_dags/example_nested_branch_dag.py
[2023-09-16T13:57:44.320+0000] {logging_mixin.py:151} INFO - [2023-09-16T13:57:44.320+0000] {dag.py:2915} INFO - Sync 1 DAGs
[2023-09-16T13:57:44.340+0000] {logging_mixin.py:151} INFO - [2023-09-16T13:57:44.340+0000] {dag.py:3696} INFO - Setting next_dagrun for example_nested_branch_dag to 2023-09-15T00:00:00+00:00, run_after=2023-09-16T00:00:00+00:00
[2023-09-16T13:57:44.355+0000] {processor.py:179} INFO - Processing /home/airflow/.local/lib/python3.8/site-packages/airflow/example_dags/example_nested_branch_dag.py took 0.070 seconds
[2023-09-16T13:58:15.541+0000] {processor.py:157} INFO - Started process (PID=986) to work on /home/airflow/.local/lib/python3.8/site-packages/airflow/example_dags/example_nested_branch_dag.py
[2023-09-16T13:58:15.542+0000] {processor.py:829} INFO - Processing file /home/airflow/.local/lib/python3.8/site-packages/airflow/example_dags/example_nested_branch_dag.py for tasks to queue
[2023-09-16T13:58:15.544+0000] {logging_mixin.py:151} INFO - [2023-09-16T13:58:15.544+0000] {dagbag.py:539} INFO - Filling up the DagBag from /home/airflow/.local/lib/python3.8/site-packages/airflow/example_dags/example_nested_branch_dag.py
[2023-09-16T13:58:15.553+0000] {processor.py:839} INFO - DAG(s) dict_keys(['example_nested_branch_dag']) retrieved from /home/airflow/.local/lib/python3.8/site-packages/airflow/example_dags/example_nested_branch_dag.py
[2023-09-16T13:58:15.576+0000] {logging_mixin.py:151} INFO - [2023-09-16T13:58:15.576+0000] {dag.py:2915} INFO - Sync 1 DAGs
[2023-09-16T13:58:15.597+0000] {logging_mixin.py:151} INFO - [2023-09-16T13:58:15.597+0000] {dag.py:3696} INFO - Setting next_dagrun for example_nested_branch_dag to 2023-09-15T00:00:00+00:00, run_after=2023-09-16T00:00:00+00:00
[2023-09-16T13:58:15.613+0000] {processor.py:179} INFO - Processing /home/airflow/.local/lib/python3.8/site-packages/airflow/example_dags/example_nested_branch_dag.py took 0.076 seconds
