[2023-09-16T13:50:28.047+0000] {processor.py:157} INFO - Started process (PID=165) to work on /home/airflow/.local/lib/python3.8/site-packages/airflow/example_dags/example_kubernetes_executor.py
[2023-09-16T13:50:28.048+0000] {processor.py:829} INFO - Processing file /home/airflow/.local/lib/python3.8/site-packages/airflow/example_dags/example_kubernetes_executor.py for tasks to queue
[2023-09-16T13:50:28.050+0000] {logging_mixin.py:151} INFO - [2023-09-16T13:50:28.050+0000] {dagbag.py:539} INFO - Filling up the DagBag from /home/airflow/.local/lib/python3.8/site-packages/airflow/example_dags/example_kubernetes_executor.py
[2023-09-16T13:50:30.604+0000] {processor.py:839} INFO - DAG(s) dict_keys(['example_kubernetes_executor']) retrieved from /home/airflow/.local/lib/python3.8/site-packages/airflow/example_dags/example_kubernetes_executor.py
[2023-09-16T13:50:30.663+0000] {logging_mixin.py:151} INFO - [2023-09-16T13:50:30.663+0000] {dag.py:2915} INFO - Sync 1 DAGs
[2023-09-16T13:50:30.679+0000] {logging_mixin.py:151} INFO - [2023-09-16T13:50:30.678+0000] {dag.py:3696} INFO - Setting next_dagrun for example_kubernetes_executor to None, run_after=None
[2023-09-16T13:50:30.699+0000] {processor.py:179} INFO - Processing /home/airflow/.local/lib/python3.8/site-packages/airflow/example_dags/example_kubernetes_executor.py took 2.656 seconds
[2023-09-16T13:51:01.667+0000] {processor.py:157} INFO - Started process (PID=221) to work on /home/airflow/.local/lib/python3.8/site-packages/airflow/example_dags/example_kubernetes_executor.py
[2023-09-16T13:51:01.668+0000] {processor.py:829} INFO - Processing file /home/airflow/.local/lib/python3.8/site-packages/airflow/example_dags/example_kubernetes_executor.py for tasks to queue
[2023-09-16T13:51:01.670+0000] {logging_mixin.py:151} INFO - [2023-09-16T13:51:01.670+0000] {dagbag.py:539} INFO - Filling up the DagBag from /home/airflow/.local/lib/python3.8/site-packages/airflow/example_dags/example_kubernetes_executor.py
[2023-09-16T13:51:01.933+0000] {processor.py:839} INFO - DAG(s) dict_keys(['example_kubernetes_executor']) retrieved from /home/airflow/.local/lib/python3.8/site-packages/airflow/example_dags/example_kubernetes_executor.py
[2023-09-16T13:51:01.971+0000] {logging_mixin.py:151} INFO - [2023-09-16T13:51:01.970+0000] {dag.py:2915} INFO - Sync 1 DAGs
[2023-09-16T13:51:01.985+0000] {logging_mixin.py:151} INFO - [2023-09-16T13:51:01.985+0000] {dag.py:3696} INFO - Setting next_dagrun for example_kubernetes_executor to None, run_after=None
[2023-09-16T13:51:02.041+0000] {processor.py:179} INFO - Processing /home/airflow/.local/lib/python3.8/site-packages/airflow/example_dags/example_kubernetes_executor.py took 0.377 seconds
[2023-09-16T13:51:32.121+0000] {processor.py:157} INFO - Started process (PID=275) to work on /home/airflow/.local/lib/python3.8/site-packages/airflow/example_dags/example_kubernetes_executor.py
[2023-09-16T13:51:32.122+0000] {processor.py:829} INFO - Processing file /home/airflow/.local/lib/python3.8/site-packages/airflow/example_dags/example_kubernetes_executor.py for tasks to queue
[2023-09-16T13:51:32.124+0000] {logging_mixin.py:151} INFO - [2023-09-16T13:51:32.124+0000] {dagbag.py:539} INFO - Filling up the DagBag from /home/airflow/.local/lib/python3.8/site-packages/airflow/example_dags/example_kubernetes_executor.py
[2023-09-16T13:51:32.383+0000] {processor.py:839} INFO - DAG(s) dict_keys(['example_kubernetes_executor']) retrieved from /home/airflow/.local/lib/python3.8/site-packages/airflow/example_dags/example_kubernetes_executor.py
[2023-09-16T13:51:32.417+0000] {logging_mixin.py:151} INFO - [2023-09-16T13:51:32.416+0000] {dag.py:2915} INFO - Sync 1 DAGs
[2023-09-16T13:51:32.428+0000] {logging_mixin.py:151} INFO - [2023-09-16T13:51:32.428+0000] {dag.py:3696} INFO - Setting next_dagrun for example_kubernetes_executor to None, run_after=None
[2023-09-16T13:51:32.445+0000] {processor.py:179} INFO - Processing /home/airflow/.local/lib/python3.8/site-packages/airflow/example_dags/example_kubernetes_executor.py took 0.327 seconds
[2023-09-16T13:52:03.376+0000] {processor.py:157} INFO - Started process (PID=329) to work on /home/airflow/.local/lib/python3.8/site-packages/airflow/example_dags/example_kubernetes_executor.py
[2023-09-16T13:52:03.377+0000] {processor.py:829} INFO - Processing file /home/airflow/.local/lib/python3.8/site-packages/airflow/example_dags/example_kubernetes_executor.py for tasks to queue
[2023-09-16T13:52:03.379+0000] {logging_mixin.py:151} INFO - [2023-09-16T13:52:03.378+0000] {dagbag.py:539} INFO - Filling up the DagBag from /home/airflow/.local/lib/python3.8/site-packages/airflow/example_dags/example_kubernetes_executor.py
[2023-09-16T13:52:03.671+0000] {processor.py:839} INFO - DAG(s) dict_keys(['example_kubernetes_executor']) retrieved from /home/airflow/.local/lib/python3.8/site-packages/airflow/example_dags/example_kubernetes_executor.py
[2023-09-16T13:52:03.710+0000] {logging_mixin.py:151} INFO - [2023-09-16T13:52:03.709+0000] {dag.py:2915} INFO - Sync 1 DAGs
[2023-09-16T13:52:03.721+0000] {logging_mixin.py:151} INFO - [2023-09-16T13:52:03.720+0000] {dag.py:3696} INFO - Setting next_dagrun for example_kubernetes_executor to None, run_after=None
[2023-09-16T13:52:03.741+0000] {processor.py:179} INFO - Processing /home/airflow/.local/lib/python3.8/site-packages/airflow/example_dags/example_kubernetes_executor.py took 0.369 seconds
[2023-09-16T13:52:33.809+0000] {processor.py:157} INFO - Started process (PID=383) to work on /home/airflow/.local/lib/python3.8/site-packages/airflow/example_dags/example_kubernetes_executor.py
[2023-09-16T13:52:33.810+0000] {processor.py:829} INFO - Processing file /home/airflow/.local/lib/python3.8/site-packages/airflow/example_dags/example_kubernetes_executor.py for tasks to queue
[2023-09-16T13:52:33.812+0000] {logging_mixin.py:151} INFO - [2023-09-16T13:52:33.812+0000] {dagbag.py:539} INFO - Filling up the DagBag from /home/airflow/.local/lib/python3.8/site-packages/airflow/example_dags/example_kubernetes_executor.py
[2023-09-16T13:52:34.080+0000] {processor.py:839} INFO - DAG(s) dict_keys(['example_kubernetes_executor']) retrieved from /home/airflow/.local/lib/python3.8/site-packages/airflow/example_dags/example_kubernetes_executor.py
[2023-09-16T13:52:34.116+0000] {logging_mixin.py:151} INFO - [2023-09-16T13:52:34.115+0000] {dag.py:2915} INFO - Sync 1 DAGs
[2023-09-16T13:52:34.134+0000] {logging_mixin.py:151} INFO - [2023-09-16T13:52:34.133+0000] {dag.py:3696} INFO - Setting next_dagrun for example_kubernetes_executor to None, run_after=None
[2023-09-16T13:52:34.153+0000] {processor.py:179} INFO - Processing /home/airflow/.local/lib/python3.8/site-packages/airflow/example_dags/example_kubernetes_executor.py took 0.347 seconds
[2023-09-16T13:53:05.089+0000] {processor.py:157} INFO - Started process (PID=437) to work on /home/airflow/.local/lib/python3.8/site-packages/airflow/example_dags/example_kubernetes_executor.py
[2023-09-16T13:53:05.090+0000] {processor.py:829} INFO - Processing file /home/airflow/.local/lib/python3.8/site-packages/airflow/example_dags/example_kubernetes_executor.py for tasks to queue
[2023-09-16T13:53:05.092+0000] {logging_mixin.py:151} INFO - [2023-09-16T13:53:05.092+0000] {dagbag.py:539} INFO - Filling up the DagBag from /home/airflow/.local/lib/python3.8/site-packages/airflow/example_dags/example_kubernetes_executor.py
[2023-09-16T13:53:05.352+0000] {processor.py:839} INFO - DAG(s) dict_keys(['example_kubernetes_executor']) retrieved from /home/airflow/.local/lib/python3.8/site-packages/airflow/example_dags/example_kubernetes_executor.py
[2023-09-16T13:53:05.386+0000] {logging_mixin.py:151} INFO - [2023-09-16T13:53:05.385+0000] {dag.py:2915} INFO - Sync 1 DAGs
[2023-09-16T13:53:05.397+0000] {logging_mixin.py:151} INFO - [2023-09-16T13:53:05.396+0000] {dag.py:3696} INFO - Setting next_dagrun for example_kubernetes_executor to None, run_after=None
[2023-09-16T13:53:05.413+0000] {processor.py:179} INFO - Processing /home/airflow/.local/lib/python3.8/site-packages/airflow/example_dags/example_kubernetes_executor.py took 0.328 seconds
[2023-09-16T13:53:36.358+0000] {processor.py:157} INFO - Started process (PID=491) to work on /home/airflow/.local/lib/python3.8/site-packages/airflow/example_dags/example_kubernetes_executor.py
[2023-09-16T13:53:36.359+0000] {processor.py:829} INFO - Processing file /home/airflow/.local/lib/python3.8/site-packages/airflow/example_dags/example_kubernetes_executor.py for tasks to queue
[2023-09-16T13:53:36.361+0000] {logging_mixin.py:151} INFO - [2023-09-16T13:53:36.361+0000] {dagbag.py:539} INFO - Filling up the DagBag from /home/airflow/.local/lib/python3.8/site-packages/airflow/example_dags/example_kubernetes_executor.py
[2023-09-16T13:53:36.638+0000] {processor.py:839} INFO - DAG(s) dict_keys(['example_kubernetes_executor']) retrieved from /home/airflow/.local/lib/python3.8/site-packages/airflow/example_dags/example_kubernetes_executor.py
[2023-09-16T13:53:36.674+0000] {logging_mixin.py:151} INFO - [2023-09-16T13:53:36.674+0000] {dag.py:2915} INFO - Sync 1 DAGs
[2023-09-16T13:53:36.688+0000] {logging_mixin.py:151} INFO - [2023-09-16T13:53:36.687+0000] {dag.py:3696} INFO - Setting next_dagrun for example_kubernetes_executor to None, run_after=None
[2023-09-16T13:53:36.707+0000] {processor.py:179} INFO - Processing /home/airflow/.local/lib/python3.8/site-packages/airflow/example_dags/example_kubernetes_executor.py took 0.352 seconds
[2023-09-16T13:54:07.579+0000] {processor.py:157} INFO - Started process (PID=545) to work on /home/airflow/.local/lib/python3.8/site-packages/airflow/example_dags/example_kubernetes_executor.py
[2023-09-16T13:54:07.580+0000] {processor.py:829} INFO - Processing file /home/airflow/.local/lib/python3.8/site-packages/airflow/example_dags/example_kubernetes_executor.py for tasks to queue
[2023-09-16T13:54:07.582+0000] {logging_mixin.py:151} INFO - [2023-09-16T13:54:07.582+0000] {dagbag.py:539} INFO - Filling up the DagBag from /home/airflow/.local/lib/python3.8/site-packages/airflow/example_dags/example_kubernetes_executor.py
[2023-09-16T13:54:07.868+0000] {processor.py:839} INFO - DAG(s) dict_keys(['example_kubernetes_executor']) retrieved from /home/airflow/.local/lib/python3.8/site-packages/airflow/example_dags/example_kubernetes_executor.py
[2023-09-16T13:54:07.904+0000] {logging_mixin.py:151} INFO - [2023-09-16T13:54:07.904+0000] {dag.py:2915} INFO - Sync 1 DAGs
[2023-09-16T13:54:07.916+0000] {logging_mixin.py:151} INFO - [2023-09-16T13:54:07.916+0000] {dag.py:3696} INFO - Setting next_dagrun for example_kubernetes_executor to None, run_after=None
[2023-09-16T13:54:07.936+0000] {processor.py:179} INFO - Processing /home/airflow/.local/lib/python3.8/site-packages/airflow/example_dags/example_kubernetes_executor.py took 0.360 seconds
[2023-09-16T13:54:38.803+0000] {processor.py:157} INFO - Started process (PID=606) to work on /home/airflow/.local/lib/python3.8/site-packages/airflow/example_dags/example_kubernetes_executor.py
[2023-09-16T13:54:38.804+0000] {processor.py:829} INFO - Processing file /home/airflow/.local/lib/python3.8/site-packages/airflow/example_dags/example_kubernetes_executor.py for tasks to queue
[2023-09-16T13:54:38.805+0000] {logging_mixin.py:151} INFO - [2023-09-16T13:54:38.805+0000] {dagbag.py:539} INFO - Filling up the DagBag from /home/airflow/.local/lib/python3.8/site-packages/airflow/example_dags/example_kubernetes_executor.py
[2023-09-16T13:54:39.062+0000] {processor.py:839} INFO - DAG(s) dict_keys(['example_kubernetes_executor']) retrieved from /home/airflow/.local/lib/python3.8/site-packages/airflow/example_dags/example_kubernetes_executor.py
[2023-09-16T13:54:39.096+0000] {logging_mixin.py:151} INFO - [2023-09-16T13:54:39.096+0000] {dag.py:2915} INFO - Sync 1 DAGs
[2023-09-16T13:54:39.107+0000] {logging_mixin.py:151} INFO - [2023-09-16T13:54:39.106+0000] {dag.py:3696} INFO - Setting next_dagrun for example_kubernetes_executor to None, run_after=None
[2023-09-16T13:54:39.123+0000] {processor.py:179} INFO - Processing /home/airflow/.local/lib/python3.8/site-packages/airflow/example_dags/example_kubernetes_executor.py took 0.324 seconds
[2023-09-16T13:55:09.384+0000] {processor.py:157} INFO - Started process (PID=660) to work on /home/airflow/.local/lib/python3.8/site-packages/airflow/example_dags/example_kubernetes_executor.py
[2023-09-16T13:55:09.385+0000] {processor.py:829} INFO - Processing file /home/airflow/.local/lib/python3.8/site-packages/airflow/example_dags/example_kubernetes_executor.py for tasks to queue
[2023-09-16T13:55:09.386+0000] {logging_mixin.py:151} INFO - [2023-09-16T13:55:09.386+0000] {dagbag.py:539} INFO - Filling up the DagBag from /home/airflow/.local/lib/python3.8/site-packages/airflow/example_dags/example_kubernetes_executor.py
[2023-09-16T13:55:09.648+0000] {processor.py:839} INFO - DAG(s) dict_keys(['example_kubernetes_executor']) retrieved from /home/airflow/.local/lib/python3.8/site-packages/airflow/example_dags/example_kubernetes_executor.py
[2023-09-16T13:55:09.679+0000] {logging_mixin.py:151} INFO - [2023-09-16T13:55:09.679+0000] {dag.py:2915} INFO - Sync 1 DAGs
[2023-09-16T13:55:09.690+0000] {logging_mixin.py:151} INFO - [2023-09-16T13:55:09.690+0000] {dag.py:3696} INFO - Setting next_dagrun for example_kubernetes_executor to None, run_after=None
[2023-09-16T13:55:09.704+0000] {processor.py:179} INFO - Processing /home/airflow/.local/lib/python3.8/site-packages/airflow/example_dags/example_kubernetes_executor.py took 0.323 seconds
[2023-09-16T13:55:40.077+0000] {processor.py:157} INFO - Started process (PID=714) to work on /home/airflow/.local/lib/python3.8/site-packages/airflow/example_dags/example_kubernetes_executor.py
[2023-09-16T13:55:40.078+0000] {processor.py:829} INFO - Processing file /home/airflow/.local/lib/python3.8/site-packages/airflow/example_dags/example_kubernetes_executor.py for tasks to queue
[2023-09-16T13:55:40.080+0000] {logging_mixin.py:151} INFO - [2023-09-16T13:55:40.080+0000] {dagbag.py:539} INFO - Filling up the DagBag from /home/airflow/.local/lib/python3.8/site-packages/airflow/example_dags/example_kubernetes_executor.py
[2023-09-16T13:55:40.357+0000] {processor.py:839} INFO - DAG(s) dict_keys(['example_kubernetes_executor']) retrieved from /home/airflow/.local/lib/python3.8/site-packages/airflow/example_dags/example_kubernetes_executor.py
[2023-09-16T13:55:40.391+0000] {logging_mixin.py:151} INFO - [2023-09-16T13:55:40.391+0000] {dag.py:2915} INFO - Sync 1 DAGs
[2023-09-16T13:55:40.402+0000] {logging_mixin.py:151} INFO - [2023-09-16T13:55:40.402+0000] {dag.py:3696} INFO - Setting next_dagrun for example_kubernetes_executor to None, run_after=None
[2023-09-16T13:55:40.416+0000] {processor.py:179} INFO - Processing /home/airflow/.local/lib/python3.8/site-packages/airflow/example_dags/example_kubernetes_executor.py took 0.342 seconds
[2023-09-16T13:56:11.301+0000] {processor.py:157} INFO - Started process (PID=768) to work on /home/airflow/.local/lib/python3.8/site-packages/airflow/example_dags/example_kubernetes_executor.py
[2023-09-16T13:56:11.302+0000] {processor.py:829} INFO - Processing file /home/airflow/.local/lib/python3.8/site-packages/airflow/example_dags/example_kubernetes_executor.py for tasks to queue
[2023-09-16T13:56:11.304+0000] {logging_mixin.py:151} INFO - [2023-09-16T13:56:11.304+0000] {dagbag.py:539} INFO - Filling up the DagBag from /home/airflow/.local/lib/python3.8/site-packages/airflow/example_dags/example_kubernetes_executor.py
[2023-09-16T13:56:11.562+0000] {processor.py:839} INFO - DAG(s) dict_keys(['example_kubernetes_executor']) retrieved from /home/airflow/.local/lib/python3.8/site-packages/airflow/example_dags/example_kubernetes_executor.py
[2023-09-16T13:56:11.595+0000] {logging_mixin.py:151} INFO - [2023-09-16T13:56:11.595+0000] {dag.py:2915} INFO - Sync 1 DAGs
[2023-09-16T13:56:11.606+0000] {logging_mixin.py:151} INFO - [2023-09-16T13:56:11.606+0000] {dag.py:3696} INFO - Setting next_dagrun for example_kubernetes_executor to None, run_after=None
[2023-09-16T13:56:11.621+0000] {processor.py:179} INFO - Processing /home/airflow/.local/lib/python3.8/site-packages/airflow/example_dags/example_kubernetes_executor.py took 0.323 seconds
[2023-09-16T13:56:42.066+0000] {processor.py:157} INFO - Started process (PID=822) to work on /home/airflow/.local/lib/python3.8/site-packages/airflow/example_dags/example_kubernetes_executor.py
[2023-09-16T13:56:42.067+0000] {processor.py:829} INFO - Processing file /home/airflow/.local/lib/python3.8/site-packages/airflow/example_dags/example_kubernetes_executor.py for tasks to queue
[2023-09-16T13:56:42.069+0000] {logging_mixin.py:151} INFO - [2023-09-16T13:56:42.069+0000] {dagbag.py:539} INFO - Filling up the DagBag from /home/airflow/.local/lib/python3.8/site-packages/airflow/example_dags/example_kubernetes_executor.py
[2023-09-16T13:56:42.325+0000] {processor.py:839} INFO - DAG(s) dict_keys(['example_kubernetes_executor']) retrieved from /home/airflow/.local/lib/python3.8/site-packages/airflow/example_dags/example_kubernetes_executor.py
[2023-09-16T13:56:42.370+0000] {logging_mixin.py:151} INFO - [2023-09-16T13:56:42.370+0000] {dag.py:2915} INFO - Sync 1 DAGs
[2023-09-16T13:56:42.384+0000] {logging_mixin.py:151} INFO - [2023-09-16T13:56:42.384+0000] {dag.py:3696} INFO - Setting next_dagrun for example_kubernetes_executor to None, run_after=None
[2023-09-16T13:56:42.403+0000] {processor.py:179} INFO - Processing /home/airflow/.local/lib/python3.8/site-packages/airflow/example_dags/example_kubernetes_executor.py took 0.340 seconds
[2023-09-16T13:57:12.764+0000] {processor.py:157} INFO - Started process (PID=876) to work on /home/airflow/.local/lib/python3.8/site-packages/airflow/example_dags/example_kubernetes_executor.py
[2023-09-16T13:57:12.765+0000] {processor.py:829} INFO - Processing file /home/airflow/.local/lib/python3.8/site-packages/airflow/example_dags/example_kubernetes_executor.py for tasks to queue
[2023-09-16T13:57:12.767+0000] {logging_mixin.py:151} INFO - [2023-09-16T13:57:12.767+0000] {dagbag.py:539} INFO - Filling up the DagBag from /home/airflow/.local/lib/python3.8/site-packages/airflow/example_dags/example_kubernetes_executor.py
[2023-09-16T13:57:13.023+0000] {processor.py:839} INFO - DAG(s) dict_keys(['example_kubernetes_executor']) retrieved from /home/airflow/.local/lib/python3.8/site-packages/airflow/example_dags/example_kubernetes_executor.py
[2023-09-16T13:57:13.055+0000] {logging_mixin.py:151} INFO - [2023-09-16T13:57:13.055+0000] {dag.py:2915} INFO - Sync 1 DAGs
[2023-09-16T13:57:13.066+0000] {logging_mixin.py:151} INFO - [2023-09-16T13:57:13.065+0000] {dag.py:3696} INFO - Setting next_dagrun for example_kubernetes_executor to None, run_after=None
[2023-09-16T13:57:13.080+0000] {processor.py:179} INFO - Processing /home/airflow/.local/lib/python3.8/site-packages/airflow/example_dags/example_kubernetes_executor.py took 0.319 seconds
[2023-09-16T13:57:43.915+0000] {processor.py:157} INFO - Started process (PID=930) to work on /home/airflow/.local/lib/python3.8/site-packages/airflow/example_dags/example_kubernetes_executor.py
[2023-09-16T13:57:43.916+0000] {processor.py:829} INFO - Processing file /home/airflow/.local/lib/python3.8/site-packages/airflow/example_dags/example_kubernetes_executor.py for tasks to queue
[2023-09-16T13:57:43.918+0000] {logging_mixin.py:151} INFO - [2023-09-16T13:57:43.918+0000] {dagbag.py:539} INFO - Filling up the DagBag from /home/airflow/.local/lib/python3.8/site-packages/airflow/example_dags/example_kubernetes_executor.py
[2023-09-16T13:57:44.200+0000] {processor.py:839} INFO - DAG(s) dict_keys(['example_kubernetes_executor']) retrieved from /home/airflow/.local/lib/python3.8/site-packages/airflow/example_dags/example_kubernetes_executor.py
[2023-09-16T13:57:44.234+0000] {logging_mixin.py:151} INFO - [2023-09-16T13:57:44.233+0000] {dag.py:2915} INFO - Sync 1 DAGs
[2023-09-16T13:57:44.246+0000] {logging_mixin.py:151} INFO - [2023-09-16T13:57:44.246+0000] {dag.py:3696} INFO - Setting next_dagrun for example_kubernetes_executor to None, run_after=None
[2023-09-16T13:57:44.261+0000] {processor.py:179} INFO - Processing /home/airflow/.local/lib/python3.8/site-packages/airflow/example_dags/example_kubernetes_executor.py took 0.349 seconds
[2023-09-16T13:58:15.204+0000] {processor.py:157} INFO - Started process (PID=984) to work on /home/airflow/.local/lib/python3.8/site-packages/airflow/example_dags/example_kubernetes_executor.py
[2023-09-16T13:58:15.205+0000] {processor.py:829} INFO - Processing file /home/airflow/.local/lib/python3.8/site-packages/airflow/example_dags/example_kubernetes_executor.py for tasks to queue
[2023-09-16T13:58:15.207+0000] {logging_mixin.py:151} INFO - [2023-09-16T13:58:15.207+0000] {dagbag.py:539} INFO - Filling up the DagBag from /home/airflow/.local/lib/python3.8/site-packages/airflow/example_dags/example_kubernetes_executor.py
[2023-09-16T13:58:15.464+0000] {processor.py:839} INFO - DAG(s) dict_keys(['example_kubernetes_executor']) retrieved from /home/airflow/.local/lib/python3.8/site-packages/airflow/example_dags/example_kubernetes_executor.py
[2023-09-16T13:58:15.496+0000] {logging_mixin.py:151} INFO - [2023-09-16T13:58:15.496+0000] {dag.py:2915} INFO - Sync 1 DAGs
[2023-09-16T13:58:15.507+0000] {logging_mixin.py:151} INFO - [2023-09-16T13:58:15.507+0000] {dag.py:3696} INFO - Setting next_dagrun for example_kubernetes_executor to None, run_after=None
[2023-09-16T13:58:15.521+0000] {processor.py:179} INFO - Processing /home/airflow/.local/lib/python3.8/site-packages/airflow/example_dags/example_kubernetes_executor.py took 0.320 seconds
