[2023-09-16T13:50:26.832+0000] {processor.py:157} INFO - Started process (PID=160) to work on /home/airflow/.local/lib/python3.8/site-packages/airflow/example_dags/example_dag_decorator.py
[2023-09-16T13:50:26.833+0000] {processor.py:829} INFO - Processing file /home/airflow/.local/lib/python3.8/site-packages/airflow/example_dags/example_dag_decorator.py for tasks to queue
[2023-09-16T13:50:26.835+0000] {logging_mixin.py:151} INFO - [2023-09-16T13:50:26.835+0000] {dagbag.py:539} INFO - Filling up the DagBag from /home/airflow/.local/lib/python3.8/site-packages/airflow/example_dags/example_dag_decorator.py
[2023-09-16T13:50:27.083+0000] {processor.py:839} INFO - DAG(s) dict_keys(['example_dag_decorator']) retrieved from /home/airflow/.local/lib/python3.8/site-packages/airflow/example_dags/example_dag_decorator.py
[2023-09-16T13:50:27.372+0000] {logging_mixin.py:151} INFO - [2023-09-16T13:50:27.371+0000] {security.py:708} INFO - Not syncing DAG-level permissions for DAG 'DAG:example_dag_decorator' as access control is unset.
[2023-09-16T13:50:27.372+0000] {logging_mixin.py:151} INFO - [2023-09-16T13:50:27.372+0000] {dag.py:2915} INFO - Sync 1 DAGs
[2023-09-16T13:50:27.383+0000] {logging_mixin.py:151} INFO - [2023-09-16T13:50:27.383+0000] {dag.py:3696} INFO - Setting next_dagrun for example_dag_decorator to None, run_after=None
[2023-09-16T13:50:27.442+0000] {processor.py:179} INFO - Processing /home/airflow/.local/lib/python3.8/site-packages/airflow/example_dags/example_dag_decorator.py took 0.614 seconds
[2023-09-16T13:50:58.230+0000] {processor.py:157} INFO - Started process (PID=214) to work on /home/airflow/.local/lib/python3.8/site-packages/airflow/example_dags/example_dag_decorator.py
[2023-09-16T13:50:58.231+0000] {processor.py:829} INFO - Processing file /home/airflow/.local/lib/python3.8/site-packages/airflow/example_dags/example_dag_decorator.py for tasks to queue
[2023-09-16T13:50:58.233+0000] {logging_mixin.py:151} INFO - [2023-09-16T13:50:58.233+0000] {dagbag.py:539} INFO - Filling up the DagBag from /home/airflow/.local/lib/python3.8/site-packages/airflow/example_dags/example_dag_decorator.py
[2023-09-16T13:50:58.303+0000] {processor.py:839} INFO - DAG(s) dict_keys(['example_dag_decorator']) retrieved from /home/airflow/.local/lib/python3.8/site-packages/airflow/example_dags/example_dag_decorator.py
[2023-09-16T13:50:58.434+0000] {logging_mixin.py:151} INFO - [2023-09-16T13:50:58.434+0000] {security.py:708} INFO - Not syncing DAG-level permissions for DAG 'DAG:example_dag_decorator' as access control is unset.
[2023-09-16T13:50:58.434+0000] {logging_mixin.py:151} INFO - [2023-09-16T13:50:58.434+0000] {dag.py:2915} INFO - Sync 1 DAGs
[2023-09-16T13:50:58.447+0000] {logging_mixin.py:151} INFO - [2023-09-16T13:50:58.447+0000] {dag.py:3696} INFO - Setting next_dagrun for example_dag_decorator to None, run_after=None
[2023-09-16T13:50:58.464+0000] {processor.py:179} INFO - Processing /home/airflow/.local/lib/python3.8/site-packages/airflow/example_dags/example_dag_decorator.py took 0.237 seconds
[2023-09-16T13:51:28.626+0000] {processor.py:157} INFO - Started process (PID=268) to work on /home/airflow/.local/lib/python3.8/site-packages/airflow/example_dags/example_dag_decorator.py
[2023-09-16T13:51:28.627+0000] {processor.py:829} INFO - Processing file /home/airflow/.local/lib/python3.8/site-packages/airflow/example_dags/example_dag_decorator.py for tasks to queue
[2023-09-16T13:51:28.629+0000] {logging_mixin.py:151} INFO - [2023-09-16T13:51:28.629+0000] {dagbag.py:539} INFO - Filling up the DagBag from /home/airflow/.local/lib/python3.8/site-packages/airflow/example_dags/example_dag_decorator.py
[2023-09-16T13:51:28.694+0000] {processor.py:839} INFO - DAG(s) dict_keys(['example_dag_decorator']) retrieved from /home/airflow/.local/lib/python3.8/site-packages/airflow/example_dags/example_dag_decorator.py
[2023-09-16T13:51:28.792+0000] {logging_mixin.py:151} INFO - [2023-09-16T13:51:28.792+0000] {security.py:708} INFO - Not syncing DAG-level permissions for DAG 'DAG:example_dag_decorator' as access control is unset.
[2023-09-16T13:51:28.792+0000] {logging_mixin.py:151} INFO - [2023-09-16T13:51:28.792+0000] {dag.py:2915} INFO - Sync 1 DAGs
[2023-09-16T13:51:28.803+0000] {logging_mixin.py:151} INFO - [2023-09-16T13:51:28.802+0000] {dag.py:3696} INFO - Setting next_dagrun for example_dag_decorator to None, run_after=None
[2023-09-16T13:51:28.820+0000] {processor.py:179} INFO - Processing /home/airflow/.local/lib/python3.8/site-packages/airflow/example_dags/example_dag_decorator.py took 0.197 seconds
[2023-09-16T13:51:58.882+0000] {processor.py:157} INFO - Started process (PID=322) to work on /home/airflow/.local/lib/python3.8/site-packages/airflow/example_dags/example_dag_decorator.py
[2023-09-16T13:51:58.883+0000] {processor.py:829} INFO - Processing file /home/airflow/.local/lib/python3.8/site-packages/airflow/example_dags/example_dag_decorator.py for tasks to queue
[2023-09-16T13:51:58.885+0000] {logging_mixin.py:151} INFO - [2023-09-16T13:51:58.884+0000] {dagbag.py:539} INFO - Filling up the DagBag from /home/airflow/.local/lib/python3.8/site-packages/airflow/example_dags/example_dag_decorator.py
[2023-09-16T13:51:58.955+0000] {processor.py:839} INFO - DAG(s) dict_keys(['example_dag_decorator']) retrieved from /home/airflow/.local/lib/python3.8/site-packages/airflow/example_dags/example_dag_decorator.py
[2023-09-16T13:51:59.056+0000] {logging_mixin.py:151} INFO - [2023-09-16T13:51:59.056+0000] {security.py:708} INFO - Not syncing DAG-level permissions for DAG 'DAG:example_dag_decorator' as access control is unset.
[2023-09-16T13:51:59.056+0000] {logging_mixin.py:151} INFO - [2023-09-16T13:51:59.056+0000] {dag.py:2915} INFO - Sync 1 DAGs
[2023-09-16T13:51:59.066+0000] {logging_mixin.py:151} INFO - [2023-09-16T13:51:59.066+0000] {dag.py:3696} INFO - Setting next_dagrun for example_dag_decorator to None, run_after=None
[2023-09-16T13:51:59.083+0000] {processor.py:179} INFO - Processing /home/airflow/.local/lib/python3.8/site-packages/airflow/example_dags/example_dag_decorator.py took 0.205 seconds
[2023-09-16T13:52:29.266+0000] {processor.py:157} INFO - Started process (PID=376) to work on /home/airflow/.local/lib/python3.8/site-packages/airflow/example_dags/example_dag_decorator.py
[2023-09-16T13:52:29.267+0000] {processor.py:829} INFO - Processing file /home/airflow/.local/lib/python3.8/site-packages/airflow/example_dags/example_dag_decorator.py for tasks to queue
[2023-09-16T13:52:29.269+0000] {logging_mixin.py:151} INFO - [2023-09-16T13:52:29.269+0000] {dagbag.py:539} INFO - Filling up the DagBag from /home/airflow/.local/lib/python3.8/site-packages/airflow/example_dags/example_dag_decorator.py
[2023-09-16T13:52:29.354+0000] {processor.py:839} INFO - DAG(s) dict_keys(['example_dag_decorator']) retrieved from /home/airflow/.local/lib/python3.8/site-packages/airflow/example_dags/example_dag_decorator.py
[2023-09-16T13:52:29.462+0000] {logging_mixin.py:151} INFO - [2023-09-16T13:52:29.462+0000] {security.py:708} INFO - Not syncing DAG-level permissions for DAG 'DAG:example_dag_decorator' as access control is unset.
[2023-09-16T13:52:29.463+0000] {logging_mixin.py:151} INFO - [2023-09-16T13:52:29.462+0000] {dag.py:2915} INFO - Sync 1 DAGs
[2023-09-16T13:52:29.472+0000] {logging_mixin.py:151} INFO - [2023-09-16T13:52:29.472+0000] {dag.py:3696} INFO - Setting next_dagrun for example_dag_decorator to None, run_after=None
[2023-09-16T13:52:29.490+0000] {processor.py:179} INFO - Processing /home/airflow/.local/lib/python3.8/site-packages/airflow/example_dags/example_dag_decorator.py took 0.227 seconds
[2023-09-16T13:52:59.647+0000] {processor.py:157} INFO - Started process (PID=430) to work on /home/airflow/.local/lib/python3.8/site-packages/airflow/example_dags/example_dag_decorator.py
[2023-09-16T13:52:59.648+0000] {processor.py:829} INFO - Processing file /home/airflow/.local/lib/python3.8/site-packages/airflow/example_dags/example_dag_decorator.py for tasks to queue
[2023-09-16T13:52:59.650+0000] {logging_mixin.py:151} INFO - [2023-09-16T13:52:59.650+0000] {dagbag.py:539} INFO - Filling up the DagBag from /home/airflow/.local/lib/python3.8/site-packages/airflow/example_dags/example_dag_decorator.py
[2023-09-16T13:52:59.715+0000] {processor.py:839} INFO - DAG(s) dict_keys(['example_dag_decorator']) retrieved from /home/airflow/.local/lib/python3.8/site-packages/airflow/example_dags/example_dag_decorator.py
[2023-09-16T13:52:59.810+0000] {logging_mixin.py:151} INFO - [2023-09-16T13:52:59.810+0000] {security.py:708} INFO - Not syncing DAG-level permissions for DAG 'DAG:example_dag_decorator' as access control is unset.
[2023-09-16T13:52:59.811+0000] {logging_mixin.py:151} INFO - [2023-09-16T13:52:59.810+0000] {dag.py:2915} INFO - Sync 1 DAGs
[2023-09-16T13:52:59.820+0000] {logging_mixin.py:151} INFO - [2023-09-16T13:52:59.819+0000] {dag.py:3696} INFO - Setting next_dagrun for example_dag_decorator to None, run_after=None
[2023-09-16T13:52:59.836+0000] {processor.py:179} INFO - Processing /home/airflow/.local/lib/python3.8/site-packages/airflow/example_dags/example_dag_decorator.py took 0.192 seconds
[2023-09-16T13:53:29.924+0000] {processor.py:157} INFO - Started process (PID=484) to work on /home/airflow/.local/lib/python3.8/site-packages/airflow/example_dags/example_dag_decorator.py
[2023-09-16T13:53:29.925+0000] {processor.py:829} INFO - Processing file /home/airflow/.local/lib/python3.8/site-packages/airflow/example_dags/example_dag_decorator.py for tasks to queue
[2023-09-16T13:53:29.927+0000] {logging_mixin.py:151} INFO - [2023-09-16T13:53:29.927+0000] {dagbag.py:539} INFO - Filling up the DagBag from /home/airflow/.local/lib/python3.8/site-packages/airflow/example_dags/example_dag_decorator.py
[2023-09-16T13:53:29.990+0000] {processor.py:839} INFO - DAG(s) dict_keys(['example_dag_decorator']) retrieved from /home/airflow/.local/lib/python3.8/site-packages/airflow/example_dags/example_dag_decorator.py
[2023-09-16T13:53:30.091+0000] {logging_mixin.py:151} INFO - [2023-09-16T13:53:30.091+0000] {security.py:708} INFO - Not syncing DAG-level permissions for DAG 'DAG:example_dag_decorator' as access control is unset.
[2023-09-16T13:53:30.092+0000] {logging_mixin.py:151} INFO - [2023-09-16T13:53:30.091+0000] {dag.py:2915} INFO - Sync 1 DAGs
[2023-09-16T13:53:30.102+0000] {logging_mixin.py:151} INFO - [2023-09-16T13:53:30.102+0000] {dag.py:3696} INFO - Setting next_dagrun for example_dag_decorator to None, run_after=None
[2023-09-16T13:53:30.120+0000] {processor.py:179} INFO - Processing /home/airflow/.local/lib/python3.8/site-packages/airflow/example_dags/example_dag_decorator.py took 0.199 seconds
[2023-09-16T13:54:00.179+0000] {processor.py:157} INFO - Started process (PID=539) to work on /home/airflow/.local/lib/python3.8/site-packages/airflow/example_dags/example_dag_decorator.py
[2023-09-16T13:54:00.180+0000] {processor.py:829} INFO - Processing file /home/airflow/.local/lib/python3.8/site-packages/airflow/example_dags/example_dag_decorator.py for tasks to queue
[2023-09-16T13:54:00.183+0000] {logging_mixin.py:151} INFO - [2023-09-16T13:54:00.182+0000] {dagbag.py:539} INFO - Filling up the DagBag from /home/airflow/.local/lib/python3.8/site-packages/airflow/example_dags/example_dag_decorator.py
[2023-09-16T13:54:00.254+0000] {processor.py:839} INFO - DAG(s) dict_keys(['example_dag_decorator']) retrieved from /home/airflow/.local/lib/python3.8/site-packages/airflow/example_dags/example_dag_decorator.py
[2023-09-16T13:54:00.363+0000] {logging_mixin.py:151} INFO - [2023-09-16T13:54:00.363+0000] {security.py:708} INFO - Not syncing DAG-level permissions for DAG 'DAG:example_dag_decorator' as access control is unset.
[2023-09-16T13:54:00.363+0000] {logging_mixin.py:151} INFO - [2023-09-16T13:54:00.363+0000] {dag.py:2915} INFO - Sync 1 DAGs
[2023-09-16T13:54:00.374+0000] {logging_mixin.py:151} INFO - [2023-09-16T13:54:00.374+0000] {dag.py:3696} INFO - Setting next_dagrun for example_dag_decorator to None, run_after=None
[2023-09-16T13:54:00.391+0000] {processor.py:179} INFO - Processing /home/airflow/.local/lib/python3.8/site-packages/airflow/example_dags/example_dag_decorator.py took 0.216 seconds
[2023-09-16T13:54:30.450+0000] {processor.py:157} INFO - Started process (PID=594) to work on /home/airflow/.local/lib/python3.8/site-packages/airflow/example_dags/example_dag_decorator.py
[2023-09-16T13:54:30.451+0000] {processor.py:829} INFO - Processing file /home/airflow/.local/lib/python3.8/site-packages/airflow/example_dags/example_dag_decorator.py for tasks to queue
[2023-09-16T13:54:30.453+0000] {logging_mixin.py:151} INFO - [2023-09-16T13:54:30.452+0000] {dagbag.py:539} INFO - Filling up the DagBag from /home/airflow/.local/lib/python3.8/site-packages/airflow/example_dags/example_dag_decorator.py
[2023-09-16T13:54:30.517+0000] {processor.py:839} INFO - DAG(s) dict_keys(['example_dag_decorator']) retrieved from /home/airflow/.local/lib/python3.8/site-packages/airflow/example_dags/example_dag_decorator.py
[2023-09-16T13:54:30.614+0000] {logging_mixin.py:151} INFO - [2023-09-16T13:54:30.614+0000] {security.py:708} INFO - Not syncing DAG-level permissions for DAG 'DAG:example_dag_decorator' as access control is unset.
[2023-09-16T13:54:30.614+0000] {logging_mixin.py:151} INFO - [2023-09-16T13:54:30.614+0000] {dag.py:2915} INFO - Sync 1 DAGs
[2023-09-16T13:54:30.623+0000] {logging_mixin.py:151} INFO - [2023-09-16T13:54:30.623+0000] {dag.py:3696} INFO - Setting next_dagrun for example_dag_decorator to None, run_after=None
[2023-09-16T13:54:30.640+0000] {processor.py:179} INFO - Processing /home/airflow/.local/lib/python3.8/site-packages/airflow/example_dags/example_dag_decorator.py took 0.194 seconds
[2023-09-16T13:55:00.951+0000] {processor.py:157} INFO - Started process (PID=646) to work on /home/airflow/.local/lib/python3.8/site-packages/airflow/example_dags/example_dag_decorator.py
[2023-09-16T13:55:00.952+0000] {processor.py:829} INFO - Processing file /home/airflow/.local/lib/python3.8/site-packages/airflow/example_dags/example_dag_decorator.py for tasks to queue
[2023-09-16T13:55:00.954+0000] {logging_mixin.py:151} INFO - [2023-09-16T13:55:00.954+0000] {dagbag.py:539} INFO - Filling up the DagBag from /home/airflow/.local/lib/python3.8/site-packages/airflow/example_dags/example_dag_decorator.py
[2023-09-16T13:55:01.018+0000] {processor.py:839} INFO - DAG(s) dict_keys(['example_dag_decorator']) retrieved from /home/airflow/.local/lib/python3.8/site-packages/airflow/example_dags/example_dag_decorator.py
[2023-09-16T13:55:01.119+0000] {logging_mixin.py:151} INFO - [2023-09-16T13:55:01.118+0000] {security.py:708} INFO - Not syncing DAG-level permissions for DAG 'DAG:example_dag_decorator' as access control is unset.
[2023-09-16T13:55:01.119+0000] {logging_mixin.py:151} INFO - [2023-09-16T13:55:01.119+0000] {dag.py:2915} INFO - Sync 1 DAGs
[2023-09-16T13:55:01.129+0000] {logging_mixin.py:151} INFO - [2023-09-16T13:55:01.128+0000] {dag.py:3696} INFO - Setting next_dagrun for example_dag_decorator to None, run_after=None
[2023-09-16T13:55:01.145+0000] {processor.py:179} INFO - Processing /home/airflow/.local/lib/python3.8/site-packages/airflow/example_dags/example_dag_decorator.py took 0.197 seconds
[2023-09-16T13:55:31.640+0000] {processor.py:157} INFO - Started process (PID=700) to work on /home/airflow/.local/lib/python3.8/site-packages/airflow/example_dags/example_dag_decorator.py
[2023-09-16T13:55:31.641+0000] {processor.py:829} INFO - Processing file /home/airflow/.local/lib/python3.8/site-packages/airflow/example_dags/example_dag_decorator.py for tasks to queue
[2023-09-16T13:55:31.643+0000] {logging_mixin.py:151} INFO - [2023-09-16T13:55:31.643+0000] {dagbag.py:539} INFO - Filling up the DagBag from /home/airflow/.local/lib/python3.8/site-packages/airflow/example_dags/example_dag_decorator.py
[2023-09-16T13:55:31.707+0000] {processor.py:839} INFO - DAG(s) dict_keys(['example_dag_decorator']) retrieved from /home/airflow/.local/lib/python3.8/site-packages/airflow/example_dags/example_dag_decorator.py
[2023-09-16T13:55:31.804+0000] {logging_mixin.py:151} INFO - [2023-09-16T13:55:31.804+0000] {security.py:708} INFO - Not syncing DAG-level permissions for DAG 'DAG:example_dag_decorator' as access control is unset.
[2023-09-16T13:55:31.804+0000] {logging_mixin.py:151} INFO - [2023-09-16T13:55:31.804+0000] {dag.py:2915} INFO - Sync 1 DAGs
[2023-09-16T13:55:31.814+0000] {logging_mixin.py:151} INFO - [2023-09-16T13:55:31.814+0000] {dag.py:3696} INFO - Setting next_dagrun for example_dag_decorator to None, run_after=None
[2023-09-16T13:55:31.830+0000] {processor.py:179} INFO - Processing /home/airflow/.local/lib/python3.8/site-packages/airflow/example_dags/example_dag_decorator.py took 0.193 seconds
[2023-09-16T13:56:01.870+0000] {processor.py:157} INFO - Started process (PID=754) to work on /home/airflow/.local/lib/python3.8/site-packages/airflow/example_dags/example_dag_decorator.py
[2023-09-16T13:56:01.871+0000] {processor.py:829} INFO - Processing file /home/airflow/.local/lib/python3.8/site-packages/airflow/example_dags/example_dag_decorator.py for tasks to queue
[2023-09-16T13:56:01.873+0000] {logging_mixin.py:151} INFO - [2023-09-16T13:56:01.873+0000] {dagbag.py:539} INFO - Filling up the DagBag from /home/airflow/.local/lib/python3.8/site-packages/airflow/example_dags/example_dag_decorator.py
[2023-09-16T13:56:01.935+0000] {processor.py:839} INFO - DAG(s) dict_keys(['example_dag_decorator']) retrieved from /home/airflow/.local/lib/python3.8/site-packages/airflow/example_dags/example_dag_decorator.py
[2023-09-16T13:56:02.028+0000] {logging_mixin.py:151} INFO - [2023-09-16T13:56:02.028+0000] {security.py:708} INFO - Not syncing DAG-level permissions for DAG 'DAG:example_dag_decorator' as access control is unset.
[2023-09-16T13:56:02.028+0000] {logging_mixin.py:151} INFO - [2023-09-16T13:56:02.028+0000] {dag.py:2915} INFO - Sync 1 DAGs
[2023-09-16T13:56:02.037+0000] {logging_mixin.py:151} INFO - [2023-09-16T13:56:02.037+0000] {dag.py:3696} INFO - Setting next_dagrun for example_dag_decorator to None, run_after=None
[2023-09-16T13:56:02.055+0000] {processor.py:179} INFO - Processing /home/airflow/.local/lib/python3.8/site-packages/airflow/example_dags/example_dag_decorator.py took 0.188 seconds
[2023-09-16T13:56:32.604+0000] {processor.py:157} INFO - Started process (PID=808) to work on /home/airflow/.local/lib/python3.8/site-packages/airflow/example_dags/example_dag_decorator.py
[2023-09-16T13:56:32.605+0000] {processor.py:829} INFO - Processing file /home/airflow/.local/lib/python3.8/site-packages/airflow/example_dags/example_dag_decorator.py for tasks to queue
[2023-09-16T13:56:32.607+0000] {logging_mixin.py:151} INFO - [2023-09-16T13:56:32.607+0000] {dagbag.py:539} INFO - Filling up the DagBag from /home/airflow/.local/lib/python3.8/site-packages/airflow/example_dags/example_dag_decorator.py
[2023-09-16T13:56:32.671+0000] {processor.py:839} INFO - DAG(s) dict_keys(['example_dag_decorator']) retrieved from /home/airflow/.local/lib/python3.8/site-packages/airflow/example_dags/example_dag_decorator.py
[2023-09-16T13:56:32.767+0000] {logging_mixin.py:151} INFO - [2023-09-16T13:56:32.767+0000] {security.py:708} INFO - Not syncing DAG-level permissions for DAG 'DAG:example_dag_decorator' as access control is unset.
[2023-09-16T13:56:32.768+0000] {logging_mixin.py:151} INFO - [2023-09-16T13:56:32.767+0000] {dag.py:2915} INFO - Sync 1 DAGs
[2023-09-16T13:56:32.779+0000] {logging_mixin.py:151} INFO - [2023-09-16T13:56:32.779+0000] {dag.py:3696} INFO - Setting next_dagrun for example_dag_decorator to None, run_after=None
[2023-09-16T13:56:32.796+0000] {processor.py:179} INFO - Processing /home/airflow/.local/lib/python3.8/site-packages/airflow/example_dags/example_dag_decorator.py took 0.195 seconds
[2023-09-16T13:57:03.329+0000] {processor.py:157} INFO - Started process (PID=862) to work on /home/airflow/.local/lib/python3.8/site-packages/airflow/example_dags/example_dag_decorator.py
[2023-09-16T13:57:03.330+0000] {processor.py:829} INFO - Processing file /home/airflow/.local/lib/python3.8/site-packages/airflow/example_dags/example_dag_decorator.py for tasks to queue
[2023-09-16T13:57:03.332+0000] {logging_mixin.py:151} INFO - [2023-09-16T13:57:03.332+0000] {dagbag.py:539} INFO - Filling up the DagBag from /home/airflow/.local/lib/python3.8/site-packages/airflow/example_dags/example_dag_decorator.py
[2023-09-16T13:57:03.397+0000] {processor.py:839} INFO - DAG(s) dict_keys(['example_dag_decorator']) retrieved from /home/airflow/.local/lib/python3.8/site-packages/airflow/example_dags/example_dag_decorator.py
[2023-09-16T13:57:03.491+0000] {logging_mixin.py:151} INFO - [2023-09-16T13:57:03.491+0000] {security.py:708} INFO - Not syncing DAG-level permissions for DAG 'DAG:example_dag_decorator' as access control is unset.
[2023-09-16T13:57:03.491+0000] {logging_mixin.py:151} INFO - [2023-09-16T13:57:03.491+0000] {dag.py:2915} INFO - Sync 1 DAGs
[2023-09-16T13:57:03.501+0000] {logging_mixin.py:151} INFO - [2023-09-16T13:57:03.501+0000] {dag.py:3696} INFO - Setting next_dagrun for example_dag_decorator to None, run_after=None
[2023-09-16T13:57:03.518+0000] {processor.py:179} INFO - Processing /home/airflow/.local/lib/python3.8/site-packages/airflow/example_dags/example_dag_decorator.py took 0.192 seconds
[2023-09-16T13:57:33.969+0000] {processor.py:157} INFO - Started process (PID=916) to work on /home/airflow/.local/lib/python3.8/site-packages/airflow/example_dags/example_dag_decorator.py
[2023-09-16T13:57:33.970+0000] {processor.py:829} INFO - Processing file /home/airflow/.local/lib/python3.8/site-packages/airflow/example_dags/example_dag_decorator.py for tasks to queue
[2023-09-16T13:57:33.972+0000] {logging_mixin.py:151} INFO - [2023-09-16T13:57:33.971+0000] {dagbag.py:539} INFO - Filling up the DagBag from /home/airflow/.local/lib/python3.8/site-packages/airflow/example_dags/example_dag_decorator.py
[2023-09-16T13:57:34.139+0000] {processor.py:839} INFO - DAG(s) dict_keys(['example_dag_decorator']) retrieved from /home/airflow/.local/lib/python3.8/site-packages/airflow/example_dags/example_dag_decorator.py
[2023-09-16T13:57:34.340+0000] {logging_mixin.py:151} INFO - [2023-09-16T13:57:34.340+0000] {security.py:708} INFO - Not syncing DAG-level permissions for DAG 'DAG:example_dag_decorator' as access control is unset.
[2023-09-16T13:57:34.340+0000] {logging_mixin.py:151} INFO - [2023-09-16T13:57:34.340+0000] {dag.py:2915} INFO - Sync 1 DAGs
[2023-09-16T13:57:34.353+0000] {logging_mixin.py:151} INFO - [2023-09-16T13:57:34.353+0000] {dag.py:3696} INFO - Setting next_dagrun for example_dag_decorator to None, run_after=None
[2023-09-16T13:57:34.445+0000] {processor.py:179} INFO - Processing /home/airflow/.local/lib/python3.8/site-packages/airflow/example_dags/example_dag_decorator.py took 0.480 seconds
[2023-09-16T13:58:04.571+0000] {processor.py:157} INFO - Started process (PID=970) to work on /home/airflow/.local/lib/python3.8/site-packages/airflow/example_dags/example_dag_decorator.py
[2023-09-16T13:58:04.572+0000] {processor.py:829} INFO - Processing file /home/airflow/.local/lib/python3.8/site-packages/airflow/example_dags/example_dag_decorator.py for tasks to queue
[2023-09-16T13:58:04.574+0000] {logging_mixin.py:151} INFO - [2023-09-16T13:58:04.573+0000] {dagbag.py:539} INFO - Filling up the DagBag from /home/airflow/.local/lib/python3.8/site-packages/airflow/example_dags/example_dag_decorator.py
[2023-09-16T13:58:04.651+0000] {processor.py:839} INFO - DAG(s) dict_keys(['example_dag_decorator']) retrieved from /home/airflow/.local/lib/python3.8/site-packages/airflow/example_dags/example_dag_decorator.py
[2023-09-16T13:58:04.768+0000] {logging_mixin.py:151} INFO - [2023-09-16T13:58:04.768+0000] {security.py:708} INFO - Not syncing DAG-level permissions for DAG 'DAG:example_dag_decorator' as access control is unset.
[2023-09-16T13:58:04.769+0000] {logging_mixin.py:151} INFO - [2023-09-16T13:58:04.769+0000] {dag.py:2915} INFO - Sync 1 DAGs
[2023-09-16T13:58:04.781+0000] {logging_mixin.py:151} INFO - [2023-09-16T13:58:04.781+0000] {dag.py:3696} INFO - Setting next_dagrun for example_dag_decorator to None, run_after=None
[2023-09-16T13:58:04.800+0000] {processor.py:179} INFO - Processing /home/airflow/.local/lib/python3.8/site-packages/airflow/example_dags/example_dag_decorator.py took 0.233 seconds
[2023-09-16T13:58:34.900+0000] {processor.py:157} INFO - Started process (PID=1025) to work on /home/airflow/.local/lib/python3.8/site-packages/airflow/example_dags/example_dag_decorator.py
[2023-09-16T13:58:34.901+0000] {processor.py:829} INFO - Processing file /home/airflow/.local/lib/python3.8/site-packages/airflow/example_dags/example_dag_decorator.py for tasks to queue
[2023-09-16T13:58:34.903+0000] {logging_mixin.py:151} INFO - [2023-09-16T13:58:34.903+0000] {dagbag.py:539} INFO - Filling up the DagBag from /home/airflow/.local/lib/python3.8/site-packages/airflow/example_dags/example_dag_decorator.py
[2023-09-16T13:58:34.968+0000] {processor.py:839} INFO - DAG(s) dict_keys(['example_dag_decorator']) retrieved from /home/airflow/.local/lib/python3.8/site-packages/airflow/example_dags/example_dag_decorator.py
[2023-09-16T13:58:35.070+0000] {logging_mixin.py:151} INFO - [2023-09-16T13:58:35.070+0000] {security.py:708} INFO - Not syncing DAG-level permissions for DAG 'DAG:example_dag_decorator' as access control is unset.
[2023-09-16T13:58:35.070+0000] {logging_mixin.py:151} INFO - [2023-09-16T13:58:35.070+0000] {dag.py:2915} INFO - Sync 1 DAGs
[2023-09-16T13:58:35.082+0000] {logging_mixin.py:151} INFO - [2023-09-16T13:58:35.081+0000] {dag.py:3696} INFO - Setting next_dagrun for example_dag_decorator to None, run_after=None
[2023-09-16T13:58:35.098+0000] {processor.py:179} INFO - Processing /home/airflow/.local/lib/python3.8/site-packages/airflow/example_dags/example_dag_decorator.py took 0.202 seconds
