[2023-09-16T13:50:24.946+0000] {processor.py:157} INFO - Started process (PID=152) to work on /home/airflow/.local/lib/python3.8/site-packages/airflow/example_dags/example_bash_operator.py
[2023-09-16T13:50:24.947+0000] {processor.py:829} INFO - Processing file /home/airflow/.local/lib/python3.8/site-packages/airflow/example_dags/example_bash_operator.py for tasks to queue
[2023-09-16T13:50:24.949+0000] {logging_mixin.py:151} INFO - [2023-09-16T13:50:24.949+0000] {dagbag.py:539} INFO - Filling up the DagBag from /home/airflow/.local/lib/python3.8/site-packages/airflow/example_dags/example_bash_operator.py
[2023-09-16T13:50:25.363+0000] {processor.py:839} INFO - DAG(s) dict_keys(['example_bash_operator']) retrieved from /home/airflow/.local/lib/python3.8/site-packages/airflow/example_dags/example_bash_operator.py
[2023-09-16T13:50:25.636+0000] {logging_mixin.py:151} INFO - [2023-09-16T13:50:25.636+0000] {dag.py:2915} INFO - Sync 1 DAGs
[2023-09-16T13:50:25.731+0000] {logging_mixin.py:151} INFO - [2023-09-16T13:50:25.731+0000] {dag.py:3696} INFO - Setting next_dagrun for example_bash_operator to 2023-09-15T00:00:00+00:00, run_after=2023-09-16T00:00:00+00:00
[2023-09-16T13:50:25.751+0000] {processor.py:179} INFO - Processing /home/airflow/.local/lib/python3.8/site-packages/airflow/example_dags/example_bash_operator.py took 0.807 seconds
[2023-09-16T13:50:55.804+0000] {processor.py:157} INFO - Started process (PID=206) to work on /home/airflow/.local/lib/python3.8/site-packages/airflow/example_dags/example_bash_operator.py
[2023-09-16T13:50:55.805+0000] {processor.py:829} INFO - Processing file /home/airflow/.local/lib/python3.8/site-packages/airflow/example_dags/example_bash_operator.py for tasks to queue
[2023-09-16T13:50:55.807+0000] {logging_mixin.py:151} INFO - [2023-09-16T13:50:55.806+0000] {dagbag.py:539} INFO - Filling up the DagBag from /home/airflow/.local/lib/python3.8/site-packages/airflow/example_dags/example_bash_operator.py
[2023-09-16T13:50:55.816+0000] {processor.py:839} INFO - DAG(s) dict_keys(['example_bash_operator']) retrieved from /home/airflow/.local/lib/python3.8/site-packages/airflow/example_dags/example_bash_operator.py
[2023-09-16T13:50:55.845+0000] {logging_mixin.py:151} INFO - [2023-09-16T13:50:55.845+0000] {dag.py:2915} INFO - Sync 1 DAGs
[2023-09-16T13:50:55.866+0000] {logging_mixin.py:151} INFO - [2023-09-16T13:50:55.866+0000] {dag.py:3696} INFO - Setting next_dagrun for example_bash_operator to 2023-09-15T00:00:00+00:00, run_after=2023-09-16T00:00:00+00:00
[2023-09-16T13:50:55.885+0000] {processor.py:179} INFO - Processing /home/airflow/.local/lib/python3.8/site-packages/airflow/example_dags/example_bash_operator.py took 0.085 seconds
[2023-09-16T13:51:26.207+0000] {processor.py:157} INFO - Started process (PID=260) to work on /home/airflow/.local/lib/python3.8/site-packages/airflow/example_dags/example_bash_operator.py
[2023-09-16T13:51:26.208+0000] {processor.py:829} INFO - Processing file /home/airflow/.local/lib/python3.8/site-packages/airflow/example_dags/example_bash_operator.py for tasks to queue
[2023-09-16T13:51:26.210+0000] {logging_mixin.py:151} INFO - [2023-09-16T13:51:26.210+0000] {dagbag.py:539} INFO - Filling up the DagBag from /home/airflow/.local/lib/python3.8/site-packages/airflow/example_dags/example_bash_operator.py
[2023-09-16T13:51:26.220+0000] {processor.py:839} INFO - DAG(s) dict_keys(['example_bash_operator']) retrieved from /home/airflow/.local/lib/python3.8/site-packages/airflow/example_dags/example_bash_operator.py
[2023-09-16T13:51:26.249+0000] {logging_mixin.py:151} INFO - [2023-09-16T13:51:26.249+0000] {dag.py:2915} INFO - Sync 1 DAGs
[2023-09-16T13:51:26.270+0000] {logging_mixin.py:151} INFO - [2023-09-16T13:51:26.270+0000] {dag.py:3696} INFO - Setting next_dagrun for example_bash_operator to 2023-09-15T00:00:00+00:00, run_after=2023-09-16T00:00:00+00:00
[2023-09-16T13:51:26.284+0000] {processor.py:179} INFO - Processing /home/airflow/.local/lib/python3.8/site-packages/airflow/example_dags/example_bash_operator.py took 0.080 seconds
[2023-09-16T13:51:56.409+0000] {processor.py:157} INFO - Started process (PID=314) to work on /home/airflow/.local/lib/python3.8/site-packages/airflow/example_dags/example_bash_operator.py
[2023-09-16T13:51:56.410+0000] {processor.py:829} INFO - Processing file /home/airflow/.local/lib/python3.8/site-packages/airflow/example_dags/example_bash_operator.py for tasks to queue
[2023-09-16T13:51:56.412+0000] {logging_mixin.py:151} INFO - [2023-09-16T13:51:56.412+0000] {dagbag.py:539} INFO - Filling up the DagBag from /home/airflow/.local/lib/python3.8/site-packages/airflow/example_dags/example_bash_operator.py
[2023-09-16T13:51:56.422+0000] {processor.py:839} INFO - DAG(s) dict_keys(['example_bash_operator']) retrieved from /home/airflow/.local/lib/python3.8/site-packages/airflow/example_dags/example_bash_operator.py
[2023-09-16T13:51:56.454+0000] {logging_mixin.py:151} INFO - [2023-09-16T13:51:56.454+0000] {dag.py:2915} INFO - Sync 1 DAGs
[2023-09-16T13:51:56.480+0000] {logging_mixin.py:151} INFO - [2023-09-16T13:51:56.480+0000] {dag.py:3696} INFO - Setting next_dagrun for example_bash_operator to 2023-09-15T00:00:00+00:00, run_after=2023-09-16T00:00:00+00:00
[2023-09-16T13:51:56.507+0000] {processor.py:179} INFO - Processing /home/airflow/.local/lib/python3.8/site-packages/airflow/example_dags/example_bash_operator.py took 0.101 seconds
[2023-09-16T13:52:26.848+0000] {processor.py:157} INFO - Started process (PID=368) to work on /home/airflow/.local/lib/python3.8/site-packages/airflow/example_dags/example_bash_operator.py
[2023-09-16T13:52:26.849+0000] {processor.py:829} INFO - Processing file /home/airflow/.local/lib/python3.8/site-packages/airflow/example_dags/example_bash_operator.py for tasks to queue
[2023-09-16T13:52:26.851+0000] {logging_mixin.py:151} INFO - [2023-09-16T13:52:26.851+0000] {dagbag.py:539} INFO - Filling up the DagBag from /home/airflow/.local/lib/python3.8/site-packages/airflow/example_dags/example_bash_operator.py
[2023-09-16T13:52:26.861+0000] {processor.py:839} INFO - DAG(s) dict_keys(['example_bash_operator']) retrieved from /home/airflow/.local/lib/python3.8/site-packages/airflow/example_dags/example_bash_operator.py
[2023-09-16T13:52:26.890+0000] {logging_mixin.py:151} INFO - [2023-09-16T13:52:26.890+0000] {dag.py:2915} INFO - Sync 1 DAGs
[2023-09-16T13:52:26.913+0000] {logging_mixin.py:151} INFO - [2023-09-16T13:52:26.913+0000] {dag.py:3696} INFO - Setting next_dagrun for example_bash_operator to 2023-09-15T00:00:00+00:00, run_after=2023-09-16T00:00:00+00:00
[2023-09-16T13:52:26.930+0000] {processor.py:179} INFO - Processing /home/airflow/.local/lib/python3.8/site-packages/airflow/example_dags/example_bash_operator.py took 0.086 seconds
[2023-09-16T13:52:57.220+0000] {processor.py:157} INFO - Started process (PID=422) to work on /home/airflow/.local/lib/python3.8/site-packages/airflow/example_dags/example_bash_operator.py
[2023-09-16T13:52:57.221+0000] {processor.py:829} INFO - Processing file /home/airflow/.local/lib/python3.8/site-packages/airflow/example_dags/example_bash_operator.py for tasks to queue
[2023-09-16T13:52:57.223+0000] {logging_mixin.py:151} INFO - [2023-09-16T13:52:57.223+0000] {dagbag.py:539} INFO - Filling up the DagBag from /home/airflow/.local/lib/python3.8/site-packages/airflow/example_dags/example_bash_operator.py
[2023-09-16T13:52:57.233+0000] {processor.py:839} INFO - DAG(s) dict_keys(['example_bash_operator']) retrieved from /home/airflow/.local/lib/python3.8/site-packages/airflow/example_dags/example_bash_operator.py
[2023-09-16T13:52:57.267+0000] {logging_mixin.py:151} INFO - [2023-09-16T13:52:57.267+0000] {dag.py:2915} INFO - Sync 1 DAGs
[2023-09-16T13:52:57.292+0000] {logging_mixin.py:151} INFO - [2023-09-16T13:52:57.291+0000] {dag.py:3696} INFO - Setting next_dagrun for example_bash_operator to 2023-09-15T00:00:00+00:00, run_after=2023-09-16T00:00:00+00:00
[2023-09-16T13:52:57.311+0000] {processor.py:179} INFO - Processing /home/airflow/.local/lib/python3.8/site-packages/airflow/example_dags/example_bash_operator.py took 0.094 seconds
[2023-09-16T13:53:27.490+0000] {processor.py:157} INFO - Started process (PID=476) to work on /home/airflow/.local/lib/python3.8/site-packages/airflow/example_dags/example_bash_operator.py
[2023-09-16T13:53:27.491+0000] {processor.py:829} INFO - Processing file /home/airflow/.local/lib/python3.8/site-packages/airflow/example_dags/example_bash_operator.py for tasks to queue
[2023-09-16T13:53:27.493+0000] {logging_mixin.py:151} INFO - [2023-09-16T13:53:27.493+0000] {dagbag.py:539} INFO - Filling up the DagBag from /home/airflow/.local/lib/python3.8/site-packages/airflow/example_dags/example_bash_operator.py
[2023-09-16T13:53:27.504+0000] {processor.py:839} INFO - DAG(s) dict_keys(['example_bash_operator']) retrieved from /home/airflow/.local/lib/python3.8/site-packages/airflow/example_dags/example_bash_operator.py
[2023-09-16T13:53:27.532+0000] {logging_mixin.py:151} INFO - [2023-09-16T13:53:27.532+0000] {dag.py:2915} INFO - Sync 1 DAGs
[2023-09-16T13:53:27.553+0000] {logging_mixin.py:151} INFO - [2023-09-16T13:53:27.553+0000] {dag.py:3696} INFO - Setting next_dagrun for example_bash_operator to 2023-09-15T00:00:00+00:00, run_after=2023-09-16T00:00:00+00:00
[2023-09-16T13:53:27.573+0000] {processor.py:179} INFO - Processing /home/airflow/.local/lib/python3.8/site-packages/airflow/example_dags/example_bash_operator.py took 0.087 seconds
[2023-09-16T13:53:57.667+0000] {processor.py:157} INFO - Started process (PID=530) to work on /home/airflow/.local/lib/python3.8/site-packages/airflow/example_dags/example_bash_operator.py
[2023-09-16T13:53:57.668+0000] {processor.py:829} INFO - Processing file /home/airflow/.local/lib/python3.8/site-packages/airflow/example_dags/example_bash_operator.py for tasks to queue
[2023-09-16T13:53:57.671+0000] {logging_mixin.py:151} INFO - [2023-09-16T13:53:57.671+0000] {dagbag.py:539} INFO - Filling up the DagBag from /home/airflow/.local/lib/python3.8/site-packages/airflow/example_dags/example_bash_operator.py
[2023-09-16T13:53:57.680+0000] {processor.py:839} INFO - DAG(s) dict_keys(['example_bash_operator']) retrieved from /home/airflow/.local/lib/python3.8/site-packages/airflow/example_dags/example_bash_operator.py
[2023-09-16T13:53:57.709+0000] {logging_mixin.py:151} INFO - [2023-09-16T13:53:57.709+0000] {dag.py:2915} INFO - Sync 1 DAGs
[2023-09-16T13:53:57.729+0000] {logging_mixin.py:151} INFO - [2023-09-16T13:53:57.729+0000] {dag.py:3696} INFO - Setting next_dagrun for example_bash_operator to 2023-09-15T00:00:00+00:00, run_after=2023-09-16T00:00:00+00:00
[2023-09-16T13:53:57.746+0000] {processor.py:179} INFO - Processing /home/airflow/.local/lib/python3.8/site-packages/airflow/example_dags/example_bash_operator.py took 0.083 seconds
[2023-09-16T13:54:27.918+0000] {processor.py:157} INFO - Started process (PID=584) to work on /home/airflow/.local/lib/python3.8/site-packages/airflow/example_dags/example_bash_operator.py
[2023-09-16T13:54:27.919+0000] {processor.py:829} INFO - Processing file /home/airflow/.local/lib/python3.8/site-packages/airflow/example_dags/example_bash_operator.py for tasks to queue
[2023-09-16T13:54:27.921+0000] {logging_mixin.py:151} INFO - [2023-09-16T13:54:27.921+0000] {dagbag.py:539} INFO - Filling up the DagBag from /home/airflow/.local/lib/python3.8/site-packages/airflow/example_dags/example_bash_operator.py
[2023-09-16T13:54:27.931+0000] {processor.py:839} INFO - DAG(s) dict_keys(['example_bash_operator']) retrieved from /home/airflow/.local/lib/python3.8/site-packages/airflow/example_dags/example_bash_operator.py
[2023-09-16T13:54:27.959+0000] {logging_mixin.py:151} INFO - [2023-09-16T13:54:27.959+0000] {dag.py:2915} INFO - Sync 1 DAGs
[2023-09-16T13:54:27.980+0000] {logging_mixin.py:151} INFO - [2023-09-16T13:54:27.980+0000] {dag.py:3696} INFO - Setting next_dagrun for example_bash_operator to 2023-09-15T00:00:00+00:00, run_after=2023-09-16T00:00:00+00:00
[2023-09-16T13:54:27.994+0000] {processor.py:179} INFO - Processing /home/airflow/.local/lib/python3.8/site-packages/airflow/example_dags/example_bash_operator.py took 0.079 seconds
[2023-09-16T13:54:58.540+0000] {processor.py:157} INFO - Started process (PID=638) to work on /home/airflow/.local/lib/python3.8/site-packages/airflow/example_dags/example_bash_operator.py
[2023-09-16T13:54:58.541+0000] {processor.py:829} INFO - Processing file /home/airflow/.local/lib/python3.8/site-packages/airflow/example_dags/example_bash_operator.py for tasks to queue
[2023-09-16T13:54:58.543+0000] {logging_mixin.py:151} INFO - [2023-09-16T13:54:58.543+0000] {dagbag.py:539} INFO - Filling up the DagBag from /home/airflow/.local/lib/python3.8/site-packages/airflow/example_dags/example_bash_operator.py
[2023-09-16T13:54:58.554+0000] {processor.py:839} INFO - DAG(s) dict_keys(['example_bash_operator']) retrieved from /home/airflow/.local/lib/python3.8/site-packages/airflow/example_dags/example_bash_operator.py
[2023-09-16T13:54:58.585+0000] {logging_mixin.py:151} INFO - [2023-09-16T13:54:58.584+0000] {dag.py:2915} INFO - Sync 1 DAGs
[2023-09-16T13:54:58.606+0000] {logging_mixin.py:151} INFO - [2023-09-16T13:54:58.606+0000] {dag.py:3696} INFO - Setting next_dagrun for example_bash_operator to 2023-09-15T00:00:00+00:00, run_after=2023-09-16T00:00:00+00:00
[2023-09-16T13:54:58.621+0000] {processor.py:179} INFO - Processing /home/airflow/.local/lib/python3.8/site-packages/airflow/example_dags/example_bash_operator.py took 0.085 seconds
[2023-09-16T13:55:29.235+0000] {processor.py:157} INFO - Started process (PID=692) to work on /home/airflow/.local/lib/python3.8/site-packages/airflow/example_dags/example_bash_operator.py
[2023-09-16T13:55:29.236+0000] {processor.py:829} INFO - Processing file /home/airflow/.local/lib/python3.8/site-packages/airflow/example_dags/example_bash_operator.py for tasks to queue
[2023-09-16T13:55:29.238+0000] {logging_mixin.py:151} INFO - [2023-09-16T13:55:29.238+0000] {dagbag.py:539} INFO - Filling up the DagBag from /home/airflow/.local/lib/python3.8/site-packages/airflow/example_dags/example_bash_operator.py
[2023-09-16T13:55:29.249+0000] {processor.py:839} INFO - DAG(s) dict_keys(['example_bash_operator']) retrieved from /home/airflow/.local/lib/python3.8/site-packages/airflow/example_dags/example_bash_operator.py
[2023-09-16T13:55:29.278+0000] {logging_mixin.py:151} INFO - [2023-09-16T13:55:29.278+0000] {dag.py:2915} INFO - Sync 1 DAGs
[2023-09-16T13:55:29.298+0000] {logging_mixin.py:151} INFO - [2023-09-16T13:55:29.297+0000] {dag.py:3696} INFO - Setting next_dagrun for example_bash_operator to 2023-09-15T00:00:00+00:00, run_after=2023-09-16T00:00:00+00:00
[2023-09-16T13:55:29.314+0000] {processor.py:179} INFO - Processing /home/airflow/.local/lib/python3.8/site-packages/airflow/example_dags/example_bash_operator.py took 0.082 seconds
[2023-09-16T13:55:59.462+0000] {processor.py:157} INFO - Started process (PID=746) to work on /home/airflow/.local/lib/python3.8/site-packages/airflow/example_dags/example_bash_operator.py
[2023-09-16T13:55:59.463+0000] {processor.py:829} INFO - Processing file /home/airflow/.local/lib/python3.8/site-packages/airflow/example_dags/example_bash_operator.py for tasks to queue
[2023-09-16T13:55:59.464+0000] {logging_mixin.py:151} INFO - [2023-09-16T13:55:59.464+0000] {dagbag.py:539} INFO - Filling up the DagBag from /home/airflow/.local/lib/python3.8/site-packages/airflow/example_dags/example_bash_operator.py
[2023-09-16T13:55:59.474+0000] {processor.py:839} INFO - DAG(s) dict_keys(['example_bash_operator']) retrieved from /home/airflow/.local/lib/python3.8/site-packages/airflow/example_dags/example_bash_operator.py
[2023-09-16T13:55:59.502+0000] {logging_mixin.py:151} INFO - [2023-09-16T13:55:59.502+0000] {dag.py:2915} INFO - Sync 1 DAGs
[2023-09-16T13:55:59.523+0000] {logging_mixin.py:151} INFO - [2023-09-16T13:55:59.522+0000] {dag.py:3696} INFO - Setting next_dagrun for example_bash_operator to 2023-09-15T00:00:00+00:00, run_after=2023-09-16T00:00:00+00:00
[2023-09-16T13:55:59.538+0000] {processor.py:179} INFO - Processing /home/airflow/.local/lib/python3.8/site-packages/airflow/example_dags/example_bash_operator.py took 0.080 seconds
[2023-09-16T13:56:30.205+0000] {processor.py:157} INFO - Started process (PID=800) to work on /home/airflow/.local/lib/python3.8/site-packages/airflow/example_dags/example_bash_operator.py
[2023-09-16T13:56:30.206+0000] {processor.py:829} INFO - Processing file /home/airflow/.local/lib/python3.8/site-packages/airflow/example_dags/example_bash_operator.py for tasks to queue
[2023-09-16T13:56:30.208+0000] {logging_mixin.py:151} INFO - [2023-09-16T13:56:30.208+0000] {dagbag.py:539} INFO - Filling up the DagBag from /home/airflow/.local/lib/python3.8/site-packages/airflow/example_dags/example_bash_operator.py
[2023-09-16T13:56:30.218+0000] {processor.py:839} INFO - DAG(s) dict_keys(['example_bash_operator']) retrieved from /home/airflow/.local/lib/python3.8/site-packages/airflow/example_dags/example_bash_operator.py
[2023-09-16T13:56:30.247+0000] {logging_mixin.py:151} INFO - [2023-09-16T13:56:30.247+0000] {dag.py:2915} INFO - Sync 1 DAGs
[2023-09-16T13:56:30.268+0000] {logging_mixin.py:151} INFO - [2023-09-16T13:56:30.268+0000] {dag.py:3696} INFO - Setting next_dagrun for example_bash_operator to 2023-09-15T00:00:00+00:00, run_after=2023-09-16T00:00:00+00:00
[2023-09-16T13:56:30.284+0000] {processor.py:179} INFO - Processing /home/airflow/.local/lib/python3.8/site-packages/airflow/example_dags/example_bash_operator.py took 0.081 seconds
[2023-09-16T13:57:00.869+0000] {processor.py:157} INFO - Started process (PID=854) to work on /home/airflow/.local/lib/python3.8/site-packages/airflow/example_dags/example_bash_operator.py
[2023-09-16T13:57:00.870+0000] {processor.py:829} INFO - Processing file /home/airflow/.local/lib/python3.8/site-packages/airflow/example_dags/example_bash_operator.py for tasks to queue
[2023-09-16T13:57:00.872+0000] {logging_mixin.py:151} INFO - [2023-09-16T13:57:00.872+0000] {dagbag.py:539} INFO - Filling up the DagBag from /home/airflow/.local/lib/python3.8/site-packages/airflow/example_dags/example_bash_operator.py
[2023-09-16T13:57:00.882+0000] {processor.py:839} INFO - DAG(s) dict_keys(['example_bash_operator']) retrieved from /home/airflow/.local/lib/python3.8/site-packages/airflow/example_dags/example_bash_operator.py
[2023-09-16T13:57:00.911+0000] {logging_mixin.py:151} INFO - [2023-09-16T13:57:00.911+0000] {dag.py:2915} INFO - Sync 1 DAGs
[2023-09-16T13:57:00.934+0000] {logging_mixin.py:151} INFO - [2023-09-16T13:57:00.933+0000] {dag.py:3696} INFO - Setting next_dagrun for example_bash_operator to 2023-09-15T00:00:00+00:00, run_after=2023-09-16T00:00:00+00:00
[2023-09-16T13:57:00.950+0000] {processor.py:179} INFO - Processing /home/airflow/.local/lib/python3.8/site-packages/airflow/example_dags/example_bash_operator.py took 0.084 seconds
[2023-09-16T13:57:31.636+0000] {processor.py:157} INFO - Started process (PID=908) to work on /home/airflow/.local/lib/python3.8/site-packages/airflow/example_dags/example_bash_operator.py
[2023-09-16T13:57:31.637+0000] {processor.py:829} INFO - Processing file /home/airflow/.local/lib/python3.8/site-packages/airflow/example_dags/example_bash_operator.py for tasks to queue
[2023-09-16T13:57:31.639+0000] {logging_mixin.py:151} INFO - [2023-09-16T13:57:31.639+0000] {dagbag.py:539} INFO - Filling up the DagBag from /home/airflow/.local/lib/python3.8/site-packages/airflow/example_dags/example_bash_operator.py
[2023-09-16T13:57:31.650+0000] {processor.py:839} INFO - DAG(s) dict_keys(['example_bash_operator']) retrieved from /home/airflow/.local/lib/python3.8/site-packages/airflow/example_dags/example_bash_operator.py
[2023-09-16T13:57:31.679+0000] {logging_mixin.py:151} INFO - [2023-09-16T13:57:31.679+0000] {dag.py:2915} INFO - Sync 1 DAGs
[2023-09-16T13:57:31.701+0000] {logging_mixin.py:151} INFO - [2023-09-16T13:57:31.701+0000] {dag.py:3696} INFO - Setting next_dagrun for example_bash_operator to 2023-09-15T00:00:00+00:00, run_after=2023-09-16T00:00:00+00:00
[2023-09-16T13:57:31.717+0000] {processor.py:179} INFO - Processing /home/airflow/.local/lib/python3.8/site-packages/airflow/example_dags/example_bash_operator.py took 0.084 seconds
[2023-09-16T13:58:02.148+0000] {processor.py:157} INFO - Started process (PID=962) to work on /home/airflow/.local/lib/python3.8/site-packages/airflow/example_dags/example_bash_operator.py
[2023-09-16T13:58:02.149+0000] {processor.py:829} INFO - Processing file /home/airflow/.local/lib/python3.8/site-packages/airflow/example_dags/example_bash_operator.py for tasks to queue
[2023-09-16T13:58:02.151+0000] {logging_mixin.py:151} INFO - [2023-09-16T13:58:02.151+0000] {dagbag.py:539} INFO - Filling up the DagBag from /home/airflow/.local/lib/python3.8/site-packages/airflow/example_dags/example_bash_operator.py
[2023-09-16T13:58:02.161+0000] {processor.py:839} INFO - DAG(s) dict_keys(['example_bash_operator']) retrieved from /home/airflow/.local/lib/python3.8/site-packages/airflow/example_dags/example_bash_operator.py
[2023-09-16T13:58:02.191+0000] {logging_mixin.py:151} INFO - [2023-09-16T13:58:02.191+0000] {dag.py:2915} INFO - Sync 1 DAGs
[2023-09-16T13:58:02.213+0000] {logging_mixin.py:151} INFO - [2023-09-16T13:58:02.213+0000] {dag.py:3696} INFO - Setting next_dagrun for example_bash_operator to 2023-09-15T00:00:00+00:00, run_after=2023-09-16T00:00:00+00:00
[2023-09-16T13:58:02.229+0000] {processor.py:179} INFO - Processing /home/airflow/.local/lib/python3.8/site-packages/airflow/example_dags/example_bash_operator.py took 0.084 seconds
[2023-09-16T13:58:32.341+0000] {processor.py:157} INFO - Started process (PID=1016) to work on /home/airflow/.local/lib/python3.8/site-packages/airflow/example_dags/example_bash_operator.py
[2023-09-16T13:58:32.342+0000] {processor.py:829} INFO - Processing file /home/airflow/.local/lib/python3.8/site-packages/airflow/example_dags/example_bash_operator.py for tasks to queue
[2023-09-16T13:58:32.344+0000] {logging_mixin.py:151} INFO - [2023-09-16T13:58:32.344+0000] {dagbag.py:539} INFO - Filling up the DagBag from /home/airflow/.local/lib/python3.8/site-packages/airflow/example_dags/example_bash_operator.py
[2023-09-16T13:58:32.354+0000] {processor.py:839} INFO - DAG(s) dict_keys(['example_bash_operator']) retrieved from /home/airflow/.local/lib/python3.8/site-packages/airflow/example_dags/example_bash_operator.py
[2023-09-16T13:58:32.385+0000] {logging_mixin.py:151} INFO - [2023-09-16T13:58:32.384+0000] {dag.py:2915} INFO - Sync 1 DAGs
[2023-09-16T13:58:32.430+0000] {logging_mixin.py:151} INFO - [2023-09-16T13:58:32.429+0000] {dag.py:3696} INFO - Setting next_dagrun for example_bash_operator to 2023-09-15T00:00:00+00:00, run_after=2023-09-16T00:00:00+00:00
[2023-09-16T13:58:32.450+0000] {processor.py:179} INFO - Processing /home/airflow/.local/lib/python3.8/site-packages/airflow/example_dags/example_bash_operator.py took 0.112 seconds
