[2023-09-16T13:50:31.893+0000] {processor.py:157} INFO - Started process (PID=184) to work on /home/airflow/.local/lib/python3.8/site-packages/airflow/example_dags/example_task_group_decorator.py
[2023-09-16T13:50:31.894+0000] {processor.py:829} INFO - Processing file /home/airflow/.local/lib/python3.8/site-packages/airflow/example_dags/example_task_group_decorator.py for tasks to queue
[2023-09-16T13:50:31.896+0000] {logging_mixin.py:151} INFO - [2023-09-16T13:50:31.896+0000] {dagbag.py:539} INFO - Filling up the DagBag from /home/airflow/.local/lib/python3.8/site-packages/airflow/example_dags/example_task_group_decorator.py
[2023-09-16T13:50:31.928+0000] {processor.py:839} INFO - DAG(s) dict_keys(['example_task_group_decorator']) retrieved from /home/airflow/.local/lib/python3.8/site-packages/airflow/example_dags/example_task_group_decorator.py
[2023-09-16T13:50:31.963+0000] {logging_mixin.py:151} INFO - [2023-09-16T13:50:31.962+0000] {dag.py:2915} INFO - Sync 1 DAGs
[2023-09-16T13:50:31.988+0000] {logging_mixin.py:151} INFO - [2023-09-16T13:50:31.988+0000] {dag.py:3696} INFO - Setting next_dagrun for example_task_group_decorator to 2023-09-15T13:50:31.987804+00:00, run_after=2023-09-16T13:50:31.987804+00:00
[2023-09-16T13:50:32.006+0000] {processor.py:179} INFO - Processing /home/airflow/.local/lib/python3.8/site-packages/airflow/example_dags/example_task_group_decorator.py took 0.117 seconds
[2023-09-16T13:51:03.115+0000] {processor.py:157} INFO - Started process (PID=238) to work on /home/airflow/.local/lib/python3.8/site-packages/airflow/example_dags/example_task_group_decorator.py
[2023-09-16T13:51:03.116+0000] {processor.py:829} INFO - Processing file /home/airflow/.local/lib/python3.8/site-packages/airflow/example_dags/example_task_group_decorator.py for tasks to queue
[2023-09-16T13:51:03.118+0000] {logging_mixin.py:151} INFO - [2023-09-16T13:51:03.118+0000] {dagbag.py:539} INFO - Filling up the DagBag from /home/airflow/.local/lib/python3.8/site-packages/airflow/example_dags/example_task_group_decorator.py
[2023-09-16T13:51:03.131+0000] {processor.py:839} INFO - DAG(s) dict_keys(['example_task_group_decorator']) retrieved from /home/airflow/.local/lib/python3.8/site-packages/airflow/example_dags/example_task_group_decorator.py
[2023-09-16T13:51:03.154+0000] {logging_mixin.py:151} INFO - [2023-09-16T13:51:03.154+0000] {dag.py:2915} INFO - Sync 1 DAGs
[2023-09-16T13:51:03.174+0000] {logging_mixin.py:151} INFO - [2023-09-16T13:51:03.174+0000] {dag.py:3696} INFO - Setting next_dagrun for example_task_group_decorator to 2023-09-15T13:51:03.174131+00:00, run_after=2023-09-16T13:51:03.174131+00:00
[2023-09-16T13:51:03.190+0000] {processor.py:179} INFO - Processing /home/airflow/.local/lib/python3.8/site-packages/airflow/example_dags/example_task_group_decorator.py took 0.079 seconds
[2023-09-16T13:51:33.367+0000] {processor.py:157} INFO - Started process (PID=292) to work on /home/airflow/.local/lib/python3.8/site-packages/airflow/example_dags/example_task_group_decorator.py
[2023-09-16T13:51:33.368+0000] {processor.py:829} INFO - Processing file /home/airflow/.local/lib/python3.8/site-packages/airflow/example_dags/example_task_group_decorator.py for tasks to queue
[2023-09-16T13:51:33.370+0000] {logging_mixin.py:151} INFO - [2023-09-16T13:51:33.370+0000] {dagbag.py:539} INFO - Filling up the DagBag from /home/airflow/.local/lib/python3.8/site-packages/airflow/example_dags/example_task_group_decorator.py
[2023-09-16T13:51:33.383+0000] {processor.py:839} INFO - DAG(s) dict_keys(['example_task_group_decorator']) retrieved from /home/airflow/.local/lib/python3.8/site-packages/airflow/example_dags/example_task_group_decorator.py
[2023-09-16T13:51:33.406+0000] {logging_mixin.py:151} INFO - [2023-09-16T13:51:33.406+0000] {dag.py:2915} INFO - Sync 1 DAGs
[2023-09-16T13:51:33.430+0000] {logging_mixin.py:151} INFO - [2023-09-16T13:51:33.430+0000] {dag.py:3696} INFO - Setting next_dagrun for example_task_group_decorator to 2023-09-15T13:51:33.429859+00:00, run_after=2023-09-16T13:51:33.429859+00:00
[2023-09-16T13:51:33.447+0000] {processor.py:179} INFO - Processing /home/airflow/.local/lib/python3.8/site-packages/airflow/example_dags/example_task_group_decorator.py took 0.083 seconds
[2023-09-16T13:52:04.713+0000] {processor.py:157} INFO - Started process (PID=346) to work on /home/airflow/.local/lib/python3.8/site-packages/airflow/example_dags/example_task_group_decorator.py
[2023-09-16T13:52:04.714+0000] {processor.py:829} INFO - Processing file /home/airflow/.local/lib/python3.8/site-packages/airflow/example_dags/example_task_group_decorator.py for tasks to queue
[2023-09-16T13:52:04.716+0000] {logging_mixin.py:151} INFO - [2023-09-16T13:52:04.716+0000] {dagbag.py:539} INFO - Filling up the DagBag from /home/airflow/.local/lib/python3.8/site-packages/airflow/example_dags/example_task_group_decorator.py
[2023-09-16T13:52:04.729+0000] {processor.py:839} INFO - DAG(s) dict_keys(['example_task_group_decorator']) retrieved from /home/airflow/.local/lib/python3.8/site-packages/airflow/example_dags/example_task_group_decorator.py
[2023-09-16T13:52:04.756+0000] {logging_mixin.py:151} INFO - [2023-09-16T13:52:04.756+0000] {dag.py:2915} INFO - Sync 1 DAGs
[2023-09-16T13:52:04.785+0000] {logging_mixin.py:151} INFO - [2023-09-16T13:52:04.784+0000] {dag.py:3696} INFO - Setting next_dagrun for example_task_group_decorator to 2023-09-15T13:52:04.784535+00:00, run_after=2023-09-16T13:52:04.784535+00:00
[2023-09-16T13:52:04.805+0000] {processor.py:179} INFO - Processing /home/airflow/.local/lib/python3.8/site-packages/airflow/example_dags/example_task_group_decorator.py took 0.095 seconds
[2023-09-16T13:52:35.044+0000] {processor.py:157} INFO - Started process (PID=400) to work on /home/airflow/.local/lib/python3.8/site-packages/airflow/example_dags/example_task_group_decorator.py
[2023-09-16T13:52:35.045+0000] {processor.py:829} INFO - Processing file /home/airflow/.local/lib/python3.8/site-packages/airflow/example_dags/example_task_group_decorator.py for tasks to queue
[2023-09-16T13:52:35.048+0000] {logging_mixin.py:151} INFO - [2023-09-16T13:52:35.048+0000] {dagbag.py:539} INFO - Filling up the DagBag from /home/airflow/.local/lib/python3.8/site-packages/airflow/example_dags/example_task_group_decorator.py
[2023-09-16T13:52:35.063+0000] {processor.py:839} INFO - DAG(s) dict_keys(['example_task_group_decorator']) retrieved from /home/airflow/.local/lib/python3.8/site-packages/airflow/example_dags/example_task_group_decorator.py
[2023-09-16T13:52:35.090+0000] {logging_mixin.py:151} INFO - [2023-09-16T13:52:35.090+0000] {dag.py:2915} INFO - Sync 1 DAGs
[2023-09-16T13:52:35.127+0000] {logging_mixin.py:151} INFO - [2023-09-16T13:52:35.126+0000] {dag.py:3696} INFO - Setting next_dagrun for example_task_group_decorator to 2023-09-15T13:52:35.126603+00:00, run_after=2023-09-16T13:52:35.126603+00:00
[2023-09-16T13:52:35.144+0000] {processor.py:179} INFO - Processing /home/airflow/.local/lib/python3.8/site-packages/airflow/example_dags/example_task_group_decorator.py took 0.104 seconds
[2023-09-16T13:53:06.441+0000] {processor.py:157} INFO - Started process (PID=454) to work on /home/airflow/.local/lib/python3.8/site-packages/airflow/example_dags/example_task_group_decorator.py
[2023-09-16T13:53:06.442+0000] {processor.py:829} INFO - Processing file /home/airflow/.local/lib/python3.8/site-packages/airflow/example_dags/example_task_group_decorator.py for tasks to queue
[2023-09-16T13:53:06.445+0000] {logging_mixin.py:151} INFO - [2023-09-16T13:53:06.445+0000] {dagbag.py:539} INFO - Filling up the DagBag from /home/airflow/.local/lib/python3.8/site-packages/airflow/example_dags/example_task_group_decorator.py
[2023-09-16T13:53:06.459+0000] {processor.py:839} INFO - DAG(s) dict_keys(['example_task_group_decorator']) retrieved from /home/airflow/.local/lib/python3.8/site-packages/airflow/example_dags/example_task_group_decorator.py
[2023-09-16T13:53:06.485+0000] {logging_mixin.py:151} INFO - [2023-09-16T13:53:06.485+0000] {dag.py:2915} INFO - Sync 1 DAGs
[2023-09-16T13:53:06.508+0000] {logging_mixin.py:151} INFO - [2023-09-16T13:53:06.508+0000] {dag.py:3696} INFO - Setting next_dagrun for example_task_group_decorator to 2023-09-15T13:53:06.508243+00:00, run_after=2023-09-16T13:53:06.508243+00:00
[2023-09-16T13:53:06.534+0000] {processor.py:179} INFO - Processing /home/airflow/.local/lib/python3.8/site-packages/airflow/example_dags/example_task_group_decorator.py took 0.097 seconds
[2023-09-16T13:53:37.662+0000] {processor.py:157} INFO - Started process (PID=508) to work on /home/airflow/.local/lib/python3.8/site-packages/airflow/example_dags/example_task_group_decorator.py
[2023-09-16T13:53:37.663+0000] {processor.py:829} INFO - Processing file /home/airflow/.local/lib/python3.8/site-packages/airflow/example_dags/example_task_group_decorator.py for tasks to queue
[2023-09-16T13:53:37.666+0000] {logging_mixin.py:151} INFO - [2023-09-16T13:53:37.665+0000] {dagbag.py:539} INFO - Filling up the DagBag from /home/airflow/.local/lib/python3.8/site-packages/airflow/example_dags/example_task_group_decorator.py
[2023-09-16T13:53:37.680+0000] {processor.py:839} INFO - DAG(s) dict_keys(['example_task_group_decorator']) retrieved from /home/airflow/.local/lib/python3.8/site-packages/airflow/example_dags/example_task_group_decorator.py
[2023-09-16T13:53:37.705+0000] {logging_mixin.py:151} INFO - [2023-09-16T13:53:37.705+0000] {dag.py:2915} INFO - Sync 1 DAGs
[2023-09-16T13:53:37.725+0000] {logging_mixin.py:151} INFO - [2023-09-16T13:53:37.725+0000] {dag.py:3696} INFO - Setting next_dagrun for example_task_group_decorator to 2023-09-15T13:53:37.725493+00:00, run_after=2023-09-16T13:53:37.725493+00:00
[2023-09-16T13:53:37.740+0000] {processor.py:179} INFO - Processing /home/airflow/.local/lib/python3.8/site-packages/airflow/example_dags/example_task_group_decorator.py took 0.082 seconds
[2023-09-16T13:54:08.954+0000] {processor.py:157} INFO - Started process (PID=569) to work on /home/airflow/.local/lib/python3.8/site-packages/airflow/example_dags/example_task_group_decorator.py
[2023-09-16T13:54:08.960+0000] {processor.py:829} INFO - Processing file /home/airflow/.local/lib/python3.8/site-packages/airflow/example_dags/example_task_group_decorator.py for tasks to queue
[2023-09-16T13:54:08.963+0000] {logging_mixin.py:151} INFO - [2023-09-16T13:54:08.963+0000] {dagbag.py:539} INFO - Filling up the DagBag from /home/airflow/.local/lib/python3.8/site-packages/airflow/example_dags/example_task_group_decorator.py
[2023-09-16T13:54:08.976+0000] {processor.py:839} INFO - DAG(s) dict_keys(['example_task_group_decorator']) retrieved from /home/airflow/.local/lib/python3.8/site-packages/airflow/example_dags/example_task_group_decorator.py
[2023-09-16T13:54:09.000+0000] {logging_mixin.py:151} INFO - [2023-09-16T13:54:08.999+0000] {dag.py:2915} INFO - Sync 1 DAGs
[2023-09-16T13:54:09.020+0000] {logging_mixin.py:151} INFO - [2023-09-16T13:54:09.019+0000] {dag.py:3696} INFO - Setting next_dagrun for example_task_group_decorator to 2023-09-15T13:54:09.019734+00:00, run_after=2023-09-16T13:54:09.019734+00:00
[2023-09-16T13:54:09.035+0000] {processor.py:179} INFO - Processing /home/airflow/.local/lib/python3.8/site-packages/airflow/example_dags/example_task_group_decorator.py took 0.086 seconds
[2023-09-16T13:54:39.937+0000] {processor.py:157} INFO - Started process (PID=623) to work on /home/airflow/.local/lib/python3.8/site-packages/airflow/example_dags/example_task_group_decorator.py
[2023-09-16T13:54:39.938+0000] {processor.py:829} INFO - Processing file /home/airflow/.local/lib/python3.8/site-packages/airflow/example_dags/example_task_group_decorator.py for tasks to queue
[2023-09-16T13:54:39.941+0000] {logging_mixin.py:151} INFO - [2023-09-16T13:54:39.940+0000] {dagbag.py:539} INFO - Filling up the DagBag from /home/airflow/.local/lib/python3.8/site-packages/airflow/example_dags/example_task_group_decorator.py
[2023-09-16T13:54:39.954+0000] {processor.py:839} INFO - DAG(s) dict_keys(['example_task_group_decorator']) retrieved from /home/airflow/.local/lib/python3.8/site-packages/airflow/example_dags/example_task_group_decorator.py
[2023-09-16T13:54:39.978+0000] {logging_mixin.py:151} INFO - [2023-09-16T13:54:39.977+0000] {dag.py:2915} INFO - Sync 1 DAGs
[2023-09-16T13:54:39.997+0000] {logging_mixin.py:151} INFO - [2023-09-16T13:54:39.997+0000] {dag.py:3696} INFO - Setting next_dagrun for example_task_group_decorator to 2023-09-15T13:54:39.997484+00:00, run_after=2023-09-16T13:54:39.997484+00:00
[2023-09-16T13:54:40.013+0000] {processor.py:179} INFO - Processing /home/airflow/.local/lib/python3.8/site-packages/airflow/example_dags/example_task_group_decorator.py took 0.079 seconds
[2023-09-16T13:55:10.519+0000] {processor.py:157} INFO - Started process (PID=677) to work on /home/airflow/.local/lib/python3.8/site-packages/airflow/example_dags/example_task_group_decorator.py
[2023-09-16T13:55:10.520+0000] {processor.py:829} INFO - Processing file /home/airflow/.local/lib/python3.8/site-packages/airflow/example_dags/example_task_group_decorator.py for tasks to queue
[2023-09-16T13:55:10.523+0000] {logging_mixin.py:151} INFO - [2023-09-16T13:55:10.523+0000] {dagbag.py:539} INFO - Filling up the DagBag from /home/airflow/.local/lib/python3.8/site-packages/airflow/example_dags/example_task_group_decorator.py
[2023-09-16T13:55:10.536+0000] {processor.py:839} INFO - DAG(s) dict_keys(['example_task_group_decorator']) retrieved from /home/airflow/.local/lib/python3.8/site-packages/airflow/example_dags/example_task_group_decorator.py
[2023-09-16T13:55:10.559+0000] {logging_mixin.py:151} INFO - [2023-09-16T13:55:10.559+0000] {dag.py:2915} INFO - Sync 1 DAGs
[2023-09-16T13:55:10.577+0000] {logging_mixin.py:151} INFO - [2023-09-16T13:55:10.577+0000] {dag.py:3696} INFO - Setting next_dagrun for example_task_group_decorator to 2023-09-15T13:55:10.577640+00:00, run_after=2023-09-16T13:55:10.577640+00:00
[2023-09-16T13:55:10.592+0000] {processor.py:179} INFO - Processing /home/airflow/.local/lib/python3.8/site-packages/airflow/example_dags/example_task_group_decorator.py took 0.076 seconds
[2023-09-16T13:55:41.396+0000] {processor.py:157} INFO - Started process (PID=731) to work on /home/airflow/.local/lib/python3.8/site-packages/airflow/example_dags/example_task_group_decorator.py
[2023-09-16T13:55:41.397+0000] {processor.py:829} INFO - Processing file /home/airflow/.local/lib/python3.8/site-packages/airflow/example_dags/example_task_group_decorator.py for tasks to queue
[2023-09-16T13:55:41.399+0000] {logging_mixin.py:151} INFO - [2023-09-16T13:55:41.399+0000] {dagbag.py:539} INFO - Filling up the DagBag from /home/airflow/.local/lib/python3.8/site-packages/airflow/example_dags/example_task_group_decorator.py
[2023-09-16T13:55:41.412+0000] {processor.py:839} INFO - DAG(s) dict_keys(['example_task_group_decorator']) retrieved from /home/airflow/.local/lib/python3.8/site-packages/airflow/example_dags/example_task_group_decorator.py
[2023-09-16T13:55:41.439+0000] {logging_mixin.py:151} INFO - [2023-09-16T13:55:41.438+0000] {dag.py:2915} INFO - Sync 1 DAGs
[2023-09-16T13:55:41.460+0000] {logging_mixin.py:151} INFO - [2023-09-16T13:55:41.460+0000] {dag.py:3696} INFO - Setting next_dagrun for example_task_group_decorator to 2023-09-15T13:55:41.460354+00:00, run_after=2023-09-16T13:55:41.460354+00:00
[2023-09-16T13:55:41.478+0000] {processor.py:179} INFO - Processing /home/airflow/.local/lib/python3.8/site-packages/airflow/example_dags/example_task_group_decorator.py took 0.086 seconds
[2023-09-16T13:56:12.446+0000] {processor.py:157} INFO - Started process (PID=785) to work on /home/airflow/.local/lib/python3.8/site-packages/airflow/example_dags/example_task_group_decorator.py
[2023-09-16T13:56:12.447+0000] {processor.py:829} INFO - Processing file /home/airflow/.local/lib/python3.8/site-packages/airflow/example_dags/example_task_group_decorator.py for tasks to queue
[2023-09-16T13:56:12.450+0000] {logging_mixin.py:151} INFO - [2023-09-16T13:56:12.449+0000] {dagbag.py:539} INFO - Filling up the DagBag from /home/airflow/.local/lib/python3.8/site-packages/airflow/example_dags/example_task_group_decorator.py
[2023-09-16T13:56:12.464+0000] {processor.py:839} INFO - DAG(s) dict_keys(['example_task_group_decorator']) retrieved from /home/airflow/.local/lib/python3.8/site-packages/airflow/example_dags/example_task_group_decorator.py
[2023-09-16T13:56:12.488+0000] {logging_mixin.py:151} INFO - [2023-09-16T13:56:12.488+0000] {dag.py:2915} INFO - Sync 1 DAGs
[2023-09-16T13:56:12.509+0000] {logging_mixin.py:151} INFO - [2023-09-16T13:56:12.509+0000] {dag.py:3696} INFO - Setting next_dagrun for example_task_group_decorator to 2023-09-15T13:56:12.509033+00:00, run_after=2023-09-16T13:56:12.509033+00:00
[2023-09-16T13:56:12.526+0000] {processor.py:179} INFO - Processing /home/airflow/.local/lib/python3.8/site-packages/airflow/example_dags/example_task_group_decorator.py took 0.083 seconds
[2023-09-16T13:56:43.222+0000] {processor.py:157} INFO - Started process (PID=839) to work on /home/airflow/.local/lib/python3.8/site-packages/airflow/example_dags/example_task_group_decorator.py
[2023-09-16T13:56:43.223+0000] {processor.py:829} INFO - Processing file /home/airflow/.local/lib/python3.8/site-packages/airflow/example_dags/example_task_group_decorator.py for tasks to queue
[2023-09-16T13:56:43.226+0000] {logging_mixin.py:151} INFO - [2023-09-16T13:56:43.226+0000] {dagbag.py:539} INFO - Filling up the DagBag from /home/airflow/.local/lib/python3.8/site-packages/airflow/example_dags/example_task_group_decorator.py
[2023-09-16T13:56:43.239+0000] {processor.py:839} INFO - DAG(s) dict_keys(['example_task_group_decorator']) retrieved from /home/airflow/.local/lib/python3.8/site-packages/airflow/example_dags/example_task_group_decorator.py
[2023-09-16T13:56:43.261+0000] {logging_mixin.py:151} INFO - [2023-09-16T13:56:43.261+0000] {dag.py:2915} INFO - Sync 1 DAGs
[2023-09-16T13:56:43.281+0000] {logging_mixin.py:151} INFO - [2023-09-16T13:56:43.280+0000] {dag.py:3696} INFO - Setting next_dagrun for example_task_group_decorator to 2023-09-15T13:56:43.280726+00:00, run_after=2023-09-16T13:56:43.280726+00:00
[2023-09-16T13:56:43.296+0000] {processor.py:179} INFO - Processing /home/airflow/.local/lib/python3.8/site-packages/airflow/example_dags/example_task_group_decorator.py took 0.077 seconds
[2023-09-16T13:57:13.919+0000] {processor.py:157} INFO - Started process (PID=893) to work on /home/airflow/.local/lib/python3.8/site-packages/airflow/example_dags/example_task_group_decorator.py
[2023-09-16T13:57:13.920+0000] {processor.py:829} INFO - Processing file /home/airflow/.local/lib/python3.8/site-packages/airflow/example_dags/example_task_group_decorator.py for tasks to queue
[2023-09-16T13:57:13.923+0000] {logging_mixin.py:151} INFO - [2023-09-16T13:57:13.922+0000] {dagbag.py:539} INFO - Filling up the DagBag from /home/airflow/.local/lib/python3.8/site-packages/airflow/example_dags/example_task_group_decorator.py
[2023-09-16T13:57:13.936+0000] {processor.py:839} INFO - DAG(s) dict_keys(['example_task_group_decorator']) retrieved from /home/airflow/.local/lib/python3.8/site-packages/airflow/example_dags/example_task_group_decorator.py
[2023-09-16T13:57:13.960+0000] {logging_mixin.py:151} INFO - [2023-09-16T13:57:13.960+0000] {dag.py:2915} INFO - Sync 1 DAGs
[2023-09-16T13:57:13.980+0000] {logging_mixin.py:151} INFO - [2023-09-16T13:57:13.980+0000] {dag.py:3696} INFO - Setting next_dagrun for example_task_group_decorator to 2023-09-15T13:57:13.979864+00:00, run_after=2023-09-16T13:57:13.979864+00:00
[2023-09-16T13:57:13.995+0000] {processor.py:179} INFO - Processing /home/airflow/.local/lib/python3.8/site-packages/airflow/example_dags/example_task_group_decorator.py took 0.079 seconds
[2023-09-16T13:57:45.301+0000] {processor.py:157} INFO - Started process (PID=947) to work on /home/airflow/.local/lib/python3.8/site-packages/airflow/example_dags/example_task_group_decorator.py
[2023-09-16T13:57:45.302+0000] {processor.py:829} INFO - Processing file /home/airflow/.local/lib/python3.8/site-packages/airflow/example_dags/example_task_group_decorator.py for tasks to queue
[2023-09-16T13:57:45.304+0000] {logging_mixin.py:151} INFO - [2023-09-16T13:57:45.304+0000] {dagbag.py:539} INFO - Filling up the DagBag from /home/airflow/.local/lib/python3.8/site-packages/airflow/example_dags/example_task_group_decorator.py
[2023-09-16T13:57:45.318+0000] {processor.py:839} INFO - DAG(s) dict_keys(['example_task_group_decorator']) retrieved from /home/airflow/.local/lib/python3.8/site-packages/airflow/example_dags/example_task_group_decorator.py
[2023-09-16T13:57:45.342+0000] {logging_mixin.py:151} INFO - [2023-09-16T13:57:45.342+0000] {dag.py:2915} INFO - Sync 1 DAGs
[2023-09-16T13:57:45.362+0000] {logging_mixin.py:151} INFO - [2023-09-16T13:57:45.362+0000] {dag.py:3696} INFO - Setting next_dagrun for example_task_group_decorator to 2023-09-15T13:57:45.362369+00:00, run_after=2023-09-16T13:57:45.362369+00:00
[2023-09-16T13:57:45.380+0000] {processor.py:179} INFO - Processing /home/airflow/.local/lib/python3.8/site-packages/airflow/example_dags/example_task_group_decorator.py took 0.082 seconds
[2023-09-16T13:58:16.380+0000] {processor.py:157} INFO - Started process (PID=1001) to work on /home/airflow/.local/lib/python3.8/site-packages/airflow/example_dags/example_task_group_decorator.py
[2023-09-16T13:58:16.381+0000] {processor.py:829} INFO - Processing file /home/airflow/.local/lib/python3.8/site-packages/airflow/example_dags/example_task_group_decorator.py for tasks to queue
[2023-09-16T13:58:16.384+0000] {logging_mixin.py:151} INFO - [2023-09-16T13:58:16.383+0000] {dagbag.py:539} INFO - Filling up the DagBag from /home/airflow/.local/lib/python3.8/site-packages/airflow/example_dags/example_task_group_decorator.py
[2023-09-16T13:58:16.397+0000] {processor.py:839} INFO - DAG(s) dict_keys(['example_task_group_decorator']) retrieved from /home/airflow/.local/lib/python3.8/site-packages/airflow/example_dags/example_task_group_decorator.py
[2023-09-16T13:58:16.420+0000] {logging_mixin.py:151} INFO - [2023-09-16T13:58:16.419+0000] {dag.py:2915} INFO - Sync 1 DAGs
[2023-09-16T13:58:16.440+0000] {logging_mixin.py:151} INFO - [2023-09-16T13:58:16.440+0000] {dag.py:3696} INFO - Setting next_dagrun for example_task_group_decorator to 2023-09-15T13:58:16.439939+00:00, run_after=2023-09-16T13:58:16.439939+00:00
[2023-09-16T13:58:16.455+0000] {processor.py:179} INFO - Processing /home/airflow/.local/lib/python3.8/site-packages/airflow/example_dags/example_task_group_decorator.py took 0.078 seconds
