[2023-09-16T13:50:26.550+0000] {processor.py:157} INFO - Started process (PID=159) to work on /home/airflow/.local/lib/python3.8/site-packages/airflow/example_dags/example_complex.py
[2023-09-16T13:50:26.551+0000] {processor.py:829} INFO - Processing file /home/airflow/.local/lib/python3.8/site-packages/airflow/example_dags/example_complex.py for tasks to queue
[2023-09-16T13:50:26.554+0000] {logging_mixin.py:151} INFO - [2023-09-16T13:50:26.553+0000] {dagbag.py:539} INFO - Filling up the DagBag from /home/airflow/.local/lib/python3.8/site-packages/airflow/example_dags/example_complex.py
[2023-09-16T13:50:26.570+0000] {processor.py:839} INFO - DAG(s) dict_keys(['example_complex']) retrieved from /home/airflow/.local/lib/python3.8/site-packages/airflow/example_dags/example_complex.py
[2023-09-16T13:50:26.662+0000] {logging_mixin.py:151} INFO - [2023-09-16T13:50:26.662+0000] {dag.py:2915} INFO - Sync 1 DAGs
[2023-09-16T13:50:26.727+0000] {logging_mixin.py:151} INFO - [2023-09-16T13:50:26.727+0000] {dag.py:3696} INFO - Setting next_dagrun for example_complex to None, run_after=None
[2023-09-16T13:50:26.749+0000] {processor.py:179} INFO - Processing /home/airflow/.local/lib/python3.8/site-packages/airflow/example_dags/example_complex.py took 0.203 seconds
[2023-09-16T13:50:57.218+0000] {processor.py:157} INFO - Started process (PID=213) to work on /home/airflow/.local/lib/python3.8/site-packages/airflow/example_dags/example_complex.py
[2023-09-16T13:50:57.219+0000] {processor.py:829} INFO - Processing file /home/airflow/.local/lib/python3.8/site-packages/airflow/example_dags/example_complex.py for tasks to queue
[2023-09-16T13:50:57.221+0000] {logging_mixin.py:151} INFO - [2023-09-16T13:50:57.221+0000] {dagbag.py:539} INFO - Filling up the DagBag from /home/airflow/.local/lib/python3.8/site-packages/airflow/example_dags/example_complex.py
[2023-09-16T13:50:57.232+0000] {processor.py:839} INFO - DAG(s) dict_keys(['example_complex']) retrieved from /home/airflow/.local/lib/python3.8/site-packages/airflow/example_dags/example_complex.py
[2023-09-16T13:50:57.267+0000] {logging_mixin.py:151} INFO - [2023-09-16T13:50:57.267+0000] {dag.py:2915} INFO - Sync 1 DAGs
[2023-09-16T13:50:57.279+0000] {logging_mixin.py:151} INFO - [2023-09-16T13:50:57.278+0000] {dag.py:3696} INFO - Setting next_dagrun for example_complex to None, run_after=None
[2023-09-16T13:50:57.295+0000] {processor.py:179} INFO - Processing /home/airflow/.local/lib/python3.8/site-packages/airflow/example_dags/example_complex.py took 0.080 seconds
[2023-09-16T13:51:27.616+0000] {processor.py:157} INFO - Started process (PID=267) to work on /home/airflow/.local/lib/python3.8/site-packages/airflow/example_dags/example_complex.py
[2023-09-16T13:51:27.617+0000] {processor.py:829} INFO - Processing file /home/airflow/.local/lib/python3.8/site-packages/airflow/example_dags/example_complex.py for tasks to queue
[2023-09-16T13:51:27.618+0000] {logging_mixin.py:151} INFO - [2023-09-16T13:51:27.618+0000] {dagbag.py:539} INFO - Filling up the DagBag from /home/airflow/.local/lib/python3.8/site-packages/airflow/example_dags/example_complex.py
[2023-09-16T13:51:27.631+0000] {processor.py:839} INFO - DAG(s) dict_keys(['example_complex']) retrieved from /home/airflow/.local/lib/python3.8/site-packages/airflow/example_dags/example_complex.py
[2023-09-16T13:51:27.679+0000] {logging_mixin.py:151} INFO - [2023-09-16T13:51:27.679+0000] {dag.py:2915} INFO - Sync 1 DAGs
[2023-09-16T13:51:27.693+0000] {logging_mixin.py:151} INFO - [2023-09-16T13:51:27.692+0000] {dag.py:3696} INFO - Setting next_dagrun for example_complex to None, run_after=None
[2023-09-16T13:51:27.711+0000] {processor.py:179} INFO - Processing /home/airflow/.local/lib/python3.8/site-packages/airflow/example_dags/example_complex.py took 0.099 seconds
[2023-09-16T13:51:57.869+0000] {processor.py:157} INFO - Started process (PID=321) to work on /home/airflow/.local/lib/python3.8/site-packages/airflow/example_dags/example_complex.py
[2023-09-16T13:51:57.870+0000] {processor.py:829} INFO - Processing file /home/airflow/.local/lib/python3.8/site-packages/airflow/example_dags/example_complex.py for tasks to queue
[2023-09-16T13:51:57.872+0000] {logging_mixin.py:151} INFO - [2023-09-16T13:51:57.872+0000] {dagbag.py:539} INFO - Filling up the DagBag from /home/airflow/.local/lib/python3.8/site-packages/airflow/example_dags/example_complex.py
[2023-09-16T13:51:57.883+0000] {processor.py:839} INFO - DAG(s) dict_keys(['example_complex']) retrieved from /home/airflow/.local/lib/python3.8/site-packages/airflow/example_dags/example_complex.py
[2023-09-16T13:51:57.916+0000] {logging_mixin.py:151} INFO - [2023-09-16T13:51:57.916+0000] {dag.py:2915} INFO - Sync 1 DAGs
[2023-09-16T13:51:57.929+0000] {logging_mixin.py:151} INFO - [2023-09-16T13:51:57.929+0000] {dag.py:3696} INFO - Setting next_dagrun for example_complex to None, run_after=None
[2023-09-16T13:51:57.948+0000] {processor.py:179} INFO - Processing /home/airflow/.local/lib/python3.8/site-packages/airflow/example_dags/example_complex.py took 0.082 seconds
[2023-09-16T13:52:28.253+0000] {processor.py:157} INFO - Started process (PID=375) to work on /home/airflow/.local/lib/python3.8/site-packages/airflow/example_dags/example_complex.py
[2023-09-16T13:52:28.254+0000] {processor.py:829} INFO - Processing file /home/airflow/.local/lib/python3.8/site-packages/airflow/example_dags/example_complex.py for tasks to queue
[2023-09-16T13:52:28.255+0000] {logging_mixin.py:151} INFO - [2023-09-16T13:52:28.255+0000] {dagbag.py:539} INFO - Filling up the DagBag from /home/airflow/.local/lib/python3.8/site-packages/airflow/example_dags/example_complex.py
[2023-09-16T13:52:28.265+0000] {processor.py:839} INFO - DAG(s) dict_keys(['example_complex']) retrieved from /home/airflow/.local/lib/python3.8/site-packages/airflow/example_dags/example_complex.py
[2023-09-16T13:52:28.295+0000] {logging_mixin.py:151} INFO - [2023-09-16T13:52:28.295+0000] {dag.py:2915} INFO - Sync 1 DAGs
[2023-09-16T13:52:28.307+0000] {logging_mixin.py:151} INFO - [2023-09-16T13:52:28.307+0000] {dag.py:3696} INFO - Setting next_dagrun for example_complex to None, run_after=None
[2023-09-16T13:52:28.322+0000] {processor.py:179} INFO - Processing /home/airflow/.local/lib/python3.8/site-packages/airflow/example_dags/example_complex.py took 0.073 seconds
[2023-09-16T13:52:58.565+0000] {processor.py:157} INFO - Started process (PID=429) to work on /home/airflow/.local/lib/python3.8/site-packages/airflow/example_dags/example_complex.py
[2023-09-16T13:52:58.566+0000] {processor.py:829} INFO - Processing file /home/airflow/.local/lib/python3.8/site-packages/airflow/example_dags/example_complex.py for tasks to queue
[2023-09-16T13:52:58.568+0000] {logging_mixin.py:151} INFO - [2023-09-16T13:52:58.567+0000] {dagbag.py:539} INFO - Filling up the DagBag from /home/airflow/.local/lib/python3.8/site-packages/airflow/example_dags/example_complex.py
[2023-09-16T13:52:58.578+0000] {processor.py:839} INFO - DAG(s) dict_keys(['example_complex']) retrieved from /home/airflow/.local/lib/python3.8/site-packages/airflow/example_dags/example_complex.py
[2023-09-16T13:52:58.608+0000] {logging_mixin.py:151} INFO - [2023-09-16T13:52:58.607+0000] {dag.py:2915} INFO - Sync 1 DAGs
[2023-09-16T13:52:58.619+0000] {logging_mixin.py:151} INFO - [2023-09-16T13:52:58.619+0000] {dag.py:3696} INFO - Setting next_dagrun for example_complex to None, run_after=None
[2023-09-16T13:52:58.634+0000] {processor.py:179} INFO - Processing /home/airflow/.local/lib/python3.8/site-packages/airflow/example_dags/example_complex.py took 0.073 seconds
[2023-09-16T13:53:28.896+0000] {processor.py:157} INFO - Started process (PID=483) to work on /home/airflow/.local/lib/python3.8/site-packages/airflow/example_dags/example_complex.py
[2023-09-16T13:53:28.897+0000] {processor.py:829} INFO - Processing file /home/airflow/.local/lib/python3.8/site-packages/airflow/example_dags/example_complex.py for tasks to queue
[2023-09-16T13:53:28.899+0000] {logging_mixin.py:151} INFO - [2023-09-16T13:53:28.898+0000] {dagbag.py:539} INFO - Filling up the DagBag from /home/airflow/.local/lib/python3.8/site-packages/airflow/example_dags/example_complex.py
[2023-09-16T13:53:28.910+0000] {processor.py:839} INFO - DAG(s) dict_keys(['example_complex']) retrieved from /home/airflow/.local/lib/python3.8/site-packages/airflow/example_dags/example_complex.py
[2023-09-16T13:53:28.938+0000] {logging_mixin.py:151} INFO - [2023-09-16T13:53:28.938+0000] {dag.py:2915} INFO - Sync 1 DAGs
[2023-09-16T13:53:28.951+0000] {logging_mixin.py:151} INFO - [2023-09-16T13:53:28.951+0000] {dag.py:3696} INFO - Setting next_dagrun for example_complex to None, run_after=None
[2023-09-16T13:53:28.966+0000] {processor.py:179} INFO - Processing /home/airflow/.local/lib/python3.8/site-packages/airflow/example_dags/example_complex.py took 0.074 seconds
[2023-09-16T13:53:59.079+0000] {processor.py:157} INFO - Started process (PID=537) to work on /home/airflow/.local/lib/python3.8/site-packages/airflow/example_dags/example_complex.py
[2023-09-16T13:53:59.080+0000] {processor.py:829} INFO - Processing file /home/airflow/.local/lib/python3.8/site-packages/airflow/example_dags/example_complex.py for tasks to queue
[2023-09-16T13:53:59.082+0000] {logging_mixin.py:151} INFO - [2023-09-16T13:53:59.082+0000] {dagbag.py:539} INFO - Filling up the DagBag from /home/airflow/.local/lib/python3.8/site-packages/airflow/example_dags/example_complex.py
[2023-09-16T13:53:59.092+0000] {processor.py:839} INFO - DAG(s) dict_keys(['example_complex']) retrieved from /home/airflow/.local/lib/python3.8/site-packages/airflow/example_dags/example_complex.py
[2023-09-16T13:53:59.122+0000] {logging_mixin.py:151} INFO - [2023-09-16T13:53:59.122+0000] {dag.py:2915} INFO - Sync 1 DAGs
[2023-09-16T13:53:59.134+0000] {logging_mixin.py:151} INFO - [2023-09-16T13:53:59.134+0000] {dag.py:3696} INFO - Setting next_dagrun for example_complex to None, run_after=None
[2023-09-16T13:53:59.148+0000] {processor.py:179} INFO - Processing /home/airflow/.local/lib/python3.8/site-packages/airflow/example_dags/example_complex.py took 0.072 seconds
[2023-09-16T13:54:29.302+0000] {processor.py:157} INFO - Started process (PID=591) to work on /home/airflow/.local/lib/python3.8/site-packages/airflow/example_dags/example_complex.py
[2023-09-16T13:54:29.303+0000] {processor.py:829} INFO - Processing file /home/airflow/.local/lib/python3.8/site-packages/airflow/example_dags/example_complex.py for tasks to queue
[2023-09-16T13:54:29.305+0000] {logging_mixin.py:151} INFO - [2023-09-16T13:54:29.304+0000] {dagbag.py:539} INFO - Filling up the DagBag from /home/airflow/.local/lib/python3.8/site-packages/airflow/example_dags/example_complex.py
[2023-09-16T13:54:29.315+0000] {processor.py:839} INFO - DAG(s) dict_keys(['example_complex']) retrieved from /home/airflow/.local/lib/python3.8/site-packages/airflow/example_dags/example_complex.py
[2023-09-16T13:54:29.344+0000] {logging_mixin.py:151} INFO - [2023-09-16T13:54:29.343+0000] {dag.py:2915} INFO - Sync 1 DAGs
[2023-09-16T13:54:29.354+0000] {logging_mixin.py:151} INFO - [2023-09-16T13:54:29.354+0000] {dag.py:3696} INFO - Setting next_dagrun for example_complex to None, run_after=None
[2023-09-16T13:54:29.370+0000] {processor.py:179} INFO - Processing /home/airflow/.local/lib/python3.8/site-packages/airflow/example_dags/example_complex.py took 0.071 seconds
[2023-09-16T13:54:59.939+0000] {processor.py:157} INFO - Started process (PID=645) to work on /home/airflow/.local/lib/python3.8/site-packages/airflow/example_dags/example_complex.py
[2023-09-16T13:54:59.941+0000] {processor.py:829} INFO - Processing file /home/airflow/.local/lib/python3.8/site-packages/airflow/example_dags/example_complex.py for tasks to queue
[2023-09-16T13:54:59.942+0000] {logging_mixin.py:151} INFO - [2023-09-16T13:54:59.942+0000] {dagbag.py:539} INFO - Filling up the DagBag from /home/airflow/.local/lib/python3.8/site-packages/airflow/example_dags/example_complex.py
[2023-09-16T13:54:59.953+0000] {processor.py:839} INFO - DAG(s) dict_keys(['example_complex']) retrieved from /home/airflow/.local/lib/python3.8/site-packages/airflow/example_dags/example_complex.py
[2023-09-16T13:54:59.983+0000] {logging_mixin.py:151} INFO - [2023-09-16T13:54:59.983+0000] {dag.py:2915} INFO - Sync 1 DAGs
[2023-09-16T13:54:59.995+0000] {logging_mixin.py:151} INFO - [2023-09-16T13:54:59.995+0000] {dag.py:3696} INFO - Setting next_dagrun for example_complex to None, run_after=None
[2023-09-16T13:55:00.010+0000] {processor.py:179} INFO - Processing /home/airflow/.local/lib/python3.8/site-packages/airflow/example_dags/example_complex.py took 0.074 seconds
[2023-09-16T13:55:30.628+0000] {processor.py:157} INFO - Started process (PID=699) to work on /home/airflow/.local/lib/python3.8/site-packages/airflow/example_dags/example_complex.py
[2023-09-16T13:55:30.629+0000] {processor.py:829} INFO - Processing file /home/airflow/.local/lib/python3.8/site-packages/airflow/example_dags/example_complex.py for tasks to queue
[2023-09-16T13:55:30.631+0000] {logging_mixin.py:151} INFO - [2023-09-16T13:55:30.631+0000] {dagbag.py:539} INFO - Filling up the DagBag from /home/airflow/.local/lib/python3.8/site-packages/airflow/example_dags/example_complex.py
[2023-09-16T13:55:30.641+0000] {processor.py:839} INFO - DAG(s) dict_keys(['example_complex']) retrieved from /home/airflow/.local/lib/python3.8/site-packages/airflow/example_dags/example_complex.py
[2023-09-16T13:55:30.670+0000] {logging_mixin.py:151} INFO - [2023-09-16T13:55:30.670+0000] {dag.py:2915} INFO - Sync 1 DAGs
[2023-09-16T13:55:30.682+0000] {logging_mixin.py:151} INFO - [2023-09-16T13:55:30.681+0000] {dag.py:3696} INFO - Setting next_dagrun for example_complex to None, run_after=None
[2023-09-16T13:55:30.697+0000] {processor.py:179} INFO - Processing /home/airflow/.local/lib/python3.8/site-packages/airflow/example_dags/example_complex.py took 0.072 seconds
[2023-09-16T13:56:00.858+0000] {processor.py:157} INFO - Started process (PID=753) to work on /home/airflow/.local/lib/python3.8/site-packages/airflow/example_dags/example_complex.py
[2023-09-16T13:56:00.859+0000] {processor.py:829} INFO - Processing file /home/airflow/.local/lib/python3.8/site-packages/airflow/example_dags/example_complex.py for tasks to queue
[2023-09-16T13:56:00.861+0000] {logging_mixin.py:151} INFO - [2023-09-16T13:56:00.861+0000] {dagbag.py:539} INFO - Filling up the DagBag from /home/airflow/.local/lib/python3.8/site-packages/airflow/example_dags/example_complex.py
[2023-09-16T13:56:00.871+0000] {processor.py:839} INFO - DAG(s) dict_keys(['example_complex']) retrieved from /home/airflow/.local/lib/python3.8/site-packages/airflow/example_dags/example_complex.py
[2023-09-16T13:56:00.900+0000] {logging_mixin.py:151} INFO - [2023-09-16T13:56:00.900+0000] {dag.py:2915} INFO - Sync 1 DAGs
[2023-09-16T13:56:00.912+0000] {logging_mixin.py:151} INFO - [2023-09-16T13:56:00.912+0000] {dag.py:3696} INFO - Setting next_dagrun for example_complex to None, run_after=None
[2023-09-16T13:56:00.929+0000] {processor.py:179} INFO - Processing /home/airflow/.local/lib/python3.8/site-packages/airflow/example_dags/example_complex.py took 0.073 seconds
[2023-09-16T13:56:31.592+0000] {processor.py:157} INFO - Started process (PID=807) to work on /home/airflow/.local/lib/python3.8/site-packages/airflow/example_dags/example_complex.py
[2023-09-16T13:56:31.593+0000] {processor.py:829} INFO - Processing file /home/airflow/.local/lib/python3.8/site-packages/airflow/example_dags/example_complex.py for tasks to queue
[2023-09-16T13:56:31.595+0000] {logging_mixin.py:151} INFO - [2023-09-16T13:56:31.595+0000] {dagbag.py:539} INFO - Filling up the DagBag from /home/airflow/.local/lib/python3.8/site-packages/airflow/example_dags/example_complex.py
[2023-09-16T13:56:31.605+0000] {processor.py:839} INFO - DAG(s) dict_keys(['example_complex']) retrieved from /home/airflow/.local/lib/python3.8/site-packages/airflow/example_dags/example_complex.py
[2023-09-16T13:56:31.635+0000] {logging_mixin.py:151} INFO - [2023-09-16T13:56:31.635+0000] {dag.py:2915} INFO - Sync 1 DAGs
[2023-09-16T13:56:31.646+0000] {logging_mixin.py:151} INFO - [2023-09-16T13:56:31.646+0000] {dag.py:3696} INFO - Setting next_dagrun for example_complex to None, run_after=None
[2023-09-16T13:56:31.662+0000] {processor.py:179} INFO - Processing /home/airflow/.local/lib/python3.8/site-packages/airflow/example_dags/example_complex.py took 0.072 seconds
[2023-09-16T13:57:02.318+0000] {processor.py:157} INFO - Started process (PID=861) to work on /home/airflow/.local/lib/python3.8/site-packages/airflow/example_dags/example_complex.py
[2023-09-16T13:57:02.319+0000] {processor.py:829} INFO - Processing file /home/airflow/.local/lib/python3.8/site-packages/airflow/example_dags/example_complex.py for tasks to queue
[2023-09-16T13:57:02.326+0000] {logging_mixin.py:151} INFO - [2023-09-16T13:57:02.325+0000] {dagbag.py:539} INFO - Filling up the DagBag from /home/airflow/.local/lib/python3.8/site-packages/airflow/example_dags/example_complex.py
[2023-09-16T13:57:02.336+0000] {processor.py:839} INFO - DAG(s) dict_keys(['example_complex']) retrieved from /home/airflow/.local/lib/python3.8/site-packages/airflow/example_dags/example_complex.py
[2023-09-16T13:57:02.367+0000] {logging_mixin.py:151} INFO - [2023-09-16T13:57:02.366+0000] {dag.py:2915} INFO - Sync 1 DAGs
[2023-09-16T13:57:02.378+0000] {logging_mixin.py:151} INFO - [2023-09-16T13:57:02.377+0000] {dag.py:3696} INFO - Setting next_dagrun for example_complex to None, run_after=None
[2023-09-16T13:57:02.396+0000] {processor.py:179} INFO - Processing /home/airflow/.local/lib/python3.8/site-packages/airflow/example_dags/example_complex.py took 0.081 seconds
[2023-09-16T13:57:32.956+0000] {processor.py:157} INFO - Started process (PID=915) to work on /home/airflow/.local/lib/python3.8/site-packages/airflow/example_dags/example_complex.py
[2023-09-16T13:57:32.957+0000] {processor.py:829} INFO - Processing file /home/airflow/.local/lib/python3.8/site-packages/airflow/example_dags/example_complex.py for tasks to queue
[2023-09-16T13:57:32.958+0000] {logging_mixin.py:151} INFO - [2023-09-16T13:57:32.958+0000] {dagbag.py:539} INFO - Filling up the DagBag from /home/airflow/.local/lib/python3.8/site-packages/airflow/example_dags/example_complex.py
[2023-09-16T13:57:32.969+0000] {processor.py:839} INFO - DAG(s) dict_keys(['example_complex']) retrieved from /home/airflow/.local/lib/python3.8/site-packages/airflow/example_dags/example_complex.py
[2023-09-16T13:57:32.998+0000] {logging_mixin.py:151} INFO - [2023-09-16T13:57:32.998+0000] {dag.py:2915} INFO - Sync 1 DAGs
[2023-09-16T13:57:33.009+0000] {logging_mixin.py:151} INFO - [2023-09-16T13:57:33.009+0000] {dag.py:3696} INFO - Setting next_dagrun for example_complex to None, run_after=None
[2023-09-16T13:57:33.028+0000] {processor.py:179} INFO - Processing /home/airflow/.local/lib/python3.8/site-packages/airflow/example_dags/example_complex.py took 0.076 seconds
[2023-09-16T13:58:03.558+0000] {processor.py:157} INFO - Started process (PID=969) to work on /home/airflow/.local/lib/python3.8/site-packages/airflow/example_dags/example_complex.py
[2023-09-16T13:58:03.559+0000] {processor.py:829} INFO - Processing file /home/airflow/.local/lib/python3.8/site-packages/airflow/example_dags/example_complex.py for tasks to queue
[2023-09-16T13:58:03.561+0000] {logging_mixin.py:151} INFO - [2023-09-16T13:58:03.560+0000] {dagbag.py:539} INFO - Filling up the DagBag from /home/airflow/.local/lib/python3.8/site-packages/airflow/example_dags/example_complex.py
[2023-09-16T13:58:03.572+0000] {processor.py:839} INFO - DAG(s) dict_keys(['example_complex']) retrieved from /home/airflow/.local/lib/python3.8/site-packages/airflow/example_dags/example_complex.py
[2023-09-16T13:58:03.601+0000] {logging_mixin.py:151} INFO - [2023-09-16T13:58:03.601+0000] {dag.py:2915} INFO - Sync 1 DAGs
[2023-09-16T13:58:03.613+0000] {logging_mixin.py:151} INFO - [2023-09-16T13:58:03.613+0000] {dag.py:3696} INFO - Setting next_dagrun for example_complex to None, run_after=None
[2023-09-16T13:58:03.629+0000] {processor.py:179} INFO - Processing /home/airflow/.local/lib/python3.8/site-packages/airflow/example_dags/example_complex.py took 0.075 seconds
[2023-09-16T13:58:33.799+0000] {processor.py:157} INFO - Started process (PID=1023) to work on /home/airflow/.local/lib/python3.8/site-packages/airflow/example_dags/example_complex.py
[2023-09-16T13:58:33.800+0000] {processor.py:829} INFO - Processing file /home/airflow/.local/lib/python3.8/site-packages/airflow/example_dags/example_complex.py for tasks to queue
[2023-09-16T13:58:33.802+0000] {logging_mixin.py:151} INFO - [2023-09-16T13:58:33.801+0000] {dagbag.py:539} INFO - Filling up the DagBag from /home/airflow/.local/lib/python3.8/site-packages/airflow/example_dags/example_complex.py
[2023-09-16T13:58:33.812+0000] {processor.py:839} INFO - DAG(s) dict_keys(['example_complex']) retrieved from /home/airflow/.local/lib/python3.8/site-packages/airflow/example_dags/example_complex.py
[2023-09-16T13:58:33.842+0000] {logging_mixin.py:151} INFO - [2023-09-16T13:58:33.842+0000] {dag.py:2915} INFO - Sync 1 DAGs
[2023-09-16T13:58:33.854+0000] {logging_mixin.py:151} INFO - [2023-09-16T13:58:33.854+0000] {dag.py:3696} INFO - Setting next_dagrun for example_complex to None, run_after=None
[2023-09-16T13:58:33.869+0000] {processor.py:179} INFO - Processing /home/airflow/.local/lib/python3.8/site-packages/airflow/example_dags/example_complex.py took 0.075 seconds
