[2023-09-16T13:50:32.373+0000] {processor.py:157} INFO - Started process (PID=191) to work on /home/airflow/.local/lib/python3.8/site-packages/airflow/example_dags/tutorial_dag.py
[2023-09-16T13:50:32.374+0000] {processor.py:829} INFO - Processing file /home/airflow/.local/lib/python3.8/site-packages/airflow/example_dags/tutorial_dag.py for tasks to queue
[2023-09-16T13:50:32.377+0000] {logging_mixin.py:151} INFO - [2023-09-16T13:50:32.376+0000] {dagbag.py:539} INFO - Filling up the DagBag from /home/airflow/.local/lib/python3.8/site-packages/airflow/example_dags/tutorial_dag.py
[2023-09-16T13:50:32.384+0000] {processor.py:839} INFO - DAG(s) dict_keys(['tutorial_dag']) retrieved from /home/airflow/.local/lib/python3.8/site-packages/airflow/example_dags/tutorial_dag.py
[2023-09-16T13:50:32.408+0000] {logging_mixin.py:151} INFO - [2023-09-16T13:50:32.408+0000] {dag.py:2915} INFO - Sync 1 DAGs
[2023-09-16T13:50:32.423+0000] {logging_mixin.py:151} INFO - [2023-09-16T13:50:32.423+0000] {dag.py:3696} INFO - Setting next_dagrun for tutorial_dag to None, run_after=None
[2023-09-16T13:50:32.446+0000] {processor.py:179} INFO - Processing /home/airflow/.local/lib/python3.8/site-packages/airflow/example_dags/tutorial_dag.py took 0.078 seconds
[2023-09-16T13:51:03.526+0000] {processor.py:157} INFO - Started process (PID=245) to work on /home/airflow/.local/lib/python3.8/site-packages/airflow/example_dags/tutorial_dag.py
[2023-09-16T13:51:03.527+0000] {processor.py:829} INFO - Processing file /home/airflow/.local/lib/python3.8/site-packages/airflow/example_dags/tutorial_dag.py for tasks to queue
[2023-09-16T13:51:03.528+0000] {logging_mixin.py:151} INFO - [2023-09-16T13:51:03.528+0000] {dagbag.py:539} INFO - Filling up the DagBag from /home/airflow/.local/lib/python3.8/site-packages/airflow/example_dags/tutorial_dag.py
[2023-09-16T13:51:03.533+0000] {processor.py:839} INFO - DAG(s) dict_keys(['tutorial_dag']) retrieved from /home/airflow/.local/lib/python3.8/site-packages/airflow/example_dags/tutorial_dag.py
[2023-09-16T13:51:03.553+0000] {logging_mixin.py:151} INFO - [2023-09-16T13:51:03.553+0000] {dag.py:2915} INFO - Sync 1 DAGs
[2023-09-16T13:51:03.565+0000] {logging_mixin.py:151} INFO - [2023-09-16T13:51:03.565+0000] {dag.py:3696} INFO - Setting next_dagrun for tutorial_dag to None, run_after=None
[2023-09-16T13:51:03.588+0000] {processor.py:179} INFO - Processing /home/airflow/.local/lib/python3.8/site-packages/airflow/example_dags/tutorial_dag.py took 0.081 seconds
[2023-09-16T13:51:33.761+0000] {processor.py:157} INFO - Started process (PID=299) to work on /home/airflow/.local/lib/python3.8/site-packages/airflow/example_dags/tutorial_dag.py
[2023-09-16T13:51:33.762+0000] {processor.py:829} INFO - Processing file /home/airflow/.local/lib/python3.8/site-packages/airflow/example_dags/tutorial_dag.py for tasks to queue
[2023-09-16T13:51:33.764+0000] {logging_mixin.py:151} INFO - [2023-09-16T13:51:33.764+0000] {dagbag.py:539} INFO - Filling up the DagBag from /home/airflow/.local/lib/python3.8/site-packages/airflow/example_dags/tutorial_dag.py
[2023-09-16T13:51:33.769+0000] {processor.py:839} INFO - DAG(s) dict_keys(['tutorial_dag']) retrieved from /home/airflow/.local/lib/python3.8/site-packages/airflow/example_dags/tutorial_dag.py
[2023-09-16T13:51:33.788+0000] {logging_mixin.py:151} INFO - [2023-09-16T13:51:33.788+0000] {dag.py:2915} INFO - Sync 1 DAGs
[2023-09-16T13:51:33.801+0000] {logging_mixin.py:151} INFO - [2023-09-16T13:51:33.800+0000] {dag.py:3696} INFO - Setting next_dagrun for tutorial_dag to None, run_after=None
[2023-09-16T13:51:33.841+0000] {processor.py:179} INFO - Processing /home/airflow/.local/lib/python3.8/site-packages/airflow/example_dags/tutorial_dag.py took 0.084 seconds
[2023-09-16T13:52:05.167+0000] {processor.py:157} INFO - Started process (PID=353) to work on /home/airflow/.local/lib/python3.8/site-packages/airflow/example_dags/tutorial_dag.py
[2023-09-16T13:52:05.168+0000] {processor.py:829} INFO - Processing file /home/airflow/.local/lib/python3.8/site-packages/airflow/example_dags/tutorial_dag.py for tasks to queue
[2023-09-16T13:52:05.170+0000] {logging_mixin.py:151} INFO - [2023-09-16T13:52:05.170+0000] {dagbag.py:539} INFO - Filling up the DagBag from /home/airflow/.local/lib/python3.8/site-packages/airflow/example_dags/tutorial_dag.py
[2023-09-16T13:52:05.175+0000] {processor.py:839} INFO - DAG(s) dict_keys(['tutorial_dag']) retrieved from /home/airflow/.local/lib/python3.8/site-packages/airflow/example_dags/tutorial_dag.py
[2023-09-16T13:52:05.199+0000] {logging_mixin.py:151} INFO - [2023-09-16T13:52:05.198+0000] {dag.py:2915} INFO - Sync 1 DAGs
[2023-09-16T13:52:05.211+0000] {logging_mixin.py:151} INFO - [2023-09-16T13:52:05.211+0000] {dag.py:3696} INFO - Setting next_dagrun for tutorial_dag to None, run_after=None
[2023-09-16T13:52:05.229+0000] {processor.py:179} INFO - Processing /home/airflow/.local/lib/python3.8/site-packages/airflow/example_dags/tutorial_dag.py took 0.066 seconds
[2023-09-16T13:52:35.543+0000] {processor.py:157} INFO - Started process (PID=407) to work on /home/airflow/.local/lib/python3.8/site-packages/airflow/example_dags/tutorial_dag.py
[2023-09-16T13:52:35.544+0000] {processor.py:829} INFO - Processing file /home/airflow/.local/lib/python3.8/site-packages/airflow/example_dags/tutorial_dag.py for tasks to queue
[2023-09-16T13:52:35.546+0000] {logging_mixin.py:151} INFO - [2023-09-16T13:52:35.545+0000] {dagbag.py:539} INFO - Filling up the DagBag from /home/airflow/.local/lib/python3.8/site-packages/airflow/example_dags/tutorial_dag.py
[2023-09-16T13:52:35.551+0000] {processor.py:839} INFO - DAG(s) dict_keys(['tutorial_dag']) retrieved from /home/airflow/.local/lib/python3.8/site-packages/airflow/example_dags/tutorial_dag.py
[2023-09-16T13:52:35.578+0000] {logging_mixin.py:151} INFO - [2023-09-16T13:52:35.578+0000] {dag.py:2915} INFO - Sync 1 DAGs
[2023-09-16T13:52:35.591+0000] {logging_mixin.py:151} INFO - [2023-09-16T13:52:35.591+0000] {dag.py:3696} INFO - Setting next_dagrun for tutorial_dag to None, run_after=None
[2023-09-16T13:52:35.608+0000] {processor.py:179} INFO - Processing /home/airflow/.local/lib/python3.8/site-packages/airflow/example_dags/tutorial_dag.py took 0.069 seconds
[2023-09-16T13:53:06.876+0000] {processor.py:157} INFO - Started process (PID=461) to work on /home/airflow/.local/lib/python3.8/site-packages/airflow/example_dags/tutorial_dag.py
[2023-09-16T13:53:06.877+0000] {processor.py:829} INFO - Processing file /home/airflow/.local/lib/python3.8/site-packages/airflow/example_dags/tutorial_dag.py for tasks to queue
[2023-09-16T13:53:06.879+0000] {logging_mixin.py:151} INFO - [2023-09-16T13:53:06.879+0000] {dagbag.py:539} INFO - Filling up the DagBag from /home/airflow/.local/lib/python3.8/site-packages/airflow/example_dags/tutorial_dag.py
[2023-09-16T13:53:06.884+0000] {processor.py:839} INFO - DAG(s) dict_keys(['tutorial_dag']) retrieved from /home/airflow/.local/lib/python3.8/site-packages/airflow/example_dags/tutorial_dag.py
[2023-09-16T13:53:06.904+0000] {logging_mixin.py:151} INFO - [2023-09-16T13:53:06.904+0000] {dag.py:2915} INFO - Sync 1 DAGs
[2023-09-16T13:53:06.930+0000] {logging_mixin.py:151} INFO - [2023-09-16T13:53:06.929+0000] {dag.py:3696} INFO - Setting next_dagrun for tutorial_dag to None, run_after=None
[2023-09-16T13:53:06.946+0000] {processor.py:179} INFO - Processing /home/airflow/.local/lib/python3.8/site-packages/airflow/example_dags/tutorial_dag.py took 0.073 seconds
[2023-09-16T13:53:38.030+0000] {processor.py:157} INFO - Started process (PID=515) to work on /home/airflow/.local/lib/python3.8/site-packages/airflow/example_dags/tutorial_dag.py
[2023-09-16T13:53:38.031+0000] {processor.py:829} INFO - Processing file /home/airflow/.local/lib/python3.8/site-packages/airflow/example_dags/tutorial_dag.py for tasks to queue
[2023-09-16T13:53:38.033+0000] {logging_mixin.py:151} INFO - [2023-09-16T13:53:38.033+0000] {dagbag.py:539} INFO - Filling up the DagBag from /home/airflow/.local/lib/python3.8/site-packages/airflow/example_dags/tutorial_dag.py
[2023-09-16T13:53:38.038+0000] {processor.py:839} INFO - DAG(s) dict_keys(['tutorial_dag']) retrieved from /home/airflow/.local/lib/python3.8/site-packages/airflow/example_dags/tutorial_dag.py
[2023-09-16T13:53:38.060+0000] {logging_mixin.py:151} INFO - [2023-09-16T13:53:38.060+0000] {dag.py:2915} INFO - Sync 1 DAGs
[2023-09-16T13:53:38.072+0000] {logging_mixin.py:151} INFO - [2023-09-16T13:53:38.072+0000] {dag.py:3696} INFO - Setting next_dagrun for tutorial_dag to None, run_after=None
[2023-09-16T13:53:38.087+0000] {processor.py:179} INFO - Processing /home/airflow/.local/lib/python3.8/site-packages/airflow/example_dags/tutorial_dag.py took 0.060 seconds
[2023-09-16T13:54:09.338+0000] {processor.py:157} INFO - Started process (PID=576) to work on /home/airflow/.local/lib/python3.8/site-packages/airflow/example_dags/tutorial_dag.py
[2023-09-16T13:54:09.339+0000] {processor.py:829} INFO - Processing file /home/airflow/.local/lib/python3.8/site-packages/airflow/example_dags/tutorial_dag.py for tasks to queue
[2023-09-16T13:54:09.341+0000] {logging_mixin.py:151} INFO - [2023-09-16T13:54:09.341+0000] {dagbag.py:539} INFO - Filling up the DagBag from /home/airflow/.local/lib/python3.8/site-packages/airflow/example_dags/tutorial_dag.py
[2023-09-16T13:54:09.346+0000] {processor.py:839} INFO - DAG(s) dict_keys(['tutorial_dag']) retrieved from /home/airflow/.local/lib/python3.8/site-packages/airflow/example_dags/tutorial_dag.py
[2023-09-16T13:54:09.367+0000] {logging_mixin.py:151} INFO - [2023-09-16T13:54:09.366+0000] {dag.py:2915} INFO - Sync 1 DAGs
[2023-09-16T13:54:09.378+0000] {logging_mixin.py:151} INFO - [2023-09-16T13:54:09.378+0000] {dag.py:3696} INFO - Setting next_dagrun for tutorial_dag to None, run_after=None
[2023-09-16T13:54:09.394+0000] {processor.py:179} INFO - Processing /home/airflow/.local/lib/python3.8/site-packages/airflow/example_dags/tutorial_dag.py took 0.059 seconds
[2023-09-16T13:54:40.235+0000] {processor.py:157} INFO - Started process (PID=630) to work on /home/airflow/.local/lib/python3.8/site-packages/airflow/example_dags/tutorial_dag.py
[2023-09-16T13:54:40.236+0000] {processor.py:829} INFO - Processing file /home/airflow/.local/lib/python3.8/site-packages/airflow/example_dags/tutorial_dag.py for tasks to queue
[2023-09-16T13:54:40.238+0000] {logging_mixin.py:151} INFO - [2023-09-16T13:54:40.238+0000] {dagbag.py:539} INFO - Filling up the DagBag from /home/airflow/.local/lib/python3.8/site-packages/airflow/example_dags/tutorial_dag.py
[2023-09-16T13:54:40.243+0000] {processor.py:839} INFO - DAG(s) dict_keys(['tutorial_dag']) retrieved from /home/airflow/.local/lib/python3.8/site-packages/airflow/example_dags/tutorial_dag.py
[2023-09-16T13:54:40.264+0000] {logging_mixin.py:151} INFO - [2023-09-16T13:54:40.263+0000] {dag.py:2915} INFO - Sync 1 DAGs
[2023-09-16T13:54:40.276+0000] {logging_mixin.py:151} INFO - [2023-09-16T13:54:40.276+0000] {dag.py:3696} INFO - Setting next_dagrun for tutorial_dag to None, run_after=None
[2023-09-16T13:54:40.291+0000] {processor.py:179} INFO - Processing /home/airflow/.local/lib/python3.8/site-packages/airflow/example_dags/tutorial_dag.py took 0.059 seconds
[2023-09-16T13:55:10.830+0000] {processor.py:157} INFO - Started process (PID=684) to work on /home/airflow/.local/lib/python3.8/site-packages/airflow/example_dags/tutorial_dag.py
[2023-09-16T13:55:10.831+0000] {processor.py:829} INFO - Processing file /home/airflow/.local/lib/python3.8/site-packages/airflow/example_dags/tutorial_dag.py for tasks to queue
[2023-09-16T13:55:10.834+0000] {logging_mixin.py:151} INFO - [2023-09-16T13:55:10.833+0000] {dagbag.py:539} INFO - Filling up the DagBag from /home/airflow/.local/lib/python3.8/site-packages/airflow/example_dags/tutorial_dag.py
[2023-09-16T13:55:10.840+0000] {processor.py:839} INFO - DAG(s) dict_keys(['tutorial_dag']) retrieved from /home/airflow/.local/lib/python3.8/site-packages/airflow/example_dags/tutorial_dag.py
[2023-09-16T13:55:10.863+0000] {logging_mixin.py:151} INFO - [2023-09-16T13:55:10.863+0000] {dag.py:2915} INFO - Sync 1 DAGs
[2023-09-16T13:55:10.875+0000] {logging_mixin.py:151} INFO - [2023-09-16T13:55:10.875+0000] {dag.py:3696} INFO - Setting next_dagrun for tutorial_dag to None, run_after=None
[2023-09-16T13:55:10.891+0000] {processor.py:179} INFO - Processing /home/airflow/.local/lib/python3.8/site-packages/airflow/example_dags/tutorial_dag.py took 0.064 seconds
[2023-09-16T13:55:41.817+0000] {processor.py:157} INFO - Started process (PID=738) to work on /home/airflow/.local/lib/python3.8/site-packages/airflow/example_dags/tutorial_dag.py
[2023-09-16T13:55:41.818+0000] {processor.py:829} INFO - Processing file /home/airflow/.local/lib/python3.8/site-packages/airflow/example_dags/tutorial_dag.py for tasks to queue
[2023-09-16T13:55:41.820+0000] {logging_mixin.py:151} INFO - [2023-09-16T13:55:41.820+0000] {dagbag.py:539} INFO - Filling up the DagBag from /home/airflow/.local/lib/python3.8/site-packages/airflow/example_dags/tutorial_dag.py
[2023-09-16T13:55:41.825+0000] {processor.py:839} INFO - DAG(s) dict_keys(['tutorial_dag']) retrieved from /home/airflow/.local/lib/python3.8/site-packages/airflow/example_dags/tutorial_dag.py
[2023-09-16T13:55:41.852+0000] {logging_mixin.py:151} INFO - [2023-09-16T13:55:41.852+0000] {dag.py:2915} INFO - Sync 1 DAGs
[2023-09-16T13:55:41.868+0000] {logging_mixin.py:151} INFO - [2023-09-16T13:55:41.868+0000] {dag.py:3696} INFO - Setting next_dagrun for tutorial_dag to None, run_after=None
[2023-09-16T13:55:41.890+0000] {processor.py:179} INFO - Processing /home/airflow/.local/lib/python3.8/site-packages/airflow/example_dags/tutorial_dag.py took 0.076 seconds
[2023-09-16T13:56:12.868+0000] {processor.py:157} INFO - Started process (PID=792) to work on /home/airflow/.local/lib/python3.8/site-packages/airflow/example_dags/tutorial_dag.py
[2023-09-16T13:56:12.869+0000] {processor.py:829} INFO - Processing file /home/airflow/.local/lib/python3.8/site-packages/airflow/example_dags/tutorial_dag.py for tasks to queue
[2023-09-16T13:56:12.871+0000] {logging_mixin.py:151} INFO - [2023-09-16T13:56:12.871+0000] {dagbag.py:539} INFO - Filling up the DagBag from /home/airflow/.local/lib/python3.8/site-packages/airflow/example_dags/tutorial_dag.py
[2023-09-16T13:56:12.876+0000] {processor.py:839} INFO - DAG(s) dict_keys(['tutorial_dag']) retrieved from /home/airflow/.local/lib/python3.8/site-packages/airflow/example_dags/tutorial_dag.py
[2023-09-16T13:56:12.900+0000] {logging_mixin.py:151} INFO - [2023-09-16T13:56:12.899+0000] {dag.py:2915} INFO - Sync 1 DAGs
[2023-09-16T13:56:12.913+0000] {logging_mixin.py:151} INFO - [2023-09-16T13:56:12.913+0000] {dag.py:3696} INFO - Setting next_dagrun for tutorial_dag to None, run_after=None
[2023-09-16T13:56:12.929+0000] {processor.py:179} INFO - Processing /home/airflow/.local/lib/python3.8/site-packages/airflow/example_dags/tutorial_dag.py took 0.063 seconds
[2023-09-16T13:56:43.568+0000] {processor.py:157} INFO - Started process (PID=846) to work on /home/airflow/.local/lib/python3.8/site-packages/airflow/example_dags/tutorial_dag.py
[2023-09-16T13:56:43.570+0000] {processor.py:829} INFO - Processing file /home/airflow/.local/lib/python3.8/site-packages/airflow/example_dags/tutorial_dag.py for tasks to queue
[2023-09-16T13:56:43.571+0000] {logging_mixin.py:151} INFO - [2023-09-16T13:56:43.571+0000] {dagbag.py:539} INFO - Filling up the DagBag from /home/airflow/.local/lib/python3.8/site-packages/airflow/example_dags/tutorial_dag.py
[2023-09-16T13:56:43.576+0000] {processor.py:839} INFO - DAG(s) dict_keys(['tutorial_dag']) retrieved from /home/airflow/.local/lib/python3.8/site-packages/airflow/example_dags/tutorial_dag.py
[2023-09-16T13:56:43.595+0000] {logging_mixin.py:151} INFO - [2023-09-16T13:56:43.594+0000] {dag.py:2915} INFO - Sync 1 DAGs
[2023-09-16T13:56:43.606+0000] {logging_mixin.py:151} INFO - [2023-09-16T13:56:43.606+0000] {dag.py:3696} INFO - Setting next_dagrun for tutorial_dag to None, run_after=None
[2023-09-16T13:56:43.622+0000] {processor.py:179} INFO - Processing /home/airflow/.local/lib/python3.8/site-packages/airflow/example_dags/tutorial_dag.py took 0.057 seconds
[2023-09-16T13:57:14.282+0000] {processor.py:157} INFO - Started process (PID=900) to work on /home/airflow/.local/lib/python3.8/site-packages/airflow/example_dags/tutorial_dag.py
[2023-09-16T13:57:14.283+0000] {processor.py:829} INFO - Processing file /home/airflow/.local/lib/python3.8/site-packages/airflow/example_dags/tutorial_dag.py for tasks to queue
[2023-09-16T13:57:14.285+0000] {logging_mixin.py:151} INFO - [2023-09-16T13:57:14.285+0000] {dagbag.py:539} INFO - Filling up the DagBag from /home/airflow/.local/lib/python3.8/site-packages/airflow/example_dags/tutorial_dag.py
[2023-09-16T13:57:14.290+0000] {processor.py:839} INFO - DAG(s) dict_keys(['tutorial_dag']) retrieved from /home/airflow/.local/lib/python3.8/site-packages/airflow/example_dags/tutorial_dag.py
[2023-09-16T13:57:14.312+0000] {logging_mixin.py:151} INFO - [2023-09-16T13:57:14.312+0000] {dag.py:2915} INFO - Sync 1 DAGs
[2023-09-16T13:57:14.324+0000] {logging_mixin.py:151} INFO - [2023-09-16T13:57:14.324+0000] {dag.py:3696} INFO - Setting next_dagrun for tutorial_dag to None, run_after=None
[2023-09-16T13:57:14.341+0000] {processor.py:179} INFO - Processing /home/airflow/.local/lib/python3.8/site-packages/airflow/example_dags/tutorial_dag.py took 0.062 seconds
[2023-09-16T13:57:45.693+0000] {processor.py:157} INFO - Started process (PID=954) to work on /home/airflow/.local/lib/python3.8/site-packages/airflow/example_dags/tutorial_dag.py
[2023-09-16T13:57:45.694+0000] {processor.py:829} INFO - Processing file /home/airflow/.local/lib/python3.8/site-packages/airflow/example_dags/tutorial_dag.py for tasks to queue
[2023-09-16T13:57:45.696+0000] {logging_mixin.py:151} INFO - [2023-09-16T13:57:45.696+0000] {dagbag.py:539} INFO - Filling up the DagBag from /home/airflow/.local/lib/python3.8/site-packages/airflow/example_dags/tutorial_dag.py
[2023-09-16T13:57:45.701+0000] {processor.py:839} INFO - DAG(s) dict_keys(['tutorial_dag']) retrieved from /home/airflow/.local/lib/python3.8/site-packages/airflow/example_dags/tutorial_dag.py
[2023-09-16T13:57:45.726+0000] {logging_mixin.py:151} INFO - [2023-09-16T13:57:45.726+0000] {dag.py:2915} INFO - Sync 1 DAGs
[2023-09-16T13:57:45.740+0000] {logging_mixin.py:151} INFO - [2023-09-16T13:57:45.740+0000] {dag.py:3696} INFO - Setting next_dagrun for tutorial_dag to None, run_after=None
[2023-09-16T13:57:45.756+0000] {processor.py:179} INFO - Processing /home/airflow/.local/lib/python3.8/site-packages/airflow/example_dags/tutorial_dag.py took 0.066 seconds
[2023-09-16T13:58:16.758+0000] {processor.py:157} INFO - Started process (PID=1008) to work on /home/airflow/.local/lib/python3.8/site-packages/airflow/example_dags/tutorial_dag.py
[2023-09-16T13:58:16.759+0000] {processor.py:829} INFO - Processing file /home/airflow/.local/lib/python3.8/site-packages/airflow/example_dags/tutorial_dag.py for tasks to queue
[2023-09-16T13:58:16.761+0000] {logging_mixin.py:151} INFO - [2023-09-16T13:58:16.761+0000] {dagbag.py:539} INFO - Filling up the DagBag from /home/airflow/.local/lib/python3.8/site-packages/airflow/example_dags/tutorial_dag.py
[2023-09-16T13:58:16.766+0000] {processor.py:839} INFO - DAG(s) dict_keys(['tutorial_dag']) retrieved from /home/airflow/.local/lib/python3.8/site-packages/airflow/example_dags/tutorial_dag.py
[2023-09-16T13:58:16.787+0000] {logging_mixin.py:151} INFO - [2023-09-16T13:58:16.786+0000] {dag.py:2915} INFO - Sync 1 DAGs
[2023-09-16T13:58:16.799+0000] {logging_mixin.py:151} INFO - [2023-09-16T13:58:16.799+0000] {dag.py:3696} INFO - Setting next_dagrun for tutorial_dag to None, run_after=None
[2023-09-16T13:58:16.816+0000] {processor.py:179} INFO - Processing /home/airflow/.local/lib/python3.8/site-packages/airflow/example_dags/tutorial_dag.py took 0.062 seconds
